#
# A fatal error has been detected by the Java Runtime Environment:
#
#  SIGSEGV (0xb) at pc=0x00007ff68c3bcd9d, pid=4154, tid=140696889276160
#
# JRE version: Java(TM) SE Runtime Environment (7.0_45-b18) (build 1.7.0_45-b18)
# Java VM: Java HotSpot(TM) 64-Bit Server VM (24.45-b08 mixed mode linux-amd64 compressed oops)
# Problematic frame:
# C  [librxtxSerial.so+0x6d9d]  read_byte_array+0x3d
#
# Failed to write core dump. Core dumps have been disabled. To enable core dumping, try "ulimit -c unlimited" before starting Java again
#
# If you would like to submit a bug report, please visit:
#   http://bugreport.sun.com/bugreport/crash.jsp
# The crash happened outside the Java Virtual Machine in native code.
# See problematic frame for where to report the bug.
#

---------------  T H R E A D  ---------------

Current thread (0x00007ff680188000):  JavaThread "Thread-4" [_thread_in_native, id=4239, stack(0x00007ff68c0b3000,0x00007ff68c1b4000)]

siginfo:si_signo=SIGSEGV: si_errno=0, si_code=1 (SEGV_MAPERR), si_addr=0xffffffff8c2b3478

Registers:
RAX=0xffffffff8c2b3470, RBX=0x00007ff66c001150, RCX=0x0000000000000001, RDX=0x00007ff6fbf8ba00
RSP=0x00007ff68c1b1f10, RBP=0x00007ff6801881e8, RSI=0x00007ff68c3bfb25, RDI=0x00007ff68c3bfa9f
R8 =0x00007ff68c1b1e80, R9 =0x00000000ffffffff, R10=0x00007ff68c1b1dd0, R11=0x00007ff68c3bcd60
R12=0xffffffffffffffff, R13=0x0000000000000001, R14=0x000000000000000a, R15=0x00000000ffffffff
RIP=0x00007ff68c3bcd9d, EFLAGS=0x0000000000010202, CSGSFS=0x0000000000000033, ERR=0x0000000000000005
  TRAPNO=0x000000000000000e

Top of Stack: (sp=0x00007ff68c1b1f10)
0x00007ff68c1b1f10:   0000000000002000 0000000000002000
0x00007ff68c1b1f20:   0000000100000000 00007ff66c001150
0x00007ff68c1b1f30:   0000000a00002000 00007ff66c001150
0x00007ff68c1b1f40:   0000000000000000 0000000000000700
0x00007ff68c1b1f50:   00007ff68c1b1fb0 ffffffff8c2b3470
0x00007ff68c1b1f60:   00007ff6801881e8 00007ff68c5c25d0
0x00007ff68c1b1f70:   0000000000000000 0000000000000001
0x00007ff68c1b1f80:   000000000000000a 0000000000000000
0x00007ff68c1b1f90:   00007ff6801881e8 00007ff6fc9c8c95
0x00007ff68c1b1fa0:   0000000000000005 0000000000000000
0x00007ff68c1b1fb0:   00007ff68c1b1fe0 00007ff68c3b6d18
0x00007ff68c1b1fc0:   00007ff66c001150 00007ff6801881e8
0x00007ff68c1b1fd0:   ffffffffffffffff 00007ff6fc9cf725
0x00007ff68c1b1fe0:   00007ff66c001150 00007ff66c001150
0x00007ff68c1b1ff0:   000000000000000a 00007ff66c001150
0x00007ff68c1b2000:   00007ff6801881e8 ffffffffffffffff
0x00007ff68c1b2010:   0000000000000001 000000000000000a
0x00007ff68c1b2020:   0000000000000000 00007ff68c3bd272
0x00007ff68c1b2030:   00007ff680188000 00007ff68c1b2110
0x00007ff68c1b2040:   00007ff68c1b2118 000000077f40d7f8
0x00007ff68c1b2050:   00007ff68c1b20e0 0000000000000000
0x00007ff68c1b2060:   000000077f40d7f0 00007ff68c1b2118
0x00007ff68c1b2070:   00007ff680188000 00007ff6f1018af9
0x00007ff68c1b2080:   00007ff6a40a2a28 00007ff68c1b2118
0x00007ff68c1b2090:   00007ff680188000 00007ff6000000b6
0x00007ff68c1b20a0:   00007ff68c1b20a0 000000077f40d7f0
0x00007ff68c1b20b0:   00007ff68c1b2118 000000077f422218
0x00007ff68c1b20c0:   0000000000000000 000000077f40d7f8
0x00007ff68c1b20d0:   0000000000000000 00007ff68c1b2100
0x00007ff68c1b20e0:   00007ff68c1b2180 00007ff6f1006254
0x00007ff68c1b20f0:   0000000000000000 00007ff6f1012f36
0x00007ff68c1b2100:   0000000000000001 0000000000000000 

Instructions: (pc=0x00007ff68c3bcd9d)
0x00007ff68c3bcd7d:   4c 24 18 48 8d 15 17 2d 00 00 48 8d 0d 0e 2d 00
0x00007ff68c3bcd8d:   00 44 89 44 24 14 e8 88 c7 ff ff 48 89 44 24 48
0x00007ff68c3bcd9d:   8b 40 08 45 85 ff 48 8b 54 24 48 89 44 24 40 c7
0x00007ff68c3bcdad:   42 08 00 00 00 00 0f 88 bd 01 00 00 31 c0 e8 70 

Register to memory mapping:

RAX=0xffffffff8c2b3470 is an unknown value
RBX=0x00007ff66c001150 is an unknown value
RCX=0x0000000000000001 is an unknown value
RDX=0x00007ff6fbf8ba00: <offset 0xe37a00> in /home/birdie/Documents/jdk1.7.0_45/jre/lib/amd64/server/libjvm.so at 0x00007ff6fb154000
RSP=0x00007ff68c1b1f10 is pointing into the stack for thread: 0x00007ff680188000
RBP=0x00007ff6801881e8 is an unknown value
RSI=0x00007ff68c3bfb25: <offset 0x9b25> in /home/birdie/Documents/jdk1.7.0_45/jre/lib/amd64/librxtxSerial.so at 0x00007ff68c3b6000
RDI=0x00007ff68c3bfa9f: <offset 0x9a9f> in /home/birdie/Documents/jdk1.7.0_45/jre/lib/amd64/librxtxSerial.so at 0x00007ff68c3b6000
R8 =0x00007ff68c1b1e80 is pointing into the stack for thread: 0x00007ff680188000
R9 =0x00000000ffffffff is an unknown value
R10=0x00007ff68c1b1dd0 is pointing into the stack for thread: 0x00007ff680188000
R11=0x00007ff68c3bcd60: read_byte_array+0 in /home/birdie/Documents/jdk1.7.0_45/jre/lib/amd64/librxtxSerial.so at 0x00007ff68c3b6000
R12=0xffffffffffffffff is an unknown value
R13=0x0000000000000001 is an unknown value
R14=0x000000000000000a is an unknown value
R15=0x00000000ffffffff is an unknown value


Stack: [0x00007ff68c0b3000,0x00007ff68c1b4000],  sp=0x00007ff68c1b1f10,  free space=1019k
Native frames: (J=compiled Java code, j=interpreted, Vv=VM code, C=native code)
C  [librxtxSerial.so+0x6d9d]  read_byte_array+0x3d

Java frames: (J=compiled Java code, j=interpreted, Vv=VM code)
j  gnu.io.RXTXPort.readArray([BII)I+0
j  gnu.io.RXTXPort$SerialInputStream.read([BII)I+212
j  sun.nio.cs.StreamDecoder.readBytes()I+135
j  sun.nio.cs.StreamDecoder.implRead([CII)I+112
j  sun.nio.cs.StreamDecoder.read([CII)I+180
j  java.io.InputStreamReader.read([CII)I+7
j  java.io.BufferedReader.fill()V+145
j  java.io.BufferedReader.read()I+23
j  mosesserver.MosesServerForm.listenerSerial()V+81
j  mosesserver.MosesServerForm.access$1200(Lmosesserver/MosesServerForm;)V+1
j  mosesserver.MosesServerForm$13.run()V+4
j  java.lang.Thread.run()V+11
v  ~StubRoutines::call_stub

---------------  P R O C E S S  ---------------

Java Threads: ( => current thread )
=>0x00007ff680188000 JavaThread "Thread-4" [_thread_in_native, id=4239, stack(0x00007ff68c0b3000,0x00007ff68c1b4000)]
  0x00007ff680187000 JavaThread "Thread-3" [_thread_in_native, id=4238, stack(0x00007ff68c1b4000,0x00007ff68c2b5000)]
  0x00007ff680179800 JavaThread "Thread-2" [_thread_in_native, id=4233, stack(0x00007ff68c2b5000,0x00007ff68c3b6000)]
  0x00007ff680073000 JavaThread "Thread-1" [_thread_in_vm, id=4225, stack(0x00007ff68c5c3000,0x00007ff68c6c4000)]
  0x00007ff680071800 JavaThread "Thread-0" [_thread_in_native, id=4224, stack(0x00007ff68c6c4000,0x00007ff68c7c5000)]
  0x00007ff6800ae800 JavaThread "TimerQueue" daemon [_thread_blocked, id=4187, stack(0x00007ff68c8e9000,0x00007ff68c9ea000)]
  0x00007ff680003800 JavaThread "org.netbeans.modules.debugger.jpda.visual AWT Access Loop" daemon [_thread_blocked, id=4186, stack(0x00007ff68cc69000,0x00007ff68cd6a000)]
  0x00007ff6f400c000 JavaThread "DestroyJavaVM" [_thread_blocked, id=4158, stack(0x00007ff6fcabe000,0x00007ff6fcbbf000)]
  0x00007ff6f43b0800 JavaThread "AWT-EventQueue-0" [_thread_blocked, id=4185, stack(0x00007ff68cd6a000,0x00007ff68ce6b000)]
  0x00007ff6f43af000 JavaThread "AWT-Shutdown" [_thread_blocked, id=4184, stack(0x00007ff6c40f6000,0x00007ff6c41f7000)]
  0x00007ff6f41ed800 JavaThread "AWT-XAWT" daemon [_thread_in_native, id=4182, stack(0x00007ff6d0614000,0x00007ff6d0715000)]
  0x00007ff6f41c9800 JavaThread "Java2D Disposer" daemon [_thread_blocked, id=4181, stack(0x00007ff6d0b26000,0x00007ff6d0c27000)]
  0x00007ff6f40b1000 JavaThread "Service Thread" daemon [_thread_blocked, id=4179, stack(0x00007ff6d23e2000,0x00007ff6d24e3000)]
  0x00007ff6f40ae800 JavaThread "C2 CompilerThread1" daemon [_thread_blocked, id=4178, stack(0x00007ff6d24e3000,0x00007ff6d25e4000)]
  0x00007ff6f40ac000 JavaThread "C2 CompilerThread0" daemon [_thread_blocked, id=4177, stack(0x00007ff6d25e4000,0x00007ff6d26e5000)]
  0x00007ff6b4001000 JavaThread "JDWP Command Reader" daemon [_thread_in_native, id=4175, stack(0x00007ff6d26e5000,0x00007ff6d27e6000)]
  0x00007ff6f40a9800 JavaThread "JDWP Event Helper Thread" daemon [_thread_blocked, id=4173, stack(0x00007ff6d27e6000,0x00007ff6d28e7000)]
  0x00007ff6f40a6000 JavaThread "JDWP Transport Listener: dt_socket" daemon [_thread_blocked, id=4171, stack(0x00007ff6d28e7000,0x00007ff6d29e8000)]
  0x00007ff6f4091000 JavaThread "Signal Dispatcher" daemon [_thread_blocked, id=4170, stack(0x00007ff6d2bec000,0x00007ff6d2ced000)]
  0x00007ff6f407b000 JavaThread "Finalizer" daemon [_thread_blocked, id=4169, stack(0x00007ff6d2ced000,0x00007ff6d2dee000)]
  0x00007ff6f4077000 JavaThread "Reference Handler" daemon [_thread_blocked, id=4168, stack(0x00007ff6d2dee000,0x00007ff6d2eef000)]

Other Threads:
  0x00007ff6f4074800 VMThread [stack: 0x00007ff6d2eef000,0x00007ff6d2ff0000] [id=4167]
  0x00007ff6f40c4000 WatcherThread [stack: 0x00007ff6d22e1000,0x00007ff6d23e2000] [id=4180]

VM state:not at safepoint (normal execution)

VM Mutex/Monitor currently owned by a thread: None

Heap
 PSYoungGen      total 37376K, used 13862K [0x00000007d6800000, 0x00000007d9180000, 0x0000000800000000)
  eden space 32256K, 27% used [0x00000007d6800000,0x00000007d708ca50,0x00000007d8780000)
  from space 5120K, 99% used [0x00000007d8c80000,0x00000007d917d120,0x00000007d9180000)
  to   space 5120K, 0% used [0x00000007d8780000,0x00000007d8780000,0x00000007d8c80000)
 ParOldGen       total 84992K, used 2517K [0x0000000783800000, 0x0000000788b00000, 0x00000007d6800000)
  object space 84992K, 2% used [0x0000000783800000,0x0000000783a754b0,0x0000000788b00000)
 PSPermGen       total 21504K, used 14585K [0x000000077e600000, 0x000000077fb00000, 0x0000000783800000)
  object space 21504K, 67% used [0x000000077e600000,0x000000077f43e678,0x000000077fb00000)

Card table byte_map: [0x00007ff6f8e8a000,0x00007ff6f9298000] byte_map_base: 0x00007ff6f5297000

Polling page: 0x00007ff6fcbd9000

Code Cache  [0x00007ff6f1000000, 0x00007ff6f1270000, 0x00007ff6f4000000)
 total_blobs=659 nmethods=143 adapters=477 free_code_cache=48257Kb largest_free_block=49363968

Compilation events (10 events):
Event: 42.535 Thread 0x00007ff6f40ae800  140             java.util.ArrayList::indexOf (67 bytes)
Event: 42.537 Thread 0x00007ff6f40ae800 nmethod 140 0x00007ff6f10cfb90 code [0x00007ff6f10cfce0, 0x00007ff6f10cfe18]
Event: 42.537 Thread 0x00007ff6f40ae800  141             java.awt.Component::getObjectLock (5 bytes)
Event: 42.537 Thread 0x00007ff6f40ae800 nmethod 141 0x00007ff6f10cd010 code [0x00007ff6f10cd140, 0x00007ff6f10cd1b8]
Event: 42.550 Thread 0x00007ff6f40ac000 nmethod 139 0x00007ff6f10da550 code [0x00007ff6f10da800, 0x00007ff6f10dc130]
Event: 43.214 Thread 0x00007ff6f40ae800  142             java.lang.Number::<init> (5 bytes)
Event: 43.215 Thread 0x00007ff6f40ae800 nmethod 142 0x00007ff6f10d8910 code [0x00007ff6f10d8a40, 0x00007ff6f10d8a98]
Event: 43.342 Thread 0x00007ff6f40ac000  143             sun.awt.X11.XWindow::handleMotionNotify (342 bytes)
Event: 43.372 Thread 0x00007ff6f40ac000 nmethod 143 0x00007ff6f10e6690 code [0x00007ff6f10e6c60, 0x00007ff6f10e8aa8]
Event: 47.188 Thread 0x00007ff6f40ae800  144             java.nio.HeapByteBuffer::_get (7 bytes)

GC Heap History (4 events):
Event: 0.719 GC heap before
{Heap before GC invocations=1 (full 0):
 PSYoungGen      total 37376K, used 32256K [0x00000007d6800000, 0x00000007d9180000, 0x0000000800000000)
  eden space 32256K, 100% used [0x00000007d6800000,0x00000007d8780000,0x00000007d8780000)
  from space 5120K, 0% used [0x00000007d8c80000,0x00000007d8c80000,0x00000007d9180000)
  to   space 5120K, 0% used [0x00000007d8780000,0x00000007d8780000,0x00000007d8c80000)
 ParOldGen       total 84992K, used 0K [0x0000000783800000, 0x0000000788b00000, 0x00000007d6800000)
  object space 84992K, 0% used [0x0000000783800000,0x0000000783800000,0x0000000788b00000)
 PSPermGen       total 21504K, used 10759K [0x000000077e600000, 0x000000077fb00000, 0x0000000783800000)
  object space 21504K, 50% used [0x000000077e600000,0x000000077f081f60,0x000000077fb00000)
Event: 0.725 GC heap after
Heap after GC invocations=1 (full 0):
 PSYoungGen      total 37376K, used 1840K [0x00000007d6800000, 0x00000007d9180000, 0x0000000800000000)
  eden space 32256K, 0% used [0x00000007d6800000,0x00000007d6800000,0x00000007d8780000)
  from space 5120K, 35% used [0x00000007d8780000,0x00000007d894c010,0x00000007d8c80000)
  to   space 5120K, 0% used [0x00000007d8c80000,0x00000007d8c80000,0x00000007d9180000)
 ParOldGen       total 84992K, used 0K [0x0000000783800000, 0x0000000788b00000, 0x00000007d6800000)
  object space 84992K, 0% used [0x0000000783800000,0x0000000783800000,0x0000000788b00000)
 PSPermGen       total 21504K, used 10759K [0x000000077e600000, 0x000000077fb00000, 0x0000000783800000)
  object space 21504K, 50% used [0x000000077e600000,0x000000077f081f60,0x000000077fb00000)
}
Event: 38.011 GC heap before
{Heap before GC invocations=2 (full 0):
 PSYoungGen      total 37376K, used 34096K [0x00000007d6800000, 0x00000007d9180000, 0x0000000800000000)
  eden space 32256K, 100% used [0x00000007d6800000,0x00000007d8780000,0x00000007d8780000)
  from space 5120K, 35% used [0x00000007d8780000,0x00000007d894c010,0x00000007d8c80000)
  to   space 5120K, 0% used [0x00000007d8c80000,0x00000007d8c80000,0x00000007d9180000)
 ParOldGen       total 84992K, used 0K [0x0000000783800000, 0x0000000788b00000, 0x00000007d6800000)
  object space 84992K, 0% used [0x0000000783800000,0x0000000783800000,0x0000000788b00000)
 PSPermGen       total 21504K, used 14491K [0x000000077e600000, 0x000000077fb00000, 0x0000000783800000)
  object space 21504K, 67% used [0x000000077e600000,0x000000077f426e10,0x000000077fb00000)
Event: 38.020 GC heap after
Heap after GC invocations=2 (full 0):
 PSYoungGen      total 37376K, used 5108K [0x00000007d6800000, 0x00000007d9180000, 0x0000000800000000)
  eden space 32256K, 0% used [0x00000007d6800000,0x00000007d6800000,0x00000007d8780000)
  from space 5120K, 99% used [0x00000007d8c80000,0x00000007d917d120,0x00000007d9180000)
  to   space 5120K, 0% used [0x00000007d8780000,0x00000007d8780000,0x00000007d8c80000)
 ParOldGen       total 84992K, used 2517K [0x0000000783800000, 0x0000000788b00000, 0x00000007d6800000)
  object space 84992K, 2% used [0x0000000783800000,0x0000000783a754b0,0x0000000788b00000)
 PSPermGen       total 21504K, used 14491K [0x000000077e600000, 0x000000077fb00000, 0x0000000783800000)
  object space 21504K, 67% used [0x000000077e600000,0x000000077f426e10,0x000000077fb00000)
}

Deoptimization events (10 events):
Event: 0.534 Thread 0x00007ff6f43b0800 Uncommon trap: reason=class_check action=maybe_recompile pc=0x00007ff6f1075a90 method=java.lang.String.equals(Ljava/lang/Object;)Z @ 8
Event: 0.534 Thread 0x00007ff6f43b0800 Uncommon trap: reason=class_check action=maybe_recompile pc=0x00007ff6f1075a90 method=java.lang.String.equals(Ljava/lang/Object;)Z @ 8
Event: 0.534 Thread 0x00007ff6f43b0800 Uncommon trap: reason=class_check action=maybe_recompile pc=0x00007ff6f1075a90 method=java.lang.String.equals(Ljava/lang/Object;)Z @ 8
Event: 0.534 Thread 0x00007ff6f43b0800 Uncommon trap: reason=class_check action=maybe_recompile pc=0x00007ff6f1075a90 method=java.lang.String.equals(Ljava/lang/Object;)Z @ 8
Event: 0.937 Thread 0x00007ff6f41ed800 Uncommon trap: reason=unreached action=reinterpret pc=0x00007ff6f1099d50 method=java.lang.String.valueOf(Ljava/lang/Object;)Ljava/lang/String; @ 1
Event: 9.002 Thread 0x00007ff6f43b0800 Uncommon trap: reason=class_check action=maybe_recompile pc=0x00007ff6f10aff68 method=java.awt.Toolkit$SelectiveAWTEventListener.eventDispatched(Ljava/awt/AWTEvent;)V @ 733
Event: 9.002 Thread 0x00007ff6f43b0800 Uncommon trap: reason=class_check action=maybe_recompile pc=0x00007ff6f10aff68 method=java.awt.Toolkit$SelectiveAWTEventListener.eventDispatched(Ljava/awt/AWTEvent;)V @ 733
Event: 9.003 Thread 0x00007ff6f43b0800 Uncommon trap: reason=class_check action=maybe_recompile pc=0x00007ff6f10aff68 method=java.awt.Toolkit$SelectiveAWTEventListener.eventDispatched(Ljava/awt/AWTEvent;)V @ 733
Event: 9.007 Thread 0x00007ff6f43b0800 Uncommon trap: reason=class_check action=maybe_recompile pc=0x00007ff6f10aff68 method=java.awt.Toolkit$SelectiveAWTEventListener.eventDispatched(Ljava/awt/AWTEvent;)V @ 733
Event: 10.320 Thread 0x00007ff6f41ed800 Uncommon trap: reason=unreached action=reinterpret pc=0x00007ff6f108ba60 method=java.lang.String.valueOf(Ljava/lang/Object;)Ljava/lang/String; @ 1

Internal exceptions (10 events):
Event: 33.681 Thread 0x00007ff6f43b0800 Threw 0x00000007d81d5218 at /HUDSON/workspace/7u-2-build-linux-amd64/jdk7u45/229/hotspot/src/share/vm/prims/jni.cpp:717
Event: 35.871 Thread 0x00007ff6f43b0800 Threw 0x00000007d87406b8 at /HUDSON/workspace/7u-2-build-linux-amd64/jdk7u45/229/hotspot/src/share/vm/prims/jvm.cpp:1244
Event: 35.872 Thread 0x00007ff6f43b0800 Threw 0x00000007d87435f0 at /HUDSON/workspace/7u-2-build-linux-amd64/jdk7u45/229/hotspot/src/share/vm/prims/jni.cpp:717
Event: 37.997 Thread 0x00007ff6f43b0800 Threw 0x00000007d8757860 at /HUDSON/workspace/7u-2-build-linux-amd64/jdk7u45/229/hotspot/src/share/vm/prims/jni.cpp:717
Event: 40.583 Thread 0x00007ff6f43b0800 Threw 0x00000007d6b3cc18 at /HUDSON/workspace/7u-2-build-linux-amd64/jdk7u45/229/hotspot/src/share/vm/prims/jni.cpp:717
Event: 40.702 Thread 0x00007ff6f43b0800 Threw 0x00000007d6b50e58 at /HUDSON/workspace/7u-2-build-linux-amd64/jdk7u45/229/hotspot/src/share/vm/prims/jni.cpp:717
Event: 42.391 Thread 0x00007ff6f43b0800 Threw 0x00000007d6eca6d0 at /HUDSON/workspace/7u-2-build-linux-amd64/jdk7u45/229/hotspot/src/share/vm/prims/jni.cpp:717
Event: 42.508 Thread 0x00007ff6f43b0800 Threw 0x00000007d6ede910 at /HUDSON/workspace/7u-2-build-linux-amd64/jdk7u45/229/hotspot/src/share/vm/prims/jni.cpp:717
Event: 42.521 Thread 0x00007ff6f43b0800 Threw 0x00000007d6ef0320 at /HUDSON/workspace/7u-2-build-linux-amd64/jdk7u45/229/hotspot/src/share/vm/prims/jvm.cpp:1244
Event: 47.185 Thread 0x00007ff680073000 Threw 0x00000007d707baf8 at /HUDSON/workspace/7u-2-build-linux-amd64/jdk7u45/229/hotspot/src/share/vm/prims/jni.cpp:717

Events (10 events):
Event: 47.185 Executing VM operation: RevokeBias
Event: 47.185 Executing VM operation: RevokeBias done
Event: 47.185 loading class 0x00007ff6a00ab220
Event: 47.185 loading class 0x00007ff6a00ab220 done
Event: 47.185 loading class 0x00007ff6f835dcb0
Event: 47.185 loading class 0x00007ff6f835dcb0 done
Event: 47.186 loading class 0x00007ff6a408cf60
Event: 47.186 loading class 0x00007ff6a408cf60 done
Event: 47.186 loading class 0x00007ff6a005ba50
Event: 47.186 loading class 0x00007ff6a005ba50 done


Dynamic libraries:
00400000-00401000 r-xp 00000000 08:05 3850640                            /home/birdie/Documents/jdk1.7.0_45/bin/java
00600000-00601000 rw-p 00000000 08:05 3850640                            /home/birdie/Documents/jdk1.7.0_45/bin/java
021e2000-02203000 rw-p 00000000 00:00 0                                  [heap]
77e600000-77fb00000 rw-p 00000000 00:00 0 
77fb00000-783800000 rw-p 00000000 00:00 0 
783800000-788b00000 rw-p 00000000 00:00 0 
788b00000-7d6800000 rw-p 00000000 00:00 0 
7d6800000-7d9180000 rw-p 00000000 00:00 0 
7d9180000-800000000 rw-p 00000000 00:00 0 
7ff668000000-7ff668021000 rw-p 00000000 00:00 0 
7ff668021000-7ff66c000000 ---p 00000000 00:00 0 
7ff66c000000-7ff66c021000 rw-p 00000000 00:00 0 
7ff66c021000-7ff670000000 ---p 00000000 00:00 0 
7ff670000000-7ff670021000 rw-p 00000000 00:00 0 
7ff670021000-7ff674000000 ---p 00000000 00:00 0 
7ff674000000-7ff674021000 rw-p 00000000 00:00 0 
7ff674021000-7ff678000000 ---p 00000000 00:00 0 
7ff678000000-7ff678021000 rw-p 00000000 00:00 0 
7ff678021000-7ff67c000000 ---p 00000000 00:00 0 
7ff67c000000-7ff67c021000 rw-p 00000000 00:00 0 
7ff67c021000-7ff680000000 ---p 00000000 00:00 0 
7ff680000000-7ff680320000 rw-p 00000000 00:00 0 
7ff680320000-7ff684000000 ---p 00000000 00:00 0 
7ff684000000-7ff684021000 rw-p 00000000 00:00 0 
7ff684021000-7ff688000000 ---p 00000000 00:00 0 
7ff688000000-7ff688021000 rw-p 00000000 00:00 0 
7ff688021000-7ff68c000000 ---p 00000000 00:00 0 
7ff68c0b3000-7ff68c0b6000 ---p 00000000 00:00 0 
7ff68c0b6000-7ff68c1b4000 rw-p 00000000 00:00 0                          [stack:4239]
7ff68c1b4000-7ff68c1b7000 ---p 00000000 00:00 0 
7ff68c1b7000-7ff68c2b5000 rw-p 00000000 00:00 0                          [stack:4238]
7ff68c2b5000-7ff68c2b8000 ---p 00000000 00:00 0 
7ff68c2b8000-7ff68c3b6000 rw-p 00000000 00:00 0                          [stack:4233]
7ff68c3b6000-7ff68c3c3000 r-xp 00000000 08:05 3867498                    /home/birdie/Documents/jdk1.7.0_45/jre/lib/amd64/librxtxSerial.so
7ff68c3c3000-7ff68c5c2000 ---p 0000d000 08:05 3867498                    /home/birdie/Documents/jdk1.7.0_45/jre/lib/amd64/librxtxSerial.so
7ff68c5c2000-7ff68c5c3000 rw-p 0000c000 08:05 3867498                    /home/birdie/Documents/jdk1.7.0_45/jre/lib/amd64/librxtxSerial.so
7ff68c5c3000-7ff68c5c6000 ---p 00000000 00:00 0 
7ff68c5c6000-7ff68c6c4000 rw-p 00000000 00:00 0                          [stack:4225]
7ff68c6c4000-7ff68c6c7000 ---p 00000000 00:00 0 
7ff68c6c7000-7ff68c7c5000 rw-p 00000000 00:00 0                          [stack:4224]
7ff68c7c5000-7ff68c8e9000 rw-s 00000000 00:04 2064396                    /SYSV00000000 (deleted)
7ff68c8e9000-7ff68c8ec000 ---p 00000000 00:00 0 
7ff68c8ec000-7ff68c9ea000 rw-p 00000000 00:00 0                          [stack:4187]
7ff68c9ea000-7ff68ca52000 r-xp 00000000 08:05 3867323                    /home/birdie/Documents/jdk1.7.0_45/jre/lib/amd64/libt2k.so
7ff68ca52000-7ff68cc52000 ---p 00068000 08:05 3867323                    /home/birdie/Documents/jdk1.7.0_45/jre/lib/amd64/libt2k.so
7ff68cc52000-7ff68cc59000 rw-p 00068000 08:05 3867323                    /home/birdie/Documents/jdk1.7.0_45/jre/lib/amd64/libt2k.so
7ff68cc59000-7ff68cc69000 rw-p 00000000 00:00 0 
7ff68cc69000-7ff68cc6c000 ---p 00000000 00:00 0 
7ff68cc6c000-7ff68cd6a000 rw-p 00000000 00:00 0                          [stack:4186]
7ff68cd6a000-7ff68cd6d000 ---p 00000000 00:00 0 
7ff68cd6d000-7ff68ce6b000 rw-p 00000000 00:00 0                          [stack:4185]
7ff68ce6b000-7ff68ce6e000 r-xp 00000000 08:05 1737002                    /usr/lib/x86_64-linux-gnu/pango/1.8.0/modules/pango-basic-fc.so
7ff68ce6e000-7ff68d06d000 ---p 00003000 08:05 1737002                    /usr/lib/x86_64-linux-gnu/pango/1.8.0/modules/pango-basic-fc.so
7ff68d06d000-7ff68d06e000 r--p 00002000 08:05 1737002                    /usr/lib/x86_64-linux-gnu/pango/1.8.0/modules/pango-basic-fc.so
7ff68d06e000-7ff68d06f000 rw-p 00003000 08:05 1737002                    /usr/lib/x86_64-linux-gnu/pango/1.8.0/modules/pango-basic-fc.so
7ff68d06f000-7ff68d078000 r-xp 00000000 08:05 1720466                    /usr/lib/x86_64-linux-gnu/gtk-2.0/2.10.0/engines/libpixmap.so
7ff68d078000-7ff68d278000 ---p 00009000 08:05 1720466                    /usr/lib/x86_64-linux-gnu/gtk-2.0/2.10.0/engines/libpixmap.so
7ff68d278000-7ff68d279000 r--p 00009000 08:05 1720466                    /usr/lib/x86_64-linux-gnu/gtk-2.0/2.10.0/engines/libpixmap.so
7ff68d279000-7ff68d27a000 rw-p 0000a000 08:05 1720466                    /usr/lib/x86_64-linux-gnu/gtk-2.0/2.10.0/engines/libpixmap.so
7ff68d27a000-7ff68d2a9000 r-xp 00000000 08:05 1720465                    /usr/lib/x86_64-linux-gnu/gtk-2.0/2.10.0/engines/libmurrine.so
7ff68d2a9000-7ff68d4a9000 ---p 0002f000 08:05 1720465                    /usr/lib/x86_64-linux-gnu/gtk-2.0/2.10.0/engines/libmurrine.so
7ff68d4a9000-7ff68d4aa000 r--p 0002f000 08:05 1720465                    /usr/lib/x86_64-linux-gnu/gtk-2.0/2.10.0/engines/libmurrine.so
7ff68d4aa000-7ff68d4ab000 rw-p 00030000 08:05 1720465                    /usr/lib/x86_64-linux-gnu/gtk-2.0/2.10.0/engines/libmurrine.so
7ff68d4ab000-7ff68d4ac000 r-xp 00000000 08:05 1542119                    /usr/lib/x86_64-linux-gnu/libgthread-2.0.so.0.3600.0
7ff68d4ac000-7ff68d6ab000 ---p 00001000 08:05 1542119                    /usr/lib/x86_64-linux-gnu/libgthread-2.0.so.0.3600.0
7ff68d6ab000-7ff68d6ac000 r--p 00000000 08:05 1542119                    /usr/lib/x86_64-linux-gnu/libgthread-2.0.so.0.3600.0
7ff68d6ac000-7ff68d6ad000 rw-p 00001000 08:05 1542119                    /usr/lib/x86_64-linux-gnu/libgthread-2.0.so.0.3600.0
7ff68d6ad000-7ff68e81c000 r-xp 00000000 08:05 1542153                    /usr/lib/x86_64-linux-gnu/libicudata.so.48.1.1
7ff68e81c000-7ff68ea1b000 ---p 0116f000 08:05 1542153                    /usr/lib/x86_64-linux-gnu/libicudata.so.48.1.1
7ff68ea1b000-7ff68ea1c000 r--p 0116e000 08:05 1542153                    /usr/lib/x86_64-linux-gnu/libicudata.so.48.1.1
7ff68ea1c000-7ff68ea1d000 rw-p 0116f000 08:05 1542153                    /usr/lib/x86_64-linux-gnu/libicudata.so.48.1.1
7ff68ea1d000-7ff68eb02000 r-xp 00000000 08:05 1542479                    /usr/lib/x86_64-linux-gnu/libstdc++.so.6.0.17
7ff68eb02000-7ff68ed01000 ---p 000e5000 08:05 1542479                    /usr/lib/x86_64-linux-gnu/libstdc++.so.6.0.17
7ff68ed01000-7ff68ed09000 r--p 000e4000 08:05 1542479                    /usr/lib/x86_64-linux-gnu/libstdc++.so.6.0.17
7ff68ed09000-7ff68ed0b000 rw-p 000ec000 08:05 1542479                    /usr/lib/x86_64-linux-gnu/libstdc++.so.6.0.17
7ff68ed0b000-7ff68ed20000 rw-p 00000000 00:00 0 
7ff68ed20000-7ff68ee76000 r-xp 00000000 08:05 1542167                    /usr/lib/x86_64-linux-gnu/libicuuc.so.48.1.1
7ff68ee76000-7ff68f075000 ---p 00156000 08:05 1542167                    /usr/lib/x86_64-linux-gnu/libicuuc.so.48.1.1
7ff68f075000-7ff68f086000 r--p 00155000 08:05 1542167                    /usr/lib/x86_64-linux-gnu/libicuuc.so.48.1.1
7ff68f086000-7ff68f087000 rw-p 00166000 08:05 1542167                    /usr/lib/x86_64-linux-gnu/libicuuc.so.48.1.1
7ff68f087000-7ff68f08b000 rw-p 00000000 00:00 0 
7ff68f08b000-7ff68f0bd000 r-xp 00000000 08:05 1542159                    /usr/lib/x86_64-linux-gnu/libicule.so.48.1.1
7ff68f0bd000-7ff68f2bd000 ---p 00032000 08:05 1542159                    /usr/lib/x86_64-linux-gnu/libicule.so.48.1.1
7ff68f2bd000-7ff68f2bf000 r--p 00032000 08:05 1542159                    /usr/lib/x86_64-linux-gnu/libicule.so.48.1.1
7ff68f2bf000-7ff68f2c0000 rw-p 00034000 08:05 1542159                    /usr/lib/x86_64-linux-gnu/libicule.so.48.1.1
7ff68f2c0000-7ff68f2fd000 r-xp 00000000 08:05 1934307                    /lib/x86_64-linux-gnu/libpcre.so.3.13.1
7ff68f2fd000-7ff68f4fd000 ---p 0003d000 08:05 1934307                    /lib/x86_64-linux-gnu/libpcre.so.3.13.1
7ff68f4fd000-7ff68f4fe000 r--p 0003d000 08:05 1934307                    /lib/x86_64-linux-gnu/libpcre.so.3.13.1
7ff68f4fe000-7ff68f4ff000 rw-p 0003e000 08:05 1934307                    /lib/x86_64-linux-gnu/libpcre.so.3.13.1
7ff68f4ff000-7ff68f506000 r-xp 00000000 08:05 1541860                    /usr/lib/x86_64-linux-gnu/libffi.so.6.0.1
7ff68f506000-7ff68f705000 ---p 00007000 08:05 1541860                    /usr/lib/x86_64-linux-gnu/libffi.so.6.0.1
7ff68f705000-7ff68f706000 r--p 00006000 08:05 1541860                    /usr/lib/x86_64-linux-gnu/libffi.so.6.0.1
7ff68f706000-7ff68f707000 rw-p 00007000 08:05 1541860                    /usr/lib/x86_64-linux-gnu/libffi.so.6.0.1
7ff68f707000-7ff68f72d000 r-xp 00000000 08:05 1934232                    /lib/x86_64-linux-gnu/libexpat.so.1.6.0
7ff68f72d000-7ff68f92d000 ---p 00026000 08:05 1934232                    /lib/x86_64-linux-gnu/libexpat.so.1.6.0
7ff68f92d000-7ff68f92f000 r--p 00026000 08:05 1934232                    /lib/x86_64-linux-gnu/libexpat.so.1.6.0
7ff68f92f000-7ff68f930000 rw-p 00028000 08:05 1934232                    /lib/x86_64-linux-gnu/libexpat.so.1.6.0
7ff68f930000-7ff68f9c5000 r-xp 00000000 08:05 1542139                    /usr/lib/x86_64-linux-gnu/libharfbuzz.so.0.913.0
7ff68f9c5000-7ff68fbc4000 ---p 00095000 08:05 1542139                    /usr/lib/x86_64-linux-gnu/libharfbuzz.so.0.913.0
7ff68fbc4000-7ff68fbc6000 r--p 00094000 08:05 1542139                    /usr/lib/x86_64-linux-gnu/libharfbuzz.so.0.913.0
7ff68fbc6000-7ff68fbc7000 rw-p 00096000 08:05 1542139                    /usr/lib/x86_64-linux-gnu/libharfbuzz.so.0.913.0
7ff68fbc7000-7ff68fbdd000 r-xp 00000000 08:05 1934330                    /lib/x86_64-linux-gnu/libresolv-2.17.so
7ff68fbdd000-7ff68fddd000 ---p 00016000 08:05 1934330                    /lib/x86_64-linux-gnu/libresolv-2.17.so
7ff68fddd000-7ff68fdde000 r--p 00016000 08:05 1934330                    /lib/x86_64-linux-gnu/libresolv-2.17.so
7ff68fdde000-7ff68fddf000 rw-p 00017000 08:05 1934330                    /lib/x86_64-linux-gnu/libresolv-2.17.so
7ff68fddf000-7ff68fde1000 rw-p 00000000 00:00 0 
7ff68fde1000-7ff68fdfe000 r-xp 00000000 08:05 1934334                    /lib/x86_64-linux-gnu/libselinux.so.1
7ff68fdfe000-7ff68fffd000 ---p 0001d000 08:05 1934334                    /lib/x86_64-linux-gnu/libselinux.so.1
7ff68fffd000-7ff68fffe000 r--p 0001c000 08:05 1934334                    /lib/x86_64-linux-gnu/libselinux.so.1
7ff68fffe000-7ff68ffff000 rw-p 0001d000 08:05 1934334                    /lib/x86_64-linux-gnu/libselinux.so.1
7ff68ffff000-7ff690000000 rw-p 00000000 00:00 0 
7ff690000000-7ff690021000 rw-p 00000000 00:00 0 
7ff690021000-7ff694000000 ---p 00000000 00:00 0 
7ff694000000-7ff694021000 rw-p 00000000 00:00 0 
7ff694021000-7ff698000000 ---p 00000000 00:00 0 
7ff698000000-7ff698021000 rw-p 00000000 00:00 0 
7ff698021000-7ff69c000000 ---p 00000000 00:00 0 
7ff69c000000-7ff69c021000 rw-p 00000000 00:00 0 
7ff69c021000-7ff6a0000000 ---p 00000000 00:00 0 
7ff6a0000000-7ff6a0460000 rw-p 00000000 00:00 0 
7ff6a0460000-7ff6a4000000 ---p 00000000 00:00 0 
7ff6a4000000-7ff6a42e9000 rw-p 00000000 00:00 0 
7ff6a42e9000-7ff6a8000000 ---p 00000000 00:00 0 
7ff6a8000000-7ff6a8032000 rw-p 00000000 00:00 0 
7ff6a8032000-7ff6ac000000 ---p 00000000 00:00 0 
7ff6ac000000-7ff6ac021000 rw-p 00000000 00:00 0 
7ff6ac021000-7ff6b0000000 ---p 00000000 00:00 0 
7ff6b0000000-7ff6b0021000 rw-p 00000000 00:00 0 
7ff6b0021000-7ff6b4000000 ---p 00000000 00:00 0 
7ff6b4000000-7ff6b403c000 rw-p 00000000 00:00 0 
7ff6b403c000-7ff6b8000000 ---p 00000000 00:00 0 
7ff6b8000000-7ff6b8021000 rw-p 00000000 00:00 0 
7ff6b8021000-7ff6bc000000 ---p 00000000 00:00 0 
7ff6bc000000-7ff6bc021000 rw-p 00000000 00:00 0 
7ff6bc021000-7ff6c0000000 ---p 00000000 00:00 0 
7ff6c0000000-7ff6c0021000 rw-p 00000000 00:00 0 
7ff6c0021000-7ff6c4000000 ---p 00000000 00:00 0 
7ff6c4016000-7ff6c4076000 rw-s 00000000 00:04 1998858                    /SYSV00000000 (deleted)
7ff6c4076000-7ff6c40f6000 rw-s 00000000 00:04 1966086                    /SYSV00000000 (deleted)
7ff6c40f6000-7ff6c40f9000 ---p 00000000 00:00 0 
7ff6c40f9000-7ff6c41f7000 rw-p 00000000 00:00 0                          [stack:4184]
7ff6c41f7000-7ff6c420d000 r-xp 00000000 08:05 1934365                    /lib/x86_64-linux-gnu/libz.so.1.2.7
7ff6c420d000-7ff6c440c000 ---p 00016000 08:05 1934365                    /lib/x86_64-linux-gnu/libz.so.1.2.7
7ff6c440c000-7ff6c440d000 r--p 00015000 08:05 1934365                    /lib/x86_64-linux-gnu/libz.so.1.2.7
7ff6c440d000-7ff6c440e000 rw-p 00016000 08:05 1934365                    /lib/x86_64-linux-gnu/libz.so.1.2.7
7ff6c440e000-7ff6c4416000 r-xp 00000000 08:05 1542601                    /usr/lib/x86_64-linux-gnu/libxcb-render.so.0.0.0
7ff6c4416000-7ff6c4616000 ---p 00008000 08:05 1542601                    /usr/lib/x86_64-linux-gnu/libxcb-render.so.0.0.0
7ff6c4616000-7ff6c4617000 r--p 00008000 08:05 1542601                    /usr/lib/x86_64-linux-gnu/libxcb-render.so.0.0.0
7ff6c4617000-7ff6c4618000 rw-p 00009000 08:05 1542601                    /usr/lib/x86_64-linux-gnu/libxcb-render.so.0.0.0
7ff6c4618000-7ff6c461a000 r-xp 00000000 08:05 1542605                    /usr/lib/x86_64-linux-gnu/libxcb-shm.so.0.0.0
7ff6c461a000-7ff6c4819000 ---p 00002000 08:05 1542605                    /usr/lib/x86_64-linux-gnu/libxcb-shm.so.0.0.0
7ff6c4819000-7ff6c481a000 r--p 00001000 08:05 1542605                    /usr/lib/x86_64-linux-gnu/libxcb-shm.so.0.0.0
7ff6c481a000-7ff6c481b000 rw-p 00002000 08:05 1542605                    /usr/lib/x86_64-linux-gnu/libxcb-shm.so.0.0.0
7ff6c481b000-7ff6c4840000 r-xp 00000000 08:05 1934319                    /lib/x86_64-linux-gnu/libpng12.so.0.49.0
7ff6c4840000-7ff6c4a3f000 ---p 00025000 08:05 1934319                    /lib/x86_64-linux-gnu/libpng12.so.0.49.0
7ff6c4a3f000-7ff6c4a40000 r--p 00024000 08:05 1934319                    /lib/x86_64-linux-gnu/libpng12.so.0.49.0
7ff6c4a40000-7ff6c4a41000 rw-p 00025000 08:05 1934319                    /lib/x86_64-linux-gnu/libpng12.so.0.49.0
7ff6c4a41000-7ff6c4ad1000 r-xp 00000000 08:05 1542349                    /usr/lib/x86_64-linux-gnu/libpixman-1.so.0.28.2
7ff6c4ad1000-7ff6c4cd0000 ---p 00090000 08:05 1542349                    /usr/lib/x86_64-linux-gnu/libpixman-1.so.0.28.2
7ff6c4cd0000-7ff6c4cd7000 r--p 0008f000 08:05 1542349                    /usr/lib/x86_64-linux-gnu/libpixman-1.so.0.28.2
7ff6c4cd7000-7ff6c4cd8000 rw-p 00096000 08:05 1542349                    /usr/lib/x86_64-linux-gnu/libpixman-1.so.0.28.2
7ff6c4cd8000-7ff6c4d6f000 r-xp 00000000 08:05 1541920                    /usr/lib/x86_64-linux-gnu/libfreetype.so.6.10.0
7ff6c4d6f000-7ff6c4f6e000 ---p 00097000 08:05 1541920                    /usr/lib/x86_64-linux-gnu/libfreetype.so.6.10.0
7ff6c4f6e000-7ff6c4f74000 r--p 00096000 08:05 1541920                    /usr/lib/x86_64-linux-gnu/libfreetype.so.6.10.0
7ff6c4f74000-7ff6c4f75000 rw-p 0009c000 08:05 1541920                    /usr/lib/x86_64-linux-gnu/libfreetype.so.6.10.0
7ff6c4f75000-7ff6c4f77000 r-xp 00000000 08:05 1541582                    /usr/lib/x86_64-linux-gnu/libXdamage.so.1.1.0
7ff6c4f77000-7ff6c5176000 ---p 00002000 08:05 1541582                    /usr/lib/x86_64-linux-gnu/libXdamage.so.1.1.0
7ff6c5176000-7ff6c5177000 r--p 00001000 08:05 1541582                    /usr/lib/x86_64-linux-gnu/libXdamage.so.1.1.0
7ff6c5177000-7ff6c5178000 rw-p 00002000 08:05 1541582                    /usr/lib/x86_64-linux-gnu/libXdamage.so.1.1.0
7ff6c5178000-7ff6c517a000 r-xp 00000000 08:05 1541578                    /usr/lib/x86_64-linux-gnu/libXcomposite.so.1.0.0
7ff6c517a000-7ff6c5379000 ---p 00002000 08:05 1541578                    /usr/lib/x86_64-linux-gnu/libXcomposite.so.1.0.0
7ff6c5379000-7ff6c537a000 r--p 00001000 08:05 1541578                    /usr/lib/x86_64-linux-gnu/libXcomposite.so.1.0.0
7ff6c537a000-7ff6c537b000 rw-p 00002000 08:05 1541578                    /usr/lib/x86_64-linux-gnu/libXcomposite.so.1.0.0
7ff6c537b000-7ff6c5384000 r-xp 00000000 08:05 1541604                    /usr/lib/x86_64-linux-gnu/libXrandr.so.2.2.0
7ff6c5384000-7ff6c5583000 ---p 00009000 08:05 1541604                    /usr/lib/x86_64-linux-gnu/libXrandr.so.2.2.0
7ff6c5583000-7ff6c5584000 r--p 00008000 08:05 1541604                    /usr/lib/x86_64-linux-gnu/libXrandr.so.2.2.0
7ff6c5584000-7ff6c5585000 rw-p 00009000 08:05 1541604                    /usr/lib/x86_64-linux-gnu/libXrandr.so.2.2.0
7ff6c5585000-7ff6c5587000 r-xp 00000000 08:05 1541594                    /usr/lib/x86_64-linux-gnu/libXinerama.so.1.0.0
7ff6c5587000-7ff6c5786000 ---p 00002000 08:05 1541594                    /usr/lib/x86_64-linux-gnu/libXinerama.so.1.0.0
7ff6c5786000-7ff6c5787000 r--p 00001000 08:05 1541594                    /usr/lib/x86_64-linux-gnu/libXinerama.so.1.0.0
7ff6c5787000-7ff6c5788000 rw-p 00002000 08:05 1541594                    /usr/lib/x86_64-linux-gnu/libXinerama.so.1.0.0
7ff6c5788000-7ff6c5881000 r-xp 00000000 08:05 1934241                    /lib/x86_64-linux-gnu/libglib-2.0.so.0.3600.0
7ff6c5881000-7ff6c5a81000 ---p 000f9000 08:05 1934241                    /lib/x86_64-linux-gnu/libglib-2.0.so.0.3600.0
7ff6c5a81000-7ff6c5a82000 r--p 000f9000 08:05 1934241                    /lib/x86_64-linux-gnu/libglib-2.0.so.0.3600.0
7ff6c5a82000-7ff6c5a83000 rw-p 000fa000 08:05 1934241                    /lib/x86_64-linux-gnu/libglib-2.0.so.0.3600.0
7ff6c5a83000-7ff6c5a84000 rw-p 00000000 00:00 0 
7ff6c5a84000-7ff6c5ad1000 r-xp 00000000 08:05 1542010                    /usr/lib/x86_64-linux-gnu/libgobject-2.0.so.0.3600.0
7ff6c5ad1000-7ff6c5cd1000 ---p 0004d000 08:05 1542010                    /usr/lib/x86_64-linux-gnu/libgobject-2.0.so.0.3600.0
7ff6c5cd1000-7ff6c5cd2000 r--p 0004d000 08:05 1542010                    /usr/lib/x86_64-linux-gnu/libgobject-2.0.so.0.3600.0
7ff6c5cd2000-7ff6c5cd3000 rw-p 0004e000 08:05 1542010                    /usr/lib/x86_64-linux-gnu/libgobject-2.0.so.0.3600.0
7ff6c5cd3000-7ff6c5d0a000 r-xp 00000000 08:05 1541892                    /usr/lib/x86_64-linux-gnu/libfontconfig.so.1.6.2
7ff6c5d0a000-7ff6c5f0a000 ---p 00037000 08:05 1541892                    /usr/lib/x86_64-linux-gnu/libfontconfig.so.1.6.2
7ff6c5f0a000-7ff6c5f0b000 r--p 00037000 08:05 1541892                    /usr/lib/x86_64-linux-gnu/libfontconfig.so.1.6.2
7ff6c5f0b000-7ff6c5f0c000 rw-p 00038000 08:05 1541892                    /usr/lib/x86_64-linux-gnu/libfontconfig.so.1.6.2
7ff6c5f0c000-7ff6c5f0d000 rw-p 00000000 00:00 0 
7ff6c5f0d000-7ff6c5f55000 r-xp 00000000 08:05 1542327                    /usr/lib/x86_64-linux-gnu/libpango-1.0.so.0.3200.5
7ff6c5f55000-7ff6c6155000 ---p 00048000 08:05 1542327                    /usr/lib/x86_64-linux-gnu/libpango-1.0.so.0.3200.5
7ff6c6155000-7ff6c6157000 r--p 00048000 08:05 1542327                    /usr/lib/x86_64-linux-gnu/libpango-1.0.so.0.3200.5
7ff6c6157000-7ff6c6158000 rw-p 0004a000 08:05 1542327                    /usr/lib/x86_64-linux-gnu/libpango-1.0.so.0.3200.5
7ff6c6158000-7ff6c616b000 r-xp 00000000 08:05 1542331                    /usr/lib/x86_64-linux-gnu/libpangoft2-1.0.so.0.3200.5
7ff6c616b000-7ff6c636a000 ---p 00013000 08:05 1542331                    /usr/lib/x86_64-linux-gnu/libpangoft2-1.0.so.0.3200.5
7ff6c636a000-7ff6c636b000 r--p 00012000 08:05 1542331                    /usr/lib/x86_64-linux-gnu/libpangoft2-1.0.so.0.3200.5
7ff6c636b000-7ff6c636c000 rw-p 00013000 08:05 1542331                    /usr/lib/x86_64-linux-gnu/libpangoft2-1.0.so.0.3200.5
7ff6c636c000-7ff6c64bf000 r-xp 00000000 08:05 1541974                    /usr/lib/x86_64-linux-gnu/libgio-2.0.so.0.3600.0
7ff6c64bf000-7ff6c66be000 ---p 00153000 08:05 1541974                    /usr/lib/x86_64-linux-gnu/libgio-2.0.so.0.3600.0
7ff6c66be000-7ff6c66c2000 r--p 00152000 08:05 1541974                    /usr/lib/x86_64-linux-gnu/libgio-2.0.so.0.3600.0
7ff6c66c2000-7ff6c66c4000 rw-p 00156000 08:05 1541974                    /usr/lib/x86_64-linux-gnu/libgio-2.0.so.0.3600.0
7ff6c66c4000-7ff6c66c6000 rw-p 00000000 00:00 0 
7ff6c66c6000-7ff6c66e4000 r-xp 00000000 08:05 1541953                    /usr/lib/x86_64-linux-gnu/libgdk_pixbuf-2.0.so.0.2800.0
7ff6c66e4000-7ff6c68e4000 ---p 0001e000 08:05 1541953                    /usr/lib/x86_64-linux-gnu/libgdk_pixbuf-2.0.so.0.2800.0
7ff6c68e4000-7ff6c68e5000 r--p 0001e000 08:05 1541953                    /usr/lib/x86_64-linux-gnu/libgdk_pixbuf-2.0.so.0.2800.0
7ff6c68e5000-7ff6c68e6000 rw-p 0001f000 08:05 1541953                    /usr/lib/x86_64-linux-gnu/libgdk_pixbuf-2.0.so.0.2800.0
7ff6c68e6000-7ff6c69e4000 r-xp 00000000 08:05 1541705                    /usr/lib/x86_64-linux-gnu/libcairo.so.2.11200.14
7ff6c69e4000-7ff6c6be4000 ---p 000fe000 08:05 1541705                    /usr/lib/x86_64-linux-gnu/libcairo.so.2.11200.14
7ff6c6be4000-7ff6c6be7000 r--p 000fe000 08:05 1541705                    /usr/lib/x86_64-linux-gnu/libcairo.so.2.11200.14
7ff6c6be7000-7ff6c6be8000 rw-p 00101000 08:05 1541705                    /usr/lib/x86_64-linux-gnu/libcairo.so.2.11200.14
7ff6c6be8000-7ff6c6bea000 rw-p 00000000 00:00 0 
7ff6c6bea000-7ff6c6c0a000 r-xp 00000000 08:05 1541655                    /usr/lib/x86_64-linux-gnu/libatk-1.0.so.0.20809.1
7ff6c6c0a000-7ff6c6e09000 ---p 00020000 08:05 1541655                    /usr/lib/x86_64-linux-gnu/libatk-1.0.so.0.20809.1
7ff6c6e09000-7ff6c6e0b000 r--p 0001f000 08:05 1541655                    /usr/lib/x86_64-linux-gnu/libatk-1.0.so.0.20809.1
7ff6c6e0b000-7ff6c6e0c000 rw-p 00021000 08:05 1541655                    /usr/lib/x86_64-linux-gnu/libatk-1.0.so.0.20809.1
7ff6c6e0c000-7ff6c6e17000 r-xp 00000000 08:05 1542329                    /usr/lib/x86_64-linux-gnu/libpangocairo-1.0.so.0.3200.5
7ff6c6e17000-7ff6c7017000 ---p 0000b000 08:05 1542329                    /usr/lib/x86_64-linux-gnu/libpangocairo-1.0.so.0.3200.5
7ff6c7017000-7ff6c7018000 r--p 0000b000 08:05 1542329                    /usr/lib/x86_64-linux-gnu/libpangocairo-1.0.so.0.3200.5
7ff6c7018000-7ff6c7019000 rw-p 0000c000 08:05 1542329                    /usr/lib/x86_64-linux-gnu/libpangocairo-1.0.so.0.3200.5
7ff6c7019000-7ff6c701c000 r-xp 00000000 08:05 1541986                    /usr/lib/x86_64-linux-gnu/libgmodule-2.0.so.0.3600.0
7ff6c701c000-7ff6c721b000 ---p 00003000 08:05 1541986                    /usr/lib/x86_64-linux-gnu/libgmodule-2.0.so.0.3600.0
7ff6c721b000-7ff6c721c000 r--p 00002000 08:05 1541986                    /usr/lib/x86_64-linux-gnu/libgmodule-2.0.so.0.3600.0
7ff6c721c000-7ff6c721d000 rw-p 00003000 08:05 1541986                    /usr/lib/x86_64-linux-gnu/libgmodule-2.0.so.0.3600.0
7ff6c721d000-7ff6c72ca000 r-xp 00000000 08:05 1541951                    /usr/lib/x86_64-linux-gnu/libgdk-x11-2.0.so.0.2400.17
7ff6c72ca000-7ff6c74c9000 ---p 000ad000 08:05 1541951                    /usr/lib/x86_64-linux-gnu/libgdk-x11-2.0.so.0.2400.17
7ff6c74c9000-7ff6c74cd000 r--p 000ac000 08:05 1541951                    /usr/lib/x86_64-linux-gnu/libgdk-x11-2.0.so.0.2400.17
7ff6c74cd000-7ff6c74cf000 rw-p 000b0000 08:05 1541951                    /usr/lib/x86_64-linux-gnu/libgdk-x11-2.0.so.0.2400.17
7ff6c74cf000-7ff6c78fc000 r-xp 00000000 08:05 1542123                    /usr/lib/x86_64-linux-gnu/libgtk-x11-2.0.so.0.2400.17
7ff6c78fc000-7ff6c7afb000 ---p 0042d000 08:05 1542123                    /usr/lib/x86_64-linux-gnu/libgtk-x11-2.0.so.0.2400.17
7ff6c7afb000-7ff6c7b02000 r--p 0042c000 08:05 1542123                    /usr/lib/x86_64-linux-gnu/libgtk-x11-2.0.so.0.2400.17
7ff6c7b02000-7ff6c7b06000 rw-p 00433000 08:05 1542123                    /usr/lib/x86_64-linux-gnu/libgtk-x11-2.0.so.0.2400.17
7ff6c7b06000-7ff6c7b08000 rw-p 00000000 00:00 0 
7ff6c7b08000-7ff6c7b18000 r-xp 00000000 08:05 3867355                    /home/birdie/Documents/jdk1.7.0_45/jre/lib/amd64/libnio.so
7ff6c7b18000-7ff6c7d18000 ---p 00010000 08:05 3867355                    /home/birdie/Documents/jdk1.7.0_45/jre/lib/amd64/libnio.so
7ff6c7d18000-7ff6c7d19000 rw-p 00010000 08:05 3867355                    /home/birdie/Documents/jdk1.7.0_45/jre/lib/amd64/libnio.so
7ff6c7d19000-7ff6c7d2f000 r-xp 00000000 08:05 3867308                    /home/birdie/Documents/jdk1.7.0_45/jre/lib/amd64/libnet.so
7ff6c7d2f000-7ff6c7f2f000 ---p 00016000 08:05 3867308                    /home/birdie/Documents/jdk1.7.0_45/jre/lib/amd64/libnet.so
7ff6c7f2f000-7ff6c7f30000 rw-p 00016000 08:05 3867308                    /home/birdie/Documents/jdk1.7.0_45/jre/lib/amd64/libnet.so
7ff6c7f30000-7ff6cc000000 rw-p 00000000 00:00 0 
7ff6cc000000-7ff6cc021000 rw-p 00000000 00:00 0 
7ff6cc021000-7ff6d0000000 ---p 00000000 00:00 0 
7ff6d003a000-7ff6d004e000 r--s 00000000 08:05 1819476                    /usr/share/fonts/type1/gsfonts/n019003l.pfb
7ff6d004e000-7ff6d00fe000 r--p 00000000 08:05 1788323                    /usr/share/fonts/truetype/ttf-dejavu/DejaVuSans.ttf
7ff6d00fe000-7ff6d00ff000 r--s 00000000 08:05 3211362                    /var/cache/fontconfig/c05880de57d1f5e948fdfacc138775d9-le64.cache-3
7ff6d00ff000-7ff6d0108000 r--s 00000000 08:05 3211354                    /var/cache/fontconfig/945677eb7aeaf62f1d50efc3fb3ec7d8-le64.cache-3
7ff6d0108000-7ff6d010a000 r--s 00000000 08:05 3211356                    /var/cache/fontconfig/99e8ed0e538f840c565b6ed5dad60d56-le64.cache-3
7ff6d010a000-7ff6d010f000 r--s 00000000 08:05 3211337                    /var/cache/fontconfig/2cd17615ca594fa2959ae173292e504c-le64.cache-3
7ff6d010f000-7ff6d0114000 r--s 00000000 08:05 3211349                    /var/cache/fontconfig/6eb3985aa4124903f6ff08ba781cd364-le64.cache-3
7ff6d0114000-7ff6d011a000 r--s 00000000 08:05 3211358                    /var/cache/fontconfig/a755afe4a08bf5b97852ceb7400b47bc-le64.cache-3
7ff6d011a000-7ff6d0123000 r--s 00000000 08:05 3211348                    /var/cache/fontconfig/6d41288fd70b0be22e8c3a91e032eec0-le64.cache-3
7ff6d0123000-7ff6d0133000 r--s 00000000 08:05 3211332                    /var/cache/fontconfig/04aabc0a78ac019cf9454389977116d2-le64.cache-3
7ff6d0133000-7ff6d0134000 r--s 00000000 08:05 3211362                    /var/cache/fontconfig/c05880de57d1f5e948fdfacc138775d9-le64.cache-3
7ff6d0134000-7ff6d013d000 r--s 00000000 08:05 3211354                    /var/cache/fontconfig/945677eb7aeaf62f1d50efc3fb3ec7d8-le64.cache-3
7ff6d013d000-7ff6d013f000 r--s 00000000 08:05 3211356                    /var/cache/fontconfig/99e8ed0e538f840c565b6ed5dad60d56-le64.cache-3
7ff6d013f000-7ff6d0144000 r--s 00000000 08:05 3211337                    /var/cache/fontconfig/2cd17615ca594fa2959ae173292e504c-le64.cache-3
7ff6d0144000-7ff6d0145000 r--s 00000000 08:05 3211370                    /var/cache/fontconfig/e7071f4a29fa870f4323321c154eba04-le64.cache-3
7ff6d0145000-7ff6d014a000 r--s 00000000 08:05 3211349                    /var/cache/fontconfig/6eb3985aa4124903f6ff08ba781cd364-le64.cache-3
7ff6d014a000-7ff6d014b000 r--s 00000000 08:05 3211334                    /var/cache/fontconfig/0d8c3b2ac0904cb8a57a757ad11a4a08-le64.cache-3
7ff6d014b000-7ff6d0151000 r--s 00000000 08:05 3211358                    /var/cache/fontconfig/a755afe4a08bf5b97852ceb7400b47bc-le64.cache-3
7ff6d0151000-7ff6d0152000 r--s 00000000 08:05 3211370                    /var/cache/fontconfig/e7071f4a29fa870f4323321c154eba04-le64.cache-3
7ff6d0152000-7ff6d0153000 r--s 00000000 08:05 3211334                    /var/cache/fontconfig/0d8c3b2ac0904cb8a57a757ad11a4a08-le64.cache-3
7ff6d0153000-7ff6d0154000 r--s 00000000 08:05 3211336                    /var/cache/fontconfig/1ac9eb803944fde146138c791f5cc56a-le64.cache-3
7ff6d0154000-7ff6d0157000 r--s 00000000 08:05 3211341                    /var/cache/fontconfig/385c0604a188198f04d133e54aba7fe7-le64.cache-3
7ff6d0157000-7ff6d0158000 r--s 00000000 08:05 3211368                    /var/cache/fontconfig/dc05db6664285cc2f12bf69c139ae4c3-le64.cache-3
7ff6d0158000-7ff6d015a000 r--s 00000000 08:05 3211351                    /var/cache/fontconfig/767a8244fc0220cfb567a839d0392e0b-le64.cache-3
7ff6d015a000-7ff6d015b000 r--s 00000000 08:05 3211343                    /var/cache/fontconfig/4794a0821666d79190d59a36cb4f44b5-le64.cache-3
7ff6d015b000-7ff6d015e000 r--s 00000000 08:05 3211353                    /var/cache/fontconfig/8801497958630a81b71ace7c5f9b32a8-le64.cache-3
7ff6d015e000-7ff6d0163000 r--s 00000000 08:05 3211338                    /var/cache/fontconfig/3047814df9a2f067bd2d96a2b9c36e5a-le64.cache-3
7ff6d0163000-7ff6d0164000 r--s 00000000 08:05 3211345                    /var/cache/fontconfig/56cf4f4769d0f4abc89a4895d7bd3ae1-le64.cache-3
7ff6d0164000-7ff6d0165000 r--s 00000000 08:05 3211361                    /var/cache/fontconfig/b9d506c9ac06c20b433354fa67a72993-le64.cache-3
7ff6d0165000-7ff6d016a000 r--s 00000000 08:05 3211360                    /var/cache/fontconfig/b47c4e1ecd0709278f4910c18777a504-le64.cache-3
7ff6d016a000-7ff6d017b000 r--s 00000000 08:05 3211366                    /var/cache/fontconfig/d52a8644073d54c13679302ca1180695-le64.cache-3
7ff6d017b000-7ff6d0182000 r--s 00000000 08:05 3211342                    /var/cache/fontconfig/3f7329c5293ffd510edef78f73874cfd-le64.cache-3
7ff6d0182000-7ff6d0183000 r--s 00000000 08:05 3211333                    /var/cache/fontconfig/0c9eb80ebd1c36541ebe2852d3bb0c49-le64.cache-3
7ff6d0183000-7ff6d0186000 r--s 00000000 08:05 3211369                    /var/cache/fontconfig/e13b20fdb08344e0e664864cc2ede53d-le64.cache-3
7ff6d0186000-7ff6d018a000 r--s 00000000 08:05 3211352                    /var/cache/fontconfig/7ef2298fde41cc6eeb7af42e48b7d293-le64.cache-3
7ff6d018a000-7ff6d019e000 r-xp 00000000 08:05 1934237                    /lib/x86_64-linux-gnu/libgcc_s.so.1
7ff6d019e000-7ff6d039e000 ---p 00014000 08:05 1934237                    /lib/x86_64-linux-gnu/libgcc_s.so.1
7ff6d039e000-7ff6d039f000 r--p 00014000 08:05 1934237                    /lib/x86_64-linux-gnu/libgcc_s.so.1
7ff6d039f000-7ff6d03a0000 rw-p 00015000 08:05 1934237                    /lib/x86_64-linux-gnu/libgcc_s.so.1
7ff6d03a0000-7ff6d0400000 r-xp 00000000 08:05 3867351                    /home/birdie/Documents/jdk1.7.0_45/jre/lib/amd64/libfontmanager.so
7ff6d0400000-7ff6d05ff000 ---p 00060000 08:05 3867351                    /home/birdie/Documents/jdk1.7.0_45/jre/lib/amd64/libfontmanager.so
7ff6d05ff000-7ff6d0603000 rw-p 0005f000 08:05 3867351                    /home/birdie/Documents/jdk1.7.0_45/jre/lib/amd64/libfontmanager.so
7ff6d0603000-7ff6d0614000 rw-p 00000000 00:00 0 
7ff6d0614000-7ff6d0617000 ---p 00000000 00:00 0 
7ff6d0617000-7ff6d0715000 rw-p 00000000 00:00 0                          [stack:4182]
7ff6d0715000-7ff6d071a000 r-xp 00000000 08:05 1541588                    /usr/lib/x86_64-linux-gnu/libXfixes.so.3.1.0
7ff6d071a000-7ff6d0919000 ---p 00005000 08:05 1541588                    /usr/lib/x86_64-linux-gnu/libXfixes.so.3.1.0
7ff6d0919000-7ff6d091a000 r--p 00004000 08:05 1541588                    /usr/lib/x86_64-linux-gnu/libXfixes.so.3.1.0
7ff6d091a000-7ff6d091b000 rw-p 00005000 08:05 1541588                    /usr/lib/x86_64-linux-gnu/libXfixes.so.3.1.0
7ff6d091b000-7ff6d0924000 r-xp 00000000 08:05 1541580                    /usr/lib/x86_64-linux-gnu/libXcursor.so.1.0.2
7ff6d0924000-7ff6d0b24000 ---p 00009000 08:05 1541580                    /usr/lib/x86_64-linux-gnu/libXcursor.so.1.0.2
7ff6d0b24000-7ff6d0b25000 r--p 00009000 08:05 1541580                    /usr/lib/x86_64-linux-gnu/libXcursor.so.1.0.2
7ff6d0b25000-7ff6d0b26000 rw-p 0000a000 08:05 1541580                    /usr/lib/x86_64-linux-gnu/libXcursor.so.1.0.2
7ff6d0b26000-7ff6d0b29000 ---p 00000000 00:00 0 
7ff6d0b29000-7ff6d0c27000 rw-p 00000000 00:00 0                          [stack:4181]
7ff6d0c27000-7ff6d0c2c000 r-xp 00000000 08:05 1541584                    /usr/lib/x86_64-linux-gnu/libXdmcp.so.6.0.0
7ff6d0c2c000-7ff6d0e2b000 ---p 00005000 08:05 1541584                    /usr/lib/x86_64-linux-gnu/libXdmcp.so.6.0.0
7ff6d0e2b000-7ff6d0e2c000 r--p 00004000 08:05 1541584                    /usr/lib/x86_64-linux-gnu/libXdmcp.so.6.0.0
7ff6d0e2c000-7ff6d0e2d000 rw-p 00005000 08:05 1541584                    /usr/lib/x86_64-linux-gnu/libXdmcp.so.6.0.0
7ff6d0e2d000-7ff6d0e2f000 r-xp 00000000 08:05 1541573                    /usr/lib/x86_64-linux-gnu/libXau.so.6.0.0
7ff6d0e2f000-7ff6d102f000 ---p 00002000 08:05 1541573                    /usr/lib/x86_64-linux-gnu/libXau.so.6.0.0
7ff6d102f000-7ff6d1030000 r--p 00002000 08:05 1541573                    /usr/lib/x86_64-linux-gnu/libXau.so.6.0.0
7ff6d1030000-7ff6d1031000 rw-p 00003000 08:05 1541573                    /usr/lib/x86_64-linux-gnu/libXau.so.6.0.0
7ff6d1031000-7ff6d104e000 r-xp 00000000 08:05 2572472                    /usr/lib/x86_64-linux-gnu/libxcb.so.1.1.0
7ff6d104e000-7ff6d124d000 ---p 0001d000 08:05 2572472                    /usr/lib/x86_64-linux-gnu/libxcb.so.1.1.0
7ff6d124d000-7ff6d124e000 r--p 0001c000 08:05 2572472                    /usr/lib/x86_64-linux-gnu/libxcb.so.1.1.0
7ff6d124e000-7ff6d124f000 rw-p 0001d000 08:05 2572472                    /usr/lib/x86_64-linux-gnu/libxcb.so.1.1.0
7ff6d124f000-7ff6d125d000 r-xp 00000000 08:05 1541592                    /usr/lib/x86_64-linux-gnu/libXi.so.6.1.0
7ff6d125d000-7ff6d145c000 ---p 0000e000 08:05 1541592                    /usr/lib/x86_64-linux-gnu/libXi.so.6.1.0
7ff6d145c000-7ff6d145d000 r--p 0000d000 08:05 1541592                    /usr/lib/x86_64-linux-gnu/libXi.so.6.1.0
7ff6d145d000-7ff6d145e000 rw-p 0000e000 08:05 1541592                    /usr/lib/x86_64-linux-gnu/libXi.so.6.1.0
7ff6d145e000-7ff6d1463000 r-xp 00000000 08:05 1541612                    /usr/lib/x86_64-linux-gnu/libXtst.so.6.1.0
7ff6d1463000-7ff6d1662000 ---p 00005000 08:05 1541612                    /usr/lib/x86_64-linux-gnu/libXtst.so.6.1.0
7ff6d1662000-7ff6d1663000 r--p 00004000 08:05 1541612                    /usr/lib/x86_64-linux-gnu/libXtst.so.6.1.0
7ff6d1663000-7ff6d1664000 rw-p 00005000 08:05 1541612                    /usr/lib/x86_64-linux-gnu/libXtst.so.6.1.0
7ff6d1664000-7ff6d166d000 r-xp 00000000 08:05 1541606                    /usr/lib/x86_64-linux-gnu/libXrender.so.1.3.0
7ff6d166d000-7ff6d186c000 ---p 00009000 08:05 1541606                    /usr/lib/x86_64-linux-gnu/libXrender.so.1.3.0
7ff6d186c000-7ff6d186d000 r--p 00008000 08:05 1541606                    /usr/lib/x86_64-linux-gnu/libXrender.so.1.3.0
7ff6d186d000-7ff6d186e000 rw-p 00009000 08:05 1541606                    /usr/lib/x86_64-linux-gnu/libXrender.so.1.3.0
7ff6d186e000-7ff6d19a2000 r-xp 00000000 08:05 2572474                    /usr/lib/x86_64-linux-gnu/libX11.so.6.3.0
7ff6d19a2000-7ff6d1ba2000 ---p 00134000 08:05 2572474                    /usr/lib/x86_64-linux-gnu/libX11.so.6.3.0
7ff6d1ba2000-7ff6d1ba3000 r--p 00134000 08:05 2572474                    /usr/lib/x86_64-linux-gnu/libX11.so.6.3.0
7ff6d1ba3000-7ff6d1ba8000 rw-p 00135000 08:05 2572474                    /usr/lib/x86_64-linux-gnu/libX11.so.6.3.0
7ff6d1ba8000-7ff6d1bb8000 r-xp 00000000 08:05 1541586                    /usr/lib/x86_64-linux-gnu/libXext.so.6.4.0
7ff6d1bb8000-7ff6d1db8000 ---p 00010000 08:05 1541586                    /usr/lib/x86_64-linux-gnu/libXext.so.6.4.0
7ff6d1db8000-7ff6d1db9000 r--p 00010000 08:05 1541586                    /usr/lib/x86_64-linux-gnu/libXext.so.6.4.0
7ff6d1db9000-7ff6d1dba000 rw-p 00011000 08:05 1541586                    /usr/lib/x86_64-linux-gnu/libXext.so.6.4.0
7ff6d1dba000-7ff6d1e0a000 r-xp 00000000 08:05 3883107                    /home/birdie/Documents/jdk1.7.0_45/jre/lib/amd64/xawt/libmawt.so
7ff6d1e0a000-7ff6d200a000 ---p 00050000 08:05 3883107                    /home/birdie/Documents/jdk1.7.0_45/jre/lib/amd64/xawt/libmawt.so
7ff6d200a000-7ff6d200e000 rw-p 00050000 08:05 3883107                    /home/birdie/Documents/jdk1.7.0_45/jre/lib/amd64/xawt/libmawt.so
7ff6d200e000-7ff6d200f000 rw-p 00000000 00:00 0 
7ff6d200f000-7ff6d20b1000 r-xp 00000000 08:05 3867316                    /home/birdie/Documents/jdk1.7.0_45/jre/lib/amd64/libawt.so
7ff6d20b1000-7ff6d22b1000 ---p 000a2000 08:05 3867316                    /home/birdie/Documents/jdk1.7.0_45/jre/lib/amd64/libawt.so
7ff6d22b1000-7ff6d22bd000 rw-p 000a2000 08:05 3867316                    /home/birdie/Documents/jdk1.7.0_45/jre/lib/amd64/libawt.so
7ff6d22bd000-7ff6d22e1000 rw-p 00000000 00:00 0 
7ff6d22e1000-7ff6d22e2000 ---p 00000000 00:00 0 
7ff6d22e2000-7ff6d23e2000 rw-p 00000000 00:00 0                          [stack:4180]
7ff6d23e2000-7ff6d23e5000 ---p 00000000 00:00 0 
7ff6d23e5000-7ff6d24e3000 rw-p 00000000 00:00 0                          [stack:4179]
7ff6d24e3000-7ff6d24e6000 ---p 00000000 00:00 0 
7ff6d24e6000-7ff6d25e4000 rw-p 00000000 00:00 0                          [stack:4178]
7ff6d25e4000-7ff6d25e7000 ---p 00000000 00:00 0 
7ff6d25e7000-7ff6d26e5000 rw-p 00000000 00:00 0                          [stack:4177]
7ff6d26e5000-7ff6d26e8000 ---p 00000000 00:00 0 
7ff6d26e8000-7ff6d27e6000 rw-p 00000000 00:00 0                          [stack:4175]
7ff6d27e6000-7ff6d27e9000 ---p 00000000 00:00 0 
7ff6d27e9000-7ff6d28e7000 rw-p 00000000 00:00 0                          [stack:4173]
7ff6d28e7000-7ff6d28ea000 ---p 00000000 00:00 0 
7ff6d28ea000-7ff6d29e8000 rw-p 00000000 00:00 0                          [stack:4171]
7ff6d29e8000-7ff6d29ec000 r-xp 00000000 08:05 3867321                    /home/birdie/Documents/jdk1.7.0_45/jre/lib/amd64/libdt_socket.so
7ff6d29ec000-7ff6d2beb000 ---p 00004000 08:05 3867321                    /home/birdie/Documents/jdk1.7.0_45/jre/lib/amd64/libdt_socket.so
7ff6d2beb000-7ff6d2bec000 rw-p 00003000 08:05 3867321                    /home/birdie/Documents/jdk1.7.0_45/jre/lib/amd64/libdt_socket.so
7ff6d2bec000-7ff6d2bef000 ---p 00000000 00:00 0 
7ff6d2bef000-7ff6d2ced000 rw-p 00000000 00:00 0                          [stack:4170]
7ff6d2ced000-7ff6d2cf0000 ---p 00000000 00:00 0 
7ff6d2cf0000-7ff6d2dee000 rw-p 00000000 00:00 0                          [stack:4169]
7ff6d2dee000-7ff6d2df1000 ---p 00000000 00:00 0 
7ff6d2df1000-7ff6d2eef000 rw-p 00000000 00:00 0                          [stack:4168]
7ff6d2eef000-7ff6d2ef0000 ---p 00000000 00:00 0 
7ff6d2ef0000-7ff6d4000000 rw-p 00000000 00:00 0                          [stack:4167]
7ff6d4000000-7ff6d4021000 rw-p 00000000 00:00 0 
7ff6d4021000-7ff6d8000000 ---p 00000000 00:00 0 
7ff6d8000000-7ff6d8021000 rw-p 00000000 00:00 0 
7ff6d8021000-7ff6dc000000 ---p 00000000 00:00 0 
7ff6dc000000-7ff6dc021000 rw-p 00000000 00:00 0 
7ff6dc021000-7ff6e0000000 ---p 00000000 00:00 0 
7ff6e0000000-7ff6e0021000 rw-p 00000000 00:00 0 
7ff6e0021000-7ff6e4000000 ---p 00000000 00:00 0 
7ff6e4000000-7ff6e4021000 rw-p 00000000 00:00 0 
7ff6e4021000-7ff6e8000000 ---p 00000000 00:00 0 
7ff6e8000000-7ff6e8021000 rw-p 00000000 00:00 0 
7ff6e8021000-7ff6ec000000 ---p 00000000 00:00 0 
7ff6ec000000-7ff6ec021000 rw-p 00000000 00:00 0 
7ff6ec021000-7ff6f0000000 ---p 00000000 00:00 0 
7ff6f0000000-7ff6f0009000 r--s 00000000 08:05 3211348                    /var/cache/fontconfig/6d41288fd70b0be22e8c3a91e032eec0-le64.cache-3
7ff6f0009000-7ff6f0019000 r--s 00000000 08:05 3211332                    /var/cache/fontconfig/04aabc0a78ac019cf9454389977116d2-le64.cache-3
7ff6f0019000-7ff6f001a000 r--s 00000000 08:05 3211336                    /var/cache/fontconfig/1ac9eb803944fde146138c791f5cc56a-le64.cache-3
7ff6f001a000-7ff6f001d000 r--s 00000000 08:05 3211341                    /var/cache/fontconfig/385c0604a188198f04d133e54aba7fe7-le64.cache-3
7ff6f001d000-7ff6f001f000 r--s 00000000 08:05 3211351                    /var/cache/fontconfig/767a8244fc0220cfb567a839d0392e0b-le64.cache-3
7ff6f001f000-7ff6f0022000 r--s 00000000 08:05 3211353                    /var/cache/fontconfig/8801497958630a81b71ace7c5f9b32a8-le64.cache-3
7ff6f0022000-7ff6f0033000 r--s 00000000 08:05 3211366                    /var/cache/fontconfig/d52a8644073d54c13679302ca1180695-le64.cache-3
7ff6f0033000-7ff6f1000000 rw-p 00000000 00:00 0 
7ff6f1000000-7ff6f1270000 rwxp 00000000 00:00 0 
7ff6f1270000-7ff6f43b2000 rw-p 00000000 00:00 0 
7ff6f43b2000-7ff6f8000000 ---p 00000000 00:00 0 
7ff6f8000000-7ff6f8001000 r--s 00000000 08:05 3211368                    /var/cache/fontconfig/dc05db6664285cc2f12bf69c139ae4c3-le64.cache-3
7ff6f8001000-7ff6f8002000 r--s 00000000 08:05 3211343                    /var/cache/fontconfig/4794a0821666d79190d59a36cb4f44b5-le64.cache-3
7ff6f8002000-7ff6f8007000 r--s 00000000 08:05 3211338                    /var/cache/fontconfig/3047814df9a2f067bd2d96a2b9c36e5a-le64.cache-3
7ff6f8007000-7ff6f8008000 r--s 00000000 08:05 3211345                    /var/cache/fontconfig/56cf4f4769d0f4abc89a4895d7bd3ae1-le64.cache-3
7ff6f8008000-7ff6f800d000 r--s 00000000 08:05 3211360                    /var/cache/fontconfig/b47c4e1ecd0709278f4910c18777a504-le64.cache-3
7ff6f800d000-7ff6f8014000 r--s 00000000 08:05 3211342                    /var/cache/fontconfig/3f7329c5293ffd510edef78f73874cfd-le64.cache-3
7ff6f8014000-7ff6f80e3000 rw-p 00000000 00:00 0 
7ff6f80e3000-7ff6f829f000 r--s 039b2000 08:05 3850697                    /home/birdie/Documents/jdk1.7.0_45/jre/lib/rt.jar
7ff6f829f000-7ff6f83c1000 rw-p 00000000 00:00 0 
7ff6f83c1000-7ff6f83c2000 ---p 00000000 00:00 0 
7ff6f83c2000-7ff6f84c2000 rw-p 00000000 00:00 0                          [stack:4166]
7ff6f84c2000-7ff6f84c3000 ---p 00000000 00:00 0 
7ff6f84c3000-7ff6f85c3000 rw-p 00000000 00:00 0                          [stack:4165]
7ff6f85c3000-7ff6f85c4000 ---p 00000000 00:00 0 
7ff6f85c4000-7ff6f86c4000 rw-p 00000000 00:00 0                          [stack:4164]
7ff6f86c4000-7ff6f86c5000 ---p 00000000 00:00 0 
7ff6f86c5000-7ff6f87c5000 rw-p 00000000 00:00 0                          [stack:4163]
7ff6f87c5000-7ff6f87c6000 ---p 00000000 00:00 0 
7ff6f87c6000-7ff6f88c6000 rw-p 00000000 00:00 0                          [stack:4162]
7ff6f88c6000-7ff6f88c7000 ---p 00000000 00:00 0 
7ff6f88c7000-7ff6f89c7000 rw-p 00000000 00:00 0                          [stack:4161]
7ff6f89c7000-7ff6f89c8000 ---p 00000000 00:00 0 
7ff6f89c8000-7ff6f8ac8000 rw-p 00000000 00:00 0                          [stack:4160]
7ff6f8ac8000-7ff6f8ac9000 ---p 00000000 00:00 0 
7ff6f8ac9000-7ff6f8bd4000 rw-p 00000000 00:00 0                          [stack:4159]
7ff6f8bd4000-7ff6f8bf2000 rw-p 00000000 00:00 0 
7ff6f8bf2000-7ff6f8c1c000 rw-p 00000000 00:00 0 
7ff6f8c1c000-7ff6f8e8a000 rw-p 00000000 00:00 0 
7ff6f8e8a000-7ff6f8e95000 rw-p 00000000 00:00 0 
7ff6f8e95000-7ff6f8eb3000 rw-p 00000000 00:00 0 
7ff6f8eb3000-7ff6f8edd000 rw-p 00000000 00:00 0 
7ff6f8edd000-7ff6f914b000 rw-p 00000000 00:00 0 
7ff6f914b000-7ff6f9160000 rw-p 00000000 00:00 0 
7ff6f9160000-7ff6f9297000 rw-p 00000000 00:00 0 
7ff6f9297000-7ff6f9298000 rw-p 00000000 00:00 0 
7ff6f9298000-7ff6f92b2000 r-xp 00000000 08:05 3867333                    /home/birdie/Documents/jdk1.7.0_45/jre/lib/amd64/libzip.so
7ff6f92b2000-7ff6f94b2000 ---p 0001a000 08:05 3867333                    /home/birdie/Documents/jdk1.7.0_45/jre/lib/amd64/libzip.so
7ff6f94b2000-7ff6f94b3000 rw-p 0001a000 08:05 3867333                    /home/birdie/Documents/jdk1.7.0_45/jre/lib/amd64/libzip.so
7ff6f94b3000-7ff6f94bf000 r-xp 00000000 08:05 1934285                    /lib/x86_64-linux-gnu/libnss_files-2.17.so
7ff6f94bf000-7ff6f96be000 ---p 0000c000 08:05 1934285                    /lib/x86_64-linux-gnu/libnss_files-2.17.so
7ff6f96be000-7ff6f96bf000 r--p 0000b000 08:05 1934285                    /lib/x86_64-linux-gnu/libnss_files-2.17.so
7ff6f96bf000-7ff6f96c0000 rw-p 0000c000 08:05 1934285                    /lib/x86_64-linux-gnu/libnss_files-2.17.so
7ff6f96c0000-7ff6f96cb000 r-xp 00000000 08:05 1934289                    /lib/x86_64-linux-gnu/libnss_nis-2.17.so
7ff6f96cb000-7ff6f98ca000 ---p 0000b000 08:05 1934289                    /lib/x86_64-linux-gnu/libnss_nis-2.17.so
7ff6f98ca000-7ff6f98cb000 r--p 0000a000 08:05 1934289                    /lib/x86_64-linux-gnu/libnss_nis-2.17.so
7ff6f98cb000-7ff6f98cc000 rw-p 0000b000 08:05 1934289                    /lib/x86_64-linux-gnu/libnss_nis-2.17.so
7ff6f98cc000-7ff6f98e3000 r-xp 00000000 08:05 1934279                    /lib/x86_64-linux-gnu/libnsl-2.17.so
7ff6f98e3000-7ff6f9ae2000 ---p 00017000 08:05 1934279                    /lib/x86_64-linux-gnu/libnsl-2.17.so
7ff6f9ae2000-7ff6f9ae3000 r--p 00016000 08:05 1934279                    /lib/x86_64-linux-gnu/libnsl-2.17.so
7ff6f9ae3000-7ff6f9ae4000 rw-p 00017000 08:05 1934279                    /lib/x86_64-linux-gnu/libnsl-2.17.so
7ff6f9ae4000-7ff6f9ae6000 rw-p 00000000 00:00 0 
7ff6f9ae6000-7ff6f9aee000 r-xp 00000000 08:05 1934281                    /lib/x86_64-linux-gnu/libnss_compat-2.17.so
7ff6f9aee000-7ff6f9ced000 ---p 00008000 08:05 1934281                    /lib/x86_64-linux-gnu/libnss_compat-2.17.so
7ff6f9ced000-7ff6f9cee000 r--p 00007000 08:05 1934281                    /lib/x86_64-linux-gnu/libnss_compat-2.17.so
7ff6f9cee000-7ff6f9cef000 rw-p 00008000 08:05 1934281                    /lib/x86_64-linux-gnu/libnss_compat-2.17.so
7ff6f9cef000-7ff6fa3d0000 r--p 00000000 08:05 4538369                    /usr/lib/locale/locale-archive
7ff6fa3d0000-7ff6fa3d3000 r-xp 00000000 08:05 3867340                    /home/birdie/Documents/jdk1.7.0_45/jre/lib/amd64/libnpt.so
7ff6fa3d3000-7ff6fa5d2000 ---p 00003000 08:05 3867340                    /home/birdie/Documents/jdk1.7.0_45/jre/lib/amd64/libnpt.so
7ff6fa5d2000-7ff6fa5d3000 rw-p 00002000 08:05 3867340                    /home/birdie/Documents/jdk1.7.0_45/jre/lib/amd64/libnpt.so
7ff6fa5d3000-7ff6fa60c000 r-xp 00000000 08:05 3867319                    /home/birdie/Documents/jdk1.7.0_45/jre/lib/amd64/libjdwp.so
7ff6fa60c000-7ff6fa80c000 ---p 00039000 08:05 3867319                    /home/birdie/Documents/jdk1.7.0_45/jre/lib/amd64/libjdwp.so
7ff6fa80c000-7ff6fa80d000 rw-p 00039000 08:05 3867319                    /home/birdie/Documents/jdk1.7.0_45/jre/lib/amd64/libjdwp.so
7ff6fa80d000-7ff6fa80e000 rw-p 00000000 00:00 0 
7ff6fa80e000-7ff6fa837000 r-xp 00000000 08:05 3867324                    /home/birdie/Documents/jdk1.7.0_45/jre/lib/amd64/libjava.so
7ff6fa837000-7ff6faa37000 ---p 00029000 08:05 3867324                    /home/birdie/Documents/jdk1.7.0_45/jre/lib/amd64/libjava.so
7ff6faa37000-7ff6faa39000 rw-p 00029000 08:05 3867324                    /home/birdie/Documents/jdk1.7.0_45/jre/lib/amd64/libjava.so
7ff6faa39000-7ff6faa46000 r-xp 00000000 08:05 3867313                    /home/birdie/Documents/jdk1.7.0_45/jre/lib/amd64/libverify.so
7ff6faa46000-7ff6fac45000 ---p 0000d000 08:05 3867313                    /home/birdie/Documents/jdk1.7.0_45/jre/lib/amd64/libverify.so
7ff6fac45000-7ff6fac47000 rw-p 0000c000 08:05 3867313                    /home/birdie/Documents/jdk1.7.0_45/jre/lib/amd64/libverify.so
7ff6fac47000-7ff6fac4e000 r-xp 00000000 08:05 1934332                    /lib/x86_64-linux-gnu/librt-2.17.so
7ff6fac4e000-7ff6fae4d000 ---p 00007000 08:05 1934332                    /lib/x86_64-linux-gnu/librt-2.17.so
7ff6fae4d000-7ff6fae4e000 r--p 00006000 08:05 1934332                    /lib/x86_64-linux-gnu/librt-2.17.so
7ff6fae4e000-7ff6fae4f000 rw-p 00007000 08:05 1934332                    /lib/x86_64-linux-gnu/librt-2.17.so
7ff6fae4f000-7ff6faf52000 r-xp 00000000 08:05 1934260                    /lib/x86_64-linux-gnu/libm-2.17.so
7ff6faf52000-7ff6fb152000 ---p 00103000 08:05 1934260                    /lib/x86_64-linux-gnu/libm-2.17.so
7ff6fb152000-7ff6fb153000 r--p 00103000 08:05 1934260                    /lib/x86_64-linux-gnu/libm-2.17.so
7ff6fb153000-7ff6fb154000 rw-p 00104000 08:05 1934260                    /lib/x86_64-linux-gnu/libm-2.17.so
7ff6fb154000-7ff6fbcb6000 r-xp 00000000 08:05 3867331                    /home/birdie/Documents/jdk1.7.0_45/jre/lib/amd64/server/libjvm.so
7ff6fbcb6000-7ff6fbeb6000 ---p 00b62000 08:05 3867331                    /home/birdie/Documents/jdk1.7.0_45/jre/lib/amd64/server/libjvm.so
7ff6fbeb6000-7ff6fbf79000 rw-p 00b62000 08:05 3867331                    /home/birdie/Documents/jdk1.7.0_45/jre/lib/amd64/server/libjvm.so
7ff6fbf79000-7ff6fbfba000 rw-p 00000000 00:00 0 
7ff6fbfba000-7ff6fc178000 r-xp 00000000 08:05 1934212                    /lib/x86_64-linux-gnu/libc-2.17.so
7ff6fc178000-7ff6fc377000 ---p 001be000 08:05 1934212                    /lib/x86_64-linux-gnu/libc-2.17.so
7ff6fc377000-7ff6fc37b000 r--p 001bd000 08:05 1934212                    /lib/x86_64-linux-gnu/libc-2.17.so
7ff6fc37b000-7ff6fc37d000 rw-p 001c1000 08:05 1934212                    /lib/x86_64-linux-gnu/libc-2.17.so
7ff6fc37d000-7ff6fc382000 rw-p 00000000 00:00 0 
7ff6fc382000-7ff6fc385000 r-xp 00000000 08:05 1934227                    /lib/x86_64-linux-gnu/libdl-2.17.so
7ff6fc385000-7ff6fc584000 ---p 00003000 08:05 1934227                    /lib/x86_64-linux-gnu/libdl-2.17.so
7ff6fc584000-7ff6fc585000 r--p 00002000 08:05 1934227                    /lib/x86_64-linux-gnu/libdl-2.17.so
7ff6fc585000-7ff6fc586000 rw-p 00003000 08:05 1934227                    /lib/x86_64-linux-gnu/libdl-2.17.so
7ff6fc586000-7ff6fc59c000 r-xp 00000000 08:05 3850252                    /home/birdie/Documents/jdk1.7.0_45/lib/amd64/jli/libjli.so
7ff6fc59c000-7ff6fc79c000 ---p 00016000 08:05 3850252                    /home/birdie/Documents/jdk1.7.0_45/lib/amd64/jli/libjli.so
7ff6fc79c000-7ff6fc79d000 rw-p 00016000 08:05 3850252                    /home/birdie/Documents/jdk1.7.0_45/lib/amd64/jli/libjli.so
7ff6fc79d000-7ff6fc7b5000 r-xp 00000000 08:05 1934324                    /lib/x86_64-linux-gnu/libpthread-2.17.so
7ff6fc7b5000-7ff6fc9b4000 ---p 00018000 08:05 1934324                    /lib/x86_64-linux-gnu/libpthread-2.17.so
7ff6fc9b4000-7ff6fc9b5000 r--p 00017000 08:05 1934324                    /lib/x86_64-linux-gnu/libpthread-2.17.so
7ff6fc9b5000-7ff6fc9b6000 rw-p 00018000 08:05 1934324                    /lib/x86_64-linux-gnu/libpthread-2.17.so
7ff6fc9b6000-7ff6fc9ba000 rw-p 00000000 00:00 0 
7ff6fc9ba000-7ff6fc9dd000 r-xp 00000000 08:05 1934188                    /lib/x86_64-linux-gnu/ld-2.17.so
7ff6fc9dd000-7ff6fca08000 rw-p 00000000 00:00 0 
7ff6fca08000-7ff6fcabe000 rw-p 00000000 00:00 0 
7ff6fcabe000-7ff6fcac1000 ---p 00000000 00:00 0 
7ff6fcac1000-7ff6fcbc3000 rw-p 00000000 00:00 0                          [stack:4158]
7ff6fcbc3000-7ff6fcbc4000 r--s 00000000 08:05 3211361                    /var/cache/fontconfig/b9d506c9ac06c20b433354fa67a72993-le64.cache-3
7ff6fcbc4000-7ff6fcbc5000 r--s 00000000 08:05 3211333                    /var/cache/fontconfig/0c9eb80ebd1c36541ebe2852d3bb0c49-le64.cache-3
7ff6fcbc5000-7ff6fcbc8000 r--s 00000000 08:05 3211369                    /var/cache/fontconfig/e13b20fdb08344e0e664864cc2ede53d-le64.cache-3
7ff6fcbc8000-7ff6fcbcc000 r--s 00000000 08:05 3211352                    /var/cache/fontconfig/7ef2298fde41cc6eeb7af42e48b7d293-le64.cache-3
7ff6fcbcc000-7ff6fcbce000 r--s 0000d000 08:05 1757494                    /usr/share/java/RXTXcomm-2.2pre2.jar
7ff6fcbce000-7ff6fcbd0000 r--s 0000d000 08:05 3867496                    /home/birdie/Documents/jdk1.7.0_45/jre/lib/ext/RXTXcomm.jar
7ff6fcbd0000-7ff6fcbd8000 rw-s 00000000 08:05 315945                     /tmp/hsperfdata_birdie/4154
7ff6fcbd8000-7ff6fcbd9000 rw-p 00000000 00:00 0 
7ff6fcbd9000-7ff6fcbda000 r--p 00000000 00:00 0 
7ff6fcbda000-7ff6fcbdc000 rw-p 00000000 00:00 0 
7ff6fcbdc000-7ff6fcbdd000 r--p 00022000 08:05 1934188                    /lib/x86_64-linux-gnu/ld-2.17.so
7ff6fcbdd000-7ff6fcbdf000 rw-p 00023000 08:05 1934188                    /lib/x86_64-linux-gnu/ld-2.17.so
7fffed819000-7fffed83a000 rw-p 00000000 00:00 0                          [stack]
7fffed952000-7fffed953000 r-xp 00000000 00:00 0                          [vdso]
ffffffffff600000-ffffffffff601000 r-xp 00000000 00:00 0                  [vsyscall]

VM Arguments:
jvm_args: -Xdebug -Xrunjdwp:transport=dt_socket,address=localhost:45919 -Dfile.encoding=UTF-8 
java_command: mosesserver.MosesServerForm
Launcher Type: SUN_STANDARD

Environment Variables:
PATH=/usr/local/sbin:/usr/local/bin:/usr/sbin:/usr/bin:/sbin:/bin:/usr/games:/usr/local/games
USERNAME=birdie
LD_LIBRARY_PATH=/home/birdie/Documents/jdk1.7.0_45/jre/lib/amd64:/home/birdie/Documents/jdk1.7.0_45/jre/lib/i386:
SHELL=/bin/bash
DISPLAY=:0

Signal Handlers:
SIGSEGV: [libjvm.so+0x9935b0], sa_mask[0]=0x7ffbfeff, sa_flags=0x10000004
SIGBUS: [libjvm.so+0x9935b0], sa_mask[0]=0x7ffbfeff, sa_flags=0x10000004
SIGFPE: [libjvm.so+0x810330], sa_mask[0]=0x7ffbfeff, sa_flags=0x10000004
SIGPIPE: SIG_IGN, sa_mask[0]=0x00001000, sa_flags=0x10000000
SIGXFSZ: [libjvm.so+0x810330], sa_mask[0]=0x7ffbfeff, sa_flags=0x10000004
SIGILL: [libjvm.so+0x810330], sa_mask[0]=0x7ffbfeff, sa_flags=0x10000004
SIGUSR1: SIG_DFL, sa_mask[0]=0x00000000, sa_flags=0x00000000
SIGUSR2: [libjvm.so+0x811820], sa_mask[0]=0x00000004, sa_flags=0x10000004
SIGHUP: [libjvm.so+0x812790], sa_mask[0]=0x7ffbfeff, sa_flags=0x10000004
SIGINT: SIG_IGN, sa_mask[0]=0x00000000, sa_flags=0x00000000
SIGTERM: [libjvm.so+0x812790], sa_mask[0]=0x7ffbfeff, sa_flags=0x10000004
SIGQUIT: [libjvm.so+0x812790], sa_mask[0]=0x7ffbfeff, sa_flags=0x10000004


---------------  S Y S T E M  ---------------

OS:wheezy/sid

uname:Linux 3.10.37-customname #1 SMP Fri Apr 18 10:51:28 MDT 2014 x86_64
libc:glibc 2.17 NPTL 2.17 
rlimit: STACK 8192k, CORE 0k, NPROC 63437, NOFILE 4096, AS infinity
load average:0.68 0.64 0.33

/proc/meminfo:
MemTotal:        8153360 kB
MemFree:         4808268 kB
Buffers:         1129728 kB
Cached:           891972 kB
SwapCached:            0 kB
Active:          1270572 kB
Inactive:        1813324 kB
Active(anon):    1063092 kB
Inactive(anon):    20556 kB
Active(file):     207480 kB
Inactive(file):  1792768 kB
Unevictable:           0 kB
Mlocked:               0 kB
SwapTotal:             0 kB
SwapFree:              0 kB
Dirty:                72 kB
Writeback:             0 kB
AnonPages:       1062392 kB
Mapped:           105248 kB
Shmem:             21452 kB
Slab:             155896 kB
SReclaimable:     125016 kB
SUnreclaim:        30880 kB
KernelStack:        3808 kB
PageTables:        18260 kB
NFS_Unstable:          0 kB
Bounce:                0 kB
WritebackTmp:          0 kB
CommitLimit:     4076680 kB
Committed_AS:    2671032 kB
VmallocTotal:   34359738367 kB
VmallocUsed:      141888 kB
VmallocChunk:   34359593468 kB
HardwareCorrupted:     0 kB
AnonHugePages:         0 kB
HugePages_Total:       0
HugePages_Free:        0
HugePages_Rsvd:        0
HugePages_Surp:        0
Hugepagesize:       2048 kB
DirectMap4k:      120376 kB
DirectMap2M:     8245248 kB


CPU:total 8 (4 cores per cpu, 2 threads per core) family 6 model 42 stepping 7, cmov, cx8, fxsr, mmx, sse, sse2, sse3, ssse3, sse4.1, sse4.2, popcnt, avx, ht, tsc, tscinvbit

/proc/cpuinfo:
processor	: 0
vendor_id	: GenuineIntel
cpu family	: 6
model		: 42
model name	: Intel(R) Core(TM) i7-2630QM CPU @ 2.00GHz
stepping	: 7
microcode	: 0x6
cpu MHz		: 2525.937
cache size	: 6144 KB
physical id	: 0
siblings	: 8
core id		: 0
cpu cores	: 4
apicid		: 0
initial apicid	: 0
fpu		: yes
fpu_exception	: yes
cpuid level	: 13
wp		: yes
flags		: fpu vme de pse tsc msr pae mce cx8 apic sep mtrr pge mca cmov pat pse36 clflush dts acpi mmx fxsr sse sse2 ss ht tm pbe syscall nx rdtscp lm constant_tsc arch_perfmon pebs bts rep_good nopl xtopology nonstop_tsc aperfmperf eagerfpu pni pclmulqdq dtes64 monitor ds_cpl vmx est tm2 ssse3 cx16 xtpr pdcm pcid sse4_1 sse4_2 x2apic popcnt tsc_deadline_timer xsave avx lahf_lm ida arat epb xsaveopt pln pts dtherm tpr_shadow vnmi flexpriority ept vpid
bogomips	: 3991.13
clflush size	: 64
cache_alignment	: 64
address sizes	: 36 bits physical, 48 bits virtual
power management:

processor	: 1
vendor_id	: GenuineIntel
cpu family	: 6
model		: 42
model name	: Intel(R) Core(TM) i7-2630QM CPU @ 2.00GHz
stepping	: 7
microcode	: 0x6
cpu MHz		: 2592.187
cache size	: 6144 KB
physical id	: 0
siblings	: 8
core id		: 1
cpu cores	: 4
apicid		: 2
initial apicid	: 2
fpu		: yes
fpu_exception	: yes
cpuid level	: 13
wp		: yes
flags		: fpu vme de pse tsc msr pae mce cx8 apic sep mtrr pge mca cmov pat pse36 clflush dts acpi mmx fxsr sse sse2 ss ht tm pbe syscall nx rdtscp lm constant_tsc arch_perfmon pebs bts rep_good nopl xtopology nonstop_tsc aperfmperf eagerfpu pni pclmulqdq dtes64 monitor ds_cpl vmx est tm2 ssse3 cx16 xtpr pdcm pcid sse4_1 sse4_2 x2apic popcnt tsc_deadline_timer xsave avx lahf_lm ida arat epb xsaveopt pln pts dtherm tpr_shadow vnmi flexpriority ept vpid
bogomips	: 3991.13
clflush size	: 64
cache_alignment	: 64
address sizes	: 36 bits physical, 48 bits virtual
power management:

processor	: 2
vendor_id	: GenuineIntel
cpu family	: 6
model		: 42
model name	: Intel(R) Core(TM) i7-2630QM CPU @ 2.00GHz
stepping	: 7
microcode	: 0x6
cpu MHz		: 1132.812
cache size	: 6144 KB
physical id	: 0
siblings	: 8
core id		: 2
cpu cores	: 4
apicid		: 4
initial apicid	: 4
fpu		: yes
fpu_exception	: yes
cpuid level	: 13
wp		: yes
flags		: fpu vme de pse tsc msr pae mce cx8 apic sep mtrr pge mca cmov pat pse36 clflush dts acpi mmx fxsr sse sse2 ss ht tm pbe syscall nx rdtscp lm constant_tsc arch_perfmon pebs bts rep_good nopl xtopology nonstop_tsc aperfmperf eagerfpu pni pclmulqdq dtes64 monitor ds_cpl vmx est tm2 ssse3 cx16 xtpr pdcm pcid sse4_1 sse4_2 x2apic popcnt tsc_deadline_timer xsave avx lahf_lm ida arat epb xsaveopt pln pts dtherm tpr_shadow vnmi flexpriority ept vpid
bogomips	: 3991.13
clflush size	: 64
cache_alignment	: 64
address sizes	: 36 bits physical, 48 bits virtual
power management:

processor	: 3
vendor_id	: GenuineIntel
cpu family	: 6
model		: 42
model name	: Intel(R) Core(TM) i7-2630QM CPU @ 2.00GHz
stepping	: 7
microcode	: 0x6
cpu MHz		: 2585.156
cache size	: 6144 KB
physical id	: 0
siblings	: 8
core id		: 3
cpu cores	: 4
apicid		: 6
initial apicid	: 6
fpu		: yes
fpu_exception	: yes
cpuid level	: 13
wp		: yes
flags		: fpu vme de pse tsc msr pae mce cx8 apic sep mtrr pge mca cmov pat pse36 clflush dts acpi mmx fxsr sse sse2 ss ht tm pbe syscall nx rdtscp lm constant_tsc arch_perfmon pebs bts rep_good nopl xtopology nonstop_tsc aperfmperf eagerfpu pni pclmulqdq dtes64 monitor ds_cpl vmx est tm2 ssse3 cx16 xtpr pdcm pcid sse4_1 sse4_2 x2apic popcnt tsc_deadline_timer xsave avx lahf_lm ida arat epb xsaveopt pln pts dtherm tpr_shadow vnmi flexpriority ept vpid
bogomips	: 3991.13
clflush size	: 64
cache_alignment	: 64
address sizes	: 36 bits physical, 48 bits virtual
power management:

processor	: 4
vendor_id	: GenuineIntel
cpu family	: 6
model		: 42
model name	: Intel(R) Core(TM) i7-2630QM CPU @ 2.00GHz
stepping	: 7
microcode	: 0x6
cpu MHz		: 2598.515
cache size	: 6144 KB
physical id	: 0
siblings	: 8
core id		: 0
cpu cores	: 4
apicid		: 1
initial apicid	: 1
fpu		: yes
fpu_exception	: yes
cpuid level	: 13
wp		: yes
flags		: fpu vme de pse tsc msr pae mce cx8 apic sep mtrr pge mca cmov pat pse36 clflush dts acpi mmx fxsr sse sse2 ss ht tm pbe syscall nx rdtscp lm constant_tsc arch_perfmon pebs bts rep_good nopl xtopology nonstop_tsc aperfmperf eagerfpu pni pclmulqdq dtes64 monitor ds_cpl vmx est tm2 ssse3 cx16 xtpr pdcm pcid sse4_1 sse4_2 x2apic popcnt tsc_deadline_timer xsave avx lahf_lm ida arat epb xsaveopt pln pts dtherm tpr_shadow vnmi flexpriority ept vpid
bogomips	: 3991.13
clflush size	: 64
cache_alignment	: 64
address sizes	: 36 bits physical, 48 bits virtual
power management:

processor	: 5
vendor_id	: GenuineIntel
cpu family	: 6
model		: 42
model name	: Intel(R) Core(TM) i7-2630QM CPU @ 2.00GHz
stepping	: 7
microcode	: 0x6
cpu MHz		: 2340.468
cache size	: 6144 KB
physical id	: 0
siblings	: 8
core id		: 1
cpu cores	: 4
apicid		: 3
initial apicid	: 3
fpu		: yes
fpu_exception	: yes
cpuid level	: 13
wp		: yes
flags		: fpu vme de pse tsc msr pae mce cx8 apic sep mtrr pge mca cmov pat pse36 clflush dts acpi mmx fxsr sse sse2 ss ht tm pbe syscall nx rdtscp lm constant_tsc arch_perfmon pebs bts rep_good nopl xtopology nonstop_tsc aperfmperf eagerfpu pni pclmulqdq dtes64 monitor ds_cpl vmx est tm2 ssse3 cx16 xtpr pdcm pcid sse4_1 sse4_2 x2apic popcnt tsc_deadline_timer xsave avx lahf_lm ida arat epb xsaveopt pln pts dtherm tpr_shadow vnmi flexpriority ept vpid
bogomips	: 3991.13
clflush size	: 64
cache_alignment	: 64
address sizes	: 36 bits physical, 48 bits virtual
power management:

processor	: 6
vendor_id	: GenuineIntel
cpu family	: 6
model		: 42
model name	: Intel(R) Core(TM) i7-2630QM CPU @ 2.00GHz
stepping	: 7
microcode	: 0x6
cpu MHz		: 2098.203
cache size	: 6144 KB
physical id	: 0
siblings	: 8
core id		: 2
cpu cores	: 4
apicid		: 5
initial apicid	: 5
fpu		: yes
fpu_exception	: yes
cpuid level	: 13
wp		: yes
flags		: fpu vme de pse tsc msr pae mce cx8 apic sep mtrr pge mca cmov pat pse36 clflush dts acpi mmx fxsr sse sse2 ss ht tm pbe syscall nx rdtscp lm constant_tsc arch_perfmon pebs bts rep_good nopl xtopology nonstop_tsc aperfmperf eagerfpu pni pclmulqdq dtes64 monitor ds_cpl vmx est tm2 ssse3 cx16 xtpr pdcm pcid sse4_1 sse4_2 x2apic popcnt tsc_deadline_timer xsave avx lahf_lm ida arat epb xsaveopt pln pts dtherm tpr_shadow vnmi flexpriority ept vpid
bogomips	: 3991.13
clflush size	: 64
cache_alignment	: 64
address sizes	: 36 bits physical, 48 bits virtual
power management:

processor	: 7
vendor_id	: GenuineIntel
cpu family	: 6
model		: 42
model name	: Intel(R) Core(TM) i7-2630QM CPU @ 2.00GHz
stepping	: 7
microcode	: 0x6
cpu MHz		: 2494.921
cache size	: 6144 KB
physical id	: 0
siblings	: 8
core id		: 3
cpu cores	: 4
apicid		: 7
initial apicid	: 7
fpu		: yes
fpu_exception	: yes
cpuid level	: 13
wp		: yes
flags		: fpu vme de pse tsc msr pae mce cx8 apic sep mtrr pge mca cmov pat pse36 clflush dts acpi mmx fxsr sse sse2 ss ht tm pbe syscall nx rdtscp lm constant_tsc arch_perfmon pebs bts rep_good nopl xtopology nonstop_tsc aperfmperf eagerfpu pni pclmulqdq dtes64 monitor ds_cpl vmx est tm2 ssse3 cx16 xtpr pdcm pcid sse4_1 sse4_2 x2apic popcnt tsc_deadline_timer xsave avx lahf_lm ida arat epb xsaveopt pln pts dtherm tpr_shadow vnmi flexpriority ept vpid
bogomips	: 3991.13
clflush size	: 64
cache_alignment	: 64
address sizes	: 36 bits physical, 48 bits virtual
power management:



Memory: 4k page, physical 8153360k(4808268k free), swap 0k(0k free)

vm_info: Java HotSpot(TM) 64-Bit Server VM (24.45-b08) for linux-amd64 JRE (1.7.0_45-b18), built on Oct  8 2013 05:44:25 by "java_re" with gcc 4.3.0 20080428 (Red Hat 4.3.0-8)

time: Tue Jun 10 08:44:50 2014
elapsed time: 47 seconds

