#
# A fatal error has been detected by the Java Runtime Environment:
#
#  SIGSEGV (0xb) at pc=0x00007fb438327d9d, pid=3391, tid=140412011538176
#
# JRE version: Java(TM) SE Runtime Environment (7.0_45-b18) (build 1.7.0_45-b18)
# Java VM: Java HotSpot(TM) 64-Bit Server VM (24.45-b08 mixed mode linux-amd64 compressed oops)
# Problematic frame:
# C  [librxtxSerial.so+0x6d9d]  read_byte_array+0x3d
#
# Failed to write core dump. Core dumps have been disabled. To enable core dumping, try "ulimit -c unlimited" before starting Java again
#
# If you would like to submit a bug report, please visit:
#   http://bugreport.sun.com/bugreport/crash.jsp
# The crash happened outside the Java Virtual Machine in native code.
# See problematic frame for where to report the bug.
#

---------------  T H R E A D  ---------------

Current thread (0x00007fb3f40bd800):  JavaThread "Thread-2" [_thread_in_native, id=3475, stack(0x00007fb43801e000,0x00007fb43811f000)]

siginfo:si_signo=SIGSEGV: si_errno=0, si_code=1 (SEGV_MAPERR), si_addr=0x000000003821e4f8

Registers:
RAX=0x000000003821e4f0, RBX=0x00007fb3d80013d0, RCX=0x0000000000000001, RDX=0x00007fb46bc23a00
RSP=0x00007fb43811d0b0, RBP=0x00007fb3f40bd9e8, RSI=0x00007fb43832ab25, RDI=0x00007fb43832aa9f
R8 =0x00007fb43811d020, R9 =0x00000000ffffffff, R10=0x00007fb43811cf70, R11=0x00007fb438327d60
R12=0xffffffffffffffff, R13=0x0000000000000001, R14=0x000000000000000b, R15=0x00000000ffffffff
RIP=0x00007fb438327d9d, EFLAGS=0x0000000000010202, CSGSFS=0x0000000000000033, ERR=0x0000000000000004
  TRAPNO=0x000000000000000e

Top of Stack: (sp=0x00007fb43811d0b0)
0x00007fb43811d0b0:   0000000000002000 0000000000002000
0x00007fb43811d0c0:   0000000100000000 00007fb3d80013d0
0x00007fb43811d0d0:   0000000b00002000 00007fb3d80013d0
0x00007fb43811d0e0:   0000000000000000 0000000000000700
0x00007fb43811d0f0:   00007fb43811d150 000000003821e4f0
0x00007fb43811d100:   00007fb3f40bd9e8 00007fb43852d5d0
0x00007fb43811d110:   0000000000000000 0000000000000001
0x00007fb43811d120:   000000000000000b 0000000000000000
0x00007fb43811d130:   00007fb3f40bd9e8 00007fb46c660c95
0x00007fb43811d140:   0000000000000005 0000000000000000
0x00007fb43811d150:   00007fb43811d180 00007fb438321d18
0x00007fb43811d160:   00007fb3d80013d0 00007fb3f40bd9e8
0x00007fb43811d170:   ffffffffffffffff 00007fb46c667725
0x00007fb43811d180:   00007fb3d80013d0 00007fb3d80013d0
0x00007fb43811d190:   000000000000000b 00007fb3d80013d0
0x00007fb43811d1a0:   00007fb3f40bd9e8 ffffffffffffffff
0x00007fb43811d1b0:   0000000000000001 000000000000000b
0x00007fb43811d1c0:   0000000000000000 00007fb438328272
0x00007fb43811d1d0:   00007fb3f40bd800 00007fb43811d2b8
0x00007fb43811d1e0:   00007fb43811d2c0 000000077f36c498
0x00007fb43811d1f0:   00007fb43811d288 0000000000000000
0x00007fb43811d200:   000000077f36c490 00007fb43811d2c0
0x00007fb43811d210:   00007fb3f40bd800 00007fb461018af9
0x00007fb43811d220:   000000077f3aabdc 00007fb4000000b6
0x00007fb43811d230:   00007fb40c001468 00007fb4000000b6
0x00007fb43811d240:   00007fb3f40bd800 00007fb43811d248
0x00007fb43811d250:   000000077f36c490 00007fb43811d2c0
0x00007fb43811d260:   000000077f3ab9f8 0000000000000000
0x00007fb43811d270:   000000077f36c498 0000000000000000
0x00007fb43811d280:   00007fb43811d2a8 00007fb43811d328
0x00007fb43811d290:   00007fb461006254 0000000000000000
0x00007fb43811d2a0:   00007fb461012f36 0000000000000001 

Instructions: (pc=0x00007fb438327d9d)
0x00007fb438327d7d:   4c 24 18 48 8d 15 17 2d 00 00 48 8d 0d 0e 2d 00
0x00007fb438327d8d:   00 44 89 44 24 14 e8 88 c7 ff ff 48 89 44 24 48
0x00007fb438327d9d:   8b 40 08 45 85 ff 48 8b 54 24 48 89 44 24 40 c7
0x00007fb438327dad:   42 08 00 00 00 00 0f 88 bd 01 00 00 31 c0 e8 70 

Register to memory mapping:

RAX=0x000000003821e4f0 is an unknown value
RBX=0x00007fb3d80013d0 is an unknown value
RCX=0x0000000000000001 is an unknown value
RDX=0x00007fb46bc23a00: <offset 0xe37a00> in /home/birdie/Documents/jdk1.7.0_45/jre/lib/amd64/server/libjvm.so at 0x00007fb46adec000
RSP=0x00007fb43811d0b0 is pointing into the stack for thread: 0x00007fb3f40bd800
RBP=0x00007fb3f40bd9e8 is an unknown value
RSI=0x00007fb43832ab25: <offset 0x9b25> in /home/birdie/Documents/jdk1.7.0_45/jre/lib/amd64/librxtxSerial.so at 0x00007fb438321000
RDI=0x00007fb43832aa9f: <offset 0x9a9f> in /home/birdie/Documents/jdk1.7.0_45/jre/lib/amd64/librxtxSerial.so at 0x00007fb438321000
R8 =0x00007fb43811d020 is pointing into the stack for thread: 0x00007fb3f40bd800
R9 =0x00000000ffffffff is an unknown value
R10=0x00007fb43811cf70 is pointing into the stack for thread: 0x00007fb3f40bd800
R11=0x00007fb438327d60: read_byte_array+0 in /home/birdie/Documents/jdk1.7.0_45/jre/lib/amd64/librxtxSerial.so at 0x00007fb438321000
R12=0xffffffffffffffff is an unknown value
R13=0x0000000000000001 is an unknown value
R14=0x000000000000000b is an unknown value
R15=0x00000000ffffffff is an unknown value


Stack: [0x00007fb43801e000,0x00007fb43811f000],  sp=0x00007fb43811d0b0,  free space=1020k
Native frames: (J=compiled Java code, j=interpreted, Vv=VM code, C=native code)
C  [librxtxSerial.so+0x6d9d]  read_byte_array+0x3d

Java frames: (J=compiled Java code, j=interpreted, Vv=VM code)
j  gnu.io.RXTXPort.readArray([BII)I+0
j  gnu.io.RXTXPort$SerialInputStream.read([BII)I+212
j  sun.nio.cs.StreamDecoder.readBytes()I+135
j  sun.nio.cs.StreamDecoder.implRead([CII)I+112
j  sun.nio.cs.StreamDecoder.read([CII)I+180
j  java.io.InputStreamReader.read([CII)I+7
j  java.io.BufferedReader.fill()V+145
j  java.io.BufferedReader.read()I+23
J  mosesserver.MosesServerForm.listenerSerial()V
j  mosesserver.MosesServerForm.access$1200(Lmosesserver/MosesServerForm;)V+1
j  mosesserver.MosesServerForm$13.run()V+4
j  java.lang.Thread.run()V+11
v  ~StubRoutines::call_stub

---------------  P R O C E S S  ---------------

Java Threads: ( => current thread )
  0x00007fb3f4127000 JavaThread "Thread-4" [_thread_in_Java, id=3477, stack(0x00007fb427d2e000,0x00007fb427e2f000)]
  0x00007fb3f40b7000 JavaThread "Thread-3" [_thread_in_native, id=3476, stack(0x00007fb427e2f000,0x00007fb427f30000)]
=>0x00007fb3f40bd800 JavaThread "Thread-2" [_thread_in_native, id=3475, stack(0x00007fb43801e000,0x00007fb43811f000)]
  0x00007fb3f40bc000 JavaThread "Thread-1" [_thread_in_native, id=3474, stack(0x00007fb43811f000,0x00007fb438220000)]
  0x00007fb3f409a800 JavaThread "Thread-0" [_thread_in_native, id=3469, stack(0x00007fb438220000,0x00007fb438321000)]
  0x00007fb3f40da800 JavaThread "TimerQueue" daemon [_thread_blocked, id=3426, stack(0x00007fb4386d2000,0x00007fb4387d3000)]
  0x00007fb3f4003800 JavaThread "org.netbeans.modules.debugger.jpda.visual AWT Access Loop" daemon [_thread_blocked, id=3425, stack(0x00007fb438a52000,0x00007fb438b53000)]
  0x00007fb46400c000 JavaThread "DestroyJavaVM" [_thread_blocked, id=3394, stack(0x00007fb46c756000,0x00007fb46c857000)]
  0x00007fb4643b8000 JavaThread "AWT-EventQueue-0" [_thread_blocked, id=3424, stack(0x00007fb438b53000,0x00007fb438c54000)]
  0x00007fb4643b7000 JavaThread "AWT-Shutdown" [_thread_blocked, id=3423, stack(0x00007fb44002b000,0x00007fb44012c000)]
  0x00007fb4641f5800 JavaThread "AWT-XAWT" daemon [_thread_in_native, id=3422, stack(0x00007fb4502f3000,0x00007fb4503f4000)]
  0x00007fb4641d1800 JavaThread "Java2D Disposer" daemon [_thread_blocked, id=3421, stack(0x00007fb450805000,0x00007fb450906000)]
  0x00007fb4640b1000 JavaThread "Service Thread" daemon [_thread_blocked, id=3419, stack(0x00007fb4520d8000,0x00007fb4521d9000)]
  0x00007fb4640ae800 JavaThread "C2 CompilerThread1" daemon [_thread_blocked, id=3418, stack(0x00007fb4521d9000,0x00007fb4522da000)]
  0x00007fb4640ac000 JavaThread "C2 CompilerThread0" daemon [_thread_blocked, id=3417, stack(0x00007fb4522da000,0x00007fb4523db000)]
  0x00007fb410001000 JavaThread "JDWP Command Reader" daemon [_thread_in_native, id=3413, stack(0x00007fb4523db000,0x00007fb4524dc000)]
  0x00007fb4640a9800 JavaThread "JDWP Event Helper Thread" daemon [_thread_blocked, id=3412, stack(0x00007fb4524dc000,0x00007fb4525dd000)]
  0x00007fb4640a6000 JavaThread "JDWP Transport Listener: dt_socket" daemon [_thread_blocked, id=3411, stack(0x00007fb4525dd000,0x00007fb4526de000)]
  0x00007fb464091000 JavaThread "Signal Dispatcher" daemon [_thread_blocked, id=3410, stack(0x00007fb4528e2000,0x00007fb4529e3000)]
  0x00007fb46407b000 JavaThread "Finalizer" daemon [_thread_blocked, id=3408, stack(0x00007fb4529e3000,0x00007fb452ae4000)]
  0x00007fb464077000 JavaThread "Reference Handler" daemon [_thread_blocked, id=3407, stack(0x00007fb452ae4000,0x00007fb452be5000)]

Other Threads:
  0x00007fb464074800 VMThread [stack: 0x00007fb452be5000,0x00007fb452ce6000] [id=3406]
  0x00007fb4640c4000 WatcherThread [stack: 0x00007fb451fd7000,0x00007fb4520d8000] [id=3420]

VM state:not at safepoint (normal execution)

VM Mutex/Monitor currently owned by a thread: None

Heap
 PSYoungGen      total 37376K, used 11188K [0x00000007d6800000, 0x00000007db100000, 0x0000000800000000)
  eden space 32256K, 18% used [0x00000007d6800000,0x00000007d6defd00,0x00000007d8780000)
  from space 5120K, 99% used [0x00000007dac00000,0x00000007db0fd660,0x00000007db100000)
  to   space 5120K, 0% used [0x00000007d8780000,0x00000007d8780000,0x00000007d8c80000)
 ParOldGen       total 84992K, used 2056K [0x0000000783800000, 0x0000000788b00000, 0x00000007d6800000)
  object space 84992K, 2% used [0x0000000783800000,0x0000000783a02268,0x0000000788b00000)
 PSPermGen       total 21504K, used 14558K [0x000000077e600000, 0x000000077fb00000, 0x0000000783800000)
  object space 21504K, 67% used [0x000000077e600000,0x000000077f437888,0x000000077fb00000)

Card table byte_map: [0x00007fb468b22000,0x00007fb468f30000] byte_map_base: 0x00007fb464f2f000

Polling page: 0x00007fb46c871000

Code Cache  [0x00007fb461000000, 0x00007fb461270000, 0x00007fb464000000)
 total_blobs=668 nmethods=153 adapters=476 free_code_cache=48250Kb largest_free_block=49375936

Compilation events (10 events):
Event: 43.898 Thread 0x00007fb4640ae800 nmethod 149 0x00007fb4610d8c50 code [0x00007fb4610d8dc0, 0x00007fb4610d9288]
Event: 43.898 Thread 0x00007fb4640ae800  150   !         sun.nio.cs.StreamDecoder::ready (38 bytes)
Event: 43.901 Thread 0x00007fb4640ae800 nmethod 150 0x00007fb4610d84d0 code [0x00007fb4610d8640, 0x00007fb4610d8a88]
Event: 43.901 Thread 0x00007fb4640ae800  151             sun.nio.cs.StreamDecoder::implReady (23 bytes)
Event: 43.902 Thread 0x00007fb4640ae800 nmethod 151 0x00007fb4610cb250 code [0x00007fb4610cb3a0, 0x00007fb4610cb488]
Event: 43.902 Thread 0x00007fb4640ae800  152  s!         gnu.io.RXTXPort$SerialInputStream::available (136 bytes)
Event: 43.908 Thread 0x00007fb4640ac000 nmethod 148 0x00007fb4610e6390 code [0x00007fb4610e65a0, 0x00007fb4610e8098]
Event: 43.908 Thread 0x00007fb4640ae800 nmethod 152 0x00007fb4610c0dd0 code [0x00007fb4610c0f80, 0x00007fb4610c1c48]
Event: 48.940 Thread 0x00007fb4640ac000  154 % !         mosesserver.MosesServerForm::listenerSerial @ 41 (293 bytes)
Event: 48.947 Thread 0x00007fb4640ac000 nmethod 154% 0x00007fb4610e3110 code [0x00007fb4610e3380, 0x00007fb4610e3bc8]

GC Heap History (4 events):
Event: 1.560 GC heap before
{Heap before GC invocations=1 (full 0):
 PSYoungGen      total 37376K, used 32256K [0x00000007d6800000, 0x00000007d9180000, 0x0000000800000000)
  eden space 32256K, 100% used [0x00000007d6800000,0x00000007d8780000,0x00000007d8780000)
  from space 5120K, 0% used [0x00000007d8c80000,0x00000007d8c80000,0x00000007d9180000)
  to   space 5120K, 0% used [0x00000007d8780000,0x00000007d8780000,0x00000007d8c80000)
 ParOldGen       total 84992K, used 0K [0x0000000783800000, 0x0000000788b00000, 0x00000007d6800000)
  object space 84992K, 0% used [0x0000000783800000,0x0000000783800000,0x0000000788b00000)
 PSPermGen       total 21504K, used 10759K [0x000000077e600000, 0x000000077fb00000, 0x0000000783800000)
  object space 21504K, 50% used [0x000000077e600000,0x000000077f081f80,0x000000077fb00000)
Event: 1.580 GC heap after
Heap after GC invocations=1 (full 0):
 PSYoungGen      total 37376K, used 1744K [0x00000007d6800000, 0x00000007db100000, 0x0000000800000000)
  eden space 32256K, 0% used [0x00000007d6800000,0x00000007d6800000,0x00000007d8780000)
  from space 5120K, 34% used [0x00000007d8780000,0x00000007d8934010,0x00000007d8c80000)
  to   space 5120K, 0% used [0x00000007dac00000,0x00000007dac00000,0x00000007db100000)
 ParOldGen       total 84992K, used 0K [0x0000000783800000, 0x0000000788b00000, 0x00000007d6800000)
  object space 84992K, 0% used [0x0000000783800000,0x0000000783800000,0x0000000788b00000)
 PSPermGen       total 21504K, used 10759K [0x000000077e600000, 0x000000077fb00000, 0x0000000783800000)
  object space 21504K, 50% used [0x000000077e600000,0x000000077f081f80,0x000000077fb00000)
}
Event: 31.193 GC heap before
{Heap before GC invocations=2 (full 0):
 PSYoungGen      total 37376K, used 34000K [0x00000007d6800000, 0x00000007db100000, 0x0000000800000000)
  eden space 32256K, 100% used [0x00000007d6800000,0x00000007d8780000,0x00000007d8780000)
  from space 5120K, 34% used [0x00000007d8780000,0x00000007d8934010,0x00000007d8c80000)
  to   space 5120K, 0% used [0x00000007dac00000,0x00000007dac00000,0x00000007db100000)
 ParOldGen       total 84992K, used 0K [0x0000000783800000, 0x0000000788b00000, 0x00000007d6800000)
  object space 84992K, 0% used [0x0000000783800000,0x0000000783800000,0x0000000788b00000)
 PSPermGen       total 21504K, used 14039K [0x000000077e600000, 0x000000077fb00000, 0x0000000783800000)
  object space 21504K, 65% used [0x000000077e600000,0x000000077f3b5fc0,0x000000077fb00000)
Event: 31.200 GC heap after
Heap after GC invocations=2 (full 0):
 PSYoungGen      total 37376K, used 5109K [0x00000007d6800000, 0x00000007db100000, 0x0000000800000000)
  eden space 32256K, 0% used [0x00000007d6800000,0x00000007d6800000,0x00000007d8780000)
  from space 5120K, 99% used [0x00000007dac00000,0x00000007db0fd660,0x00000007db100000)
  to   space 5120K, 0% used [0x00000007d8780000,0x00000007d8780000,0x00000007d8c80000)
 ParOldGen       total 84992K, used 2056K [0x0000000783800000, 0x0000000788b00000, 0x00000007d6800000)
  object space 84992K, 2% used [0x0000000783800000,0x0000000783a02268,0x0000000788b00000)
 PSPermGen       total 21504K, used 14039K [0x000000077e600000, 0x000000077fb00000, 0x0000000783800000)
  object space 21504K, 65% used [0x000000077e600000,0x000000077f3b5fc0,0x000000077fb00000)
}

Deoptimization events (10 events):
Event: 1.309 Thread 0x00007fb4643b8000 Uncommon trap: reason=class_check action=maybe_recompile pc=0x00007fb461075ad0 method=java.lang.String.equals(Ljava/lang/Object;)Z @ 8
Event: 1.309 Thread 0x00007fb4643b8000 Uncommon trap: reason=class_check action=maybe_recompile pc=0x00007fb461075ad0 method=java.lang.String.equals(Ljava/lang/Object;)Z @ 8
Event: 1.309 Thread 0x00007fb4643b8000 Uncommon trap: reason=class_check action=maybe_recompile pc=0x00007fb461075ad0 method=java.lang.String.equals(Ljava/lang/Object;)Z @ 8
Event: 1.309 Thread 0x00007fb4643b8000 Uncommon trap: reason=class_check action=maybe_recompile pc=0x00007fb461075ad0 method=java.lang.String.equals(Ljava/lang/Object;)Z @ 8
Event: 1.836 Thread 0x00007fb4641f5800 Uncommon trap: reason=unreached action=reinterpret pc=0x00007fb461091710 method=java.lang.String.valueOf(Ljava/lang/Object;)Ljava/lang/String; @ 1
Event: 2.974 Thread 0x00007fb4643b8000 Uncommon trap: reason=class_check action=maybe_recompile pc=0x00007fb4610b0ea8 method=java.awt.Toolkit$SelectiveAWTEventListener.eventDispatched(Ljava/awt/AWTEvent;)V @ 733
Event: 2.974 Thread 0x00007fb4643b8000 Uncommon trap: reason=class_check action=maybe_recompile pc=0x00007fb4610b0ea8 method=java.awt.Toolkit$SelectiveAWTEventListener.eventDispatched(Ljava/awt/AWTEvent;)V @ 733
Event: 2.974 Thread 0x00007fb4643b8000 Uncommon trap: reason=class_check action=maybe_recompile pc=0x00007fb4610b0ea8 method=java.awt.Toolkit$SelectiveAWTEventListener.eventDispatched(Ljava/awt/AWTEvent;)V @ 733
Event: 2.979 Thread 0x00007fb4643b8000 Uncommon trap: reason=class_check action=maybe_recompile pc=0x00007fb4610b0ea8 method=java.awt.Toolkit$SelectiveAWTEventListener.eventDispatched(Ljava/awt/AWTEvent;)V @ 733
Event: 21.300 Thread 0x00007fb4641f5800 Uncommon trap: reason=unreached action=reinterpret pc=0x00007fb46108f660 method=java.lang.String.valueOf(Ljava/lang/Object;)Ljava/lang/String; @ 1

Internal exceptions (10 events):
Event: 27.452 Thread 0x00007fb4643b8000 Threw 0x00000007d8324b48 at /HUDSON/workspace/7u-2-build-linux-amd64/jdk7u45/229/hotspot/src/share/vm/prims/jni.cpp:717
Event: 27.846 Thread 0x00007fb4643b8000 Threw 0x00000007d8338db8 at /HUDSON/workspace/7u-2-build-linux-amd64/jdk7u45/229/hotspot/src/share/vm/prims/jni.cpp:717
Event: 30.884 Thread 0x00007fb4643b8000 Threw 0x00000007d861c828 at /HUDSON/workspace/7u-2-build-linux-amd64/jdk7u45/229/hotspot/src/share/vm/prims/jni.cpp:717
Event: 31.006 Thread 0x00007fb4643b8000 Threw 0x00000007d86300d8 at /HUDSON/workspace/7u-2-build-linux-amd64/jdk7u45/229/hotspot/src/share/vm/prims/jni.cpp:717
Event: 32.587 Thread 0x00007fb4643b8000 Threw 0x00000007d6b0ab18 at /HUDSON/workspace/7u-2-build-linux-amd64/jdk7u45/229/hotspot/src/share/vm/prims/jni.cpp:717
Event: 32.710 Thread 0x00007fb4643b8000 Threw 0x00000007d6b1e510 at /HUDSON/workspace/7u-2-build-linux-amd64/jdk7u45/229/hotspot/src/share/vm/prims/jni.cpp:717
Event: 32.721 Thread 0x00007fb4643b8000 Threw 0x00000007d6b2e5c8 at /HUDSON/workspace/7u-2-build-linux-amd64/jdk7u45/229/hotspot/src/share/vm/prims/jvm.cpp:1244
Event: 39.245 Thread 0x00007fb4643b8000 Threw 0x00000007d6c3a348 at /HUDSON/workspace/7u-2-build-linux-amd64/jdk7u45/229/hotspot/src/share/vm/prims/jvm.cpp:1244
Event: 39.246 Thread 0x00007fb4643b8000 Threw 0x00000007d6c3c600 at /HUDSON/workspace/7u-2-build-linux-amd64/jdk7u45/229/hotspot/src/share/vm/prims/jvm.cpp:1244
Event: 71.252 Thread 0x00007fb3f4127000 Threw 0x00000007d6d7bbc8 at /HUDSON/workspace/7u-2-build-linux-amd64/jdk7u45/229/hotspot/src/share/vm/prims/jni.cpp:717

Events (10 events):
Event: 71.252 Executing VM operation: RevokeBias
Event: 71.252 Executing VM operation: RevokeBias done
Event: 71.252 loading class 0x00007fb40c11e9e0
Event: 71.252 loading class 0x00007fb40c11e9e0 done
Event: 71.253 loading class 0x00007fb460be0cb0
Event: 71.253 loading class 0x00007fb460be0cb0 done
Event: 71.254 loading class 0x00007fb4080ab8a0
Event: 71.254 loading class 0x00007fb4080ab8a0 done
Event: 71.254 loading class 0x00007fb40c0db170
Event: 71.254 loading class 0x00007fb40c0db170 done


Dynamic libraries:
00400000-00401000 r-xp 00000000 08:05 3850640                            /home/birdie/Documents/jdk1.7.0_45/bin/java
00600000-00601000 rw-p 00000000 08:05 3850640                            /home/birdie/Documents/jdk1.7.0_45/bin/java
008c1000-008e2000 rw-p 00000000 00:00 0                                  [heap]
77e600000-77fb00000 rw-p 00000000 00:00 0 
77fb00000-783800000 rw-p 00000000 00:00 0 
783800000-788b00000 rw-p 00000000 00:00 0 
788b00000-7d6800000 rw-p 00000000 00:00 0 
7d6800000-7db100000 rw-p 00000000 00:00 0 
7db100000-800000000 rw-p 00000000 00:00 0 
7fb3d0000000-7fb3d0021000 rw-p 00000000 00:00 0 
7fb3d0021000-7fb3d4000000 ---p 00000000 00:00 0 
7fb3d8000000-7fb3d824c000 rw-p 00000000 00:00 0 
7fb3d824c000-7fb3dc000000 ---p 00000000 00:00 0 
7fb3dc000000-7fb3dc021000 rw-p 00000000 00:00 0 
7fb3dc021000-7fb3e0000000 ---p 00000000 00:00 0 
7fb3e0000000-7fb3e0021000 rw-p 00000000 00:00 0 
7fb3e0021000-7fb3e4000000 ---p 00000000 00:00 0 
7fb3e4000000-7fb3e4021000 rw-p 00000000 00:00 0 
7fb3e4021000-7fb3e8000000 ---p 00000000 00:00 0 
7fb3e8000000-7fb3e8021000 rw-p 00000000 00:00 0 
7fb3e8021000-7fb3ec000000 ---p 00000000 00:00 0 
7fb3ec000000-7fb3ec021000 rw-p 00000000 00:00 0 
7fb3ec021000-7fb3f0000000 ---p 00000000 00:00 0 
7fb3f0000000-7fb3f0021000 rw-p 00000000 00:00 0 
7fb3f0021000-7fb3f4000000 ---p 00000000 00:00 0 
7fb3f4000000-7fb3f434c000 rw-p 00000000 00:00 0 
7fb3f434c000-7fb3f8000000 ---p 00000000 00:00 0 
7fb3f8000000-7fb3f8021000 rw-p 00000000 00:00 0 
7fb3f8021000-7fb3fc000000 ---p 00000000 00:00 0 
7fb3fc000000-7fb3fc021000 rw-p 00000000 00:00 0 
7fb3fc021000-7fb400000000 ---p 00000000 00:00 0 
7fb400000000-7fb400021000 rw-p 00000000 00:00 0 
7fb400021000-7fb404000000 ---p 00000000 00:00 0 
7fb404000000-7fb404021000 rw-p 00000000 00:00 0 
7fb404021000-7fb408000000 ---p 00000000 00:00 0 
7fb408000000-7fb4083aa000 rw-p 00000000 00:00 0 
7fb4083aa000-7fb40c000000 ---p 00000000 00:00 0 
7fb40c000000-7fb40c323000 rw-p 00000000 00:00 0 
7fb40c323000-7fb410000000 ---p 00000000 00:00 0 
7fb410000000-7fb41003c000 rw-p 00000000 00:00 0 
7fb41003c000-7fb414000000 ---p 00000000 00:00 0 
7fb414000000-7fb414021000 rw-p 00000000 00:00 0 
7fb414021000-7fb418000000 ---p 00000000 00:00 0 
7fb418000000-7fb418021000 rw-p 00000000 00:00 0 
7fb418021000-7fb41c000000 ---p 00000000 00:00 0 
7fb41c000000-7fb41c021000 rw-p 00000000 00:00 0 
7fb41c021000-7fb420000000 ---p 00000000 00:00 0 
7fb420000000-7fb420021000 rw-p 00000000 00:00 0 
7fb420021000-7fb424000000 ---p 00000000 00:00 0 
7fb427d2e000-7fb427d31000 ---p 00000000 00:00 0 
7fb427d31000-7fb427e2f000 rw-p 00000000 00:00 0                          [stack:3477]
7fb427e2f000-7fb427e32000 ---p 00000000 00:00 0 
7fb427e32000-7fb42c000000 rw-p 00000000 00:00 0                          [stack:3476]
7fb42c000000-7fb42c021000 rw-p 00000000 00:00 0 
7fb42c021000-7fb430000000 ---p 00000000 00:00 0 
7fb430000000-7fb430021000 rw-p 00000000 00:00 0 
7fb430021000-7fb434000000 ---p 00000000 00:00 0 
7fb434000000-7fb434021000 rw-p 00000000 00:00 0 
7fb434021000-7fb438000000 ---p 00000000 00:00 0 
7fb43801e000-7fb438021000 ---p 00000000 00:00 0 
7fb438021000-7fb43811f000 rw-p 00000000 00:00 0                          [stack:3475]
7fb43811f000-7fb438122000 ---p 00000000 00:00 0 
7fb438122000-7fb438220000 rw-p 00000000 00:00 0                          [stack:3474]
7fb438220000-7fb438223000 ---p 00000000 00:00 0 
7fb438223000-7fb438321000 rw-p 00000000 00:00 0                          [stack:3469]
7fb438321000-7fb43832e000 r-xp 00000000 08:05 3867498                    /home/birdie/Documents/jdk1.7.0_45/jre/lib/amd64/librxtxSerial.so
7fb43832e000-7fb43852d000 ---p 0000d000 08:05 3867498                    /home/birdie/Documents/jdk1.7.0_45/jre/lib/amd64/librxtxSerial.so
7fb43852d000-7fb43852e000 rw-p 0000c000 08:05 3867498                    /home/birdie/Documents/jdk1.7.0_45/jre/lib/amd64/librxtxSerial.so
7fb43852e000-7fb438652000 rw-s 00000000 00:04 1474571                    /SYSV00000000 (deleted)
7fb438652000-7fb4386d2000 rw-s 00000000 00:04 1441802                    /SYSV00000000 (deleted)
7fb4386d2000-7fb4386d5000 ---p 00000000 00:00 0 
7fb4386d5000-7fb4387d3000 rw-p 00000000 00:00 0                          [stack:3426]
7fb4387d3000-7fb43883b000 r-xp 00000000 08:05 3867323                    /home/birdie/Documents/jdk1.7.0_45/jre/lib/amd64/libt2k.so
7fb43883b000-7fb438a3b000 ---p 00068000 08:05 3867323                    /home/birdie/Documents/jdk1.7.0_45/jre/lib/amd64/libt2k.so
7fb438a3b000-7fb438a42000 rw-p 00068000 08:05 3867323                    /home/birdie/Documents/jdk1.7.0_45/jre/lib/amd64/libt2k.so
7fb438a42000-7fb438a52000 rw-p 00000000 00:00 0 
7fb438a52000-7fb438a55000 ---p 00000000 00:00 0 
7fb438a55000-7fb438b53000 rw-p 00000000 00:00 0                          [stack:3425]
7fb438b53000-7fb438b56000 ---p 00000000 00:00 0 
7fb438b56000-7fb438c54000 rw-p 00000000 00:00 0                          [stack:3424]
7fb438c54000-7fb438c57000 r-xp 00000000 08:05 1737002                    /usr/lib/x86_64-linux-gnu/pango/1.8.0/modules/pango-basic-fc.so
7fb438c57000-7fb438e56000 ---p 00003000 08:05 1737002                    /usr/lib/x86_64-linux-gnu/pango/1.8.0/modules/pango-basic-fc.so
7fb438e56000-7fb438e57000 r--p 00002000 08:05 1737002                    /usr/lib/x86_64-linux-gnu/pango/1.8.0/modules/pango-basic-fc.so
7fb438e57000-7fb438e58000 rw-p 00003000 08:05 1737002                    /usr/lib/x86_64-linux-gnu/pango/1.8.0/modules/pango-basic-fc.so
7fb438e58000-7fb438e61000 r-xp 00000000 08:05 1720466                    /usr/lib/x86_64-linux-gnu/gtk-2.0/2.10.0/engines/libpixmap.so
7fb438e61000-7fb439061000 ---p 00009000 08:05 1720466                    /usr/lib/x86_64-linux-gnu/gtk-2.0/2.10.0/engines/libpixmap.so
7fb439061000-7fb439062000 r--p 00009000 08:05 1720466                    /usr/lib/x86_64-linux-gnu/gtk-2.0/2.10.0/engines/libpixmap.so
7fb439062000-7fb439063000 rw-p 0000a000 08:05 1720466                    /usr/lib/x86_64-linux-gnu/gtk-2.0/2.10.0/engines/libpixmap.so
7fb439063000-7fb439092000 r-xp 00000000 08:05 1720465                    /usr/lib/x86_64-linux-gnu/gtk-2.0/2.10.0/engines/libmurrine.so
7fb439092000-7fb439292000 ---p 0002f000 08:05 1720465                    /usr/lib/x86_64-linux-gnu/gtk-2.0/2.10.0/engines/libmurrine.so
7fb439292000-7fb439293000 r--p 0002f000 08:05 1720465                    /usr/lib/x86_64-linux-gnu/gtk-2.0/2.10.0/engines/libmurrine.so
7fb439293000-7fb439294000 rw-p 00030000 08:05 1720465                    /usr/lib/x86_64-linux-gnu/gtk-2.0/2.10.0/engines/libmurrine.so
7fb439294000-7fb439295000 r-xp 00000000 08:05 1542119                    /usr/lib/x86_64-linux-gnu/libgthread-2.0.so.0.3600.0
7fb439295000-7fb439494000 ---p 00001000 08:05 1542119                    /usr/lib/x86_64-linux-gnu/libgthread-2.0.so.0.3600.0
7fb439494000-7fb439495000 r--p 00000000 08:05 1542119                    /usr/lib/x86_64-linux-gnu/libgthread-2.0.so.0.3600.0
7fb439495000-7fb439496000 rw-p 00001000 08:05 1542119                    /usr/lib/x86_64-linux-gnu/libgthread-2.0.so.0.3600.0
7fb439496000-7fb43a605000 r-xp 00000000 08:05 1542153                    /usr/lib/x86_64-linux-gnu/libicudata.so.48.1.1
7fb43a605000-7fb43a804000 ---p 0116f000 08:05 1542153                    /usr/lib/x86_64-linux-gnu/libicudata.so.48.1.1
7fb43a804000-7fb43a805000 r--p 0116e000 08:05 1542153                    /usr/lib/x86_64-linux-gnu/libicudata.so.48.1.1
7fb43a805000-7fb43a806000 rw-p 0116f000 08:05 1542153                    /usr/lib/x86_64-linux-gnu/libicudata.so.48.1.1
7fb43a806000-7fb43a8eb000 r-xp 00000000 08:05 1542479                    /usr/lib/x86_64-linux-gnu/libstdc++.so.6.0.17
7fb43a8eb000-7fb43aaea000 ---p 000e5000 08:05 1542479                    /usr/lib/x86_64-linux-gnu/libstdc++.so.6.0.17
7fb43aaea000-7fb43aaf2000 r--p 000e4000 08:05 1542479                    /usr/lib/x86_64-linux-gnu/libstdc++.so.6.0.17
7fb43aaf2000-7fb43aaf4000 rw-p 000ec000 08:05 1542479                    /usr/lib/x86_64-linux-gnu/libstdc++.so.6.0.17
7fb43aaf4000-7fb43ab09000 rw-p 00000000 00:00 0 
7fb43ab09000-7fb43ac5f000 r-xp 00000000 08:05 1542167                    /usr/lib/x86_64-linux-gnu/libicuuc.so.48.1.1
7fb43ac5f000-7fb43ae5e000 ---p 00156000 08:05 1542167                    /usr/lib/x86_64-linux-gnu/libicuuc.so.48.1.1
7fb43ae5e000-7fb43ae6f000 r--p 00155000 08:05 1542167                    /usr/lib/x86_64-linux-gnu/libicuuc.so.48.1.1
7fb43ae6f000-7fb43ae70000 rw-p 00166000 08:05 1542167                    /usr/lib/x86_64-linux-gnu/libicuuc.so.48.1.1
7fb43ae70000-7fb43ae74000 rw-p 00000000 00:00 0 
7fb43ae74000-7fb43aea6000 r-xp 00000000 08:05 1542159                    /usr/lib/x86_64-linux-gnu/libicule.so.48.1.1
7fb43aea6000-7fb43b0a6000 ---p 00032000 08:05 1542159                    /usr/lib/x86_64-linux-gnu/libicule.so.48.1.1
7fb43b0a6000-7fb43b0a8000 r--p 00032000 08:05 1542159                    /usr/lib/x86_64-linux-gnu/libicule.so.48.1.1
7fb43b0a8000-7fb43b0a9000 rw-p 00034000 08:05 1542159                    /usr/lib/x86_64-linux-gnu/libicule.so.48.1.1
7fb43b0a9000-7fb43b0e6000 r-xp 00000000 08:05 1934307                    /lib/x86_64-linux-gnu/libpcre.so.3.13.1
7fb43b0e6000-7fb43b2e6000 ---p 0003d000 08:05 1934307                    /lib/x86_64-linux-gnu/libpcre.so.3.13.1
7fb43b2e6000-7fb43b2e7000 r--p 0003d000 08:05 1934307                    /lib/x86_64-linux-gnu/libpcre.so.3.13.1
7fb43b2e7000-7fb43b2e8000 rw-p 0003e000 08:05 1934307                    /lib/x86_64-linux-gnu/libpcre.so.3.13.1
7fb43b2e8000-7fb43b2ef000 r-xp 00000000 08:05 1541860                    /usr/lib/x86_64-linux-gnu/libffi.so.6.0.1
7fb43b2ef000-7fb43b4ee000 ---p 00007000 08:05 1541860                    /usr/lib/x86_64-linux-gnu/libffi.so.6.0.1
7fb43b4ee000-7fb43b4ef000 r--p 00006000 08:05 1541860                    /usr/lib/x86_64-linux-gnu/libffi.so.6.0.1
7fb43b4ef000-7fb43b4f0000 rw-p 00007000 08:05 1541860                    /usr/lib/x86_64-linux-gnu/libffi.so.6.0.1
7fb43b4f0000-7fb43b516000 r-xp 00000000 08:05 1934232                    /lib/x86_64-linux-gnu/libexpat.so.1.6.0
7fb43b516000-7fb43b716000 ---p 00026000 08:05 1934232                    /lib/x86_64-linux-gnu/libexpat.so.1.6.0
7fb43b716000-7fb43b718000 r--p 00026000 08:05 1934232                    /lib/x86_64-linux-gnu/libexpat.so.1.6.0
7fb43b718000-7fb43b719000 rw-p 00028000 08:05 1934232                    /lib/x86_64-linux-gnu/libexpat.so.1.6.0
7fb43b719000-7fb43b7ae000 r-xp 00000000 08:05 1542139                    /usr/lib/x86_64-linux-gnu/libharfbuzz.so.0.913.0
7fb43b7ae000-7fb43b9ad000 ---p 00095000 08:05 1542139                    /usr/lib/x86_64-linux-gnu/libharfbuzz.so.0.913.0
7fb43b9ad000-7fb43b9af000 r--p 00094000 08:05 1542139                    /usr/lib/x86_64-linux-gnu/libharfbuzz.so.0.913.0
7fb43b9af000-7fb43b9b0000 rw-p 00096000 08:05 1542139                    /usr/lib/x86_64-linux-gnu/libharfbuzz.so.0.913.0
7fb43b9b0000-7fb43b9c6000 r-xp 00000000 08:05 1934330                    /lib/x86_64-linux-gnu/libresolv-2.17.so
7fb43b9c6000-7fb43bbc6000 ---p 00016000 08:05 1934330                    /lib/x86_64-linux-gnu/libresolv-2.17.so
7fb43bbc6000-7fb43bbc7000 r--p 00016000 08:05 1934330                    /lib/x86_64-linux-gnu/libresolv-2.17.so
7fb43bbc7000-7fb43bbc8000 rw-p 00017000 08:05 1934330                    /lib/x86_64-linux-gnu/libresolv-2.17.so
7fb43bbc8000-7fb43bbca000 rw-p 00000000 00:00 0 
7fb43bbca000-7fb43bbe7000 r-xp 00000000 08:05 1934334                    /lib/x86_64-linux-gnu/libselinux.so.1
7fb43bbe7000-7fb43bde6000 ---p 0001d000 08:05 1934334                    /lib/x86_64-linux-gnu/libselinux.so.1
7fb43bde6000-7fb43bde7000 r--p 0001c000 08:05 1934334                    /lib/x86_64-linux-gnu/libselinux.so.1
7fb43bde7000-7fb43bde8000 rw-p 0001d000 08:05 1934334                    /lib/x86_64-linux-gnu/libselinux.so.1
7fb43bde8000-7fb43bde9000 rw-p 00000000 00:00 0 
7fb43bde9000-7fb43bdff000 r-xp 00000000 08:05 1934365                    /lib/x86_64-linux-gnu/libz.so.1.2.7
7fb43bdff000-7fb43bffe000 ---p 00016000 08:05 1934365                    /lib/x86_64-linux-gnu/libz.so.1.2.7
7fb43bffe000-7fb43bfff000 r--p 00015000 08:05 1934365                    /lib/x86_64-linux-gnu/libz.so.1.2.7
7fb43bfff000-7fb43c000000 rw-p 00016000 08:05 1934365                    /lib/x86_64-linux-gnu/libz.so.1.2.7
7fb43c000000-7fb43c021000 rw-p 00000000 00:00 0 
7fb43c021000-7fb440000000 ---p 00000000 00:00 0 
7fb44002b000-7fb44002e000 ---p 00000000 00:00 0 
7fb44002e000-7fb44012c000 rw-p 00000000 00:00 0                          [stack:3423]
7fb44012c000-7fb4401dc000 r--p 00000000 08:05 1788323                    /usr/share/fonts/truetype/ttf-dejavu/DejaVuSans.ttf
7fb4401dc000-7fb4401e4000 r-xp 00000000 08:05 1542601                    /usr/lib/x86_64-linux-gnu/libxcb-render.so.0.0.0
7fb4401e4000-7fb4403e4000 ---p 00008000 08:05 1542601                    /usr/lib/x86_64-linux-gnu/libxcb-render.so.0.0.0
7fb4403e4000-7fb4403e5000 r--p 00008000 08:05 1542601                    /usr/lib/x86_64-linux-gnu/libxcb-render.so.0.0.0
7fb4403e5000-7fb4403e6000 rw-p 00009000 08:05 1542601                    /usr/lib/x86_64-linux-gnu/libxcb-render.so.0.0.0
7fb4403e6000-7fb4403e8000 r-xp 00000000 08:05 1542605                    /usr/lib/x86_64-linux-gnu/libxcb-shm.so.0.0.0
7fb4403e8000-7fb4405e7000 ---p 00002000 08:05 1542605                    /usr/lib/x86_64-linux-gnu/libxcb-shm.so.0.0.0
7fb4405e7000-7fb4405e8000 r--p 00001000 08:05 1542605                    /usr/lib/x86_64-linux-gnu/libxcb-shm.so.0.0.0
7fb4405e8000-7fb4405e9000 rw-p 00002000 08:05 1542605                    /usr/lib/x86_64-linux-gnu/libxcb-shm.so.0.0.0
7fb4405e9000-7fb44060e000 r-xp 00000000 08:05 1934319                    /lib/x86_64-linux-gnu/libpng12.so.0.49.0
7fb44060e000-7fb44080d000 ---p 00025000 08:05 1934319                    /lib/x86_64-linux-gnu/libpng12.so.0.49.0
7fb44080d000-7fb44080e000 r--p 00024000 08:05 1934319                    /lib/x86_64-linux-gnu/libpng12.so.0.49.0
7fb44080e000-7fb44080f000 rw-p 00025000 08:05 1934319                    /lib/x86_64-linux-gnu/libpng12.so.0.49.0
7fb44080f000-7fb44089f000 r-xp 00000000 08:05 1542349                    /usr/lib/x86_64-linux-gnu/libpixman-1.so.0.28.2
7fb44089f000-7fb440a9e000 ---p 00090000 08:05 1542349                    /usr/lib/x86_64-linux-gnu/libpixman-1.so.0.28.2
7fb440a9e000-7fb440aa5000 r--p 0008f000 08:05 1542349                    /usr/lib/x86_64-linux-gnu/libpixman-1.so.0.28.2
7fb440aa5000-7fb440aa6000 rw-p 00096000 08:05 1542349                    /usr/lib/x86_64-linux-gnu/libpixman-1.so.0.28.2
7fb440aa6000-7fb440b3d000 r-xp 00000000 08:05 1541920                    /usr/lib/x86_64-linux-gnu/libfreetype.so.6.10.0
7fb440b3d000-7fb440d3c000 ---p 00097000 08:05 1541920                    /usr/lib/x86_64-linux-gnu/libfreetype.so.6.10.0
7fb440d3c000-7fb440d42000 r--p 00096000 08:05 1541920                    /usr/lib/x86_64-linux-gnu/libfreetype.so.6.10.0
7fb440d42000-7fb440d43000 rw-p 0009c000 08:05 1541920                    /usr/lib/x86_64-linux-gnu/libfreetype.so.6.10.0
7fb440d43000-7fb440d45000 r-xp 00000000 08:05 1541582                    /usr/lib/x86_64-linux-gnu/libXdamage.so.1.1.0
7fb440d45000-7fb440f44000 ---p 00002000 08:05 1541582                    /usr/lib/x86_64-linux-gnu/libXdamage.so.1.1.0
7fb440f44000-7fb440f45000 r--p 00001000 08:05 1541582                    /usr/lib/x86_64-linux-gnu/libXdamage.so.1.1.0
7fb440f45000-7fb440f46000 rw-p 00002000 08:05 1541582                    /usr/lib/x86_64-linux-gnu/libXdamage.so.1.1.0
7fb440f46000-7fb440f48000 r-xp 00000000 08:05 1541578                    /usr/lib/x86_64-linux-gnu/libXcomposite.so.1.0.0
7fb440f48000-7fb441147000 ---p 00002000 08:05 1541578                    /usr/lib/x86_64-linux-gnu/libXcomposite.so.1.0.0
7fb441147000-7fb441148000 r--p 00001000 08:05 1541578                    /usr/lib/x86_64-linux-gnu/libXcomposite.so.1.0.0
7fb441148000-7fb441149000 rw-p 00002000 08:05 1541578                    /usr/lib/x86_64-linux-gnu/libXcomposite.so.1.0.0
7fb441149000-7fb441152000 r-xp 00000000 08:05 1541604                    /usr/lib/x86_64-linux-gnu/libXrandr.so.2.2.0
7fb441152000-7fb441351000 ---p 00009000 08:05 1541604                    /usr/lib/x86_64-linux-gnu/libXrandr.so.2.2.0
7fb441351000-7fb441352000 r--p 00008000 08:05 1541604                    /usr/lib/x86_64-linux-gnu/libXrandr.so.2.2.0
7fb441352000-7fb441353000 rw-p 00009000 08:05 1541604                    /usr/lib/x86_64-linux-gnu/libXrandr.so.2.2.0
7fb441353000-7fb441355000 r-xp 00000000 08:05 1541594                    /usr/lib/x86_64-linux-gnu/libXinerama.so.1.0.0
7fb441355000-7fb441554000 ---p 00002000 08:05 1541594                    /usr/lib/x86_64-linux-gnu/libXinerama.so.1.0.0
7fb441554000-7fb441555000 r--p 00001000 08:05 1541594                    /usr/lib/x86_64-linux-gnu/libXinerama.so.1.0.0
7fb441555000-7fb441556000 rw-p 00002000 08:05 1541594                    /usr/lib/x86_64-linux-gnu/libXinerama.so.1.0.0
7fb441556000-7fb44164f000 r-xp 00000000 08:05 1934241                    /lib/x86_64-linux-gnu/libglib-2.0.so.0.3600.0
7fb44164f000-7fb44184f000 ---p 000f9000 08:05 1934241                    /lib/x86_64-linux-gnu/libglib-2.0.so.0.3600.0
7fb44184f000-7fb441850000 r--p 000f9000 08:05 1934241                    /lib/x86_64-linux-gnu/libglib-2.0.so.0.3600.0
7fb441850000-7fb441851000 rw-p 000fa000 08:05 1934241                    /lib/x86_64-linux-gnu/libglib-2.0.so.0.3600.0
7fb441851000-7fb441852000 rw-p 00000000 00:00 0 
7fb441852000-7fb44189f000 r-xp 00000000 08:05 1542010                    /usr/lib/x86_64-linux-gnu/libgobject-2.0.so.0.3600.0
7fb44189f000-7fb441a9f000 ---p 0004d000 08:05 1542010                    /usr/lib/x86_64-linux-gnu/libgobject-2.0.so.0.3600.0
7fb441a9f000-7fb441aa0000 r--p 0004d000 08:05 1542010                    /usr/lib/x86_64-linux-gnu/libgobject-2.0.so.0.3600.0
7fb441aa0000-7fb441aa1000 rw-p 0004e000 08:05 1542010                    /usr/lib/x86_64-linux-gnu/libgobject-2.0.so.0.3600.0
7fb441aa1000-7fb441ad8000 r-xp 00000000 08:05 1541892                    /usr/lib/x86_64-linux-gnu/libfontconfig.so.1.6.2
7fb441ad8000-7fb441cd8000 ---p 00037000 08:05 1541892                    /usr/lib/x86_64-linux-gnu/libfontconfig.so.1.6.2
7fb441cd8000-7fb441cd9000 r--p 00037000 08:05 1541892                    /usr/lib/x86_64-linux-gnu/libfontconfig.so.1.6.2
7fb441cd9000-7fb441cda000 rw-p 00038000 08:05 1541892                    /usr/lib/x86_64-linux-gnu/libfontconfig.so.1.6.2
7fb441cda000-7fb441cdb000 rw-p 00000000 00:00 0 
7fb441cdb000-7fb441d23000 r-xp 00000000 08:05 1542327                    /usr/lib/x86_64-linux-gnu/libpango-1.0.so.0.3200.5
7fb441d23000-7fb441f23000 ---p 00048000 08:05 1542327                    /usr/lib/x86_64-linux-gnu/libpango-1.0.so.0.3200.5
7fb441f23000-7fb441f25000 r--p 00048000 08:05 1542327                    /usr/lib/x86_64-linux-gnu/libpango-1.0.so.0.3200.5
7fb441f25000-7fb441f26000 rw-p 0004a000 08:05 1542327                    /usr/lib/x86_64-linux-gnu/libpango-1.0.so.0.3200.5
7fb441f26000-7fb441f39000 r-xp 00000000 08:05 1542331                    /usr/lib/x86_64-linux-gnu/libpangoft2-1.0.so.0.3200.5
7fb441f39000-7fb442138000 ---p 00013000 08:05 1542331                    /usr/lib/x86_64-linux-gnu/libpangoft2-1.0.so.0.3200.5
7fb442138000-7fb442139000 r--p 00012000 08:05 1542331                    /usr/lib/x86_64-linux-gnu/libpangoft2-1.0.so.0.3200.5
7fb442139000-7fb44213a000 rw-p 00013000 08:05 1542331                    /usr/lib/x86_64-linux-gnu/libpangoft2-1.0.so.0.3200.5
7fb44213a000-7fb44228d000 r-xp 00000000 08:05 1541974                    /usr/lib/x86_64-linux-gnu/libgio-2.0.so.0.3600.0
7fb44228d000-7fb44248c000 ---p 00153000 08:05 1541974                    /usr/lib/x86_64-linux-gnu/libgio-2.0.so.0.3600.0
7fb44248c000-7fb442490000 r--p 00152000 08:05 1541974                    /usr/lib/x86_64-linux-gnu/libgio-2.0.so.0.3600.0
7fb442490000-7fb442492000 rw-p 00156000 08:05 1541974                    /usr/lib/x86_64-linux-gnu/libgio-2.0.so.0.3600.0
7fb442492000-7fb442494000 rw-p 00000000 00:00 0 
7fb442494000-7fb4424b2000 r-xp 00000000 08:05 1541953                    /usr/lib/x86_64-linux-gnu/libgdk_pixbuf-2.0.so.0.2800.0
7fb4424b2000-7fb4426b2000 ---p 0001e000 08:05 1541953                    /usr/lib/x86_64-linux-gnu/libgdk_pixbuf-2.0.so.0.2800.0
7fb4426b2000-7fb4426b3000 r--p 0001e000 08:05 1541953                    /usr/lib/x86_64-linux-gnu/libgdk_pixbuf-2.0.so.0.2800.0
7fb4426b3000-7fb4426b4000 rw-p 0001f000 08:05 1541953                    /usr/lib/x86_64-linux-gnu/libgdk_pixbuf-2.0.so.0.2800.0
7fb4426b4000-7fb4427b2000 r-xp 00000000 08:05 1541705                    /usr/lib/x86_64-linux-gnu/libcairo.so.2.11200.14
7fb4427b2000-7fb4429b2000 ---p 000fe000 08:05 1541705                    /usr/lib/x86_64-linux-gnu/libcairo.so.2.11200.14
7fb4429b2000-7fb4429b5000 r--p 000fe000 08:05 1541705                    /usr/lib/x86_64-linux-gnu/libcairo.so.2.11200.14
7fb4429b5000-7fb4429b6000 rw-p 00101000 08:05 1541705                    /usr/lib/x86_64-linux-gnu/libcairo.so.2.11200.14
7fb4429b6000-7fb4429b8000 rw-p 00000000 00:00 0 
7fb4429b8000-7fb4429d8000 r-xp 00000000 08:05 1541655                    /usr/lib/x86_64-linux-gnu/libatk-1.0.so.0.20809.1
7fb4429d8000-7fb442bd7000 ---p 00020000 08:05 1541655                    /usr/lib/x86_64-linux-gnu/libatk-1.0.so.0.20809.1
7fb442bd7000-7fb442bd9000 r--p 0001f000 08:05 1541655                    /usr/lib/x86_64-linux-gnu/libatk-1.0.so.0.20809.1
7fb442bd9000-7fb442bda000 rw-p 00021000 08:05 1541655                    /usr/lib/x86_64-linux-gnu/libatk-1.0.so.0.20809.1
7fb442bda000-7fb442be5000 r-xp 00000000 08:05 1542329                    /usr/lib/x86_64-linux-gnu/libpangocairo-1.0.so.0.3200.5
7fb442be5000-7fb442de5000 ---p 0000b000 08:05 1542329                    /usr/lib/x86_64-linux-gnu/libpangocairo-1.0.so.0.3200.5
7fb442de5000-7fb442de6000 r--p 0000b000 08:05 1542329                    /usr/lib/x86_64-linux-gnu/libpangocairo-1.0.so.0.3200.5
7fb442de6000-7fb442de7000 rw-p 0000c000 08:05 1542329                    /usr/lib/x86_64-linux-gnu/libpangocairo-1.0.so.0.3200.5
7fb442de7000-7fb442dea000 r-xp 00000000 08:05 1541986                    /usr/lib/x86_64-linux-gnu/libgmodule-2.0.so.0.3600.0
7fb442dea000-7fb442fe9000 ---p 00003000 08:05 1541986                    /usr/lib/x86_64-linux-gnu/libgmodule-2.0.so.0.3600.0
7fb442fe9000-7fb442fea000 r--p 00002000 08:05 1541986                    /usr/lib/x86_64-linux-gnu/libgmodule-2.0.so.0.3600.0
7fb442fea000-7fb442feb000 rw-p 00003000 08:05 1541986                    /usr/lib/x86_64-linux-gnu/libgmodule-2.0.so.0.3600.0
7fb442feb000-7fb443098000 r-xp 00000000 08:05 1541951                    /usr/lib/x86_64-linux-gnu/libgdk-x11-2.0.so.0.2400.17
7fb443098000-7fb443297000 ---p 000ad000 08:05 1541951                    /usr/lib/x86_64-linux-gnu/libgdk-x11-2.0.so.0.2400.17
7fb443297000-7fb44329b000 r--p 000ac000 08:05 1541951                    /usr/lib/x86_64-linux-gnu/libgdk-x11-2.0.so.0.2400.17
7fb44329b000-7fb44329d000 rw-p 000b0000 08:05 1541951                    /usr/lib/x86_64-linux-gnu/libgdk-x11-2.0.so.0.2400.17
7fb44329d000-7fb4432a6000 r--s 00000000 08:05 3211354                    /var/cache/fontconfig/945677eb7aeaf62f1d50efc3fb3ec7d8-le64.cache-3
7fb4432a6000-7fb4432a8000 r--s 00000000 08:05 3211356                    /var/cache/fontconfig/99e8ed0e538f840c565b6ed5dad60d56-le64.cache-3
7fb4432a8000-7fb4432ad000 r--s 00000000 08:05 3211337                    /var/cache/fontconfig/2cd17615ca594fa2959ae173292e504c-le64.cache-3
7fb4432ad000-7fb4432b3000 r--s 00000000 08:05 3211358                    /var/cache/fontconfig/a755afe4a08bf5b97852ceb7400b47bc-le64.cache-3
7fb4432b3000-7fb4432bc000 r--s 00000000 08:05 3211348                    /var/cache/fontconfig/6d41288fd70b0be22e8c3a91e032eec0-le64.cache-3
7fb4432e0000-7fb4432f4000 r--s 00000000 08:05 1819476                    /usr/share/fonts/type1/gsfonts/n019003l.pfb
7fb4432f4000-7fb443354000 rw-s 00000000 00:04 1409030                    /SYSV00000000 (deleted)
7fb443354000-7fb443355000 r--s 00000000 08:05 3211362                    /var/cache/fontconfig/c05880de57d1f5e948fdfacc138775d9-le64.cache-3
7fb443355000-7fb44335e000 r--s 00000000 08:05 3211354                    /var/cache/fontconfig/945677eb7aeaf62f1d50efc3fb3ec7d8-le64.cache-3
7fb44335e000-7fb443360000 r--s 00000000 08:05 3211356                    /var/cache/fontconfig/99e8ed0e538f840c565b6ed5dad60d56-le64.cache-3
7fb443360000-7fb443365000 r--s 00000000 08:05 3211337                    /var/cache/fontconfig/2cd17615ca594fa2959ae173292e504c-le64.cache-3
7fb443365000-7fb44336a000 r--s 00000000 08:05 3211349                    /var/cache/fontconfig/6eb3985aa4124903f6ff08ba781cd364-le64.cache-3
7fb44336a000-7fb443370000 r--s 00000000 08:05 3211358                    /var/cache/fontconfig/a755afe4a08bf5b97852ceb7400b47bc-le64.cache-3
7fb443370000-7fb443379000 r--s 00000000 08:05 3211348                    /var/cache/fontconfig/6d41288fd70b0be22e8c3a91e032eec0-le64.cache-3
7fb443379000-7fb443389000 r--s 00000000 08:05 3211332                    /var/cache/fontconfig/04aabc0a78ac019cf9454389977116d2-le64.cache-3
7fb443389000-7fb4437b6000 r-xp 00000000 08:05 1542123                    /usr/lib/x86_64-linux-gnu/libgtk-x11-2.0.so.0.2400.17
7fb4437b6000-7fb4439b5000 ---p 0042d000 08:05 1542123                    /usr/lib/x86_64-linux-gnu/libgtk-x11-2.0.so.0.2400.17
7fb4439b5000-7fb4439bc000 r--p 0042c000 08:05 1542123                    /usr/lib/x86_64-linux-gnu/libgtk-x11-2.0.so.0.2400.17
7fb4439bc000-7fb4439c0000 rw-p 00433000 08:05 1542123                    /usr/lib/x86_64-linux-gnu/libgtk-x11-2.0.so.0.2400.17
7fb4439c0000-7fb4439c2000 rw-p 00000000 00:00 0 
7fb4439c2000-7fb4439d2000 r-xp 00000000 08:05 3867355                    /home/birdie/Documents/jdk1.7.0_45/jre/lib/amd64/libnio.so
7fb4439d2000-7fb443bd2000 ---p 00010000 08:05 3867355                    /home/birdie/Documents/jdk1.7.0_45/jre/lib/amd64/libnio.so
7fb443bd2000-7fb443bd3000 rw-p 00010000 08:05 3867355                    /home/birdie/Documents/jdk1.7.0_45/jre/lib/amd64/libnio.so
7fb443bd3000-7fb443be9000 r-xp 00000000 08:05 3867308                    /home/birdie/Documents/jdk1.7.0_45/jre/lib/amd64/libnet.so
7fb443be9000-7fb443de9000 ---p 00016000 08:05 3867308                    /home/birdie/Documents/jdk1.7.0_45/jre/lib/amd64/libnet.so
7fb443de9000-7fb443dea000 rw-p 00016000 08:05 3867308                    /home/birdie/Documents/jdk1.7.0_45/jre/lib/amd64/libnet.so
7fb443dea000-7fb443dfe000 r-xp 00000000 08:05 1934237                    /lib/x86_64-linux-gnu/libgcc_s.so.1
7fb443dfe000-7fb443ffe000 ---p 00014000 08:05 1934237                    /lib/x86_64-linux-gnu/libgcc_s.so.1
7fb443ffe000-7fb443fff000 r--p 00014000 08:05 1934237                    /lib/x86_64-linux-gnu/libgcc_s.so.1
7fb443fff000-7fb444000000 rw-p 00015000 08:05 1934237                    /lib/x86_64-linux-gnu/libgcc_s.so.1
7fb444000000-7fb444021000 rw-p 00000000 00:00 0 
7fb444021000-7fb448000000 ---p 00000000 00:00 0 
7fb448000000-7fb448032000 rw-p 00000000 00:00 0 
7fb448032000-7fb44c000000 ---p 00000000 00:00 0 
7fb44c000000-7fb44c021000 rw-p 00000000 00:00 0 
7fb44c021000-7fb450000000 ---p 00000000 00:00 0 
7fb450000000-7fb450005000 r--s 00000000 08:05 3211349                    /var/cache/fontconfig/6eb3985aa4124903f6ff08ba781cd364-le64.cache-3
7fb450005000-7fb450015000 r--s 00000000 08:05 3211332                    /var/cache/fontconfig/04aabc0a78ac019cf9454389977116d2-le64.cache-3
7fb450015000-7fb450016000 r--s 00000000 08:05 3211370                    /var/cache/fontconfig/e7071f4a29fa870f4323321c154eba04-le64.cache-3
7fb450016000-7fb450017000 r--s 00000000 08:05 3211334                    /var/cache/fontconfig/0d8c3b2ac0904cb8a57a757ad11a4a08-le64.cache-3
7fb450017000-7fb450018000 r--s 00000000 08:05 3211336                    /var/cache/fontconfig/1ac9eb803944fde146138c791f5cc56a-le64.cache-3
7fb450018000-7fb45001b000 r--s 00000000 08:05 3211341                    /var/cache/fontconfig/385c0604a188198f04d133e54aba7fe7-le64.cache-3
7fb45001b000-7fb45001c000 r--s 00000000 08:05 3211368                    /var/cache/fontconfig/dc05db6664285cc2f12bf69c139ae4c3-le64.cache-3
7fb45001c000-7fb45001e000 r--s 00000000 08:05 3211351                    /var/cache/fontconfig/767a8244fc0220cfb567a839d0392e0b-le64.cache-3
7fb45001e000-7fb45001f000 r--s 00000000 08:05 3211343                    /var/cache/fontconfig/4794a0821666d79190d59a36cb4f44b5-le64.cache-3
7fb45001f000-7fb450022000 r--s 00000000 08:05 3211353                    /var/cache/fontconfig/8801497958630a81b71ace7c5f9b32a8-le64.cache-3
7fb450022000-7fb450027000 r--s 00000000 08:05 3211338                    /var/cache/fontconfig/3047814df9a2f067bd2d96a2b9c36e5a-le64.cache-3
7fb450027000-7fb450028000 r--s 00000000 08:05 3211345                    /var/cache/fontconfig/56cf4f4769d0f4abc89a4895d7bd3ae1-le64.cache-3
7fb450028000-7fb450029000 r--s 00000000 08:05 3211361                    /var/cache/fontconfig/b9d506c9ac06c20b433354fa67a72993-le64.cache-3
7fb450029000-7fb45002e000 r--s 00000000 08:05 3211360                    /var/cache/fontconfig/b47c4e1ecd0709278f4910c18777a504-le64.cache-3
7fb45002e000-7fb45003f000 r--s 00000000 08:05 3211366                    /var/cache/fontconfig/d52a8644073d54c13679302ca1180695-le64.cache-3
7fb45003f000-7fb450046000 r--s 00000000 08:05 3211342                    /var/cache/fontconfig/3f7329c5293ffd510edef78f73874cfd-le64.cache-3
7fb450046000-7fb450047000 r--s 00000000 08:05 3211333                    /var/cache/fontconfig/0c9eb80ebd1c36541ebe2852d3bb0c49-le64.cache-3
7fb450047000-7fb45004a000 r--s 00000000 08:05 3211369                    /var/cache/fontconfig/e13b20fdb08344e0e664864cc2ede53d-le64.cache-3
7fb45004a000-7fb45004e000 r--s 00000000 08:05 3211352                    /var/cache/fontconfig/7ef2298fde41cc6eeb7af42e48b7d293-le64.cache-3
7fb45004e000-7fb45007f000 rw-p 00000000 00:00 0 
7fb45007f000-7fb4500df000 r-xp 00000000 08:05 3867351                    /home/birdie/Documents/jdk1.7.0_45/jre/lib/amd64/libfontmanager.so
7fb4500df000-7fb4502de000 ---p 00060000 08:05 3867351                    /home/birdie/Documents/jdk1.7.0_45/jre/lib/amd64/libfontmanager.so
7fb4502de000-7fb4502e2000 rw-p 0005f000 08:05 3867351                    /home/birdie/Documents/jdk1.7.0_45/jre/lib/amd64/libfontmanager.so
7fb4502e2000-7fb4502f3000 rw-p 00000000 00:00 0 
7fb4502f3000-7fb4502f6000 ---p 00000000 00:00 0 
7fb4502f6000-7fb4503f4000 rw-p 00000000 00:00 0                          [stack:3422]
7fb4503f4000-7fb4503f9000 r-xp 00000000 08:05 1541588                    /usr/lib/x86_64-linux-gnu/libXfixes.so.3.1.0
7fb4503f9000-7fb4505f8000 ---p 00005000 08:05 1541588                    /usr/lib/x86_64-linux-gnu/libXfixes.so.3.1.0
7fb4505f8000-7fb4505f9000 r--p 00004000 08:05 1541588                    /usr/lib/x86_64-linux-gnu/libXfixes.so.3.1.0
7fb4505f9000-7fb4505fa000 rw-p 00005000 08:05 1541588                    /usr/lib/x86_64-linux-gnu/libXfixes.so.3.1.0
7fb4505fa000-7fb450603000 r-xp 00000000 08:05 1541580                    /usr/lib/x86_64-linux-gnu/libXcursor.so.1.0.2
7fb450603000-7fb450803000 ---p 00009000 08:05 1541580                    /usr/lib/x86_64-linux-gnu/libXcursor.so.1.0.2
7fb450803000-7fb450804000 r--p 00009000 08:05 1541580                    /usr/lib/x86_64-linux-gnu/libXcursor.so.1.0.2
7fb450804000-7fb450805000 rw-p 0000a000 08:05 1541580                    /usr/lib/x86_64-linux-gnu/libXcursor.so.1.0.2
7fb450805000-7fb450808000 ---p 00000000 00:00 0 
7fb450808000-7fb450906000 rw-p 00000000 00:00 0                          [stack:3421]
7fb450906000-7fb45090b000 r-xp 00000000 08:05 1541584                    /usr/lib/x86_64-linux-gnu/libXdmcp.so.6.0.0
7fb45090b000-7fb450b0a000 ---p 00005000 08:05 1541584                    /usr/lib/x86_64-linux-gnu/libXdmcp.so.6.0.0
7fb450b0a000-7fb450b0b000 r--p 00004000 08:05 1541584                    /usr/lib/x86_64-linux-gnu/libXdmcp.so.6.0.0
7fb450b0b000-7fb450b0c000 rw-p 00005000 08:05 1541584                    /usr/lib/x86_64-linux-gnu/libXdmcp.so.6.0.0
7fb450b0c000-7fb450b0e000 r-xp 00000000 08:05 1541573                    /usr/lib/x86_64-linux-gnu/libXau.so.6.0.0
7fb450b0e000-7fb450d0e000 ---p 00002000 08:05 1541573                    /usr/lib/x86_64-linux-gnu/libXau.so.6.0.0
7fb450d0e000-7fb450d0f000 r--p 00002000 08:05 1541573                    /usr/lib/x86_64-linux-gnu/libXau.so.6.0.0
7fb450d0f000-7fb450d10000 rw-p 00003000 08:05 1541573                    /usr/lib/x86_64-linux-gnu/libXau.so.6.0.0
7fb450d10000-7fb450d2d000 r-xp 00000000 08:05 2572472                    /usr/lib/x86_64-linux-gnu/libxcb.so.1.1.0
7fb450d2d000-7fb450f2c000 ---p 0001d000 08:05 2572472                    /usr/lib/x86_64-linux-gnu/libxcb.so.1.1.0
7fb450f2c000-7fb450f2d000 r--p 0001c000 08:05 2572472                    /usr/lib/x86_64-linux-gnu/libxcb.so.1.1.0
7fb450f2d000-7fb450f2e000 rw-p 0001d000 08:05 2572472                    /usr/lib/x86_64-linux-gnu/libxcb.so.1.1.0
7fb450f2e000-7fb450f3c000 r-xp 00000000 08:05 1541592                    /usr/lib/x86_64-linux-gnu/libXi.so.6.1.0
7fb450f3c000-7fb45113b000 ---p 0000e000 08:05 1541592                    /usr/lib/x86_64-linux-gnu/libXi.so.6.1.0
7fb45113b000-7fb45113c000 r--p 0000d000 08:05 1541592                    /usr/lib/x86_64-linux-gnu/libXi.so.6.1.0
7fb45113c000-7fb45113d000 rw-p 0000e000 08:05 1541592                    /usr/lib/x86_64-linux-gnu/libXi.so.6.1.0
7fb45113d000-7fb451142000 r-xp 00000000 08:05 1541612                    /usr/lib/x86_64-linux-gnu/libXtst.so.6.1.0
7fb451142000-7fb451341000 ---p 00005000 08:05 1541612                    /usr/lib/x86_64-linux-gnu/libXtst.so.6.1.0
7fb451341000-7fb451342000 r--p 00004000 08:05 1541612                    /usr/lib/x86_64-linux-gnu/libXtst.so.6.1.0
7fb451342000-7fb451343000 rw-p 00005000 08:05 1541612                    /usr/lib/x86_64-linux-gnu/libXtst.so.6.1.0
7fb451343000-7fb45134c000 r-xp 00000000 08:05 1541606                    /usr/lib/x86_64-linux-gnu/libXrender.so.1.3.0
7fb45134c000-7fb45154b000 ---p 00009000 08:05 1541606                    /usr/lib/x86_64-linux-gnu/libXrender.so.1.3.0
7fb45154b000-7fb45154c000 r--p 00008000 08:05 1541606                    /usr/lib/x86_64-linux-gnu/libXrender.so.1.3.0
7fb45154c000-7fb45154d000 rw-p 00009000 08:05 1541606                    /usr/lib/x86_64-linux-gnu/libXrender.so.1.3.0
7fb45154d000-7fb451681000 r-xp 00000000 08:05 2572474                    /usr/lib/x86_64-linux-gnu/libX11.so.6.3.0
7fb451681000-7fb451881000 ---p 00134000 08:05 2572474                    /usr/lib/x86_64-linux-gnu/libX11.so.6.3.0
7fb451881000-7fb451882000 r--p 00134000 08:05 2572474                    /usr/lib/x86_64-linux-gnu/libX11.so.6.3.0
7fb451882000-7fb451887000 rw-p 00135000 08:05 2572474                    /usr/lib/x86_64-linux-gnu/libX11.so.6.3.0
7fb451887000-7fb451897000 r-xp 00000000 08:05 1541586                    /usr/lib/x86_64-linux-gnu/libXext.so.6.4.0
7fb451897000-7fb451a97000 ---p 00010000 08:05 1541586                    /usr/lib/x86_64-linux-gnu/libXext.so.6.4.0
7fb451a97000-7fb451a98000 r--p 00010000 08:05 1541586                    /usr/lib/x86_64-linux-gnu/libXext.so.6.4.0
7fb451a98000-7fb451a99000 rw-p 00011000 08:05 1541586                    /usr/lib/x86_64-linux-gnu/libXext.so.6.4.0
7fb451a99000-7fb451a9a000 r--s 00000000 08:05 3211362                    /var/cache/fontconfig/c05880de57d1f5e948fdfacc138775d9-le64.cache-3
7fb451a9a000-7fb451a9b000 r--s 00000000 08:05 3211370                    /var/cache/fontconfig/e7071f4a29fa870f4323321c154eba04-le64.cache-3
7fb451a9b000-7fb451a9c000 r--s 00000000 08:05 3211334                    /var/cache/fontconfig/0d8c3b2ac0904cb8a57a757ad11a4a08-le64.cache-3
7fb451a9c000-7fb451a9d000 r--s 00000000 08:05 3211336                    /var/cache/fontconfig/1ac9eb803944fde146138c791f5cc56a-le64.cache-3
7fb451a9d000-7fb451aa0000 r--s 00000000 08:05 3211341                    /var/cache/fontconfig/385c0604a188198f04d133e54aba7fe7-le64.cache-3
7fb451aa0000-7fb451aa1000 r--s 00000000 08:05 3211368                    /var/cache/fontconfig/dc05db6664285cc2f12bf69c139ae4c3-le64.cache-3
7fb451aa1000-7fb451aa3000 r--s 00000000 08:05 3211351                    /var/cache/fontconfig/767a8244fc0220cfb567a839d0392e0b-le64.cache-3
7fb451aa3000-7fb451aa6000 r--s 00000000 08:05 3211353                    /var/cache/fontconfig/8801497958630a81b71ace7c5f9b32a8-le64.cache-3
7fb451aa6000-7fb451aab000 r--s 00000000 08:05 3211338                    /var/cache/fontconfig/3047814df9a2f067bd2d96a2b9c36e5a-le64.cache-3
7fb451aab000-7fb451ab0000 r--s 00000000 08:05 3211360                    /var/cache/fontconfig/b47c4e1ecd0709278f4910c18777a504-le64.cache-3
7fb451ab0000-7fb451b00000 r-xp 00000000 08:05 3883107                    /home/birdie/Documents/jdk1.7.0_45/jre/lib/amd64/xawt/libmawt.so
7fb451b00000-7fb451d00000 ---p 00050000 08:05 3883107                    /home/birdie/Documents/jdk1.7.0_45/jre/lib/amd64/xawt/libmawt.so
7fb451d00000-7fb451d04000 rw-p 00050000 08:05 3883107                    /home/birdie/Documents/jdk1.7.0_45/jre/lib/amd64/xawt/libmawt.so
7fb451d04000-7fb451d05000 rw-p 00000000 00:00 0 
7fb451d05000-7fb451da7000 r-xp 00000000 08:05 3867316                    /home/birdie/Documents/jdk1.7.0_45/jre/lib/amd64/libawt.so
7fb451da7000-7fb451fa7000 ---p 000a2000 08:05 3867316                    /home/birdie/Documents/jdk1.7.0_45/jre/lib/amd64/libawt.so
7fb451fa7000-7fb451fb3000 rw-p 000a2000 08:05 3867316                    /home/birdie/Documents/jdk1.7.0_45/jre/lib/amd64/libawt.so
7fb451fb3000-7fb451fd7000 rw-p 00000000 00:00 0 
7fb451fd7000-7fb451fd8000 ---p 00000000 00:00 0 
7fb451fd8000-7fb4520d8000 rw-p 00000000 00:00 0                          [stack:3420]
7fb4520d8000-7fb4520db000 ---p 00000000 00:00 0 
7fb4520db000-7fb4521d9000 rw-p 00000000 00:00 0                          [stack:3419]
7fb4521d9000-7fb4521dc000 ---p 00000000 00:00 0 
7fb4521dc000-7fb4522da000 rw-p 00000000 00:00 0                          [stack:3418]
7fb4522da000-7fb4522dd000 ---p 00000000 00:00 0 
7fb4522dd000-7fb4523db000 rw-p 00000000 00:00 0                          [stack:3417]
7fb4523db000-7fb4523de000 ---p 00000000 00:00 0 
7fb4523de000-7fb4524dc000 rw-p 00000000 00:00 0                          [stack:3413]
7fb4524dc000-7fb4524df000 ---p 00000000 00:00 0 
7fb4524df000-7fb4525dd000 rw-p 00000000 00:00 0                          [stack:3412]
7fb4525dd000-7fb4525e0000 ---p 00000000 00:00 0 
7fb4525e0000-7fb4526de000 rw-p 00000000 00:00 0                          [stack:3411]
7fb4526de000-7fb4526e2000 r-xp 00000000 08:05 3867321                    /home/birdie/Documents/jdk1.7.0_45/jre/lib/amd64/libdt_socket.so
7fb4526e2000-7fb4528e1000 ---p 00004000 08:05 3867321                    /home/birdie/Documents/jdk1.7.0_45/jre/lib/amd64/libdt_socket.so
7fb4528e1000-7fb4528e2000 rw-p 00003000 08:05 3867321                    /home/birdie/Documents/jdk1.7.0_45/jre/lib/amd64/libdt_socket.so
7fb4528e2000-7fb4528e5000 ---p 00000000 00:00 0 
7fb4528e5000-7fb4529e3000 rw-p 00000000 00:00 0                          [stack:3410]
7fb4529e3000-7fb4529e6000 ---p 00000000 00:00 0 
7fb4529e6000-7fb452ae4000 rw-p 00000000 00:00 0                          [stack:3408]
7fb452ae4000-7fb452ae7000 ---p 00000000 00:00 0 
7fb452ae7000-7fb452be5000 rw-p 00000000 00:00 0                          [stack:3407]
7fb452be5000-7fb452be6000 ---p 00000000 00:00 0 
7fb452be6000-7fb454000000 rw-p 00000000 00:00 0                          [stack:3406]
7fb454000000-7fb454021000 rw-p 00000000 00:00 0 
7fb454021000-7fb458000000 ---p 00000000 00:00 0 
7fb458000000-7fb458021000 rw-p 00000000 00:00 0 
7fb458021000-7fb45c000000 ---p 00000000 00:00 0 
7fb45c000000-7fb45c021000 rw-p 00000000 00:00 0 
7fb45c021000-7fb460000000 ---p 00000000 00:00 0 
7fb460000000-7fb460001000 r--s 00000000 08:05 3211343                    /var/cache/fontconfig/4794a0821666d79190d59a36cb4f44b5-le64.cache-3
7fb460001000-7fb460012000 r--s 00000000 08:05 3211366                    /var/cache/fontconfig/d52a8644073d54c13679302ca1180695-le64.cache-3
7fb460012000-7fb460966000 rw-p 00000000 00:00 0 
7fb460966000-7fb460b22000 r--s 039b2000 08:05 3850697                    /home/birdie/Documents/jdk1.7.0_45/jre/lib/rt.jar
7fb460b22000-7fb461000000 rw-p 00000000 00:00 0 
7fb461000000-7fb461270000 rwxp 00000000 00:00 0 
7fb461270000-7fb4643ba000 rw-p 00000000 00:00 0 
7fb4643ba000-7fb468000000 ---p 00000000 00:00 0 
7fb468000000-7fb468001000 r--s 00000000 08:05 3211345                    /var/cache/fontconfig/56cf4f4769d0f4abc89a4895d7bd3ae1-le64.cache-3
7fb468001000-7fb468008000 r--s 00000000 08:05 3211342                    /var/cache/fontconfig/3f7329c5293ffd510edef78f73874cfd-le64.cache-3
7fb468008000-7fb468059000 rw-p 00000000 00:00 0 
7fb468059000-7fb46805a000 ---p 00000000 00:00 0 
7fb46805a000-7fb46815a000 rw-p 00000000 00:00 0                          [stack:3405]
7fb46815a000-7fb46815b000 ---p 00000000 00:00 0 
7fb46815b000-7fb46825b000 rw-p 00000000 00:00 0                          [stack:3404]
7fb46825b000-7fb46825c000 ---p 00000000 00:00 0 
7fb46825c000-7fb46835c000 rw-p 00000000 00:00 0                          [stack:3403]
7fb46835c000-7fb46835d000 ---p 00000000 00:00 0 
7fb46835d000-7fb46845d000 rw-p 00000000 00:00 0                          [stack:3402]
7fb46845d000-7fb46845e000 ---p 00000000 00:00 0 
7fb46845e000-7fb46855e000 rw-p 00000000 00:00 0                          [stack:3401]
7fb46855e000-7fb46855f000 ---p 00000000 00:00 0 
7fb46855f000-7fb46865f000 rw-p 00000000 00:00 0                          [stack:3400]
7fb46865f000-7fb468660000 ---p 00000000 00:00 0 
7fb468660000-7fb468760000 rw-p 00000000 00:00 0                          [stack:3399]
7fb468760000-7fb468761000 ---p 00000000 00:00 0 
7fb468761000-7fb46886c000 rw-p 00000000 00:00 0                          [stack:3398]
7fb46886c000-7fb46888a000 rw-p 00000000 00:00 0 
7fb46888a000-7fb4688b4000 rw-p 00000000 00:00 0 
7fb4688b4000-7fb468b22000 rw-p 00000000 00:00 0 
7fb468b22000-7fb468b2d000 rw-p 00000000 00:00 0 
7fb468b2d000-7fb468b4b000 rw-p 00000000 00:00 0 
7fb468b4b000-7fb468b75000 rw-p 00000000 00:00 0 
7fb468b75000-7fb468de3000 rw-p 00000000 00:00 0 
7fb468de3000-7fb468e08000 rw-p 00000000 00:00 0 
7fb468e08000-7fb468f2f000 rw-p 00000000 00:00 0 
7fb468f2f000-7fb468f30000 rw-p 00000000 00:00 0 
7fb468f30000-7fb468f4a000 r-xp 00000000 08:05 3867333                    /home/birdie/Documents/jdk1.7.0_45/jre/lib/amd64/libzip.so
7fb468f4a000-7fb46914a000 ---p 0001a000 08:05 3867333                    /home/birdie/Documents/jdk1.7.0_45/jre/lib/amd64/libzip.so
7fb46914a000-7fb46914b000 rw-p 0001a000 08:05 3867333                    /home/birdie/Documents/jdk1.7.0_45/jre/lib/amd64/libzip.so
7fb46914b000-7fb469157000 r-xp 00000000 08:05 1934285                    /lib/x86_64-linux-gnu/libnss_files-2.17.so
7fb469157000-7fb469356000 ---p 0000c000 08:05 1934285                    /lib/x86_64-linux-gnu/libnss_files-2.17.so
7fb469356000-7fb469357000 r--p 0000b000 08:05 1934285                    /lib/x86_64-linux-gnu/libnss_files-2.17.so
7fb469357000-7fb469358000 rw-p 0000c000 08:05 1934285                    /lib/x86_64-linux-gnu/libnss_files-2.17.so
7fb469358000-7fb469363000 r-xp 00000000 08:05 1934289                    /lib/x86_64-linux-gnu/libnss_nis-2.17.so
7fb469363000-7fb469562000 ---p 0000b000 08:05 1934289                    /lib/x86_64-linux-gnu/libnss_nis-2.17.so
7fb469562000-7fb469563000 r--p 0000a000 08:05 1934289                    /lib/x86_64-linux-gnu/libnss_nis-2.17.so
7fb469563000-7fb469564000 rw-p 0000b000 08:05 1934289                    /lib/x86_64-linux-gnu/libnss_nis-2.17.so
7fb469564000-7fb46957b000 r-xp 00000000 08:05 1934279                    /lib/x86_64-linux-gnu/libnsl-2.17.so
7fb46957b000-7fb46977a000 ---p 00017000 08:05 1934279                    /lib/x86_64-linux-gnu/libnsl-2.17.so
7fb46977a000-7fb46977b000 r--p 00016000 08:05 1934279                    /lib/x86_64-linux-gnu/libnsl-2.17.so
7fb46977b000-7fb46977c000 rw-p 00017000 08:05 1934279                    /lib/x86_64-linux-gnu/libnsl-2.17.so
7fb46977c000-7fb46977e000 rw-p 00000000 00:00 0 
7fb46977e000-7fb469786000 r-xp 00000000 08:05 1934281                    /lib/x86_64-linux-gnu/libnss_compat-2.17.so
7fb469786000-7fb469985000 ---p 00008000 08:05 1934281                    /lib/x86_64-linux-gnu/libnss_compat-2.17.so
7fb469985000-7fb469986000 r--p 00007000 08:05 1934281                    /lib/x86_64-linux-gnu/libnss_compat-2.17.so
7fb469986000-7fb469987000 rw-p 00008000 08:05 1934281                    /lib/x86_64-linux-gnu/libnss_compat-2.17.so
7fb469987000-7fb46a068000 r--p 00000000 08:05 4538369                    /usr/lib/locale/locale-archive
7fb46a068000-7fb46a06b000 r-xp 00000000 08:05 3867340                    /home/birdie/Documents/jdk1.7.0_45/jre/lib/amd64/libnpt.so
7fb46a06b000-7fb46a26a000 ---p 00003000 08:05 3867340                    /home/birdie/Documents/jdk1.7.0_45/jre/lib/amd64/libnpt.so
7fb46a26a000-7fb46a26b000 rw-p 00002000 08:05 3867340                    /home/birdie/Documents/jdk1.7.0_45/jre/lib/amd64/libnpt.so
7fb46a26b000-7fb46a2a4000 r-xp 00000000 08:05 3867319                    /home/birdie/Documents/jdk1.7.0_45/jre/lib/amd64/libjdwp.so
7fb46a2a4000-7fb46a4a4000 ---p 00039000 08:05 3867319                    /home/birdie/Documents/jdk1.7.0_45/jre/lib/amd64/libjdwp.so
7fb46a4a4000-7fb46a4a5000 rw-p 00039000 08:05 3867319                    /home/birdie/Documents/jdk1.7.0_45/jre/lib/amd64/libjdwp.so
7fb46a4a5000-7fb46a4a6000 rw-p 00000000 00:00 0 
7fb46a4a6000-7fb46a4cf000 r-xp 00000000 08:05 3867324                    /home/birdie/Documents/jdk1.7.0_45/jre/lib/amd64/libjava.so
7fb46a4cf000-7fb46a6cf000 ---p 00029000 08:05 3867324                    /home/birdie/Documents/jdk1.7.0_45/jre/lib/amd64/libjava.so
7fb46a6cf000-7fb46a6d1000 rw-p 00029000 08:05 3867324                    /home/birdie/Documents/jdk1.7.0_45/jre/lib/amd64/libjava.so
7fb46a6d1000-7fb46a6de000 r-xp 00000000 08:05 3867313                    /home/birdie/Documents/jdk1.7.0_45/jre/lib/amd64/libverify.so
7fb46a6de000-7fb46a8dd000 ---p 0000d000 08:05 3867313                    /home/birdie/Documents/jdk1.7.0_45/jre/lib/amd64/libverify.so
7fb46a8dd000-7fb46a8df000 rw-p 0000c000 08:05 3867313                    /home/birdie/Documents/jdk1.7.0_45/jre/lib/amd64/libverify.so
7fb46a8df000-7fb46a8e6000 r-xp 00000000 08:05 1934332                    /lib/x86_64-linux-gnu/librt-2.17.so
7fb46a8e6000-7fb46aae5000 ---p 00007000 08:05 1934332                    /lib/x86_64-linux-gnu/librt-2.17.so
7fb46aae5000-7fb46aae6000 r--p 00006000 08:05 1934332                    /lib/x86_64-linux-gnu/librt-2.17.so
7fb46aae6000-7fb46aae7000 rw-p 00007000 08:05 1934332                    /lib/x86_64-linux-gnu/librt-2.17.so
7fb46aae7000-7fb46abea000 r-xp 00000000 08:05 1934260                    /lib/x86_64-linux-gnu/libm-2.17.so
7fb46abea000-7fb46adea000 ---p 00103000 08:05 1934260                    /lib/x86_64-linux-gnu/libm-2.17.so
7fb46adea000-7fb46adeb000 r--p 00103000 08:05 1934260                    /lib/x86_64-linux-gnu/libm-2.17.so
7fb46adeb000-7fb46adec000 rw-p 00104000 08:05 1934260                    /lib/x86_64-linux-gnu/libm-2.17.so
7fb46adec000-7fb46b94e000 r-xp 00000000 08:05 3867331                    /home/birdie/Documents/jdk1.7.0_45/jre/lib/amd64/server/libjvm.so
7fb46b94e000-7fb46bb4e000 ---p 00b62000 08:05 3867331                    /home/birdie/Documents/jdk1.7.0_45/jre/lib/amd64/server/libjvm.so
7fb46bb4e000-7fb46bc11000 rw-p 00b62000 08:05 3867331                    /home/birdie/Documents/jdk1.7.0_45/jre/lib/amd64/server/libjvm.so
7fb46bc11000-7fb46bc52000 rw-p 00000000 00:00 0 
7fb46bc52000-7fb46be10000 r-xp 00000000 08:05 1934212                    /lib/x86_64-linux-gnu/libc-2.17.so
7fb46be10000-7fb46c00f000 ---p 001be000 08:05 1934212                    /lib/x86_64-linux-gnu/libc-2.17.so
7fb46c00f000-7fb46c013000 r--p 001bd000 08:05 1934212                    /lib/x86_64-linux-gnu/libc-2.17.so
7fb46c013000-7fb46c015000 rw-p 001c1000 08:05 1934212                    /lib/x86_64-linux-gnu/libc-2.17.so
7fb46c015000-7fb46c01a000 rw-p 00000000 00:00 0 
7fb46c01a000-7fb46c01d000 r-xp 00000000 08:05 1934227                    /lib/x86_64-linux-gnu/libdl-2.17.so
7fb46c01d000-7fb46c21c000 ---p 00003000 08:05 1934227                    /lib/x86_64-linux-gnu/libdl-2.17.so
7fb46c21c000-7fb46c21d000 r--p 00002000 08:05 1934227                    /lib/x86_64-linux-gnu/libdl-2.17.so
7fb46c21d000-7fb46c21e000 rw-p 00003000 08:05 1934227                    /lib/x86_64-linux-gnu/libdl-2.17.so
7fb46c21e000-7fb46c234000 r-xp 00000000 08:05 3850252                    /home/birdie/Documents/jdk1.7.0_45/lib/amd64/jli/libjli.so
7fb46c234000-7fb46c434000 ---p 00016000 08:05 3850252                    /home/birdie/Documents/jdk1.7.0_45/lib/amd64/jli/libjli.so
7fb46c434000-7fb46c435000 rw-p 00016000 08:05 3850252                    /home/birdie/Documents/jdk1.7.0_45/lib/amd64/jli/libjli.so
7fb46c435000-7fb46c44d000 r-xp 00000000 08:05 1934324                    /lib/x86_64-linux-gnu/libpthread-2.17.so
7fb46c44d000-7fb46c64c000 ---p 00018000 08:05 1934324                    /lib/x86_64-linux-gnu/libpthread-2.17.so
7fb46c64c000-7fb46c64d000 r--p 00017000 08:05 1934324                    /lib/x86_64-linux-gnu/libpthread-2.17.so
7fb46c64d000-7fb46c64e000 rw-p 00018000 08:05 1934324                    /lib/x86_64-linux-gnu/libpthread-2.17.so
7fb46c64e000-7fb46c652000 rw-p 00000000 00:00 0 
7fb46c652000-7fb46c675000 r-xp 00000000 08:05 1934188                    /lib/x86_64-linux-gnu/ld-2.17.so
7fb46c675000-7fb46c6a0000 rw-p 00000000 00:00 0 
7fb46c6a0000-7fb46c756000 rw-p 00000000 00:00 0 
7fb46c756000-7fb46c759000 ---p 00000000 00:00 0 
7fb46c759000-7fb46c85b000 rw-p 00000000 00:00 0                          [stack:3394]
7fb46c85b000-7fb46c85c000 r--s 00000000 08:05 3211361                    /var/cache/fontconfig/b9d506c9ac06c20b433354fa67a72993-le64.cache-3
7fb46c85c000-7fb46c85d000 r--s 00000000 08:05 3211333                    /var/cache/fontconfig/0c9eb80ebd1c36541ebe2852d3bb0c49-le64.cache-3
7fb46c85d000-7fb46c860000 r--s 00000000 08:05 3211369                    /var/cache/fontconfig/e13b20fdb08344e0e664864cc2ede53d-le64.cache-3
7fb46c860000-7fb46c864000 r--s 00000000 08:05 3211352                    /var/cache/fontconfig/7ef2298fde41cc6eeb7af42e48b7d293-le64.cache-3
7fb46c864000-7fb46c866000 r--s 0000d000 08:05 1757494                    /usr/share/java/RXTXcomm-2.2pre2.jar
7fb46c866000-7fb46c868000 r--s 0000d000 08:05 3867496                    /home/birdie/Documents/jdk1.7.0_45/jre/lib/ext/RXTXcomm.jar
7fb46c868000-7fb46c870000 rw-s 00000000 08:05 315945                     /tmp/hsperfdata_birdie/3391
7fb46c870000-7fb46c871000 rw-p 00000000 00:00 0 
7fb46c871000-7fb46c872000 r--p 00000000 00:00 0 
7fb46c872000-7fb46c874000 rw-p 00000000 00:00 0 
7fb46c874000-7fb46c875000 r--p 00022000 08:05 1934188                    /lib/x86_64-linux-gnu/ld-2.17.so
7fb46c875000-7fb46c877000 rw-p 00023000 08:05 1934188                    /lib/x86_64-linux-gnu/ld-2.17.so
7fff6e251000-7fff6e272000 rw-p 00000000 00:00 0                          [stack]
7fff6e327000-7fff6e328000 r-xp 00000000 00:00 0                          [vdso]
ffffffffff600000-ffffffffff601000 r-xp 00000000 00:00 0                  [vsyscall]

VM Arguments:
jvm_args: -Xdebug -Xrunjdwp:transport=dt_socket,address=localhost:48866 -Dfile.encoding=UTF-8 
java_command: mosesserver.MosesServerForm
Launcher Type: SUN_STANDARD

Environment Variables:
PATH=/usr/local/sbin:/usr/local/bin:/usr/sbin:/usr/bin:/sbin:/bin:/usr/games:/usr/local/games
USERNAME=birdie
LD_LIBRARY_PATH=/home/birdie/Documents/jdk1.7.0_45/jre/lib/amd64:/home/birdie/Documents/jdk1.7.0_45/jre/lib/i386:
SHELL=/bin/bash
DISPLAY=:0

Signal Handlers:
SIGSEGV: [libjvm.so+0x9935b0], sa_mask[0]=0x7ffbfeff, sa_flags=0x10000004
SIGBUS: [libjvm.so+0x9935b0], sa_mask[0]=0x7ffbfeff, sa_flags=0x10000004
SIGFPE: [libjvm.so+0x810330], sa_mask[0]=0x7ffbfeff, sa_flags=0x10000004
SIGPIPE: SIG_IGN, sa_mask[0]=0x00001000, sa_flags=0x10000000
SIGXFSZ: [libjvm.so+0x810330], sa_mask[0]=0x7ffbfeff, sa_flags=0x10000004
SIGILL: [libjvm.so+0x810330], sa_mask[0]=0x7ffbfeff, sa_flags=0x10000004
SIGUSR1: SIG_DFL, sa_mask[0]=0x00000000, sa_flags=0x00000000
SIGUSR2: [libjvm.so+0x811820], sa_mask[0]=0x00000004, sa_flags=0x10000004
SIGHUP: [libjvm.so+0x812790], sa_mask[0]=0x7ffbfeff, sa_flags=0x10000004
SIGINT: SIG_IGN, sa_mask[0]=0x00000000, sa_flags=0x00000000
SIGTERM: [libjvm.so+0x812790], sa_mask[0]=0x7ffbfeff, sa_flags=0x10000004
SIGQUIT: [libjvm.so+0x812790], sa_mask[0]=0x7ffbfeff, sa_flags=0x10000004


---------------  S Y S T E M  ---------------

OS:wheezy/sid

uname:Linux 3.10.37-customname #1 SMP Fri Apr 18 10:51:28 MDT 2014 x86_64
libc:glibc 2.17 NPTL 2.17 
rlimit: STACK 8192k, CORE 0k, NPROC 63437, NOFILE 4096, AS infinity
load average:0.57 0.53 0.26

/proc/meminfo:
MemTotal:        8153360 kB
MemFree:         4984112 kB
Buffers:         1129652 kB
Cached:           785912 kB
SwapCached:            0 kB
Active:          1198436 kB
Inactive:        1752944 kB
Active(anon):    1036720 kB
Inactive(anon):    20576 kB
Active(file):     161716 kB
Inactive(file):  1732368 kB
Unevictable:           0 kB
Mlocked:               0 kB
SwapTotal:             0 kB
SwapFree:              0 kB
Dirty:              1152 kB
Writeback:             0 kB
AnonPages:       1035880 kB
Mapped:           105300 kB
Shmem:             21468 kB
Slab:             112500 kB
SReclaimable:      82208 kB
SUnreclaim:        30292 kB
KernelStack:        3840 kB
PageTables:        18212 kB
NFS_Unstable:          0 kB
Bounce:                0 kB
WritebackTmp:          0 kB
CommitLimit:     4076680 kB
Committed_AS:    2710540 kB
VmallocTotal:   34359738367 kB
VmallocUsed:      141888 kB
VmallocChunk:   34359593468 kB
HardwareCorrupted:     0 kB
AnonHugePages:         0 kB
HugePages_Total:       0
HugePages_Free:        0
HugePages_Rsvd:        0
HugePages_Surp:        0
Hugepagesize:       2048 kB
DirectMap4k:      120376 kB
DirectMap2M:     8245248 kB


CPU:total 8 (4 cores per cpu, 2 threads per core) family 6 model 42 stepping 7, cmov, cx8, fxsr, mmx, sse, sse2, sse3, ssse3, sse4.1, sse4.2, popcnt, avx, ht, tsc, tscinvbit

/proc/cpuinfo:
processor	: 0
vendor_id	: GenuineIntel
cpu family	: 6
model		: 42
model name	: Intel(R) Core(TM) i7-2630QM CPU @ 2.00GHz
stepping	: 7
microcode	: 0x6
cpu MHz		: 866.328
cache size	: 6144 KB
physical id	: 0
siblings	: 8
core id		: 0
cpu cores	: 4
apicid		: 0
initial apicid	: 0
fpu		: yes
fpu_exception	: yes
cpuid level	: 13
wp		: yes
flags		: fpu vme de pse tsc msr pae mce cx8 apic sep mtrr pge mca cmov pat pse36 clflush dts acpi mmx fxsr sse sse2 ss ht tm pbe syscall nx rdtscp lm constant_tsc arch_perfmon pebs bts rep_good nopl xtopology nonstop_tsc aperfmperf eagerfpu pni pclmulqdq dtes64 monitor ds_cpl vmx est tm2 ssse3 cx16 xtpr pdcm pcid sse4_1 sse4_2 x2apic popcnt tsc_deadline_timer xsave avx lahf_lm ida arat epb xsaveopt pln pts dtherm tpr_shadow vnmi flexpriority ept vpid
bogomips	: 3991.13
clflush size	: 64
cache_alignment	: 64
address sizes	: 36 bits physical, 48 bits virtual
power management:

processor	: 1
vendor_id	: GenuineIntel
cpu family	: 6
model		: 42
model name	: Intel(R) Core(TM) i7-2630QM CPU @ 2.00GHz
stepping	: 7
microcode	: 0x6
cpu MHz		: 1268.515
cache size	: 6144 KB
physical id	: 0
siblings	: 8
core id		: 1
cpu cores	: 4
apicid		: 2
initial apicid	: 2
fpu		: yes
fpu_exception	: yes
cpuid level	: 13
wp		: yes
flags		: fpu vme de pse tsc msr pae mce cx8 apic sep mtrr pge mca cmov pat pse36 clflush dts acpi mmx fxsr sse sse2 ss ht tm pbe syscall nx rdtscp lm constant_tsc arch_perfmon pebs bts rep_good nopl xtopology nonstop_tsc aperfmperf eagerfpu pni pclmulqdq dtes64 monitor ds_cpl vmx est tm2 ssse3 cx16 xtpr pdcm pcid sse4_1 sse4_2 x2apic popcnt tsc_deadline_timer xsave avx lahf_lm ida arat epb xsaveopt pln pts dtherm tpr_shadow vnmi flexpriority ept vpid
bogomips	: 3991.13
clflush size	: 64
cache_alignment	: 64
address sizes	: 36 bits physical, 48 bits virtual
power management:

processor	: 2
vendor_id	: GenuineIntel
cpu family	: 6
model		: 42
model name	: Intel(R) Core(TM) i7-2630QM CPU @ 2.00GHz
stepping	: 7
microcode	: 0x6
cpu MHz		: 1212.187
cache size	: 6144 KB
physical id	: 0
siblings	: 8
core id		: 2
cpu cores	: 4
apicid		: 4
initial apicid	: 4
fpu		: yes
fpu_exception	: yes
cpuid level	: 13
wp		: yes
flags		: fpu vme de pse tsc msr pae mce cx8 apic sep mtrr pge mca cmov pat pse36 clflush dts acpi mmx fxsr sse sse2 ss ht tm pbe syscall nx rdtscp lm constant_tsc arch_perfmon pebs bts rep_good nopl xtopology nonstop_tsc aperfmperf eagerfpu pni pclmulqdq dtes64 monitor ds_cpl vmx est tm2 ssse3 cx16 xtpr pdcm pcid sse4_1 sse4_2 x2apic popcnt tsc_deadline_timer xsave avx lahf_lm ida arat epb xsaveopt pln pts dtherm tpr_shadow vnmi flexpriority ept vpid
bogomips	: 3991.13
clflush size	: 64
cache_alignment	: 64
address sizes	: 36 bits physical, 48 bits virtual
power management:

processor	: 3
vendor_id	: GenuineIntel
cpu family	: 6
model		: 42
model name	: Intel(R) Core(TM) i7-2630QM CPU @ 2.00GHz
stepping	: 7
microcode	: 0x6
cpu MHz		: 1289.921
cache size	: 6144 KB
physical id	: 0
siblings	: 8
core id		: 3
cpu cores	: 4
apicid		: 6
initial apicid	: 6
fpu		: yes
fpu_exception	: yes
cpuid level	: 13
wp		: yes
flags		: fpu vme de pse tsc msr pae mce cx8 apic sep mtrr pge mca cmov pat pse36 clflush dts acpi mmx fxsr sse sse2 ss ht tm pbe syscall nx rdtscp lm constant_tsc arch_perfmon pebs bts rep_good nopl xtopology nonstop_tsc aperfmperf eagerfpu pni pclmulqdq dtes64 monitor ds_cpl vmx est tm2 ssse3 cx16 xtpr pdcm pcid sse4_1 sse4_2 x2apic popcnt tsc_deadline_timer xsave avx lahf_lm ida arat epb xsaveopt pln pts dtherm tpr_shadow vnmi flexpriority ept vpid
bogomips	: 3991.13
clflush size	: 64
cache_alignment	: 64
address sizes	: 36 bits physical, 48 bits virtual
power management:

processor	: 4
vendor_id	: GenuineIntel
cpu family	: 6
model		: 42
model name	: Intel(R) Core(TM) i7-2630QM CPU @ 2.00GHz
stepping	: 7
microcode	: 0x6
cpu MHz		: 1379.531
cache size	: 6144 KB
physical id	: 0
siblings	: 8
core id		: 0
cpu cores	: 4
apicid		: 1
initial apicid	: 1
fpu		: yes
fpu_exception	: yes
cpuid level	: 13
wp		: yes
flags		: fpu vme de pse tsc msr pae mce cx8 apic sep mtrr pge mca cmov pat pse36 clflush dts acpi mmx fxsr sse sse2 ss ht tm pbe syscall nx rdtscp lm constant_tsc arch_perfmon pebs bts rep_good nopl xtopology nonstop_tsc aperfmperf eagerfpu pni pclmulqdq dtes64 monitor ds_cpl vmx est tm2 ssse3 cx16 xtpr pdcm pcid sse4_1 sse4_2 x2apic popcnt tsc_deadline_timer xsave avx lahf_lm ida arat epb xsaveopt pln pts dtherm tpr_shadow vnmi flexpriority ept vpid
bogomips	: 3991.13
clflush size	: 64
cache_alignment	: 64
address sizes	: 36 bits physical, 48 bits virtual
power management:

processor	: 5
vendor_id	: GenuineIntel
cpu family	: 6
model		: 42
model name	: Intel(R) Core(TM) i7-2630QM CPU @ 2.00GHz
stepping	: 7
microcode	: 0x6
cpu MHz		: 1287.187
cache size	: 6144 KB
physical id	: 0
siblings	: 8
core id		: 1
cpu cores	: 4
apicid		: 3
initial apicid	: 3
fpu		: yes
fpu_exception	: yes
cpuid level	: 13
wp		: yes
flags		: fpu vme de pse tsc msr pae mce cx8 apic sep mtrr pge mca cmov pat pse36 clflush dts acpi mmx fxsr sse sse2 ss ht tm pbe syscall nx rdtscp lm constant_tsc arch_perfmon pebs bts rep_good nopl xtopology nonstop_tsc aperfmperf eagerfpu pni pclmulqdq dtes64 monitor ds_cpl vmx est tm2 ssse3 cx16 xtpr pdcm pcid sse4_1 sse4_2 x2apic popcnt tsc_deadline_timer xsave avx lahf_lm ida arat epb xsaveopt pln pts dtherm tpr_shadow vnmi flexpriority ept vpid
bogomips	: 3991.13
clflush size	: 64
cache_alignment	: 64
address sizes	: 36 bits physical, 48 bits virtual
power management:

processor	: 6
vendor_id	: GenuineIntel
cpu family	: 6
model		: 42
model name	: Intel(R) Core(TM) i7-2630QM CPU @ 2.00GHz
stepping	: 7
microcode	: 0x6
cpu MHz		: 1086.875
cache size	: 6144 KB
physical id	: 0
siblings	: 8
core id		: 2
cpu cores	: 4
apicid		: 5
initial apicid	: 5
fpu		: yes
fpu_exception	: yes
cpuid level	: 13
wp		: yes
flags		: fpu vme de pse tsc msr pae mce cx8 apic sep mtrr pge mca cmov pat pse36 clflush dts acpi mmx fxsr sse sse2 ss ht tm pbe syscall nx rdtscp lm constant_tsc arch_perfmon pebs bts rep_good nopl xtopology nonstop_tsc aperfmperf eagerfpu pni pclmulqdq dtes64 monitor ds_cpl vmx est tm2 ssse3 cx16 xtpr pdcm pcid sse4_1 sse4_2 x2apic popcnt tsc_deadline_timer xsave avx lahf_lm ida arat epb xsaveopt pln pts dtherm tpr_shadow vnmi flexpriority ept vpid
bogomips	: 3991.13
clflush size	: 64
cache_alignment	: 64
address sizes	: 36 bits physical, 48 bits virtual
power management:

processor	: 7
vendor_id	: GenuineIntel
cpu family	: 6
model		: 42
model name	: Intel(R) Core(TM) i7-2630QM CPU @ 2.00GHz
stepping	: 7
microcode	: 0x6
cpu MHz		: 1442.578
cache size	: 6144 KB
physical id	: 0
siblings	: 8
core id		: 3
cpu cores	: 4
apicid		: 7
initial apicid	: 7
fpu		: yes
fpu_exception	: yes
cpuid level	: 13
wp		: yes
flags		: fpu vme de pse tsc msr pae mce cx8 apic sep mtrr pge mca cmov pat pse36 clflush dts acpi mmx fxsr sse sse2 ss ht tm pbe syscall nx rdtscp lm constant_tsc arch_perfmon pebs bts rep_good nopl xtopology nonstop_tsc aperfmperf eagerfpu pni pclmulqdq dtes64 monitor ds_cpl vmx est tm2 ssse3 cx16 xtpr pdcm pcid sse4_1 sse4_2 x2apic popcnt tsc_deadline_timer xsave avx lahf_lm ida arat epb xsaveopt pln pts dtherm tpr_shadow vnmi flexpriority ept vpid
bogomips	: 3991.13
clflush size	: 64
cache_alignment	: 64
address sizes	: 36 bits physical, 48 bits virtual
power management:



Memory: 4k page, physical 8153360k(4984112k free), swap 0k(0k free)

vm_info: Java HotSpot(TM) 64-Bit Server VM (24.45-b08) for linux-amd64 JRE (1.7.0_45-b18), built on Oct  8 2013 05:44:25 by "java_re" with gcc 4.3.0 20080428 (Red Hat 4.3.0-8)

time: Tue Jun 10 08:43:21 2014
elapsed time: 71 seconds

