#
# A fatal error has been detected by the Java Runtime Environment:
#
#  SIGSEGV (0xb) at pc=0x00007f8d92631d9d, pid=3273, tid=140246020949760
#
# JRE version: Java(TM) SE Runtime Environment (7.0_45-b18) (build 1.7.0_45-b18)
# Java VM: Java HotSpot(TM) 64-Bit Server VM (24.45-b08 mixed mode linux-amd64 compressed oops)
# Problematic frame:
# C  [librxtxSerial.so+0x6d9d]  read_byte_array+0x3d
#
# Failed to write core dump. Core dumps have been disabled. To enable core dumping, try "ulimit -c unlimited" before starting Java again
#
# If you would like to submit a bug report, please visit:
#   http://bugreport.sun.com/bugreport/crash.jsp
# The crash happened outside the Java Virtual Machine in native code.
# See problematic frame for where to report the bug.
#

---------------  T H R E A D  ---------------

Current thread (0x00007f8d8411b800):  JavaThread "Thread-2" [_thread_in_native, id=3333, stack(0x00007f8d92328000,0x00007f8d92429000)]

siginfo:si_signo=SIGSEGV: si_errno=0, si_code=1 (SEGV_MAPERR), si_addr=0xffffffff925283f8

Registers:
RAX=0xffffffff925283f0, RBX=0x00007f8d74002f70, RCX=0x0000000000000001, RDX=0x00007f8df5650a00
RSP=0x00007f8d92426fb0, RBP=0x00007f8d8411b9e8, RSI=0x00007f8d92634b25, RDI=0x00007f8d92634a9f
R8 =0x00007f8d92426f20, R9 =0x00000007d763be10, R10=0x0000000000000014, R11=0x00007f8df5655008
R12=0xffffffffffffffff, R13=0x0000000000000001, R14=0x0000000000000013, R15=0x00000000ffffffff
RIP=0x00007f8d92631d9d, EFLAGS=0x0000000000010202, CSGSFS=0x0000000000000033, ERR=0x0000000000000005
  TRAPNO=0x000000000000000e

Top of Stack: (sp=0x00007f8d92426fb0)
0x00007f8d92426fb0:   0000000000002000 0000000000002000
0x00007f8d92426fc0:   0000000100000000 00007f8d74002f70
0x00007f8d92426fd0:   0000001300002000 00007f8d74002f70
0x00007f8d92426fe0:   0000000000000000 0000000000000700
0x00007f8d92426ff0:   00007f8d92427050 ffffffff925283f0
0x00007f8d92427000:   00007f8d8411b9e8 00007f8d928375d0
0x00007f8d92427010:   0000000000000000 0000000000000001
0x00007f8d92427020:   0000000000000013 0000000000000000
0x00007f8d92427030:   00007f8d8411b9e8 00007f8df608dc95
0x00007f8d92427040:   0000000000000005 0000000000000000
0x00007f8d92427050:   00007f8d92427080 00007f8d9262bd18
0x00007f8d92427060:   00007f8d74002f70 00007f8d8411b9e8
0x00007f8d92427070:   ffffffffffffffff 00007f8df6094725
0x00007f8d92427080:   00007f8d74002f70 00007f8d74002f70
0x00007f8d92427090:   0000000000000013 00007f8d74002f70
0x00007f8d924270a0:   00007f8d8411b9e8 ffffffffffffffff
0x00007f8d924270b0:   0000000000000001 0000000000000013
0x00007f8d924270c0:   0000000000000000 00007f8d92632272
0x00007f8d924270d0:   00007f8d8411b800 00007f8d924271b8
0x00007f8d924270e0:   00007f8d924271c0 000000077f3331c8
0x00007f8d924270f0:   00007f8d92427188 0000000000000000
0x00007f8d92427100:   000000077f3331c0 00007f8d924271c0
0x00007f8d92427110:   00007f8d8411b800 00007f8dec390cd8
0x00007f8d92427120:   000000077f36d904 00007f8d000000b6
0x00007f8d92427130:   00007f8d8411c088 00007f8d000000b6
0x00007f8d92427140:   00007f8d8411b800 00007f8d92427148
0x00007f8d92427150:   000000077f3331c0 00007f8d924271c0
0x00007f8d92427160:   000000077f36f580 0000000000000000
0x00007f8d92427170:   000000077f3331c8 0000000000000000
0x00007f8d92427180:   00007f8d924271a8 00007f8d92427228
0x00007f8d92427190:   00007f8dec3841d4 0000000000000000
0x00007f8d924271a0:   00007f8dec38ccd6 0000000000000001 

Instructions: (pc=0x00007f8d92631d9d)
0x00007f8d92631d7d:   4c 24 18 48 8d 15 17 2d 00 00 48 8d 0d 0e 2d 00
0x00007f8d92631d8d:   00 44 89 44 24 14 e8 88 c7 ff ff 48 89 44 24 48
0x00007f8d92631d9d:   8b 40 08 45 85 ff 48 8b 54 24 48 89 44 24 40 c7
0x00007f8d92631dad:   42 08 00 00 00 00 0f 88 bd 01 00 00 31 c0 e8 70 

Register to memory mapping:

RAX=0xffffffff925283f0 is an unknown value
RBX=0x00007f8d74002f70 is an unknown value
RCX=0x0000000000000001 is an unknown value
RDX=0x00007f8df5650a00: <offset 0xe37a00> in /home/birdie/Documents/jdk1.7.0_45/jre/lib/amd64/server/libjvm.so at 0x00007f8df4819000
RSP=0x00007f8d92426fb0 is pointing into the stack for thread: 0x00007f8d8411b800
RBP=0x00007f8d8411b9e8 is an unknown value
RSI=0x00007f8d92634b25: <offset 0x9b25> in /home/birdie/Documents/jdk1.7.0_45/jre/lib/amd64/librxtxSerial.so at 0x00007f8d9262b000
RDI=0x00007f8d92634a9f: <offset 0x9a9f> in /home/birdie/Documents/jdk1.7.0_45/jre/lib/amd64/librxtxSerial.so at 0x00007f8d9262b000
R8 =0x00007f8d92426f20 is pointing into the stack for thread: 0x00007f8d8411b800
R9 =0x00000007d763be10 is an oop
gnu.io.RXTXPort 
 - klass: 'gnu/io/RXTXPort'
R10=0x0000000000000014 is an unknown value
R11=0x00007f8df5655008: <offset 0xe3c008> in /home/birdie/Documents/jdk1.7.0_45/jre/lib/amd64/server/libjvm.so at 0x00007f8df4819000
R12=0xffffffffffffffff is an unknown value
R13=0x0000000000000001 is an unknown value
R14=0x0000000000000013 is an unknown value
R15=0x00000000ffffffff is an unknown value


Stack: [0x00007f8d92328000,0x00007f8d92429000],  sp=0x00007f8d92426fb0,  free space=1019k
Native frames: (J=compiled Java code, j=interpreted, Vv=VM code, C=native code)
C  [librxtxSerial.so+0x6d9d]  read_byte_array+0x3d

Java frames: (J=compiled Java code, j=interpreted, Vv=VM code)
j  gnu.io.RXTXPort.readArray([BII)I+0
j  gnu.io.RXTXPort$SerialInputStream.read([BII)I+212
j  sun.nio.cs.StreamDecoder.readBytes()I+135
j  sun.nio.cs.StreamDecoder.implRead([CII)I+112
j  sun.nio.cs.StreamDecoder.read([CII)I+180
j  java.io.InputStreamReader.read([CII)I+7
j  java.io.BufferedReader.fill()V+145
j  java.io.BufferedReader.read()I+23
J  mosesserver.MosesServerForm.listenerSerial()V
j  mosesserver.MosesServerForm.access$1200(Lmosesserver/MosesServerForm;)V+1
j  mosesserver.MosesServerForm$13.run()V+4
j  java.lang.Thread.run()V+11
v  ~StubRoutines::call_stub

---------------  P R O C E S S  ---------------

Java Threads: ( => current thread )
  0x00007f8d84121800 JavaThread "Thread-4" [_thread_in_vm, id=3335, stack(0x00007f8d92126000,0x00007f8d92227000)]
  0x00007f8d8411f800 JavaThread "Thread-3" [_thread_in_native, id=3334, stack(0x00007f8d92227000,0x00007f8d92328000)]
=>0x00007f8d8411b800 JavaThread "Thread-2" [_thread_in_native, id=3333, stack(0x00007f8d92328000,0x00007f8d92429000)]
  0x00007f8d8410f800 JavaThread "Thread-1" [_thread_in_native, id=3332, stack(0x00007f8d92429000,0x00007f8d9252a000)]
  0x00007f8d84111800 JavaThread "Thread-0" [_thread_in_native, id=3327, stack(0x00007f8d9252a000,0x00007f8d9262b000)]
  0x00007f8d8408b000 JavaThread "TimerQueue" daemon [_thread_blocked, id=3298, stack(0x00007f8db8042000,0x00007f8db8143000)]
  0x00007f8df000a000 JavaThread "DestroyJavaVM" [_thread_blocked, id=3275, stack(0x00007f8df6183000,0x00007f8df6284000)]
  0x00007f8df039d000 JavaThread "AWT-EventQueue-0" [_thread_blocked, id=3297, stack(0x00007f8db8143000,0x00007f8db8244000)]
  0x00007f8df039c000 JavaThread "AWT-Shutdown" [_thread_blocked, id=3296, stack(0x00007f8db8244000,0x00007f8db8345000)]
  0x00007f8df01d3000 JavaThread "AWT-XAWT" daemon [_thread_in_native, id=3295, stack(0x00007f8de2605000,0x00007f8de2706000)]
  0x00007f8df01af800 JavaThread "Java2D Disposer" daemon [_thread_blocked, id=3294, stack(0x00007f8de2b17000,0x00007f8de2c18000)]
  0x00007f8df009f000 JavaThread "Service Thread" daemon [_thread_blocked, id=3292, stack(0x00007f8de845c000,0x00007f8de855d000)]
  0x00007f8df009c800 JavaThread "C2 CompilerThread1" daemon [_thread_blocked, id=3291, stack(0x00007f8de855d000,0x00007f8de865e000)]
  0x00007f8df0099800 JavaThread "C2 CompilerThread0" daemon [_thread_blocked, id=3290, stack(0x00007f8de865e000,0x00007f8de875f000)]
  0x00007f8df008f800 JavaThread "Signal Dispatcher" daemon [_thread_blocked, id=3289, stack(0x00007f8de875f000,0x00007f8de8860000)]
  0x00007f8df0078800 JavaThread "Finalizer" daemon [_thread_blocked, id=3288, stack(0x00007f8de8f41000,0x00007f8de9042000)]
  0x00007f8df0074800 JavaThread "Reference Handler" daemon [_thread_blocked, id=3287, stack(0x00007f8de9042000,0x00007f8de9143000)]

Other Threads:
  0x00007f8df0072000 VMThread [stack: 0x00007f8de9143000,0x00007f8de9244000] [id=3286]
  0x00007f8df00a9800 WatcherThread [stack: 0x00007f8de835b000,0x00007f8de845c000] [id=3293]

VM state:not at safepoint (normal execution)

VM Mutex/Monitor currently owned by a thread: None

Heap
 PSYoungGen      total 37376K, used 19273K [0x00000007d6800000, 0x00000007d9180000, 0x0000000800000000)
  eden space 32256K, 59% used [0x00000007d6800000,0x00000007d7ad24b8,0x00000007d8780000)
  from space 5120K, 0% used [0x00000007d8c80000,0x00000007d8c80000,0x00000007d9180000)
  to   space 5120K, 0% used [0x00000007d8780000,0x00000007d8780000,0x00000007d8c80000)
 ParOldGen       total 84992K, used 0K [0x0000000783800000, 0x0000000788b00000, 0x00000007d6800000)
  object space 84992K, 0% used [0x0000000783800000,0x0000000783800000,0x0000000788b00000)
 PSPermGen       total 21504K, used 14369K [0x000000077e600000, 0x000000077fb00000, 0x0000000783800000)
  object space 21504K, 66% used [0x000000077e600000,0x000000077f408520,0x000000077fb00000)

Card table byte_map: [0x00007f8debf70000,0x00007f8dec37e000] byte_map_base: 0x00007f8de837d000

Polling page: 0x00007f8df629e000

Code Cache  [0x00007f8dec37e000, 0x00007f8dec5ee000, 0x00007f8def37e000)
 total_blobs=630 nmethods=107 adapters=476 free_code_cache=48382Kb largest_free_block=49520256

Compilation events (10 events):
Event: 28.670 Thread 0x00007f8df0099800  103             java.util.ArrayList::indexOf (67 bytes)
Event: 28.673 Thread 0x00007f8df0099800 nmethod 103 0x00007f8dec427a50 code [0x00007f8dec427ba0, 0x00007f8dec427cd8]
Event: 28.694 Thread 0x00007f8df009c800  104             java.util.LinkedList$Node::<init> (20 bytes)
Event: 28.695 Thread 0x00007f8df009c800 nmethod 104 0x00007f8dec42aa90 code [0x00007f8dec42abc0, 0x00007f8dec42ac58]
Event: 28.737 Thread 0x00007f8df0099800  105             sun.awt.X11.XToolkit::getDisplay (4 bytes)
Event: 28.737 Thread 0x00007f8df0099800 nmethod 105 0x00007f8dec427850 code [0x00007f8dec427980, 0x00007f8dec4279d8]
Event: 32.348 Thread 0x00007f8df009c800  106 % !         mosesserver.MosesServerForm::listenerSerial @ 41 (293 bytes)
Event: 32.356 Thread 0x00007f8df009c800 nmethod 106% 0x00007f8dec438e50 code [0x00007f8dec439020, 0x00007f8dec439450]
Event: 46.200 Thread 0x00007f8df0099800  107             java.nio.HeapByteBuffer::_get (7 bytes)
Event: 46.201 Thread 0x00007f8df0099800 nmethod 107 0x00007f8dec439950 code [0x00007f8dec439aa0, 0x00007f8dec439b38]

GC Heap History (0 events):
No events

Deoptimization events (8 events):
Event: 0.205 Thread 0x00007f8df000a000 Uncommon trap: reason=class_check action=maybe_recompile pc=0x00007f8dec3f7280 method=java.util.Properties$LineReader.readLine()I @ 62
Event: 0.206 Thread 0x00007f8df000a000 Uncommon trap: reason=class_check action=maybe_recompile pc=0x00007f8dec3f7280 method=java.util.Properties$LineReader.readLine()I @ 62
Event: 0.207 Thread 0x00007f8df000a000 Uncommon trap: reason=class_check action=maybe_recompile pc=0x00007f8dec3f7280 method=java.util.Properties$LineReader.readLine()I @ 62
Event: 0.209 Thread 0x00007f8df000a000 Uncommon trap: reason=class_check action=maybe_recompile pc=0x00007f8dec3f7280 method=java.util.Properties$LineReader.readLine()I @ 62
Event: 0.460 Thread 0x00007f8df039d000 Uncommon trap: reason=class_check action=maybe_recompile pc=0x00007f8dec3f440c method=java.lang.String.equals(Ljava/lang/Object;)Z @ 8
Event: 0.460 Thread 0x00007f8df039d000 Uncommon trap: reason=class_check action=maybe_recompile pc=0x00007f8dec3f440c method=java.lang.String.equals(Ljava/lang/Object;)Z @ 8
Event: 0.460 Thread 0x00007f8df039d000 Uncommon trap: reason=class_check action=maybe_recompile pc=0x00007f8dec3f440c method=java.lang.String.equals(Ljava/lang/Object;)Z @ 8
Event: 0.460 Thread 0x00007f8df039d000 Uncommon trap: reason=class_check action=maybe_recompile pc=0x00007f8dec3f440c method=java.lang.String.equals(Ljava/lang/Object;)Z @ 8

Internal exceptions (10 events):
Event: 12.816 Thread 0x00007f8df039d000 Threw 0x00000007d747e010 at /HUDSON/workspace/7u-2-build-linux-amd64/jdk7u45/229/hotspot/src/share/vm/prims/jni.cpp:717
Event: 13.361 Thread 0x00007f8df039d000 Threw 0x00000007d74a6ab8 at /HUDSON/workspace/7u-2-build-linux-amd64/jdk7u45/229/hotspot/src/share/vm/prims/jvm.cpp:1244
Event: 13.363 Thread 0x00007f8df039d000 Threw 0x00000007d74a9b90 at /HUDSON/workspace/7u-2-build-linux-amd64/jdk7u45/229/hotspot/src/share/vm/prims/jni.cpp:717
Event: 13.758 Thread 0x00007f8df039d000 Threw 0x00000007d74bde00 at /HUDSON/workspace/7u-2-build-linux-amd64/jdk7u45/229/hotspot/src/share/vm/prims/jni.cpp:717
Event: 15.872 Thread 0x00007f8df039d000 Threw 0x00000007d7616c70 at /HUDSON/workspace/7u-2-build-linux-amd64/jdk7u45/229/hotspot/src/share/vm/prims/jni.cpp:717
Event: 16.148 Thread 0x00007f8df039d000 Threw 0x00000007d762aeb0 at /HUDSON/workspace/7u-2-build-linux-amd64/jdk7u45/229/hotspot/src/share/vm/prims/jni.cpp:717
Event: 16.158 Thread 0x00007f8df039d000 Threw 0x00000007d763ca50 at /HUDSON/workspace/7u-2-build-linux-amd64/jdk7u45/229/hotspot/src/share/vm/prims/jvm.cpp:1244
Event: 28.671 Thread 0x00007f8df039d000 Threw 0x00000007d77df440 at /HUDSON/workspace/7u-2-build-linux-amd64/jdk7u45/229/hotspot/src/share/vm/prims/jvm.cpp:1244
Event: 28.673 Thread 0x00007f8df039d000 Threw 0x00000007d77e16f8 at /HUDSON/workspace/7u-2-build-linux-amd64/jdk7u45/229/hotspot/src/share/vm/prims/jvm.cpp:1244
Event: 46.197 Thread 0x00007f8d84121800 Threw 0x00000007d7a35520 at /HUDSON/workspace/7u-2-build-linux-amd64/jdk7u45/229/hotspot/src/share/vm/prims/jni.cpp:717

Events (10 events):
Event: 46.197 loading class 0x00007f8da8013420 done
Event: 46.197 loading class 0x00007f8df4071cb0
Event: 46.197 loading class 0x00007f8df4071cb0 done
Event: 46.198 loading class 0x00007f8da40aa590
Event: 46.198 loading class 0x00007f8da40aa590 done
Event: 46.198 loading class 0x00007f8da409cc40
Event: 46.198 loading class 0x00007f8da409cc40 done
Event: 46.201 loading class 0x00007f8da4052940
Event: 46.201 loading class 0x00007f8da4052940 done
Event: 46.201 loading class 0x00007f8da40527e0


Dynamic libraries:
00400000-00401000 r-xp 00000000 08:05 3850640                            /home/birdie/Documents/jdk1.7.0_45/bin/java
00600000-00601000 rw-p 00000000 08:05 3850640                            /home/birdie/Documents/jdk1.7.0_45/bin/java
01d88000-01da9000 rw-p 00000000 00:00 0                                  [heap]
77e600000-77fb00000 rw-p 00000000 00:00 0 
77fb00000-783800000 rw-p 00000000 00:00 0 
783800000-788b00000 rw-p 00000000 00:00 0 
788b00000-7d6800000 rw-p 00000000 00:00 0 
7d6800000-7d9180000 rw-p 00000000 00:00 0 
7d9180000-800000000 rw-p 00000000 00:00 0 
7f8d6c000000-7f8d6c021000 rw-p 00000000 00:00 0 
7f8d6c021000-7f8d70000000 ---p 00000000 00:00 0 
7f8d74000000-7f8d7424b000 rw-p 00000000 00:00 0 
7f8d7424b000-7f8d78000000 ---p 00000000 00:00 0 
7f8d78000000-7f8d78021000 rw-p 00000000 00:00 0 
7f8d78021000-7f8d7c000000 ---p 00000000 00:00 0 
7f8d7c000000-7f8d7c021000 rw-p 00000000 00:00 0 
7f8d7c021000-7f8d80000000 ---p 00000000 00:00 0 
7f8d80000000-7f8d80021000 rw-p 00000000 00:00 0 
7f8d80021000-7f8d84000000 ---p 00000000 00:00 0 
7f8d84000000-7f8d842e9000 rw-p 00000000 00:00 0 
7f8d842e9000-7f8d88000000 ---p 00000000 00:00 0 
7f8d88000000-7f8d88021000 rw-p 00000000 00:00 0 
7f8d88021000-7f8d8c000000 ---p 00000000 00:00 0 
7f8d8c000000-7f8d8c021000 rw-p 00000000 00:00 0 
7f8d8c021000-7f8d90000000 ---p 00000000 00:00 0 
7f8d92126000-7f8d92129000 ---p 00000000 00:00 0 
7f8d92129000-7f8d92227000 rw-p 00000000 00:00 0                          [stack:3335]
7f8d92227000-7f8d9222a000 ---p 00000000 00:00 0 
7f8d9222a000-7f8d92328000 rw-p 00000000 00:00 0                          [stack:3334]
7f8d92328000-7f8d9232b000 ---p 00000000 00:00 0 
7f8d9232b000-7f8d92429000 rw-p 00000000 00:00 0                          [stack:3333]
7f8d92429000-7f8d9242c000 ---p 00000000 00:00 0 
7f8d9242c000-7f8d9252a000 rw-p 00000000 00:00 0                          [stack:3332]
7f8d9252a000-7f8d9252d000 ---p 00000000 00:00 0 
7f8d9252d000-7f8d9262b000 rw-p 00000000 00:00 0                          [stack:3327]
7f8d9262b000-7f8d92638000 r-xp 00000000 08:05 3867498                    /home/birdie/Documents/jdk1.7.0_45/jre/lib/amd64/librxtxSerial.so
7f8d92638000-7f8d92837000 ---p 0000d000 08:05 3867498                    /home/birdie/Documents/jdk1.7.0_45/jre/lib/amd64/librxtxSerial.so
7f8d92837000-7f8d92838000 rw-p 0000c000 08:05 3867498                    /home/birdie/Documents/jdk1.7.0_45/jre/lib/amd64/librxtxSerial.so
7f8d92838000-7f8d9295c000 rw-s 00000000 00:04 1048587                    /SYSV00000000 (deleted)
7f8d92a11000-7f8d92a79000 r-xp 00000000 08:05 3867323                    /home/birdie/Documents/jdk1.7.0_45/jre/lib/amd64/libt2k.so
7f8d92a79000-7f8d92c79000 ---p 00068000 08:05 3867323                    /home/birdie/Documents/jdk1.7.0_45/jre/lib/amd64/libt2k.so
7f8d92c79000-7f8d92c80000 rw-p 00068000 08:05 3867323                    /home/birdie/Documents/jdk1.7.0_45/jre/lib/amd64/libt2k.so
7f8d92c80000-7f8d92c90000 rw-p 00000000 00:00 0 
7f8d92c90000-7f8d93dff000 r-xp 00000000 08:05 1542153                    /usr/lib/x86_64-linux-gnu/libicudata.so.48.1.1
7f8d93dff000-7f8d93ffe000 ---p 0116f000 08:05 1542153                    /usr/lib/x86_64-linux-gnu/libicudata.so.48.1.1
7f8d93ffe000-7f8d93fff000 r--p 0116e000 08:05 1542153                    /usr/lib/x86_64-linux-gnu/libicudata.so.48.1.1
7f8d93fff000-7f8d94000000 rw-p 0116f000 08:05 1542153                    /usr/lib/x86_64-linux-gnu/libicudata.so.48.1.1
7f8d94000000-7f8d94021000 rw-p 00000000 00:00 0 
7f8d94021000-7f8d98000000 ---p 00000000 00:00 0 
7f8d98000000-7f8d98021000 rw-p 00000000 00:00 0 
7f8d98021000-7f8d9c000000 ---p 00000000 00:00 0 
7f8d9c000000-7f8d9c021000 rw-p 00000000 00:00 0 
7f8d9c021000-7f8da0000000 ---p 00000000 00:00 0 
7f8da0000000-7f8da0021000 rw-p 00000000 00:00 0 
7f8da0021000-7f8da4000000 ---p 00000000 00:00 0 
7f8da4000000-7f8da431b000 rw-p 00000000 00:00 0 
7f8da431b000-7f8da8000000 ---p 00000000 00:00 0 
7f8da8000000-7f8da880f000 rw-p 00000000 00:00 0 
7f8da880f000-7f8dac000000 ---p 00000000 00:00 0 
7f8dac000000-7f8dac021000 rw-p 00000000 00:00 0 
7f8dac021000-7f8db0000000 ---p 00000000 00:00 0 
7f8db0000000-7f8db0021000 rw-p 00000000 00:00 0 
7f8db0021000-7f8db4000000 ---p 00000000 00:00 0 
7f8db4000000-7f8db4021000 rw-p 00000000 00:00 0 
7f8db4021000-7f8db8000000 ---p 00000000 00:00 0 
7f8db802e000-7f8db8042000 r--s 00000000 08:05 1819476                    /usr/share/fonts/type1/gsfonts/n019003l.pfb
7f8db8042000-7f8db8045000 ---p 00000000 00:00 0 
7f8db8045000-7f8db8143000 rw-p 00000000 00:00 0                          [stack:3298]
7f8db8143000-7f8db8146000 ---p 00000000 00:00 0 
7f8db8146000-7f8db8244000 rw-p 00000000 00:00 0                          [stack:3297]
7f8db8244000-7f8db8247000 ---p 00000000 00:00 0 
7f8db8247000-7f8db8345000 rw-p 00000000 00:00 0                          [stack:3296]
7f8db8345000-7f8db83f5000 r--p 00000000 08:05 1788323                    /usr/share/fonts/truetype/ttf-dejavu/DejaVuSans.ttf
7f8db83f5000-7f8db83f8000 r-xp 00000000 08:05 1737002                    /usr/lib/x86_64-linux-gnu/pango/1.8.0/modules/pango-basic-fc.so
7f8db83f8000-7f8db85f7000 ---p 00003000 08:05 1737002                    /usr/lib/x86_64-linux-gnu/pango/1.8.0/modules/pango-basic-fc.so
7f8db85f7000-7f8db85f8000 r--p 00002000 08:05 1737002                    /usr/lib/x86_64-linux-gnu/pango/1.8.0/modules/pango-basic-fc.so
7f8db85f8000-7f8db85f9000 rw-p 00003000 08:05 1737002                    /usr/lib/x86_64-linux-gnu/pango/1.8.0/modules/pango-basic-fc.so
7f8db85f9000-7f8db8602000 r-xp 00000000 08:05 1720466                    /usr/lib/x86_64-linux-gnu/gtk-2.0/2.10.0/engines/libpixmap.so
7f8db8602000-7f8db8802000 ---p 00009000 08:05 1720466                    /usr/lib/x86_64-linux-gnu/gtk-2.0/2.10.0/engines/libpixmap.so
7f8db8802000-7f8db8803000 r--p 00009000 08:05 1720466                    /usr/lib/x86_64-linux-gnu/gtk-2.0/2.10.0/engines/libpixmap.so
7f8db8803000-7f8db8804000 rw-p 0000a000 08:05 1720466                    /usr/lib/x86_64-linux-gnu/gtk-2.0/2.10.0/engines/libpixmap.so
7f8db8804000-7f8db8833000 r-xp 00000000 08:05 1720465                    /usr/lib/x86_64-linux-gnu/gtk-2.0/2.10.0/engines/libmurrine.so
7f8db8833000-7f8db8a33000 ---p 0002f000 08:05 1720465                    /usr/lib/x86_64-linux-gnu/gtk-2.0/2.10.0/engines/libmurrine.so
7f8db8a33000-7f8db8a34000 r--p 0002f000 08:05 1720465                    /usr/lib/x86_64-linux-gnu/gtk-2.0/2.10.0/engines/libmurrine.so
7f8db8a34000-7f8db8a35000 rw-p 00030000 08:05 1720465                    /usr/lib/x86_64-linux-gnu/gtk-2.0/2.10.0/engines/libmurrine.so
7f8db8a35000-7f8db8a36000 r-xp 00000000 08:05 1542119                    /usr/lib/x86_64-linux-gnu/libgthread-2.0.so.0.3600.0
7f8db8a36000-7f8db8c35000 ---p 00001000 08:05 1542119                    /usr/lib/x86_64-linux-gnu/libgthread-2.0.so.0.3600.0
7f8db8c35000-7f8db8c36000 r--p 00000000 08:05 1542119                    /usr/lib/x86_64-linux-gnu/libgthread-2.0.so.0.3600.0
7f8db8c36000-7f8db8c37000 rw-p 00001000 08:05 1542119                    /usr/lib/x86_64-linux-gnu/libgthread-2.0.so.0.3600.0
7f8db8c37000-7f8db8d1c000 r-xp 00000000 08:05 1542479                    /usr/lib/x86_64-linux-gnu/libstdc++.so.6.0.17
7f8db8d1c000-7f8db8f1b000 ---p 000e5000 08:05 1542479                    /usr/lib/x86_64-linux-gnu/libstdc++.so.6.0.17
7f8db8f1b000-7f8db8f23000 r--p 000e4000 08:05 1542479                    /usr/lib/x86_64-linux-gnu/libstdc++.so.6.0.17
7f8db8f23000-7f8db8f25000 rw-p 000ec000 08:05 1542479                    /usr/lib/x86_64-linux-gnu/libstdc++.so.6.0.17
7f8db8f25000-7f8db8f3a000 rw-p 00000000 00:00 0 
7f8db8f3a000-7f8db9090000 r-xp 00000000 08:05 1542167                    /usr/lib/x86_64-linux-gnu/libicuuc.so.48.1.1
7f8db9090000-7f8db928f000 ---p 00156000 08:05 1542167                    /usr/lib/x86_64-linux-gnu/libicuuc.so.48.1.1
7f8db928f000-7f8db92a0000 r--p 00155000 08:05 1542167                    /usr/lib/x86_64-linux-gnu/libicuuc.so.48.1.1
7f8db92a0000-7f8db92a1000 rw-p 00166000 08:05 1542167                    /usr/lib/x86_64-linux-gnu/libicuuc.so.48.1.1
7f8db92a1000-7f8db92a5000 rw-p 00000000 00:00 0 
7f8db92a5000-7f8db92d7000 r-xp 00000000 08:05 1542159                    /usr/lib/x86_64-linux-gnu/libicule.so.48.1.1
7f8db92d7000-7f8db94d7000 ---p 00032000 08:05 1542159                    /usr/lib/x86_64-linux-gnu/libicule.so.48.1.1
7f8db94d7000-7f8db94d9000 r--p 00032000 08:05 1542159                    /usr/lib/x86_64-linux-gnu/libicule.so.48.1.1
7f8db94d9000-7f8db94da000 rw-p 00034000 08:05 1542159                    /usr/lib/x86_64-linux-gnu/libicule.so.48.1.1
7f8db94da000-7f8db9517000 r-xp 00000000 08:05 1934307                    /lib/x86_64-linux-gnu/libpcre.so.3.13.1
7f8db9517000-7f8db9717000 ---p 0003d000 08:05 1934307                    /lib/x86_64-linux-gnu/libpcre.so.3.13.1
7f8db9717000-7f8db9718000 r--p 0003d000 08:05 1934307                    /lib/x86_64-linux-gnu/libpcre.so.3.13.1
7f8db9718000-7f8db9719000 rw-p 0003e000 08:05 1934307                    /lib/x86_64-linux-gnu/libpcre.so.3.13.1
7f8db9719000-7f8db9720000 r-xp 00000000 08:05 1541860                    /usr/lib/x86_64-linux-gnu/libffi.so.6.0.1
7f8db9720000-7f8db991f000 ---p 00007000 08:05 1541860                    /usr/lib/x86_64-linux-gnu/libffi.so.6.0.1
7f8db991f000-7f8db9920000 r--p 00006000 08:05 1541860                    /usr/lib/x86_64-linux-gnu/libffi.so.6.0.1
7f8db9920000-7f8db9921000 rw-p 00007000 08:05 1541860                    /usr/lib/x86_64-linux-gnu/libffi.so.6.0.1
7f8db9921000-7f8db9947000 r-xp 00000000 08:05 1934232                    /lib/x86_64-linux-gnu/libexpat.so.1.6.0
7f8db9947000-7f8db9b47000 ---p 00026000 08:05 1934232                    /lib/x86_64-linux-gnu/libexpat.so.1.6.0
7f8db9b47000-7f8db9b49000 r--p 00026000 08:05 1934232                    /lib/x86_64-linux-gnu/libexpat.so.1.6.0
7f8db9b49000-7f8db9b4a000 rw-p 00028000 08:05 1934232                    /lib/x86_64-linux-gnu/libexpat.so.1.6.0
7f8db9b4a000-7f8db9bdf000 r-xp 00000000 08:05 1542139                    /usr/lib/x86_64-linux-gnu/libharfbuzz.so.0.913.0
7f8db9bdf000-7f8db9dde000 ---p 00095000 08:05 1542139                    /usr/lib/x86_64-linux-gnu/libharfbuzz.so.0.913.0
7f8db9dde000-7f8db9de0000 r--p 00094000 08:05 1542139                    /usr/lib/x86_64-linux-gnu/libharfbuzz.so.0.913.0
7f8db9de0000-7f8db9de1000 rw-p 00096000 08:05 1542139                    /usr/lib/x86_64-linux-gnu/libharfbuzz.so.0.913.0
7f8db9de1000-7f8db9df7000 r-xp 00000000 08:05 1934330                    /lib/x86_64-linux-gnu/libresolv-2.17.so
7f8db9df7000-7f8db9ff7000 ---p 00016000 08:05 1934330                    /lib/x86_64-linux-gnu/libresolv-2.17.so
7f8db9ff7000-7f8db9ff8000 r--p 00016000 08:05 1934330                    /lib/x86_64-linux-gnu/libresolv-2.17.so
7f8db9ff8000-7f8db9ff9000 rw-p 00017000 08:05 1934330                    /lib/x86_64-linux-gnu/libresolv-2.17.so
7f8db9ff9000-7f8db9ffb000 rw-p 00000000 00:00 0 
7f8db9ffb000-7f8dba018000 r-xp 00000000 08:05 1934334                    /lib/x86_64-linux-gnu/libselinux.so.1
7f8dba018000-7f8dba217000 ---p 0001d000 08:05 1934334                    /lib/x86_64-linux-gnu/libselinux.so.1
7f8dba217000-7f8dba218000 r--p 0001c000 08:05 1934334                    /lib/x86_64-linux-gnu/libselinux.so.1
7f8dba218000-7f8dba219000 rw-p 0001d000 08:05 1934334                    /lib/x86_64-linux-gnu/libselinux.so.1
7f8dba219000-7f8dba21a000 rw-p 00000000 00:00 0 
7f8dba21a000-7f8dba230000 r-xp 00000000 08:05 1934365                    /lib/x86_64-linux-gnu/libz.so.1.2.7
7f8dba230000-7f8dba42f000 ---p 00016000 08:05 1934365                    /lib/x86_64-linux-gnu/libz.so.1.2.7
7f8dba42f000-7f8dba430000 r--p 00015000 08:05 1934365                    /lib/x86_64-linux-gnu/libz.so.1.2.7
7f8dba430000-7f8dba431000 rw-p 00016000 08:05 1934365                    /lib/x86_64-linux-gnu/libz.so.1.2.7
7f8dba431000-7f8dba439000 r-xp 00000000 08:05 1542601                    /usr/lib/x86_64-linux-gnu/libxcb-render.so.0.0.0
7f8dba439000-7f8dba639000 ---p 00008000 08:05 1542601                    /usr/lib/x86_64-linux-gnu/libxcb-render.so.0.0.0
7f8dba639000-7f8dba63a000 r--p 00008000 08:05 1542601                    /usr/lib/x86_64-linux-gnu/libxcb-render.so.0.0.0
7f8dba63a000-7f8dba63b000 rw-p 00009000 08:05 1542601                    /usr/lib/x86_64-linux-gnu/libxcb-render.so.0.0.0
7f8dba63b000-7f8dba63d000 r-xp 00000000 08:05 1542605                    /usr/lib/x86_64-linux-gnu/libxcb-shm.so.0.0.0
7f8dba63d000-7f8dba83c000 ---p 00002000 08:05 1542605                    /usr/lib/x86_64-linux-gnu/libxcb-shm.so.0.0.0
7f8dba83c000-7f8dba83d000 r--p 00001000 08:05 1542605                    /usr/lib/x86_64-linux-gnu/libxcb-shm.so.0.0.0
7f8dba83d000-7f8dba83e000 rw-p 00002000 08:05 1542605                    /usr/lib/x86_64-linux-gnu/libxcb-shm.so.0.0.0
7f8dba83e000-7f8dba863000 r-xp 00000000 08:05 1934319                    /lib/x86_64-linux-gnu/libpng12.so.0.49.0
7f8dba863000-7f8dbaa62000 ---p 00025000 08:05 1934319                    /lib/x86_64-linux-gnu/libpng12.so.0.49.0
7f8dbaa62000-7f8dbaa63000 r--p 00024000 08:05 1934319                    /lib/x86_64-linux-gnu/libpng12.so.0.49.0
7f8dbaa63000-7f8dbaa64000 rw-p 00025000 08:05 1934319                    /lib/x86_64-linux-gnu/libpng12.so.0.49.0
7f8dbaa64000-7f8dbaaf4000 r-xp 00000000 08:05 1542349                    /usr/lib/x86_64-linux-gnu/libpixman-1.so.0.28.2
7f8dbaaf4000-7f8dbacf3000 ---p 00090000 08:05 1542349                    /usr/lib/x86_64-linux-gnu/libpixman-1.so.0.28.2
7f8dbacf3000-7f8dbacfa000 r--p 0008f000 08:05 1542349                    /usr/lib/x86_64-linux-gnu/libpixman-1.so.0.28.2
7f8dbacfa000-7f8dbacfb000 rw-p 00096000 08:05 1542349                    /usr/lib/x86_64-linux-gnu/libpixman-1.so.0.28.2
7f8dbacfb000-7f8dbad92000 r-xp 00000000 08:05 1541920                    /usr/lib/x86_64-linux-gnu/libfreetype.so.6.10.0
7f8dbad92000-7f8dbaf91000 ---p 00097000 08:05 1541920                    /usr/lib/x86_64-linux-gnu/libfreetype.so.6.10.0
7f8dbaf91000-7f8dbaf97000 r--p 00096000 08:05 1541920                    /usr/lib/x86_64-linux-gnu/libfreetype.so.6.10.0
7f8dbaf97000-7f8dbaf98000 rw-p 0009c000 08:05 1541920                    /usr/lib/x86_64-linux-gnu/libfreetype.so.6.10.0
7f8dbaf98000-7f8dbaf9a000 r-xp 00000000 08:05 1541582                    /usr/lib/x86_64-linux-gnu/libXdamage.so.1.1.0
7f8dbaf9a000-7f8dbb199000 ---p 00002000 08:05 1541582                    /usr/lib/x86_64-linux-gnu/libXdamage.so.1.1.0
7f8dbb199000-7f8dbb19a000 r--p 00001000 08:05 1541582                    /usr/lib/x86_64-linux-gnu/libXdamage.so.1.1.0
7f8dbb19a000-7f8dbb19b000 rw-p 00002000 08:05 1541582                    /usr/lib/x86_64-linux-gnu/libXdamage.so.1.1.0
7f8dbb19b000-7f8dbb19d000 r-xp 00000000 08:05 1541578                    /usr/lib/x86_64-linux-gnu/libXcomposite.so.1.0.0
7f8dbb19d000-7f8dbb39c000 ---p 00002000 08:05 1541578                    /usr/lib/x86_64-linux-gnu/libXcomposite.so.1.0.0
7f8dbb39c000-7f8dbb39d000 r--p 00001000 08:05 1541578                    /usr/lib/x86_64-linux-gnu/libXcomposite.so.1.0.0
7f8dbb39d000-7f8dbb39e000 rw-p 00002000 08:05 1541578                    /usr/lib/x86_64-linux-gnu/libXcomposite.so.1.0.0
7f8dbb39e000-7f8dbb3a7000 r-xp 00000000 08:05 1541604                    /usr/lib/x86_64-linux-gnu/libXrandr.so.2.2.0
7f8dbb3a7000-7f8dbb5a6000 ---p 00009000 08:05 1541604                    /usr/lib/x86_64-linux-gnu/libXrandr.so.2.2.0
7f8dbb5a6000-7f8dbb5a7000 r--p 00008000 08:05 1541604                    /usr/lib/x86_64-linux-gnu/libXrandr.so.2.2.0
7f8dbb5a7000-7f8dbb5a8000 rw-p 00009000 08:05 1541604                    /usr/lib/x86_64-linux-gnu/libXrandr.so.2.2.0
7f8dbb5a8000-7f8dbb5aa000 r-xp 00000000 08:05 1541594                    /usr/lib/x86_64-linux-gnu/libXinerama.so.1.0.0
7f8dbb5aa000-7f8dbb7a9000 ---p 00002000 08:05 1541594                    /usr/lib/x86_64-linux-gnu/libXinerama.so.1.0.0
7f8dbb7a9000-7f8dbb7aa000 r--p 00001000 08:05 1541594                    /usr/lib/x86_64-linux-gnu/libXinerama.so.1.0.0
7f8dbb7aa000-7f8dbb7ab000 rw-p 00002000 08:05 1541594                    /usr/lib/x86_64-linux-gnu/libXinerama.so.1.0.0
7f8dbb7ab000-7f8dbb8a4000 r-xp 00000000 08:05 1934241                    /lib/x86_64-linux-gnu/libglib-2.0.so.0.3600.0
7f8dbb8a4000-7f8dbbaa4000 ---p 000f9000 08:05 1934241                    /lib/x86_64-linux-gnu/libglib-2.0.so.0.3600.0
7f8dbbaa4000-7f8dbbaa5000 r--p 000f9000 08:05 1934241                    /lib/x86_64-linux-gnu/libglib-2.0.so.0.3600.0
7f8dbbaa5000-7f8dbbaa6000 rw-p 000fa000 08:05 1934241                    /lib/x86_64-linux-gnu/libglib-2.0.so.0.3600.0
7f8dbbaa6000-7f8dbbaa7000 rw-p 00000000 00:00 0 
7f8dbbaa7000-7f8dbbaf4000 r-xp 00000000 08:05 1542010                    /usr/lib/x86_64-linux-gnu/libgobject-2.0.so.0.3600.0
7f8dbbaf4000-7f8dbbcf4000 ---p 0004d000 08:05 1542010                    /usr/lib/x86_64-linux-gnu/libgobject-2.0.so.0.3600.0
7f8dbbcf4000-7f8dbbcf5000 r--p 0004d000 08:05 1542010                    /usr/lib/x86_64-linux-gnu/libgobject-2.0.so.0.3600.0
7f8dbbcf5000-7f8dbbcf6000 rw-p 0004e000 08:05 1542010                    /usr/lib/x86_64-linux-gnu/libgobject-2.0.so.0.3600.0
7f8dbbcf6000-7f8dbbd2d000 r-xp 00000000 08:05 1541892                    /usr/lib/x86_64-linux-gnu/libfontconfig.so.1.6.2
7f8dbbd2d000-7f8dbbf2d000 ---p 00037000 08:05 1541892                    /usr/lib/x86_64-linux-gnu/libfontconfig.so.1.6.2
7f8dbbf2d000-7f8dbbf2e000 r--p 00037000 08:05 1541892                    /usr/lib/x86_64-linux-gnu/libfontconfig.so.1.6.2
7f8dbbf2e000-7f8dbbf2f000 rw-p 00038000 08:05 1541892                    /usr/lib/x86_64-linux-gnu/libfontconfig.so.1.6.2
7f8dbbf2f000-7f8dc0000000 rw-p 00000000 00:00 0 
7f8dc0000000-7f8dc0021000 rw-p 00000000 00:00 0 
7f8dc0021000-7f8dc4000000 ---p 00000000 00:00 0 
7f8dc4000000-7f8dc4021000 rw-p 00000000 00:00 0 
7f8dc4021000-7f8dc8000000 ---p 00000000 00:00 0 
7f8dc8000000-7f8dc8021000 rw-p 00000000 00:00 0 
7f8dc8021000-7f8dcc000000 ---p 00000000 00:00 0 
7f8dcc000000-7f8dcc021000 rw-p 00000000 00:00 0 
7f8dcc021000-7f8dd0000000 ---p 00000000 00:00 0 
7f8dd0000000-7f8dd0021000 rw-p 00000000 00:00 0 
7f8dd0021000-7f8dd4000000 ---p 00000000 00:00 0 
7f8dd4000000-7f8dd4021000 rw-p 00000000 00:00 0 
7f8dd4021000-7f8dd8000000 ---p 00000000 00:00 0 
7f8dd8000000-7f8dd8021000 rw-p 00000000 00:00 0 
7f8dd8021000-7f8ddc000000 ---p 00000000 00:00 0 
7f8ddc000000-7f8ddc021000 rw-p 00000000 00:00 0 
7f8ddc021000-7f8de0000000 ---p 00000000 00:00 0 
7f8de0002000-7f8de0082000 rw-s 00000000 00:04 950276                     /SYSV00000000 (deleted)
7f8de0082000-7f8de00ca000 r-xp 00000000 08:05 1542327                    /usr/lib/x86_64-linux-gnu/libpango-1.0.so.0.3200.5
7f8de00ca000-7f8de02ca000 ---p 00048000 08:05 1542327                    /usr/lib/x86_64-linux-gnu/libpango-1.0.so.0.3200.5
7f8de02ca000-7f8de02cc000 r--p 00048000 08:05 1542327                    /usr/lib/x86_64-linux-gnu/libpango-1.0.so.0.3200.5
7f8de02cc000-7f8de02cd000 rw-p 0004a000 08:05 1542327                    /usr/lib/x86_64-linux-gnu/libpango-1.0.so.0.3200.5
7f8de02cd000-7f8de02e0000 r-xp 00000000 08:05 1542331                    /usr/lib/x86_64-linux-gnu/libpangoft2-1.0.so.0.3200.5
7f8de02e0000-7f8de04df000 ---p 00013000 08:05 1542331                    /usr/lib/x86_64-linux-gnu/libpangoft2-1.0.so.0.3200.5
7f8de04df000-7f8de04e0000 r--p 00012000 08:05 1542331                    /usr/lib/x86_64-linux-gnu/libpangoft2-1.0.so.0.3200.5
7f8de04e0000-7f8de04e1000 rw-p 00013000 08:05 1542331                    /usr/lib/x86_64-linux-gnu/libpangoft2-1.0.so.0.3200.5
7f8de04e1000-7f8de0634000 r-xp 00000000 08:05 1541974                    /usr/lib/x86_64-linux-gnu/libgio-2.0.so.0.3600.0
7f8de0634000-7f8de0833000 ---p 00153000 08:05 1541974                    /usr/lib/x86_64-linux-gnu/libgio-2.0.so.0.3600.0
7f8de0833000-7f8de0837000 r--p 00152000 08:05 1541974                    /usr/lib/x86_64-linux-gnu/libgio-2.0.so.0.3600.0
7f8de0837000-7f8de0839000 rw-p 00156000 08:05 1541974                    /usr/lib/x86_64-linux-gnu/libgio-2.0.so.0.3600.0
7f8de0839000-7f8de083b000 rw-p 00000000 00:00 0 
7f8de083b000-7f8de0859000 r-xp 00000000 08:05 1541953                    /usr/lib/x86_64-linux-gnu/libgdk_pixbuf-2.0.so.0.2800.0
7f8de0859000-7f8de0a59000 ---p 0001e000 08:05 1541953                    /usr/lib/x86_64-linux-gnu/libgdk_pixbuf-2.0.so.0.2800.0
7f8de0a59000-7f8de0a5a000 r--p 0001e000 08:05 1541953                    /usr/lib/x86_64-linux-gnu/libgdk_pixbuf-2.0.so.0.2800.0
7f8de0a5a000-7f8de0a5b000 rw-p 0001f000 08:05 1541953                    /usr/lib/x86_64-linux-gnu/libgdk_pixbuf-2.0.so.0.2800.0
7f8de0a5b000-7f8de0b59000 r-xp 00000000 08:05 1541705                    /usr/lib/x86_64-linux-gnu/libcairo.so.2.11200.14
7f8de0b59000-7f8de0d59000 ---p 000fe000 08:05 1541705                    /usr/lib/x86_64-linux-gnu/libcairo.so.2.11200.14
7f8de0d59000-7f8de0d5c000 r--p 000fe000 08:05 1541705                    /usr/lib/x86_64-linux-gnu/libcairo.so.2.11200.14
7f8de0d5c000-7f8de0d5d000 rw-p 00101000 08:05 1541705                    /usr/lib/x86_64-linux-gnu/libcairo.so.2.11200.14
7f8de0d5d000-7f8de0d5f000 rw-p 00000000 00:00 0 
7f8de0d5f000-7f8de0d7f000 r-xp 00000000 08:05 1541655                    /usr/lib/x86_64-linux-gnu/libatk-1.0.so.0.20809.1
7f8de0d7f000-7f8de0f7e000 ---p 00020000 08:05 1541655                    /usr/lib/x86_64-linux-gnu/libatk-1.0.so.0.20809.1
7f8de0f7e000-7f8de0f80000 r--p 0001f000 08:05 1541655                    /usr/lib/x86_64-linux-gnu/libatk-1.0.so.0.20809.1
7f8de0f80000-7f8de0f81000 rw-p 00021000 08:05 1541655                    /usr/lib/x86_64-linux-gnu/libatk-1.0.so.0.20809.1
7f8de0f81000-7f8de0f8c000 r-xp 00000000 08:05 1542329                    /usr/lib/x86_64-linux-gnu/libpangocairo-1.0.so.0.3200.5
7f8de0f8c000-7f8de118c000 ---p 0000b000 08:05 1542329                    /usr/lib/x86_64-linux-gnu/libpangocairo-1.0.so.0.3200.5
7f8de118c000-7f8de118d000 r--p 0000b000 08:05 1542329                    /usr/lib/x86_64-linux-gnu/libpangocairo-1.0.so.0.3200.5
7f8de118d000-7f8de118e000 rw-p 0000c000 08:05 1542329                    /usr/lib/x86_64-linux-gnu/libpangocairo-1.0.so.0.3200.5
7f8de118e000-7f8de1191000 r-xp 00000000 08:05 1541986                    /usr/lib/x86_64-linux-gnu/libgmodule-2.0.so.0.3600.0
7f8de1191000-7f8de1390000 ---p 00003000 08:05 1541986                    /usr/lib/x86_64-linux-gnu/libgmodule-2.0.so.0.3600.0
7f8de1390000-7f8de1391000 r--p 00002000 08:05 1541986                    /usr/lib/x86_64-linux-gnu/libgmodule-2.0.so.0.3600.0
7f8de1391000-7f8de1392000 rw-p 00003000 08:05 1541986                    /usr/lib/x86_64-linux-gnu/libgmodule-2.0.so.0.3600.0
7f8de1392000-7f8de143f000 r-xp 00000000 08:05 1541951                    /usr/lib/x86_64-linux-gnu/libgdk-x11-2.0.so.0.2400.17
7f8de143f000-7f8de163e000 ---p 000ad000 08:05 1541951                    /usr/lib/x86_64-linux-gnu/libgdk-x11-2.0.so.0.2400.17
7f8de163e000-7f8de1642000 r--p 000ac000 08:05 1541951                    /usr/lib/x86_64-linux-gnu/libgdk-x11-2.0.so.0.2400.17
7f8de1642000-7f8de1644000 rw-p 000b0000 08:05 1541951                    /usr/lib/x86_64-linux-gnu/libgdk-x11-2.0.so.0.2400.17
7f8de1644000-7f8de164d000 r--s 00000000 08:05 3211354                    /var/cache/fontconfig/945677eb7aeaf62f1d50efc3fb3ec7d8-le64.cache-3
7f8de1650000-7f8de16b0000 rw-s 00000000 00:04 983049                     /SYSV00000000 (deleted)
7f8de16b0000-7f8de16b1000 r--s 00000000 08:05 3211362                    /var/cache/fontconfig/c05880de57d1f5e948fdfacc138775d9-le64.cache-3
7f8de16b1000-7f8de16ba000 r--s 00000000 08:05 3211354                    /var/cache/fontconfig/945677eb7aeaf62f1d50efc3fb3ec7d8-le64.cache-3
7f8de16ba000-7f8de16bc000 r--s 00000000 08:05 3211356                    /var/cache/fontconfig/99e8ed0e538f840c565b6ed5dad60d56-le64.cache-3
7f8de16bc000-7f8de16c1000 r--s 00000000 08:05 3211337                    /var/cache/fontconfig/2cd17615ca594fa2959ae173292e504c-le64.cache-3
7f8de16c1000-7f8de16c2000 r--s 00000000 08:05 3211370                    /var/cache/fontconfig/e7071f4a29fa870f4323321c154eba04-le64.cache-3
7f8de16c2000-7f8de16c7000 r--s 00000000 08:05 3211349                    /var/cache/fontconfig/6eb3985aa4124903f6ff08ba781cd364-le64.cache-3
7f8de16c7000-7f8de16c8000 r--s 00000000 08:05 3211334                    /var/cache/fontconfig/0d8c3b2ac0904cb8a57a757ad11a4a08-le64.cache-3
7f8de16c8000-7f8de16ce000 r--s 00000000 08:05 3211358                    /var/cache/fontconfig/a755afe4a08bf5b97852ceb7400b47bc-le64.cache-3
7f8de16ce000-7f8de16d7000 r--s 00000000 08:05 3211348                    /var/cache/fontconfig/6d41288fd70b0be22e8c3a91e032eec0-le64.cache-3
7f8de16d7000-7f8de16e7000 r--s 00000000 08:05 3211332                    /var/cache/fontconfig/04aabc0a78ac019cf9454389977116d2-le64.cache-3
7f8de16e7000-7f8de16e8000 r--s 00000000 08:05 3211336                    /var/cache/fontconfig/1ac9eb803944fde146138c791f5cc56a-le64.cache-3
7f8de16e8000-7f8de16eb000 r--s 00000000 08:05 3211341                    /var/cache/fontconfig/385c0604a188198f04d133e54aba7fe7-le64.cache-3
7f8de16eb000-7f8de16ec000 r--s 00000000 08:05 3211368                    /var/cache/fontconfig/dc05db6664285cc2f12bf69c139ae4c3-le64.cache-3
7f8de16ec000-7f8de16ee000 r--s 00000000 08:05 3211351                    /var/cache/fontconfig/767a8244fc0220cfb567a839d0392e0b-le64.cache-3
7f8de16ee000-7f8de16ef000 r--s 00000000 08:05 3211343                    /var/cache/fontconfig/4794a0821666d79190d59a36cb4f44b5-le64.cache-3
7f8de16ef000-7f8de16f2000 r--s 00000000 08:05 3211353                    /var/cache/fontconfig/8801497958630a81b71ace7c5f9b32a8-le64.cache-3
7f8de16f2000-7f8de1703000 r--s 00000000 08:05 3211366                    /var/cache/fontconfig/d52a8644073d54c13679302ca1180695-le64.cache-3
7f8de1703000-7f8de1b30000 r-xp 00000000 08:05 1542123                    /usr/lib/x86_64-linux-gnu/libgtk-x11-2.0.so.0.2400.17
7f8de1b30000-7f8de1d2f000 ---p 0042d000 08:05 1542123                    /usr/lib/x86_64-linux-gnu/libgtk-x11-2.0.so.0.2400.17
7f8de1d2f000-7f8de1d36000 r--p 0042c000 08:05 1542123                    /usr/lib/x86_64-linux-gnu/libgtk-x11-2.0.so.0.2400.17
7f8de1d36000-7f8de1d3a000 rw-p 00433000 08:05 1542123                    /usr/lib/x86_64-linux-gnu/libgtk-x11-2.0.so.0.2400.17
7f8de1d3a000-7f8de1d3c000 rw-p 00000000 00:00 0 
7f8de1d3c000-7f8de1d41000 r--s 00000000 08:05 3211338                    /var/cache/fontconfig/3047814df9a2f067bd2d96a2b9c36e5a-le64.cache-3
7f8de1d41000-7f8de1d42000 r--s 00000000 08:05 3211345                    /var/cache/fontconfig/56cf4f4769d0f4abc89a4895d7bd3ae1-le64.cache-3
7f8de1d42000-7f8de1d43000 r--s 00000000 08:05 3211361                    /var/cache/fontconfig/b9d506c9ac06c20b433354fa67a72993-le64.cache-3
7f8de1d43000-7f8de1d48000 r--s 00000000 08:05 3211360                    /var/cache/fontconfig/b47c4e1ecd0709278f4910c18777a504-le64.cache-3
7f8de1d48000-7f8de1d4f000 r--s 00000000 08:05 3211342                    /var/cache/fontconfig/3f7329c5293ffd510edef78f73874cfd-le64.cache-3
7f8de1d4f000-7f8de1d50000 r--s 00000000 08:05 3211333                    /var/cache/fontconfig/0c9eb80ebd1c36541ebe2852d3bb0c49-le64.cache-3
7f8de1d50000-7f8de1d53000 r--s 00000000 08:05 3211369                    /var/cache/fontconfig/e13b20fdb08344e0e664864cc2ede53d-le64.cache-3
7f8de1d53000-7f8de1d63000 r-xp 00000000 08:05 3867355                    /home/birdie/Documents/jdk1.7.0_45/jre/lib/amd64/libnio.so
7f8de1d63000-7f8de1f63000 ---p 00010000 08:05 3867355                    /home/birdie/Documents/jdk1.7.0_45/jre/lib/amd64/libnio.so
7f8de1f63000-7f8de1f64000 rw-p 00010000 08:05 3867355                    /home/birdie/Documents/jdk1.7.0_45/jre/lib/amd64/libnio.so
7f8de1f64000-7f8de1f7a000 r-xp 00000000 08:05 3867308                    /home/birdie/Documents/jdk1.7.0_45/jre/lib/amd64/libnet.so
7f8de1f7a000-7f8de217a000 ---p 00016000 08:05 3867308                    /home/birdie/Documents/jdk1.7.0_45/jre/lib/amd64/libnet.so
7f8de217a000-7f8de217b000 rw-p 00016000 08:05 3867308                    /home/birdie/Documents/jdk1.7.0_45/jre/lib/amd64/libnet.so
7f8de217b000-7f8de218f000 r-xp 00000000 08:05 1934237                    /lib/x86_64-linux-gnu/libgcc_s.so.1
7f8de218f000-7f8de238f000 ---p 00014000 08:05 1934237                    /lib/x86_64-linux-gnu/libgcc_s.so.1
7f8de238f000-7f8de2390000 r--p 00014000 08:05 1934237                    /lib/x86_64-linux-gnu/libgcc_s.so.1
7f8de2390000-7f8de2391000 rw-p 00015000 08:05 1934237                    /lib/x86_64-linux-gnu/libgcc_s.so.1
7f8de2391000-7f8de23f1000 r-xp 00000000 08:05 3867351                    /home/birdie/Documents/jdk1.7.0_45/jre/lib/amd64/libfontmanager.so
7f8de23f1000-7f8de25f0000 ---p 00060000 08:05 3867351                    /home/birdie/Documents/jdk1.7.0_45/jre/lib/amd64/libfontmanager.so
7f8de25f0000-7f8de25f4000 rw-p 0005f000 08:05 3867351                    /home/birdie/Documents/jdk1.7.0_45/jre/lib/amd64/libfontmanager.so
7f8de25f4000-7f8de2605000 rw-p 00000000 00:00 0 
7f8de2605000-7f8de2608000 ---p 00000000 00:00 0 
7f8de2608000-7f8de2706000 rw-p 00000000 00:00 0                          [stack:3295]
7f8de2706000-7f8de270b000 r-xp 00000000 08:05 1541588                    /usr/lib/x86_64-linux-gnu/libXfixes.so.3.1.0
7f8de270b000-7f8de290a000 ---p 00005000 08:05 1541588                    /usr/lib/x86_64-linux-gnu/libXfixes.so.3.1.0
7f8de290a000-7f8de290b000 r--p 00004000 08:05 1541588                    /usr/lib/x86_64-linux-gnu/libXfixes.so.3.1.0
7f8de290b000-7f8de290c000 rw-p 00005000 08:05 1541588                    /usr/lib/x86_64-linux-gnu/libXfixes.so.3.1.0
7f8de290c000-7f8de2915000 r-xp 00000000 08:05 1541580                    /usr/lib/x86_64-linux-gnu/libXcursor.so.1.0.2
7f8de2915000-7f8de2b15000 ---p 00009000 08:05 1541580                    /usr/lib/x86_64-linux-gnu/libXcursor.so.1.0.2
7f8de2b15000-7f8de2b16000 r--p 00009000 08:05 1541580                    /usr/lib/x86_64-linux-gnu/libXcursor.so.1.0.2
7f8de2b16000-7f8de2b17000 rw-p 0000a000 08:05 1541580                    /usr/lib/x86_64-linux-gnu/libXcursor.so.1.0.2
7f8de2b17000-7f8de2b1a000 ---p 00000000 00:00 0 
7f8de2b1a000-7f8de2c18000 rw-p 00000000 00:00 0                          [stack:3294]
7f8de2c18000-7f8de2c1d000 r-xp 00000000 08:05 1541584                    /usr/lib/x86_64-linux-gnu/libXdmcp.so.6.0.0
7f8de2c1d000-7f8de2e1c000 ---p 00005000 08:05 1541584                    /usr/lib/x86_64-linux-gnu/libXdmcp.so.6.0.0
7f8de2e1c000-7f8de2e1d000 r--p 00004000 08:05 1541584                    /usr/lib/x86_64-linux-gnu/libXdmcp.so.6.0.0
7f8de2e1d000-7f8de2e1e000 rw-p 00005000 08:05 1541584                    /usr/lib/x86_64-linux-gnu/libXdmcp.so.6.0.0
7f8de2e1e000-7f8de2e20000 r-xp 00000000 08:05 1541573                    /usr/lib/x86_64-linux-gnu/libXau.so.6.0.0
7f8de2e20000-7f8de3020000 ---p 00002000 08:05 1541573                    /usr/lib/x86_64-linux-gnu/libXau.so.6.0.0
7f8de3020000-7f8de3021000 r--p 00002000 08:05 1541573                    /usr/lib/x86_64-linux-gnu/libXau.so.6.0.0
7f8de3021000-7f8de3022000 rw-p 00003000 08:05 1541573                    /usr/lib/x86_64-linux-gnu/libXau.so.6.0.0
7f8de3022000-7f8de303f000 r-xp 00000000 08:05 2572472                    /usr/lib/x86_64-linux-gnu/libxcb.so.1.1.0
7f8de303f000-7f8de323e000 ---p 0001d000 08:05 2572472                    /usr/lib/x86_64-linux-gnu/libxcb.so.1.1.0
7f8de323e000-7f8de323f000 r--p 0001c000 08:05 2572472                    /usr/lib/x86_64-linux-gnu/libxcb.so.1.1.0
7f8de323f000-7f8de3240000 rw-p 0001d000 08:05 2572472                    /usr/lib/x86_64-linux-gnu/libxcb.so.1.1.0
7f8de3240000-7f8de324e000 r-xp 00000000 08:05 1541592                    /usr/lib/x86_64-linux-gnu/libXi.so.6.1.0
7f8de324e000-7f8de344d000 ---p 0000e000 08:05 1541592                    /usr/lib/x86_64-linux-gnu/libXi.so.6.1.0
7f8de344d000-7f8de344e000 r--p 0000d000 08:05 1541592                    /usr/lib/x86_64-linux-gnu/libXi.so.6.1.0
7f8de344e000-7f8de344f000 rw-p 0000e000 08:05 1541592                    /usr/lib/x86_64-linux-gnu/libXi.so.6.1.0
7f8de344f000-7f8de3454000 r-xp 00000000 08:05 1541612                    /usr/lib/x86_64-linux-gnu/libXtst.so.6.1.0
7f8de3454000-7f8de3653000 ---p 00005000 08:05 1541612                    /usr/lib/x86_64-linux-gnu/libXtst.so.6.1.0
7f8de3653000-7f8de3654000 r--p 00004000 08:05 1541612                    /usr/lib/x86_64-linux-gnu/libXtst.so.6.1.0
7f8de3654000-7f8de3655000 rw-p 00005000 08:05 1541612                    /usr/lib/x86_64-linux-gnu/libXtst.so.6.1.0
7f8de3655000-7f8de365e000 r-xp 00000000 08:05 1541606                    /usr/lib/x86_64-linux-gnu/libXrender.so.1.3.0
7f8de365e000-7f8de385d000 ---p 00009000 08:05 1541606                    /usr/lib/x86_64-linux-gnu/libXrender.so.1.3.0
7f8de385d000-7f8de385e000 r--p 00008000 08:05 1541606                    /usr/lib/x86_64-linux-gnu/libXrender.so.1.3.0
7f8de385e000-7f8de385f000 rw-p 00009000 08:05 1541606                    /usr/lib/x86_64-linux-gnu/libXrender.so.1.3.0
7f8de385f000-7f8de3993000 r-xp 00000000 08:05 2572474                    /usr/lib/x86_64-linux-gnu/libX11.so.6.3.0
7f8de3993000-7f8de3b93000 ---p 00134000 08:05 2572474                    /usr/lib/x86_64-linux-gnu/libX11.so.6.3.0
7f8de3b93000-7f8de3b94000 r--p 00134000 08:05 2572474                    /usr/lib/x86_64-linux-gnu/libX11.so.6.3.0
7f8de3b94000-7f8de3b99000 rw-p 00135000 08:05 2572474                    /usr/lib/x86_64-linux-gnu/libX11.so.6.3.0
7f8de3b99000-7f8de3ba9000 r-xp 00000000 08:05 1541586                    /usr/lib/x86_64-linux-gnu/libXext.so.6.4.0
7f8de3ba9000-7f8de3da9000 ---p 00010000 08:05 1541586                    /usr/lib/x86_64-linux-gnu/libXext.so.6.4.0
7f8de3da9000-7f8de3daa000 r--p 00010000 08:05 1541586                    /usr/lib/x86_64-linux-gnu/libXext.so.6.4.0
7f8de3daa000-7f8de3dab000 rw-p 00011000 08:05 1541586                    /usr/lib/x86_64-linux-gnu/libXext.so.6.4.0
7f8de3dab000-7f8de3dfb000 r-xp 00000000 08:05 3883107                    /home/birdie/Documents/jdk1.7.0_45/jre/lib/amd64/xawt/libmawt.so
7f8de3dfb000-7f8de3ffb000 ---p 00050000 08:05 3883107                    /home/birdie/Documents/jdk1.7.0_45/jre/lib/amd64/xawt/libmawt.so
7f8de3ffb000-7f8de3fff000 rw-p 00050000 08:05 3883107                    /home/birdie/Documents/jdk1.7.0_45/jre/lib/amd64/xawt/libmawt.so
7f8de3fff000-7f8de4000000 rw-p 00000000 00:00 0 
7f8de4000000-7f8de4021000 rw-p 00000000 00:00 0 
7f8de4021000-7f8de8000000 ---p 00000000 00:00 0 
7f8de8000000-7f8de8004000 r--s 00000000 08:05 3211352                    /var/cache/fontconfig/7ef2298fde41cc6eeb7af42e48b7d293-le64.cache-3
7f8de8004000-7f8de8005000 r--s 00000000 08:05 3211362                    /var/cache/fontconfig/c05880de57d1f5e948fdfacc138775d9-le64.cache-3
7f8de8005000-7f8de8007000 r--s 00000000 08:05 3211356                    /var/cache/fontconfig/99e8ed0e538f840c565b6ed5dad60d56-le64.cache-3
7f8de8007000-7f8de800c000 r--s 00000000 08:05 3211337                    /var/cache/fontconfig/2cd17615ca594fa2959ae173292e504c-le64.cache-3
7f8de800c000-7f8de800d000 r--s 00000000 08:05 3211370                    /var/cache/fontconfig/e7071f4a29fa870f4323321c154eba04-le64.cache-3
7f8de800d000-7f8de8012000 r--s 00000000 08:05 3211349                    /var/cache/fontconfig/6eb3985aa4124903f6ff08ba781cd364-le64.cache-3
7f8de8012000-7f8de8013000 r--s 00000000 08:05 3211334                    /var/cache/fontconfig/0d8c3b2ac0904cb8a57a757ad11a4a08-le64.cache-3
7f8de8013000-7f8de8019000 r--s 00000000 08:05 3211358                    /var/cache/fontconfig/a755afe4a08bf5b97852ceb7400b47bc-le64.cache-3
7f8de8019000-7f8de8022000 r--s 00000000 08:05 3211348                    /var/cache/fontconfig/6d41288fd70b0be22e8c3a91e032eec0-le64.cache-3
7f8de8022000-7f8de8032000 r--s 00000000 08:05 3211332                    /var/cache/fontconfig/04aabc0a78ac019cf9454389977116d2-le64.cache-3
7f8de8032000-7f8de8033000 r--s 00000000 08:05 3211336                    /var/cache/fontconfig/1ac9eb803944fde146138c791f5cc56a-le64.cache-3
7f8de8033000-7f8de8036000 r--s 00000000 08:05 3211341                    /var/cache/fontconfig/385c0604a188198f04d133e54aba7fe7-le64.cache-3
7f8de8036000-7f8de8037000 r--s 00000000 08:05 3211368                    /var/cache/fontconfig/dc05db6664285cc2f12bf69c139ae4c3-le64.cache-3
7f8de8037000-7f8de8039000 r--s 00000000 08:05 3211351                    /var/cache/fontconfig/767a8244fc0220cfb567a839d0392e0b-le64.cache-3
7f8de8039000-7f8de803a000 r--s 00000000 08:05 3211343                    /var/cache/fontconfig/4794a0821666d79190d59a36cb4f44b5-le64.cache-3
7f8de803a000-7f8de803d000 r--s 00000000 08:05 3211353                    /var/cache/fontconfig/8801497958630a81b71ace7c5f9b32a8-le64.cache-3
7f8de803d000-7f8de8042000 r--s 00000000 08:05 3211338                    /var/cache/fontconfig/3047814df9a2f067bd2d96a2b9c36e5a-le64.cache-3
7f8de8042000-7f8de8047000 r--s 00000000 08:05 3211360                    /var/cache/fontconfig/b47c4e1ecd0709278f4910c18777a504-le64.cache-3
7f8de8047000-7f8de8058000 r--s 00000000 08:05 3211366                    /var/cache/fontconfig/d52a8644073d54c13679302ca1180695-le64.cache-3
7f8de8058000-7f8de8089000 rw-p 00000000 00:00 0 
7f8de8089000-7f8de812b000 r-xp 00000000 08:05 3867316                    /home/birdie/Documents/jdk1.7.0_45/jre/lib/amd64/libawt.so
7f8de812b000-7f8de832b000 ---p 000a2000 08:05 3867316                    /home/birdie/Documents/jdk1.7.0_45/jre/lib/amd64/libawt.so
7f8de832b000-7f8de8337000 rw-p 000a2000 08:05 3867316                    /home/birdie/Documents/jdk1.7.0_45/jre/lib/amd64/libawt.so
7f8de8337000-7f8de835b000 rw-p 00000000 00:00 0 
7f8de835b000-7f8de835c000 ---p 00000000 00:00 0 
7f8de835c000-7f8de845c000 rw-p 00000000 00:00 0                          [stack:3293]
7f8de845c000-7f8de845f000 ---p 00000000 00:00 0 
7f8de845f000-7f8de855d000 rw-p 00000000 00:00 0                          [stack:3292]
7f8de855d000-7f8de8560000 ---p 00000000 00:00 0 
7f8de8560000-7f8de865e000 rw-p 00000000 00:00 0                          [stack:3291]
7f8de865e000-7f8de8661000 ---p 00000000 00:00 0 
7f8de8661000-7f8de875f000 rw-p 00000000 00:00 0                          [stack:3290]
7f8de875f000-7f8de8762000 ---p 00000000 00:00 0 
7f8de8762000-7f8de8860000 rw-p 00000000 00:00 0                          [stack:3289]
7f8de8860000-7f8de8f41000 r--p 00000000 08:05 4538369                    /usr/lib/locale/locale-archive
7f8de8f41000-7f8de8f44000 ---p 00000000 00:00 0 
7f8de8f44000-7f8de9042000 rw-p 00000000 00:00 0                          [stack:3288]
7f8de9042000-7f8de9045000 ---p 00000000 00:00 0 
7f8de9045000-7f8de9143000 rw-p 00000000 00:00 0                          [stack:3287]
7f8de9143000-7f8de9144000 ---p 00000000 00:00 0 
7f8de9144000-7f8deae91000 rw-p 00000000 00:00 0                          [stack:3286]
7f8deae91000-7f8deb04d000 r--s 039b2000 08:05 3850697                    /home/birdie/Documents/jdk1.7.0_45/jre/lib/rt.jar
7f8deb04d000-7f8deb4d0000 rw-p 00000000 00:00 0 
7f8deb4d0000-7f8deb4d1000 ---p 00000000 00:00 0 
7f8deb4d1000-7f8deb5d1000 rw-p 00000000 00:00 0                          [stack:3285]
7f8deb5d1000-7f8deb5d2000 ---p 00000000 00:00 0 
7f8deb5d2000-7f8deb6d2000 rw-p 00000000 00:00 0                          [stack:3284]
7f8deb6d2000-7f8deb6d3000 ---p 00000000 00:00 0 
7f8deb6d3000-7f8deb7d3000 rw-p 00000000 00:00 0                          [stack:3283]
7f8deb7d3000-7f8deb7d4000 ---p 00000000 00:00 0 
7f8deb7d4000-7f8deb8d4000 rw-p 00000000 00:00 0                          [stack:3282]
7f8deb8d4000-7f8deb8d5000 ---p 00000000 00:00 0 
7f8deb8d5000-7f8deb9d5000 rw-p 00000000 00:00 0                          [stack:3281]
7f8deb9d5000-7f8deb9d6000 ---p 00000000 00:00 0 
7f8deb9d6000-7f8debad6000 rw-p 00000000 00:00 0                          [stack:3280]
7f8debad6000-7f8debad7000 ---p 00000000 00:00 0 
7f8debad7000-7f8debbd7000 rw-p 00000000 00:00 0                          [stack:3279]
7f8debbd7000-7f8debbd8000 ---p 00000000 00:00 0 
7f8debbd8000-7f8debd02000 rw-p 00000000 00:00 0                          [stack:3278]
7f8debd02000-7f8debf70000 rw-p 00000000 00:00 0 
7f8debf70000-7f8debf7b000 rw-p 00000000 00:00 0 
7f8debf7b000-7f8debf99000 rw-p 00000000 00:00 0 
7f8debf99000-7f8debfc3000 rw-p 00000000 00:00 0 
7f8debfc3000-7f8dec231000 rw-p 00000000 00:00 0 
7f8dec231000-7f8dec246000 rw-p 00000000 00:00 0 
7f8dec246000-7f8dec37d000 rw-p 00000000 00:00 0 
7f8dec37d000-7f8dec37e000 rw-p 00000000 00:00 0 
7f8dec37e000-7f8dec5ee000 rwxp 00000000 00:00 0 
7f8dec5ee000-7f8def37e000 rw-p 00000000 00:00 0 
7f8def37e000-7f8def398000 r-xp 00000000 08:05 3867333                    /home/birdie/Documents/jdk1.7.0_45/jre/lib/amd64/libzip.so
7f8def398000-7f8def598000 ---p 0001a000 08:05 3867333                    /home/birdie/Documents/jdk1.7.0_45/jre/lib/amd64/libzip.so
7f8def598000-7f8def599000 rw-p 0001a000 08:05 3867333                    /home/birdie/Documents/jdk1.7.0_45/jre/lib/amd64/libzip.so
7f8def599000-7f8def5a5000 r-xp 00000000 08:05 1934285                    /lib/x86_64-linux-gnu/libnss_files-2.17.so
7f8def5a5000-7f8def7a4000 ---p 0000c000 08:05 1934285                    /lib/x86_64-linux-gnu/libnss_files-2.17.so
7f8def7a4000-7f8def7a5000 r--p 0000b000 08:05 1934285                    /lib/x86_64-linux-gnu/libnss_files-2.17.so
7f8def7a5000-7f8def7a6000 rw-p 0000c000 08:05 1934285                    /lib/x86_64-linux-gnu/libnss_files-2.17.so
7f8def7a6000-7f8def7b1000 r-xp 00000000 08:05 1934289                    /lib/x86_64-linux-gnu/libnss_nis-2.17.so
7f8def7b1000-7f8def9b0000 ---p 0000b000 08:05 1934289                    /lib/x86_64-linux-gnu/libnss_nis-2.17.so
7f8def9b0000-7f8def9b1000 r--p 0000a000 08:05 1934289                    /lib/x86_64-linux-gnu/libnss_nis-2.17.so
7f8def9b1000-7f8def9b2000 rw-p 0000b000 08:05 1934289                    /lib/x86_64-linux-gnu/libnss_nis-2.17.so
7f8def9b2000-7f8def9c9000 r-xp 00000000 08:05 1934279                    /lib/x86_64-linux-gnu/libnsl-2.17.so
7f8def9c9000-7f8defbc8000 ---p 00017000 08:05 1934279                    /lib/x86_64-linux-gnu/libnsl-2.17.so
7f8defbc8000-7f8defbc9000 r--p 00016000 08:05 1934279                    /lib/x86_64-linux-gnu/libnsl-2.17.so
7f8defbc9000-7f8defbca000 rw-p 00017000 08:05 1934279                    /lib/x86_64-linux-gnu/libnsl-2.17.so
7f8defbca000-7f8defbcc000 rw-p 00000000 00:00 0 
7f8defbcc000-7f8defbd4000 r-xp 00000000 08:05 1934281                    /lib/x86_64-linux-gnu/libnss_compat-2.17.so
7f8defbd4000-7f8defdd3000 ---p 00008000 08:05 1934281                    /lib/x86_64-linux-gnu/libnss_compat-2.17.so
7f8defdd3000-7f8defdd4000 r--p 00007000 08:05 1934281                    /lib/x86_64-linux-gnu/libnss_compat-2.17.so
7f8defdd4000-7f8defdd5000 rw-p 00008000 08:05 1934281                    /lib/x86_64-linux-gnu/libnss_compat-2.17.so
7f8defdd5000-7f8defdfe000 r-xp 00000000 08:05 3867324                    /home/birdie/Documents/jdk1.7.0_45/jre/lib/amd64/libjava.so
7f8defdfe000-7f8defffe000 ---p 00029000 08:05 3867324                    /home/birdie/Documents/jdk1.7.0_45/jre/lib/amd64/libjava.so
7f8defffe000-7f8df0000000 rw-p 00029000 08:05 3867324                    /home/birdie/Documents/jdk1.7.0_45/jre/lib/amd64/libjava.so
7f8df0000000-7f8df039f000 rw-p 00000000 00:00 0 
7f8df039f000-7f8df4000000 ---p 00000000 00:00 0 
7f8df4000000-7f8df4001000 r--s 00000000 08:05 3211345                    /var/cache/fontconfig/56cf4f4769d0f4abc89a4895d7bd3ae1-le64.cache-3
7f8df4001000-7f8df4008000 r--s 00000000 08:05 3211342                    /var/cache/fontconfig/3f7329c5293ffd510edef78f73874cfd-le64.cache-3
7f8df4008000-7f8df40e0000 rw-p 00000000 00:00 0 
7f8df40e0000-7f8df40fe000 rw-p 00000000 00:00 0 
7f8df40fe000-7f8df410b000 r-xp 00000000 08:05 3867313                    /home/birdie/Documents/jdk1.7.0_45/jre/lib/amd64/libverify.so
7f8df410b000-7f8df430a000 ---p 0000d000 08:05 3867313                    /home/birdie/Documents/jdk1.7.0_45/jre/lib/amd64/libverify.so
7f8df430a000-7f8df430c000 rw-p 0000c000 08:05 3867313                    /home/birdie/Documents/jdk1.7.0_45/jre/lib/amd64/libverify.so
7f8df430c000-7f8df4313000 r-xp 00000000 08:05 1934332                    /lib/x86_64-linux-gnu/librt-2.17.so
7f8df4313000-7f8df4512000 ---p 00007000 08:05 1934332                    /lib/x86_64-linux-gnu/librt-2.17.so
7f8df4512000-7f8df4513000 r--p 00006000 08:05 1934332                    /lib/x86_64-linux-gnu/librt-2.17.so
7f8df4513000-7f8df4514000 rw-p 00007000 08:05 1934332                    /lib/x86_64-linux-gnu/librt-2.17.so
7f8df4514000-7f8df4617000 r-xp 00000000 08:05 1934260                    /lib/x86_64-linux-gnu/libm-2.17.so
7f8df4617000-7f8df4817000 ---p 00103000 08:05 1934260                    /lib/x86_64-linux-gnu/libm-2.17.so
7f8df4817000-7f8df4818000 r--p 00103000 08:05 1934260                    /lib/x86_64-linux-gnu/libm-2.17.so
7f8df4818000-7f8df4819000 rw-p 00104000 08:05 1934260                    /lib/x86_64-linux-gnu/libm-2.17.so
7f8df4819000-7f8df537b000 r-xp 00000000 08:05 3867331                    /home/birdie/Documents/jdk1.7.0_45/jre/lib/amd64/server/libjvm.so
7f8df537b000-7f8df557b000 ---p 00b62000 08:05 3867331                    /home/birdie/Documents/jdk1.7.0_45/jre/lib/amd64/server/libjvm.so
7f8df557b000-7f8df563e000 rw-p 00b62000 08:05 3867331                    /home/birdie/Documents/jdk1.7.0_45/jre/lib/amd64/server/libjvm.so
7f8df563e000-7f8df567f000 rw-p 00000000 00:00 0 
7f8df567f000-7f8df583d000 r-xp 00000000 08:05 1934212                    /lib/x86_64-linux-gnu/libc-2.17.so
7f8df583d000-7f8df5a3c000 ---p 001be000 08:05 1934212                    /lib/x86_64-linux-gnu/libc-2.17.so
7f8df5a3c000-7f8df5a40000 r--p 001bd000 08:05 1934212                    /lib/x86_64-linux-gnu/libc-2.17.so
7f8df5a40000-7f8df5a42000 rw-p 001c1000 08:05 1934212                    /lib/x86_64-linux-gnu/libc-2.17.so
7f8df5a42000-7f8df5a47000 rw-p 00000000 00:00 0 
7f8df5a47000-7f8df5a4a000 r-xp 00000000 08:05 1934227                    /lib/x86_64-linux-gnu/libdl-2.17.so
7f8df5a4a000-7f8df5c49000 ---p 00003000 08:05 1934227                    /lib/x86_64-linux-gnu/libdl-2.17.so
7f8df5c49000-7f8df5c4a000 r--p 00002000 08:05 1934227                    /lib/x86_64-linux-gnu/libdl-2.17.so
7f8df5c4a000-7f8df5c4b000 rw-p 00003000 08:05 1934227                    /lib/x86_64-linux-gnu/libdl-2.17.so
7f8df5c4b000-7f8df5c61000 r-xp 00000000 08:05 3850252                    /home/birdie/Documents/jdk1.7.0_45/lib/amd64/jli/libjli.so
7f8df5c61000-7f8df5e61000 ---p 00016000 08:05 3850252                    /home/birdie/Documents/jdk1.7.0_45/lib/amd64/jli/libjli.so
7f8df5e61000-7f8df5e62000 rw-p 00016000 08:05 3850252                    /home/birdie/Documents/jdk1.7.0_45/lib/amd64/jli/libjli.so
7f8df5e62000-7f8df5e7a000 r-xp 00000000 08:05 1934324                    /lib/x86_64-linux-gnu/libpthread-2.17.so
7f8df5e7a000-7f8df6079000 ---p 00018000 08:05 1934324                    /lib/x86_64-linux-gnu/libpthread-2.17.so
7f8df6079000-7f8df607a000 r--p 00017000 08:05 1934324                    /lib/x86_64-linux-gnu/libpthread-2.17.so
7f8df607a000-7f8df607b000 rw-p 00018000 08:05 1934324                    /lib/x86_64-linux-gnu/libpthread-2.17.so
7f8df607b000-7f8df607f000 rw-p 00000000 00:00 0 
7f8df607f000-7f8df60a2000 r-xp 00000000 08:05 1934188                    /lib/x86_64-linux-gnu/ld-2.17.so
7f8df60a2000-7f8df60cd000 rw-p 00000000 00:00 0 
7f8df60cd000-7f8df6183000 rw-p 00000000 00:00 0 
7f8df6183000-7f8df6186000 ---p 00000000 00:00 0 
7f8df6186000-7f8df6288000 rw-p 00000000 00:00 0                          [stack:3275]
7f8df6288000-7f8df6289000 r--s 00000000 08:05 3211361                    /var/cache/fontconfig/b9d506c9ac06c20b433354fa67a72993-le64.cache-3
7f8df6289000-7f8df628a000 r--s 00000000 08:05 3211333                    /var/cache/fontconfig/0c9eb80ebd1c36541ebe2852d3bb0c49-le64.cache-3
7f8df628a000-7f8df628d000 r--s 00000000 08:05 3211369                    /var/cache/fontconfig/e13b20fdb08344e0e664864cc2ede53d-le64.cache-3
7f8df628d000-7f8df6291000 r--s 00000000 08:05 3211352                    /var/cache/fontconfig/7ef2298fde41cc6eeb7af42e48b7d293-le64.cache-3
7f8df6291000-7f8df6293000 r--s 0000d000 08:05 1758172                    /usr/share/java/RXTXcomm-2.2pre2.jar
7f8df6293000-7f8df6295000 r--s 0000d000 08:05 3867496                    /home/birdie/Documents/jdk1.7.0_45/jre/lib/ext/RXTXcomm.jar
7f8df6295000-7f8df629d000 rw-s 00000000 08:05 315941                     /tmp/hsperfdata_birdie/3273
7f8df629d000-7f8df629e000 rw-p 00000000 00:00 0 
7f8df629e000-7f8df629f000 r--p 00000000 00:00 0 
7f8df629f000-7f8df62a1000 rw-p 00000000 00:00 0 
7f8df62a1000-7f8df62a2000 r--p 00022000 08:05 1934188                    /lib/x86_64-linux-gnu/ld-2.17.so
7f8df62a2000-7f8df62a4000 rw-p 00023000 08:05 1934188                    /lib/x86_64-linux-gnu/ld-2.17.so
7fffa8557000-7fffa8578000 rw-p 00000000 00:00 0                          [stack]
7fffa85a1000-7fffa85a2000 r-xp 00000000 00:00 0                          [vdso]
ffffffffff600000-ffffffffff601000 r-xp 00000000 00:00 0                  [vsyscall]

VM Arguments:
jvm_args: -Dfile.encoding=UTF-8 
java_command: mosesserver.MosesServerForm
Launcher Type: SUN_STANDARD

Environment Variables:
PATH=/usr/local/sbin:/usr/local/bin:/usr/sbin:/usr/bin:/sbin:/bin:/usr/games:/usr/local/games
USERNAME=birdie
LD_LIBRARY_PATH=/home/birdie/Documents/jdk1.7.0_45/jre/lib/amd64:/home/birdie/Documents/jdk1.7.0_45/jre/lib/i386:
SHELL=/bin/bash
DISPLAY=:0

Signal Handlers:
SIGSEGV: [libjvm.so+0x9935b0], sa_mask[0]=0x7ffbfeff, sa_flags=0x10000004
SIGBUS: [libjvm.so+0x9935b0], sa_mask[0]=0x7ffbfeff, sa_flags=0x10000004
SIGFPE: [libjvm.so+0x810330], sa_mask[0]=0x7ffbfeff, sa_flags=0x10000004
SIGPIPE: SIG_IGN, sa_mask[0]=0x00001000, sa_flags=0x10000000
SIGXFSZ: [libjvm.so+0x810330], sa_mask[0]=0x7ffbfeff, sa_flags=0x10000004
SIGILL: [libjvm.so+0x810330], sa_mask[0]=0x7ffbfeff, sa_flags=0x10000004
SIGUSR1: SIG_DFL, sa_mask[0]=0x00000000, sa_flags=0x00000000
SIGUSR2: [libjvm.so+0x811820], sa_mask[0]=0x00000004, sa_flags=0x10000004
SIGHUP: [libjvm.so+0x812790], sa_mask[0]=0x7ffbfeff, sa_flags=0x10000004
SIGINT: SIG_IGN, sa_mask[0]=0x00000000, sa_flags=0x00000000
SIGTERM: [libjvm.so+0x812790], sa_mask[0]=0x7ffbfeff, sa_flags=0x10000004
SIGQUIT: [libjvm.so+0x812790], sa_mask[0]=0x7ffbfeff, sa_flags=0x10000004


---------------  S Y S T E M  ---------------

OS:wheezy/sid

uname:Linux 3.10.37-customname #1 SMP Fri Apr 18 10:51:28 MDT 2014 x86_64
libc:glibc 2.17 NPTL 2.17 
rlimit: STACK 8192k, CORE 0k, NPROC 63437, NOFILE 4096, AS infinity
load average:1.61 0.67 0.25

/proc/meminfo:
MemTotal:        8153360 kB
MemFree:         5141016 kB
Buffers:         1127008 kB
Cached:           749148 kB
SwapCached:            0 kB
Active:          1071908 kB
Inactive:        1726144 kB
Active(anon):     923120 kB
Inactive(anon):    35088 kB
Active(file):     148788 kB
Inactive(file):  1691056 kB
Unevictable:           0 kB
Mlocked:               0 kB
SwapTotal:             0 kB
SwapFree:              0 kB
Dirty:               104 kB
Writeback:             0 kB
AnonPages:        922668 kB
Mapped:           117036 kB
Shmem:             35964 kB
Slab:             110004 kB
SReclaimable:      80256 kB
SUnreclaim:        29748 kB
KernelStack:        3904 kB
PageTables:        17400 kB
NFS_Unstable:          0 kB
Bounce:                0 kB
WritebackTmp:          0 kB
CommitLimit:     4076680 kB
Committed_AS:    2604972 kB
VmallocTotal:   34359738367 kB
VmallocUsed:      141888 kB
VmallocChunk:   34359593468 kB
HardwareCorrupted:     0 kB
AnonHugePages:         0 kB
HugePages_Total:       0
HugePages_Free:        0
HugePages_Rsvd:        0
HugePages_Surp:        0
Hugepagesize:       2048 kB
DirectMap4k:      110136 kB
DirectMap2M:     8255488 kB


CPU:total 8 (4 cores per cpu, 2 threads per core) family 6 model 42 stepping 7, cmov, cx8, fxsr, mmx, sse, sse2, sse3, ssse3, sse4.1, sse4.2, popcnt, avx, ht, tsc, tscinvbit

/proc/cpuinfo:
processor	: 0
vendor_id	: GenuineIntel
cpu family	: 6
model		: 42
model name	: Intel(R) Core(TM) i7-2630QM CPU @ 2.00GHz
stepping	: 7
microcode	: 0x6
cpu MHz		: 1835.312
cache size	: 6144 KB
physical id	: 0
siblings	: 8
core id		: 0
cpu cores	: 4
apicid		: 0
initial apicid	: 0
fpu		: yes
fpu_exception	: yes
cpuid level	: 13
wp		: yes
flags		: fpu vme de pse tsc msr pae mce cx8 apic sep mtrr pge mca cmov pat pse36 clflush dts acpi mmx fxsr sse sse2 ss ht tm pbe syscall nx rdtscp lm constant_tsc arch_perfmon pebs bts rep_good nopl xtopology nonstop_tsc aperfmperf eagerfpu pni pclmulqdq dtes64 monitor ds_cpl vmx est tm2 ssse3 cx16 xtpr pdcm pcid sse4_1 sse4_2 x2apic popcnt tsc_deadline_timer xsave avx lahf_lm ida arat epb xsaveopt pln pts dtherm tpr_shadow vnmi flexpriority ept vpid
bogomips	: 3990.60
clflush size	: 64
cache_alignment	: 64
address sizes	: 36 bits physical, 48 bits virtual
power management:

processor	: 1
vendor_id	: GenuineIntel
cpu family	: 6
model		: 42
model name	: Intel(R) Core(TM) i7-2630QM CPU @ 2.00GHz
stepping	: 7
microcode	: 0x6
cpu MHz		: 1788.203
cache size	: 6144 KB
physical id	: 0
siblings	: 8
core id		: 1
cpu cores	: 4
apicid		: 2
initial apicid	: 2
fpu		: yes
fpu_exception	: yes
cpuid level	: 13
wp		: yes
flags		: fpu vme de pse tsc msr pae mce cx8 apic sep mtrr pge mca cmov pat pse36 clflush dts acpi mmx fxsr sse sse2 ss ht tm pbe syscall nx rdtscp lm constant_tsc arch_perfmon pebs bts rep_good nopl xtopology nonstop_tsc aperfmperf eagerfpu pni pclmulqdq dtes64 monitor ds_cpl vmx est tm2 ssse3 cx16 xtpr pdcm pcid sse4_1 sse4_2 x2apic popcnt tsc_deadline_timer xsave avx lahf_lm ida arat epb xsaveopt pln pts dtherm tpr_shadow vnmi flexpriority ept vpid
bogomips	: 3990.60
clflush size	: 64
cache_alignment	: 64
address sizes	: 36 bits physical, 48 bits virtual
power management:

processor	: 2
vendor_id	: GenuineIntel
cpu family	: 6
model		: 42
model name	: Intel(R) Core(TM) i7-2630QM CPU @ 2.00GHz
stepping	: 7
microcode	: 0x6
cpu MHz		: 1650.468
cache size	: 6144 KB
physical id	: 0
siblings	: 8
core id		: 2
cpu cores	: 4
apicid		: 4
initial apicid	: 4
fpu		: yes
fpu_exception	: yes
cpuid level	: 13
wp		: yes
flags		: fpu vme de pse tsc msr pae mce cx8 apic sep mtrr pge mca cmov pat pse36 clflush dts acpi mmx fxsr sse sse2 ss ht tm pbe syscall nx rdtscp lm constant_tsc arch_perfmon pebs bts rep_good nopl xtopology nonstop_tsc aperfmperf eagerfpu pni pclmulqdq dtes64 monitor ds_cpl vmx est tm2 ssse3 cx16 xtpr pdcm pcid sse4_1 sse4_2 x2apic popcnt tsc_deadline_timer xsave avx lahf_lm ida arat epb xsaveopt pln pts dtherm tpr_shadow vnmi flexpriority ept vpid
bogomips	: 3990.60
clflush size	: 64
cache_alignment	: 64
address sizes	: 36 bits physical, 48 bits virtual
power management:

processor	: 3
vendor_id	: GenuineIntel
cpu family	: 6
model		: 42
model name	: Intel(R) Core(TM) i7-2630QM CPU @ 2.00GHz
stepping	: 7
microcode	: 0x6
cpu MHz		: 2295.312
cache size	: 6144 KB
physical id	: 0
siblings	: 8
core id		: 3
cpu cores	: 4
apicid		: 6
initial apicid	: 6
fpu		: yes
fpu_exception	: yes
cpuid level	: 13
wp		: yes
flags		: fpu vme de pse tsc msr pae mce cx8 apic sep mtrr pge mca cmov pat pse36 clflush dts acpi mmx fxsr sse sse2 ss ht tm pbe syscall nx rdtscp lm constant_tsc arch_perfmon pebs bts rep_good nopl xtopology nonstop_tsc aperfmperf eagerfpu pni pclmulqdq dtes64 monitor ds_cpl vmx est tm2 ssse3 cx16 xtpr pdcm pcid sse4_1 sse4_2 x2apic popcnt tsc_deadline_timer xsave avx lahf_lm ida arat epb xsaveopt pln pts dtherm tpr_shadow vnmi flexpriority ept vpid
bogomips	: 3990.60
clflush size	: 64
cache_alignment	: 64
address sizes	: 36 bits physical, 48 bits virtual
power management:

processor	: 4
vendor_id	: GenuineIntel
cpu family	: 6
model		: 42
model name	: Intel(R) Core(TM) i7-2630QM CPU @ 2.00GHz
stepping	: 7
microcode	: 0x6
cpu MHz		: 2007.187
cache size	: 6144 KB
physical id	: 0
siblings	: 8
core id		: 0
cpu cores	: 4
apicid		: 1
initial apicid	: 1
fpu		: yes
fpu_exception	: yes
cpuid level	: 13
wp		: yes
flags		: fpu vme de pse tsc msr pae mce cx8 apic sep mtrr pge mca cmov pat pse36 clflush dts acpi mmx fxsr sse sse2 ss ht tm pbe syscall nx rdtscp lm constant_tsc arch_perfmon pebs bts rep_good nopl xtopology nonstop_tsc aperfmperf eagerfpu pni pclmulqdq dtes64 monitor ds_cpl vmx est tm2 ssse3 cx16 xtpr pdcm pcid sse4_1 sse4_2 x2apic popcnt tsc_deadline_timer xsave avx lahf_lm ida arat epb xsaveopt pln pts dtherm tpr_shadow vnmi flexpriority ept vpid
bogomips	: 3990.60
clflush size	: 64
cache_alignment	: 64
address sizes	: 36 bits physical, 48 bits virtual
power management:

processor	: 5
vendor_id	: GenuineIntel
cpu family	: 6
model		: 42
model name	: Intel(R) Core(TM) i7-2630QM CPU @ 2.00GHz
stepping	: 7
microcode	: 0x6
cpu MHz		: 1752.734
cache size	: 6144 KB
physical id	: 0
siblings	: 8
core id		: 1
cpu cores	: 4
apicid		: 3
initial apicid	: 3
fpu		: yes
fpu_exception	: yes
cpuid level	: 13
wp		: yes
flags		: fpu vme de pse tsc msr pae mce cx8 apic sep mtrr pge mca cmov pat pse36 clflush dts acpi mmx fxsr sse sse2 ss ht tm pbe syscall nx rdtscp lm constant_tsc arch_perfmon pebs bts rep_good nopl xtopology nonstop_tsc aperfmperf eagerfpu pni pclmulqdq dtes64 monitor ds_cpl vmx est tm2 ssse3 cx16 xtpr pdcm pcid sse4_1 sse4_2 x2apic popcnt tsc_deadline_timer xsave avx lahf_lm ida arat epb xsaveopt pln pts dtherm tpr_shadow vnmi flexpriority ept vpid
bogomips	: 3990.60
clflush size	: 64
cache_alignment	: 64
address sizes	: 36 bits physical, 48 bits virtual
power management:

processor	: 6
vendor_id	: GenuineIntel
cpu family	: 6
model		: 42
model name	: Intel(R) Core(TM) i7-2630QM CPU @ 2.00GHz
stepping	: 7
microcode	: 0x6
cpu MHz		: 2175.000
cache size	: 6144 KB
physical id	: 0
siblings	: 8
core id		: 2
cpu cores	: 4
apicid		: 5
initial apicid	: 5
fpu		: yes
fpu_exception	: yes
cpuid level	: 13
wp		: yes
flags		: fpu vme de pse tsc msr pae mce cx8 apic sep mtrr pge mca cmov pat pse36 clflush dts acpi mmx fxsr sse sse2 ss ht tm pbe syscall nx rdtscp lm constant_tsc arch_perfmon pebs bts rep_good nopl xtopology nonstop_tsc aperfmperf eagerfpu pni pclmulqdq dtes64 monitor ds_cpl vmx est tm2 ssse3 cx16 xtpr pdcm pcid sse4_1 sse4_2 x2apic popcnt tsc_deadline_timer xsave avx lahf_lm ida arat epb xsaveopt pln pts dtherm tpr_shadow vnmi flexpriority ept vpid
bogomips	: 3990.60
clflush size	: 64
cache_alignment	: 64
address sizes	: 36 bits physical, 48 bits virtual
power management:

processor	: 7
vendor_id	: GenuineIntel
cpu family	: 6
model		: 42
model name	: Intel(R) Core(TM) i7-2630QM CPU @ 2.00GHz
stepping	: 7
microcode	: 0x6
cpu MHz		: 1999.375
cache size	: 6144 KB
physical id	: 0
siblings	: 8
core id		: 3
cpu cores	: 4
apicid		: 7
initial apicid	: 7
fpu		: yes
fpu_exception	: yes
cpuid level	: 13
wp		: yes
flags		: fpu vme de pse tsc msr pae mce cx8 apic sep mtrr pge mca cmov pat pse36 clflush dts acpi mmx fxsr sse sse2 ss ht tm pbe syscall nx rdtscp lm constant_tsc arch_perfmon pebs bts rep_good nopl xtopology nonstop_tsc aperfmperf eagerfpu pni pclmulqdq dtes64 monitor ds_cpl vmx est tm2 ssse3 cx16 xtpr pdcm pcid sse4_1 sse4_2 x2apic popcnt tsc_deadline_timer xsave avx lahf_lm ida arat epb xsaveopt pln pts dtherm tpr_shadow vnmi flexpriority ept vpid
bogomips	: 3990.60
clflush size	: 64
cache_alignment	: 64
address sizes	: 36 bits physical, 48 bits virtual
power management:



Memory: 4k page, physical 8153360k(5140676k free), swap 0k(0k free)

vm_info: Java HotSpot(TM) 64-Bit Server VM (24.45-b08) for linux-amd64 JRE (1.7.0_45-b18), built on Oct  8 2013 05:44:25 by "java_re" with gcc 4.3.0 20080428 (Red Hat 4.3.0-8)

time: Mon Jun  9 08:44:04 2014
elapsed time: 46 seconds

