#
# A fatal error has been detected by the Java Runtime Environment:
#
#  SIGSEGV (0xb) at pc=0x00007f7e4cdddd9d, pid=5002, tid=140180431132416
#
# JRE version: Java(TM) SE Runtime Environment (7.0_45-b18) (build 1.7.0_45-b18)
# Java VM: Java HotSpot(TM) 64-Bit Server VM (24.45-b08 mixed mode linux-amd64 compressed oops)
# Problematic frame:
# C  [librxtxSerial.so+0x6d9d]  read_byte_array+0x3d
#
# Failed to write core dump. Core dumps have been disabled. To enable core dumping, try "ulimit -c unlimited" before starting Java again
#
# If you would like to submit a bug report, please visit:
#   http://bugreport.sun.com/bugreport/crash.jsp
# The crash happened outside the Java Virtual Machine in native code.
# See problematic frame for where to report the bug.
#

---------------  T H R E A D  ---------------

Current thread (0x00007f7df80fc800):  JavaThread "Thread-3" [_thread_in_native, id=5070, stack(0x00007f7e4cbd5000,0x00007f7e4ccd6000)]

siginfo:si_signo=SIGSEGV: si_errno=0, si_code=1 (SEGV_MAPERR), si_addr=0x000000004cdd54f8

Registers:
RAX=0x000000004cdd54f0, RBX=0x00007f7ddc000d40, RCX=0x0000000000000001, RDX=0x00007f7e6ff0aa00
RSP=0x00007f7e4ccd4190, RBP=0x00007f7df80fc9e8, RSI=0x00007f7e4cde0b25, RDI=0x00007f7e4cde0a9f
R8 =0x00007f7e4ccd4100, R9 =0x00000007d7877500, R10=0x0000000000000016, R11=0x00007f7e6ff0f008
R12=0xffffffffffffffff, R13=0x0000000000000001, R14=0x0000000000000015, R15=0x00000000ffffffff
RIP=0x00007f7e4cdddd9d, EFLAGS=0x0000000000010206, CSGSFS=0x0000000000000033, ERR=0x0000000000000004
  TRAPNO=0x000000000000000e

Top of Stack: (sp=0x00007f7e4ccd4190)
0x00007f7e4ccd4190:   0000000000002000 0000000000002000
0x00007f7e4ccd41a0:   0000000100000000 00007f7ddc000d40
0x00007f7e4ccd41b0:   0000001500002000 00007f7ddc000d40
0x00007f7e4ccd41c0:   0000000000000000 0000000000000700
0x00007f7e4ccd41d0:   00007f7e4ccd4230 000000004cdd54f0
0x00007f7e4ccd41e0:   00007f7df80fc9e8 00007f7e4cfe35d0
0x00007f7e4ccd41f0:   0000000000000000 0000000000000001
0x00007f7e4ccd4200:   0000000000000015 0000000000000000
0x00007f7e4ccd4210:   00007f7df80fc9e8 00007f7e70947c95
0x00007f7e4ccd4220:   0000000000000005 0000000000000000
0x00007f7e4ccd4230:   00007f7e4ccd4260 00007f7e4cdd7d18
0x00007f7e4ccd4240:   00007f7ddc000d40 00007f7df80fc9e8
0x00007f7e4ccd4250:   ffffffffffffffff 00007f7e7094e725
0x00007f7e4ccd4260:   00007f7ddc000d40 00007f7ddc000d40
0x00007f7e4ccd4270:   0000000000000015 00007f7ddc000d40
0x00007f7e4ccd4280:   00007f7df80fc9e8 ffffffffffffffff
0x00007f7e4ccd4290:   0000000000000001 0000000000000015
0x00007f7e4ccd42a0:   0000000000000000 00007f7e4cdde272
0x00007f7e4ccd42b0:   00007f7df80fc800 00007f7e4ccd4390
0x00007f7e4ccd42c0:   00007f7e4ccd4398 000000077f388300
0x00007f7e4ccd42d0:   00007f7e4ccd4360 0000000000000000
0x00007f7e4ccd42e0:   000000077f3882f8 00007f7e4ccd4398
0x00007f7e4ccd42f0:   00007f7df80fc800 00007f7e65012cd8
0x00007f7e4ccd4300:   00007f7e1002a778 00007f7e4ccd4398
0x00007f7e4ccd4310:   00007f7df80fc800 00007f7e000000b6
0x00007f7e4ccd4320:   00007f7e4ccd4320 000000077f3882f8
0x00007f7e4ccd4330:   00007f7e4ccd4398 000000077f3b1490
0x00007f7e4ccd4340:   0000000000000000 000000077f388300
0x00007f7e4ccd4350:   0000000000000000 00007f7e4ccd4380
0x00007f7e4ccd4360:   00007f7e4ccd4400 00007f7e650061d4
0x00007f7e4ccd4370:   0000000000000000 00007f7e6500ecd6
0x00007f7e4ccd4380:   0000000000000001 0000000000000000 

Instructions: (pc=0x00007f7e4cdddd9d)
0x00007f7e4cdddd7d:   4c 24 18 48 8d 15 17 2d 00 00 48 8d 0d 0e 2d 00
0x00007f7e4cdddd8d:   00 44 89 44 24 14 e8 88 c7 ff ff 48 89 44 24 48
0x00007f7e4cdddd9d:   8b 40 08 45 85 ff 48 8b 54 24 48 89 44 24 40 c7
0x00007f7e4cddddad:   42 08 00 00 00 00 0f 88 bd 01 00 00 31 c0 e8 70 

Register to memory mapping:

RAX=0x000000004cdd54f0 is an unknown value
RBX=0x00007f7ddc000d40 is an unknown value
RCX=0x0000000000000001 is an unknown value
RDX=0x00007f7e6ff0aa00: <offset 0xe37a00> in /home/birdie/Documents/jdk1.7.0_45/jre/lib/amd64/server/libjvm.so at 0x00007f7e6f0d3000
RSP=0x00007f7e4ccd4190 is pointing into the stack for thread: 0x00007f7df80fc800
RBP=0x00007f7df80fc9e8 is an unknown value
RSI=0x00007f7e4cde0b25: <offset 0x9b25> in /home/birdie/Documents/jdk1.7.0_45/jre/lib/amd64/librxtxSerial.so at 0x00007f7e4cdd7000
RDI=0x00007f7e4cde0a9f: <offset 0x9a9f> in /home/birdie/Documents/jdk1.7.0_45/jre/lib/amd64/librxtxSerial.so at 0x00007f7e4cdd7000
R8 =0x00007f7e4ccd4100 is pointing into the stack for thread: 0x00007f7df80fc800
R9 =0x00000007d7877500 is an oop
gnu.io.RXTXPort 
 - klass: 'gnu/io/RXTXPort'
R10=0x0000000000000016 is an unknown value
R11=0x00007f7e6ff0f008: <offset 0xe3c008> in /home/birdie/Documents/jdk1.7.0_45/jre/lib/amd64/server/libjvm.so at 0x00007f7e6f0d3000
R12=0xffffffffffffffff is an unknown value
R13=0x0000000000000001 is an unknown value
R14=0x0000000000000015 is an unknown value
R15=0x00000000ffffffff is an unknown value


Stack: [0x00007f7e4cbd5000,0x00007f7e4ccd6000],  sp=0x00007f7e4ccd4190,  free space=1020k
Native frames: (J=compiled Java code, j=interpreted, Vv=VM code, C=native code)
C  [librxtxSerial.so+0x6d9d]  read_byte_array+0x3d

Java frames: (J=compiled Java code, j=interpreted, Vv=VM code)
j  gnu.io.RXTXPort.readArray([BII)I+0
j  gnu.io.RXTXPort$SerialInputStream.read([BII)I+212
j  sun.nio.cs.StreamDecoder.readBytes()I+135
j  sun.nio.cs.StreamDecoder.implRead([CII)I+112
j  sun.nio.cs.StreamDecoder.read([CII)I+180
j  java.io.InputStreamReader.read([CII)I+7
j  java.io.BufferedReader.fill()V+145
j  java.io.BufferedReader.read()I+23
j  mosesserver.MosesServerForm.listenerSerial()V+81
j  mosesserver.MosesServerForm.access$1200(Lmosesserver/MosesServerForm;)V+1
j  mosesserver.MosesServerForm$13.run()V+4
j  java.lang.Thread.run()V+11
v  ~StubRoutines::call_stub

---------------  P R O C E S S  ---------------

Java Threads: ( => current thread )
  0x00007f7df810a000 JavaThread "Thread-4" [_thread_in_native, id=5071, stack(0x00007f7e4cad4000,0x00007f7e4cbd5000)]
=>0x00007f7df80fc800 JavaThread "Thread-3" [_thread_in_native, id=5070, stack(0x00007f7e4cbd5000,0x00007f7e4ccd6000)]
  0x00007f7df813d000 JavaThread "Thread-2" [_thread_in_native, id=5069, stack(0x00007f7e4ccd6000,0x00007f7e4cdd7000)]
  0x00007f7df8123000 JavaThread "Thread-1" [_thread_in_Java, id=5057, stack(0x00007f7e4cfe4000,0x00007f7e4d0e5000)]
  0x00007f7df8122000 JavaThread "Thread-0" [_thread_in_native, id=5056, stack(0x00007f7e4d0e5000,0x00007f7e4d1e6000)]
  0x00007f7df808b000 JavaThread "TimerQueue" daemon [_thread_blocked, id=5027, stack(0x00007f7e4d3ea000,0x00007f7e4d4eb000)]
  0x00007f7e6800a000 JavaThread "DestroyJavaVM" [_thread_blocked, id=5004, stack(0x00007f7e70a3d000,0x00007f7e70b3e000)]
  0x00007f7e68375000 JavaThread "AWT-EventQueue-0" [_thread_blocked, id=5026, stack(0x00007f7e4d76a000,0x00007f7e4d86b000)]
  0x00007f7e68374000 JavaThread "AWT-Shutdown" [_thread_blocked, id=5025, stack(0x00007f7e4d86b000,0x00007f7e4d96c000)]
  0x00007f7e681bb000 JavaThread "AWT-XAWT" daemon [_thread_in_native, id=5024, stack(0x00007f7e5cf2e000,0x00007f7e5d02f000)]
  0x00007f7e68197800 JavaThread "Java2D Disposer" daemon [_thread_blocked, id=5023, stack(0x00007f7e5d440000,0x00007f7e5d541000)]
  0x00007f7e6809f000 JavaThread "Service Thread" daemon [_thread_blocked, id=5021, stack(0x00007f7e5ed13000,0x00007f7e5ee14000)]
  0x00007f7e6809c800 JavaThread "C2 CompilerThread1" daemon [_thread_blocked, id=5020, stack(0x00007f7e5ee14000,0x00007f7e5ef15000)]
  0x00007f7e68099800 JavaThread "C2 CompilerThread0" daemon [_thread_in_native, id=5019, stack(0x00007f7e5ef15000,0x00007f7e5f016000)]
  0x00007f7e6808f800 JavaThread "Signal Dispatcher" daemon [_thread_blocked, id=5018, stack(0x00007f7e5f016000,0x00007f7e5f117000)]
  0x00007f7e68078800 JavaThread "Finalizer" daemon [_thread_blocked, id=5017, stack(0x00007f7e5f7f8000,0x00007f7e5f8f9000)]
  0x00007f7e68074800 JavaThread "Reference Handler" daemon [_thread_blocked, id=5016, stack(0x00007f7e5f8f9000,0x00007f7e5f9fa000)]

Other Threads:
  0x00007f7e68072000 VMThread [stack: 0x00007f7e5f9fa000,0x00007f7e5fafb000] [id=5015]
  0x00007f7e680a9800 WatcherThread [stack: 0x00007f7e5ec12000,0x00007f7e5ed13000] [id=5022]

VM state:not at safepoint (normal execution)

VM Mutex/Monitor currently owned by a thread: None

Heap
 PSYoungGen      total 37376K, used 19304K [0x00000007d6800000, 0x00000007d9180000, 0x0000000800000000)
  eden space 32256K, 59% used [0x00000007d6800000,0x00000007d7ada2a0,0x00000007d8780000)
  from space 5120K, 0% used [0x00000007d8c80000,0x00000007d8c80000,0x00000007d9180000)
  to   space 5120K, 0% used [0x00000007d8780000,0x00000007d8780000,0x00000007d8c80000)
 ParOldGen       total 84992K, used 0K [0x0000000783800000, 0x0000000788b00000, 0x00000007d6800000)
  object space 84992K, 0% used [0x0000000783800000,0x0000000783800000,0x0000000788b00000)
 PSPermGen       total 21504K, used 14084K [0x000000077e600000, 0x000000077fb00000, 0x0000000783800000)
  object space 21504K, 65% used [0x000000077e600000,0x000000077f3c1110,0x000000077fb00000)

Card table byte_map: [0x00007f7e6d928000,0x00007f7e6dd36000] byte_map_base: 0x00007f7e69d35000

Polling page: 0x00007f7e70b58000

Code Cache  [0x00007f7e65000000, 0x00007f7e65270000, 0x00007f7e68000000)
 total_blobs=626 nmethods=105 adapters=474 free_code_cache=48423Kb largest_free_block=49557312

Compilation events (10 events):
Event: 50.106 Thread 0x00007f7e6809c800 nmethod 100 0x00007f7e650b1f50 code [0x00007f7e650b20a0, 0x00007f7e650b21d8]
Event: 50.106 Thread 0x00007f7e6809c800  101             sun.font.FontDesignMetrics::getLatinCharWidth (29 bytes)
Event: 50.108 Thread 0x00007f7e6809c800 nmethod 101 0x00007f7e650a5f90 code [0x00007f7e650a6100, 0x00007f7e650a6228]
Event: 50.134 Thread 0x00007f7e68099800 nmethod 97 0x00007f7e650bad90 code [0x00007f7e650bafc0, 0x00007f7e650bc4e8]
Event: 51.050 Thread 0x00007f7e6809c800  102             java.util.ArrayList::indexOf (67 bytes)
Event: 51.053 Thread 0x00007f7e6809c800 nmethod 102 0x00007f7e650a5bd0 code [0x00007f7e650a5d20, 0x00007f7e650a5e58]
Event: 51.059 Thread 0x00007f7e68099800  103   !         javax.swing.UIManager::getLAFState (62 bytes)
Event: 51.062 Thread 0x00007f7e68099800 nmethod 103 0x00007f7e650b1a50 code [0x00007f7e650b1bc0, 0x00007f7e650b1d18]
Event: 53.782 Thread 0x00007f7e6809c800  104             java.lang.StringBuilder::append (8 bytes)
Event: 53.789 Thread 0x00007f7e6809c800 nmethod 104 0x00007f7e650b8a10 code [0x00007f7e650b8b80, 0x00007f7e650b8f58]

GC Heap History (0 events):
No events

Deoptimization events (8 events):
Event: 0.178 Thread 0x00007f7e6800a000 Uncommon trap: reason=class_check action=maybe_recompile pc=0x00007f7e65079280 method=java.util.Properties$LineReader.readLine()I @ 62
Event: 0.181 Thread 0x00007f7e6800a000 Uncommon trap: reason=class_check action=maybe_recompile pc=0x00007f7e65079280 method=java.util.Properties$LineReader.readLine()I @ 62
Event: 0.184 Thread 0x00007f7e6800a000 Uncommon trap: reason=class_check action=maybe_recompile pc=0x00007f7e65079280 method=java.util.Properties$LineReader.readLine()I @ 62
Event: 0.185 Thread 0x00007f7e6800a000 Uncommon trap: reason=class_check action=maybe_recompile pc=0x00007f7e65079280 method=java.util.Properties$LineReader.readLine()I @ 62
Event: 0.493 Thread 0x00007f7e68375000 Uncommon trap: reason=class_check action=maybe_recompile pc=0x00007f7e6507660c method=java.lang.String.equals(Ljava/lang/Object;)Z @ 8
Event: 0.493 Thread 0x00007f7e68375000 Uncommon trap: reason=class_check action=maybe_recompile pc=0x00007f7e6507660c method=java.lang.String.equals(Ljava/lang/Object;)Z @ 8
Event: 0.493 Thread 0x00007f7e68375000 Uncommon trap: reason=class_check action=maybe_recompile pc=0x00007f7e6507660c method=java.lang.String.equals(Ljava/lang/Object;)Z @ 8
Event: 0.493 Thread 0x00007f7e68375000 Uncommon trap: reason=class_check action=maybe_recompile pc=0x00007f7e6507660c method=java.lang.String.equals(Ljava/lang/Object;)Z @ 8

Internal exceptions (10 events):
Event: 47.322 Thread 0x00007f7e68375000 Threw 0x00000007d7709418 at /HUDSON/workspace/7u-2-build-linux-amd64/jdk7u45/229/hotspot/src/share/vm/prims/jni.cpp:717
Event: 48.869 Thread 0x00007f7e68375000 Threw 0x00000007d7766738 at /HUDSON/workspace/7u-2-build-linux-amd64/jdk7u45/229/hotspot/src/share/vm/prims/jni.cpp:717
Event: 49.259 Thread 0x00007f7e68375000 Threw 0x00000007d777a9a8 at /HUDSON/workspace/7u-2-build-linux-amd64/jdk7u45/229/hotspot/src/share/vm/prims/jni.cpp:717
Event: 49.661 Thread 0x00007f7e68375000 Threw 0x00000007d77a3320 at /HUDSON/workspace/7u-2-build-linux-amd64/jdk7u45/229/hotspot/src/share/vm/prims/jvm.cpp:1244
Event: 49.661 Thread 0x00007f7e68375000 Threw 0x00000007d77a6258 at /HUDSON/workspace/7u-2-build-linux-amd64/jdk7u45/229/hotspot/src/share/vm/prims/jni.cpp:717
Event: 50.047 Thread 0x00007f7e68375000 Threw 0x00000007d785b008 at /HUDSON/workspace/7u-2-build-linux-amd64/jdk7u45/229/hotspot/src/share/vm/prims/jni.cpp:717
Event: 50.066 Thread 0x00007f7e68375000 Threw 0x00000007d787b168 at /HUDSON/workspace/7u-2-build-linux-amd64/jdk7u45/229/hotspot/src/share/vm/prims/jvm.cpp:1244
Event: 50.765 Thread 0x00007f7e68375000 Threw 0x00000007d78d3dc0 at /HUDSON/workspace/7u-2-build-linux-amd64/jdk7u45/229/hotspot/src/share/vm/prims/jni.cpp:717
Event: 51.040 Thread 0x00007f7e68375000 Threw 0x00000007d78e7670 at /HUDSON/workspace/7u-2-build-linux-amd64/jdk7u45/229/hotspot/src/share/vm/prims/jni.cpp:717
Event: 53.915 Thread 0x00007f7df8123000 Threw 0x00000007d7539b00 at /HUDSON/workspace/7u-2-build-linux-amd64/jdk7u45/229/hotspot/src/share/vm/prims/jni.cpp:717

Events (10 events):
Event: 53.915 Executing VM operation: RevokeBias
Event: 53.915 Executing VM operation: RevokeBias done
Event: 53.915 loading class 0x00007f7e10055440
Event: 53.915 loading class 0x00007f7e10055440 done
Event: 53.915 loading class 0x00007f7e6c9eecb0
Event: 53.916 loading class 0x00007f7e6c9eecb0 done
Event: 53.916 loading class 0x00007f7e0c1290a0
Event: 53.916 loading class 0x00007f7e0c1290a0 done
Event: 53.916 loading class 0x00007f7e10080ca0
Event: 53.916 loading class 0x00007f7e10080ca0 done


Dynamic libraries:
00400000-00401000 r-xp 00000000 08:05 3850640                            /home/birdie/Documents/jdk1.7.0_45/bin/java
00600000-00601000 rw-p 00000000 08:05 3850640                            /home/birdie/Documents/jdk1.7.0_45/bin/java
0129c000-012bd000 rw-p 00000000 00:00 0                                  [heap]
77e600000-77fb00000 rw-p 00000000 00:00 0 
77fb00000-783800000 rw-p 00000000 00:00 0 
783800000-788b00000 rw-p 00000000 00:00 0 
788b00000-7d6800000 rw-p 00000000 00:00 0 
7d6800000-7d9180000 rw-p 00000000 00:00 0 
7d9180000-800000000 rw-p 00000000 00:00 0 
7f7ddc000000-7f7ddc021000 rw-p 00000000 00:00 0 
7f7ddc021000-7f7de0000000 ---p 00000000 00:00 0 
7f7de0000000-7f7de0021000 rw-p 00000000 00:00 0 
7f7de0021000-7f7de4000000 ---p 00000000 00:00 0 
7f7de4000000-7f7de4021000 rw-p 00000000 00:00 0 
7f7de4021000-7f7de8000000 ---p 00000000 00:00 0 
7f7de8000000-7f7de8021000 rw-p 00000000 00:00 0 
7f7de8021000-7f7dec000000 ---p 00000000 00:00 0 
7f7dec000000-7f7dec021000 rw-p 00000000 00:00 0 
7f7dec021000-7f7df0000000 ---p 00000000 00:00 0 
7f7df0000000-7f7df0021000 rw-p 00000000 00:00 0 
7f7df0021000-7f7df4000000 ---p 00000000 00:00 0 
7f7df4000000-7f7df4021000 rw-p 00000000 00:00 0 
7f7df4021000-7f7df8000000 ---p 00000000 00:00 0 
7f7df8000000-7f7df82f6000 rw-p 00000000 00:00 0 
7f7df82f6000-7f7dfc000000 ---p 00000000 00:00 0 
7f7dfc000000-7f7dfc021000 rw-p 00000000 00:00 0 
7f7dfc021000-7f7e00000000 ---p 00000000 00:00 0 
7f7e00000000-7f7e00021000 rw-p 00000000 00:00 0 
7f7e00021000-7f7e04000000 ---p 00000000 00:00 0 
7f7e04000000-7f7e04021000 rw-p 00000000 00:00 0 
7f7e04021000-7f7e08000000 ---p 00000000 00:00 0 
7f7e08000000-7f7e08021000 rw-p 00000000 00:00 0 
7f7e08021000-7f7e0c000000 ---p 00000000 00:00 0 
7f7e0c000000-7f7e0c40e000 rw-p 00000000 00:00 0 
7f7e0c40e000-7f7e10000000 ---p 00000000 00:00 0 
7f7e10000000-7f7e102e0000 rw-p 00000000 00:00 0 
7f7e102e0000-7f7e14000000 ---p 00000000 00:00 0 
7f7e14000000-7f7e14021000 rw-p 00000000 00:00 0 
7f7e14021000-7f7e18000000 ---p 00000000 00:00 0 
7f7e18000000-7f7e18021000 rw-p 00000000 00:00 0 
7f7e18021000-7f7e1c000000 ---p 00000000 00:00 0 
7f7e1c000000-7f7e1c021000 rw-p 00000000 00:00 0 
7f7e1c021000-7f7e20000000 ---p 00000000 00:00 0 
7f7e23f30000-7f7e28000000 rw-p 00000000 00:00 0 
7f7e28000000-7f7e28021000 rw-p 00000000 00:00 0 
7f7e28021000-7f7e2c000000 ---p 00000000 00:00 0 
7f7e2c000000-7f7e2c021000 rw-p 00000000 00:00 0 
7f7e2c021000-7f7e30000000 ---p 00000000 00:00 0 
7f7e30000000-7f7e30021000 rw-p 00000000 00:00 0 
7f7e30021000-7f7e34000000 ---p 00000000 00:00 0 
7f7e38000000-7f7e38021000 rw-p 00000000 00:00 0 
7f7e38021000-7f7e3c000000 ---p 00000000 00:00 0 
7f7e40000000-7f7e40021000 rw-p 00000000 00:00 0 
7f7e40021000-7f7e44000000 ---p 00000000 00:00 0 
7f7e48000000-7f7e48021000 rw-p 00000000 00:00 0 
7f7e48021000-7f7e4c000000 ---p 00000000 00:00 0 
7f7e4cad4000-7f7e4cad7000 ---p 00000000 00:00 0 
7f7e4cad7000-7f7e4cbd5000 rw-p 00000000 00:00 0                          [stack:5071]
7f7e4cbd5000-7f7e4cbd8000 ---p 00000000 00:00 0 
7f7e4cbd8000-7f7e4ccd6000 rw-p 00000000 00:00 0                          [stack:5070]
7f7e4ccd6000-7f7e4ccd9000 ---p 00000000 00:00 0 
7f7e4ccd9000-7f7e4cdd7000 rw-p 00000000 00:00 0                          [stack:5069]
7f7e4cdd7000-7f7e4cde4000 r-xp 00000000 08:05 3867498                    /home/birdie/Documents/jdk1.7.0_45/jre/lib/amd64/librxtxSerial.so
7f7e4cde4000-7f7e4cfe3000 ---p 0000d000 08:05 3867498                    /home/birdie/Documents/jdk1.7.0_45/jre/lib/amd64/librxtxSerial.so
7f7e4cfe3000-7f7e4cfe4000 rw-p 0000c000 08:05 3867498                    /home/birdie/Documents/jdk1.7.0_45/jre/lib/amd64/librxtxSerial.so
7f7e4cfe4000-7f7e4cfe7000 ---p 00000000 00:00 0 
7f7e4cfe7000-7f7e4d0e5000 rw-p 00000000 00:00 0                          [stack:5057]
7f7e4d0e5000-7f7e4d0e8000 ---p 00000000 00:00 0 
7f7e4d0e8000-7f7e4d1e6000 rw-p 00000000 00:00 0                          [stack:5056]
7f7e4d1e6000-7f7e4d30a000 rw-s 00000000 00:04 6651925                    /SYSV00000000 (deleted)
7f7e4d36a000-7f7e4d3ea000 rw-s 00000000 00:04 6619156                    /SYSV00000000 (deleted)
7f7e4d3ea000-7f7e4d3ed000 ---p 00000000 00:00 0 
7f7e4d3ed000-7f7e4d4eb000 rw-p 00000000 00:00 0                          [stack:5027]
7f7e4d4eb000-7f7e4d553000 r-xp 00000000 08:05 3867323                    /home/birdie/Documents/jdk1.7.0_45/jre/lib/amd64/libt2k.so
7f7e4d553000-7f7e4d753000 ---p 00068000 08:05 3867323                    /home/birdie/Documents/jdk1.7.0_45/jre/lib/amd64/libt2k.so
7f7e4d753000-7f7e4d75a000 rw-p 00068000 08:05 3867323                    /home/birdie/Documents/jdk1.7.0_45/jre/lib/amd64/libt2k.so
7f7e4d75a000-7f7e4d76a000 rw-p 00000000 00:00 0 
7f7e4d76a000-7f7e4d76d000 ---p 00000000 00:00 0 
7f7e4d76d000-7f7e4d86b000 rw-p 00000000 00:00 0                          [stack:5026]
7f7e4d86b000-7f7e4d86e000 ---p 00000000 00:00 0 
7f7e4d86e000-7f7e4d96c000 rw-p 00000000 00:00 0                          [stack:5025]
7f7e4d96c000-7f7e4d96f000 r-xp 00000000 08:05 1737002                    /usr/lib/x86_64-linux-gnu/pango/1.8.0/modules/pango-basic-fc.so
7f7e4d96f000-7f7e4db6e000 ---p 00003000 08:05 1737002                    /usr/lib/x86_64-linux-gnu/pango/1.8.0/modules/pango-basic-fc.so
7f7e4db6e000-7f7e4db6f000 r--p 00002000 08:05 1737002                    /usr/lib/x86_64-linux-gnu/pango/1.8.0/modules/pango-basic-fc.so
7f7e4db6f000-7f7e4db70000 rw-p 00003000 08:05 1737002                    /usr/lib/x86_64-linux-gnu/pango/1.8.0/modules/pango-basic-fc.so
7f7e4db70000-7f7e4db79000 r-xp 00000000 08:05 1720466                    /usr/lib/x86_64-linux-gnu/gtk-2.0/2.10.0/engines/libpixmap.so
7f7e4db79000-7f7e4dd79000 ---p 00009000 08:05 1720466                    /usr/lib/x86_64-linux-gnu/gtk-2.0/2.10.0/engines/libpixmap.so
7f7e4dd79000-7f7e4dd7a000 r--p 00009000 08:05 1720466                    /usr/lib/x86_64-linux-gnu/gtk-2.0/2.10.0/engines/libpixmap.so
7f7e4dd7a000-7f7e4dd7b000 rw-p 0000a000 08:05 1720466                    /usr/lib/x86_64-linux-gnu/gtk-2.0/2.10.0/engines/libpixmap.so
7f7e4dd7b000-7f7e4ddaa000 r-xp 00000000 08:05 1720465                    /usr/lib/x86_64-linux-gnu/gtk-2.0/2.10.0/engines/libmurrine.so
7f7e4ddaa000-7f7e4dfaa000 ---p 0002f000 08:05 1720465                    /usr/lib/x86_64-linux-gnu/gtk-2.0/2.10.0/engines/libmurrine.so
7f7e4dfaa000-7f7e4dfab000 r--p 0002f000 08:05 1720465                    /usr/lib/x86_64-linux-gnu/gtk-2.0/2.10.0/engines/libmurrine.so
7f7e4dfab000-7f7e4dfac000 rw-p 00030000 08:05 1720465                    /usr/lib/x86_64-linux-gnu/gtk-2.0/2.10.0/engines/libmurrine.so
7f7e4dfac000-7f7e4dfad000 r-xp 00000000 08:05 1542119                    /usr/lib/x86_64-linux-gnu/libgthread-2.0.so.0.3600.0
7f7e4dfad000-7f7e4e1ac000 ---p 00001000 08:05 1542119                    /usr/lib/x86_64-linux-gnu/libgthread-2.0.so.0.3600.0
7f7e4e1ac000-7f7e4e1ad000 r--p 00000000 08:05 1542119                    /usr/lib/x86_64-linux-gnu/libgthread-2.0.so.0.3600.0
7f7e4e1ad000-7f7e4e1ae000 rw-p 00001000 08:05 1542119                    /usr/lib/x86_64-linux-gnu/libgthread-2.0.so.0.3600.0
7f7e4e1ae000-7f7e4f31d000 r-xp 00000000 08:05 1542153                    /usr/lib/x86_64-linux-gnu/libicudata.so.48.1.1
7f7e4f31d000-7f7e4f51c000 ---p 0116f000 08:05 1542153                    /usr/lib/x86_64-linux-gnu/libicudata.so.48.1.1
7f7e4f51c000-7f7e4f51d000 r--p 0116e000 08:05 1542153                    /usr/lib/x86_64-linux-gnu/libicudata.so.48.1.1
7f7e4f51d000-7f7e4f51e000 rw-p 0116f000 08:05 1542153                    /usr/lib/x86_64-linux-gnu/libicudata.so.48.1.1
7f7e4f51e000-7f7e4f603000 r-xp 00000000 08:05 1542479                    /usr/lib/x86_64-linux-gnu/libstdc++.so.6.0.17
7f7e4f603000-7f7e4f802000 ---p 000e5000 08:05 1542479                    /usr/lib/x86_64-linux-gnu/libstdc++.so.6.0.17
7f7e4f802000-7f7e4f80a000 r--p 000e4000 08:05 1542479                    /usr/lib/x86_64-linux-gnu/libstdc++.so.6.0.17
7f7e4f80a000-7f7e4f80c000 rw-p 000ec000 08:05 1542479                    /usr/lib/x86_64-linux-gnu/libstdc++.so.6.0.17
7f7e4f80c000-7f7e4f821000 rw-p 00000000 00:00 0 
7f7e4f821000-7f7e4f977000 r-xp 00000000 08:05 1542167                    /usr/lib/x86_64-linux-gnu/libicuuc.so.48.1.1
7f7e4f977000-7f7e4fb76000 ---p 00156000 08:05 1542167                    /usr/lib/x86_64-linux-gnu/libicuuc.so.48.1.1
7f7e4fb76000-7f7e4fb87000 r--p 00155000 08:05 1542167                    /usr/lib/x86_64-linux-gnu/libicuuc.so.48.1.1
7f7e4fb87000-7f7e4fb88000 rw-p 00166000 08:05 1542167                    /usr/lib/x86_64-linux-gnu/libicuuc.so.48.1.1
7f7e4fb88000-7f7e4fb8c000 rw-p 00000000 00:00 0 
7f7e4fb8c000-7f7e4fbbe000 r-xp 00000000 08:05 1542159                    /usr/lib/x86_64-linux-gnu/libicule.so.48.1.1
7f7e4fbbe000-7f7e4fdbe000 ---p 00032000 08:05 1542159                    /usr/lib/x86_64-linux-gnu/libicule.so.48.1.1
7f7e4fdbe000-7f7e4fdc0000 r--p 00032000 08:05 1542159                    /usr/lib/x86_64-linux-gnu/libicule.so.48.1.1
7f7e4fdc0000-7f7e4fdc1000 rw-p 00034000 08:05 1542159                    /usr/lib/x86_64-linux-gnu/libicule.so.48.1.1
7f7e4fdc1000-7f7e4fdfe000 r-xp 00000000 08:05 1934307                    /lib/x86_64-linux-gnu/libpcre.so.3.13.1
7f7e4fdfe000-7f7e4fffe000 ---p 0003d000 08:05 1934307                    /lib/x86_64-linux-gnu/libpcre.so.3.13.1
7f7e4fffe000-7f7e4ffff000 r--p 0003d000 08:05 1934307                    /lib/x86_64-linux-gnu/libpcre.so.3.13.1
7f7e4ffff000-7f7e50000000 rw-p 0003e000 08:05 1934307                    /lib/x86_64-linux-gnu/libpcre.so.3.13.1
7f7e50000000-7f7e50021000 rw-p 00000000 00:00 0 
7f7e50021000-7f7e54000000 ---p 00000000 00:00 0 
7f7e54044000-7f7e540a4000 rw-s 00000000 00:04 6586387                    /SYSV00000000 (deleted)
7f7e540a4000-7f7e540ab000 r-xp 00000000 08:05 1541860                    /usr/lib/x86_64-linux-gnu/libffi.so.6.0.1
7f7e540ab000-7f7e542aa000 ---p 00007000 08:05 1541860                    /usr/lib/x86_64-linux-gnu/libffi.so.6.0.1
7f7e542aa000-7f7e542ab000 r--p 00006000 08:05 1541860                    /usr/lib/x86_64-linux-gnu/libffi.so.6.0.1
7f7e542ab000-7f7e542ac000 rw-p 00007000 08:05 1541860                    /usr/lib/x86_64-linux-gnu/libffi.so.6.0.1
7f7e542ac000-7f7e542d2000 r-xp 00000000 08:05 1934232                    /lib/x86_64-linux-gnu/libexpat.so.1.6.0
7f7e542d2000-7f7e544d2000 ---p 00026000 08:05 1934232                    /lib/x86_64-linux-gnu/libexpat.so.1.6.0
7f7e544d2000-7f7e544d4000 r--p 00026000 08:05 1934232                    /lib/x86_64-linux-gnu/libexpat.so.1.6.0
7f7e544d4000-7f7e544d5000 rw-p 00028000 08:05 1934232                    /lib/x86_64-linux-gnu/libexpat.so.1.6.0
7f7e544d5000-7f7e5456a000 r-xp 00000000 08:05 1542139                    /usr/lib/x86_64-linux-gnu/libharfbuzz.so.0.913.0
7f7e5456a000-7f7e54769000 ---p 00095000 08:05 1542139                    /usr/lib/x86_64-linux-gnu/libharfbuzz.so.0.913.0
7f7e54769000-7f7e5476b000 r--p 00094000 08:05 1542139                    /usr/lib/x86_64-linux-gnu/libharfbuzz.so.0.913.0
7f7e5476b000-7f7e5476c000 rw-p 00096000 08:05 1542139                    /usr/lib/x86_64-linux-gnu/libharfbuzz.so.0.913.0
7f7e5476c000-7f7e54782000 r-xp 00000000 08:05 1934330                    /lib/x86_64-linux-gnu/libresolv-2.17.so
7f7e54782000-7f7e54982000 ---p 00016000 08:05 1934330                    /lib/x86_64-linux-gnu/libresolv-2.17.so
7f7e54982000-7f7e54983000 r--p 00016000 08:05 1934330                    /lib/x86_64-linux-gnu/libresolv-2.17.so
7f7e54983000-7f7e54984000 rw-p 00017000 08:05 1934330                    /lib/x86_64-linux-gnu/libresolv-2.17.so
7f7e54984000-7f7e54986000 rw-p 00000000 00:00 0 
7f7e54986000-7f7e549a3000 r-xp 00000000 08:05 1934334                    /lib/x86_64-linux-gnu/libselinux.so.1
7f7e549a3000-7f7e54ba2000 ---p 0001d000 08:05 1934334                    /lib/x86_64-linux-gnu/libselinux.so.1
7f7e54ba2000-7f7e54ba3000 r--p 0001c000 08:05 1934334                    /lib/x86_64-linux-gnu/libselinux.so.1
7f7e54ba3000-7f7e54ba4000 rw-p 0001d000 08:05 1934334                    /lib/x86_64-linux-gnu/libselinux.so.1
7f7e54ba4000-7f7e54ba5000 rw-p 00000000 00:00 0 
7f7e54ba5000-7f7e54bbb000 r-xp 00000000 08:05 1934365                    /lib/x86_64-linux-gnu/libz.so.1.2.7
7f7e54bbb000-7f7e54dba000 ---p 00016000 08:05 1934365                    /lib/x86_64-linux-gnu/libz.so.1.2.7
7f7e54dba000-7f7e54dbb000 r--p 00015000 08:05 1934365                    /lib/x86_64-linux-gnu/libz.so.1.2.7
7f7e54dbb000-7f7e54dbc000 rw-p 00016000 08:05 1934365                    /lib/x86_64-linux-gnu/libz.so.1.2.7
7f7e54dbc000-7f7e54dc4000 r-xp 00000000 08:05 1542601                    /usr/lib/x86_64-linux-gnu/libxcb-render.so.0.0.0
7f7e54dc4000-7f7e54fc4000 ---p 00008000 08:05 1542601                    /usr/lib/x86_64-linux-gnu/libxcb-render.so.0.0.0
7f7e54fc4000-7f7e54fc5000 r--p 00008000 08:05 1542601                    /usr/lib/x86_64-linux-gnu/libxcb-render.so.0.0.0
7f7e54fc5000-7f7e54fc6000 rw-p 00009000 08:05 1542601                    /usr/lib/x86_64-linux-gnu/libxcb-render.so.0.0.0
7f7e54fc6000-7f7e54fc8000 r-xp 00000000 08:05 1542605                    /usr/lib/x86_64-linux-gnu/libxcb-shm.so.0.0.0
7f7e54fc8000-7f7e551c7000 ---p 00002000 08:05 1542605                    /usr/lib/x86_64-linux-gnu/libxcb-shm.so.0.0.0
7f7e551c7000-7f7e551c8000 r--p 00001000 08:05 1542605                    /usr/lib/x86_64-linux-gnu/libxcb-shm.so.0.0.0
7f7e551c8000-7f7e551c9000 rw-p 00002000 08:05 1542605                    /usr/lib/x86_64-linux-gnu/libxcb-shm.so.0.0.0
7f7e551c9000-7f7e551ee000 r-xp 00000000 08:05 1934319                    /lib/x86_64-linux-gnu/libpng12.so.0.49.0
7f7e551ee000-7f7e553ed000 ---p 00025000 08:05 1934319                    /lib/x86_64-linux-gnu/libpng12.so.0.49.0
7f7e553ed000-7f7e553ee000 r--p 00024000 08:05 1934319                    /lib/x86_64-linux-gnu/libpng12.so.0.49.0
7f7e553ee000-7f7e553ef000 rw-p 00025000 08:05 1934319                    /lib/x86_64-linux-gnu/libpng12.so.0.49.0
7f7e553ef000-7f7e5547f000 r-xp 00000000 08:05 1542349                    /usr/lib/x86_64-linux-gnu/libpixman-1.so.0.28.2
7f7e5547f000-7f7e5567e000 ---p 00090000 08:05 1542349                    /usr/lib/x86_64-linux-gnu/libpixman-1.so.0.28.2
7f7e5567e000-7f7e55685000 r--p 0008f000 08:05 1542349                    /usr/lib/x86_64-linux-gnu/libpixman-1.so.0.28.2
7f7e55685000-7f7e55686000 rw-p 00096000 08:05 1542349                    /usr/lib/x86_64-linux-gnu/libpixman-1.so.0.28.2
7f7e55686000-7f7e5571d000 r-xp 00000000 08:05 1541920                    /usr/lib/x86_64-linux-gnu/libfreetype.so.6.10.0
7f7e5571d000-7f7e5591c000 ---p 00097000 08:05 1541920                    /usr/lib/x86_64-linux-gnu/libfreetype.so.6.10.0
7f7e5591c000-7f7e55922000 r--p 00096000 08:05 1541920                    /usr/lib/x86_64-linux-gnu/libfreetype.so.6.10.0
7f7e55922000-7f7e55923000 rw-p 0009c000 08:05 1541920                    /usr/lib/x86_64-linux-gnu/libfreetype.so.6.10.0
7f7e55923000-7f7e55925000 r-xp 00000000 08:05 1541582                    /usr/lib/x86_64-linux-gnu/libXdamage.so.1.1.0
7f7e55925000-7f7e55b24000 ---p 00002000 08:05 1541582                    /usr/lib/x86_64-linux-gnu/libXdamage.so.1.1.0
7f7e55b24000-7f7e55b25000 r--p 00001000 08:05 1541582                    /usr/lib/x86_64-linux-gnu/libXdamage.so.1.1.0
7f7e55b25000-7f7e55b26000 rw-p 00002000 08:05 1541582                    /usr/lib/x86_64-linux-gnu/libXdamage.so.1.1.0
7f7e55b26000-7f7e55b28000 r-xp 00000000 08:05 1541578                    /usr/lib/x86_64-linux-gnu/libXcomposite.so.1.0.0
7f7e55b28000-7f7e55d27000 ---p 00002000 08:05 1541578                    /usr/lib/x86_64-linux-gnu/libXcomposite.so.1.0.0
7f7e55d27000-7f7e55d28000 r--p 00001000 08:05 1541578                    /usr/lib/x86_64-linux-gnu/libXcomposite.so.1.0.0
7f7e55d28000-7f7e55d29000 rw-p 00002000 08:05 1541578                    /usr/lib/x86_64-linux-gnu/libXcomposite.so.1.0.0
7f7e55d29000-7f7e55d32000 r-xp 00000000 08:05 1541604                    /usr/lib/x86_64-linux-gnu/libXrandr.so.2.2.0
7f7e55d32000-7f7e55f31000 ---p 00009000 08:05 1541604                    /usr/lib/x86_64-linux-gnu/libXrandr.so.2.2.0
7f7e55f31000-7f7e55f32000 r--p 00008000 08:05 1541604                    /usr/lib/x86_64-linux-gnu/libXrandr.so.2.2.0
7f7e55f32000-7f7e55f33000 rw-p 00009000 08:05 1541604                    /usr/lib/x86_64-linux-gnu/libXrandr.so.2.2.0
7f7e55f33000-7f7e55f35000 r-xp 00000000 08:05 1541594                    /usr/lib/x86_64-linux-gnu/libXinerama.so.1.0.0
7f7e55f35000-7f7e56134000 ---p 00002000 08:05 1541594                    /usr/lib/x86_64-linux-gnu/libXinerama.so.1.0.0
7f7e56134000-7f7e56135000 r--p 00001000 08:05 1541594                    /usr/lib/x86_64-linux-gnu/libXinerama.so.1.0.0
7f7e56135000-7f7e56136000 rw-p 00002000 08:05 1541594                    /usr/lib/x86_64-linux-gnu/libXinerama.so.1.0.0
7f7e56136000-7f7e5622f000 r-xp 00000000 08:05 1934241                    /lib/x86_64-linux-gnu/libglib-2.0.so.0.3600.0
7f7e5622f000-7f7e5642f000 ---p 000f9000 08:05 1934241                    /lib/x86_64-linux-gnu/libglib-2.0.so.0.3600.0
7f7e5642f000-7f7e56430000 r--p 000f9000 08:05 1934241                    /lib/x86_64-linux-gnu/libglib-2.0.so.0.3600.0
7f7e56430000-7f7e56431000 rw-p 000fa000 08:05 1934241                    /lib/x86_64-linux-gnu/libglib-2.0.so.0.3600.0
7f7e56431000-7f7e56432000 rw-p 00000000 00:00 0 
7f7e56432000-7f7e5647f000 r-xp 00000000 08:05 1542010                    /usr/lib/x86_64-linux-gnu/libgobject-2.0.so.0.3600.0
7f7e5647f000-7f7e5667f000 ---p 0004d000 08:05 1542010                    /usr/lib/x86_64-linux-gnu/libgobject-2.0.so.0.3600.0
7f7e5667f000-7f7e56680000 r--p 0004d000 08:05 1542010                    /usr/lib/x86_64-linux-gnu/libgobject-2.0.so.0.3600.0
7f7e56680000-7f7e56681000 rw-p 0004e000 08:05 1542010                    /usr/lib/x86_64-linux-gnu/libgobject-2.0.so.0.3600.0
7f7e56681000-7f7e566b8000 r-xp 00000000 08:05 1541892                    /usr/lib/x86_64-linux-gnu/libfontconfig.so.1.6.2
7f7e566b8000-7f7e568b8000 ---p 00037000 08:05 1541892                    /usr/lib/x86_64-linux-gnu/libfontconfig.so.1.6.2
7f7e568b8000-7f7e568b9000 r--p 00037000 08:05 1541892                    /usr/lib/x86_64-linux-gnu/libfontconfig.so.1.6.2
7f7e568b9000-7f7e568ba000 rw-p 00038000 08:05 1541892                    /usr/lib/x86_64-linux-gnu/libfontconfig.so.1.6.2
7f7e568ba000-7f7e568bb000 rw-p 00000000 00:00 0 
7f7e568bb000-7f7e56903000 r-xp 00000000 08:05 1542327                    /usr/lib/x86_64-linux-gnu/libpango-1.0.so.0.3200.5
7f7e56903000-7f7e56b03000 ---p 00048000 08:05 1542327                    /usr/lib/x86_64-linux-gnu/libpango-1.0.so.0.3200.5
7f7e56b03000-7f7e56b05000 r--p 00048000 08:05 1542327                    /usr/lib/x86_64-linux-gnu/libpango-1.0.so.0.3200.5
7f7e56b05000-7f7e56b06000 rw-p 0004a000 08:05 1542327                    /usr/lib/x86_64-linux-gnu/libpango-1.0.so.0.3200.5
7f7e56b06000-7f7e56b19000 r-xp 00000000 08:05 1542331                    /usr/lib/x86_64-linux-gnu/libpangoft2-1.0.so.0.3200.5
7f7e56b19000-7f7e56d18000 ---p 00013000 08:05 1542331                    /usr/lib/x86_64-linux-gnu/libpangoft2-1.0.so.0.3200.5
7f7e56d18000-7f7e56d19000 r--p 00012000 08:05 1542331                    /usr/lib/x86_64-linux-gnu/libpangoft2-1.0.so.0.3200.5
7f7e56d19000-7f7e56d1a000 rw-p 00013000 08:05 1542331                    /usr/lib/x86_64-linux-gnu/libpangoft2-1.0.so.0.3200.5
7f7e56d1a000-7f7e56e6d000 r-xp 00000000 08:05 1541974                    /usr/lib/x86_64-linux-gnu/libgio-2.0.so.0.3600.0
7f7e56e6d000-7f7e5706c000 ---p 00153000 08:05 1541974                    /usr/lib/x86_64-linux-gnu/libgio-2.0.so.0.3600.0
7f7e5706c000-7f7e57070000 r--p 00152000 08:05 1541974                    /usr/lib/x86_64-linux-gnu/libgio-2.0.so.0.3600.0
7f7e57070000-7f7e57072000 rw-p 00156000 08:05 1541974                    /usr/lib/x86_64-linux-gnu/libgio-2.0.so.0.3600.0
7f7e57072000-7f7e57074000 rw-p 00000000 00:00 0 
7f7e57074000-7f7e57092000 r-xp 00000000 08:05 1541953                    /usr/lib/x86_64-linux-gnu/libgdk_pixbuf-2.0.so.0.2800.0
7f7e57092000-7f7e57292000 ---p 0001e000 08:05 1541953                    /usr/lib/x86_64-linux-gnu/libgdk_pixbuf-2.0.so.0.2800.0
7f7e57292000-7f7e57293000 r--p 0001e000 08:05 1541953                    /usr/lib/x86_64-linux-gnu/libgdk_pixbuf-2.0.so.0.2800.0
7f7e57293000-7f7e57294000 rw-p 0001f000 08:05 1541953                    /usr/lib/x86_64-linux-gnu/libgdk_pixbuf-2.0.so.0.2800.0
7f7e57294000-7f7e57392000 r-xp 00000000 08:05 1541705                    /usr/lib/x86_64-linux-gnu/libcairo.so.2.11200.14
7f7e57392000-7f7e57592000 ---p 000fe000 08:05 1541705                    /usr/lib/x86_64-linux-gnu/libcairo.so.2.11200.14
7f7e57592000-7f7e57595000 r--p 000fe000 08:05 1541705                    /usr/lib/x86_64-linux-gnu/libcairo.so.2.11200.14
7f7e57595000-7f7e57596000 rw-p 00101000 08:05 1541705                    /usr/lib/x86_64-linux-gnu/libcairo.so.2.11200.14
7f7e57596000-7f7e57598000 rw-p 00000000 00:00 0 
7f7e57598000-7f7e575b8000 r-xp 00000000 08:05 1541655                    /usr/lib/x86_64-linux-gnu/libatk-1.0.so.0.20809.1
7f7e575b8000-7f7e577b7000 ---p 00020000 08:05 1541655                    /usr/lib/x86_64-linux-gnu/libatk-1.0.so.0.20809.1
7f7e577b7000-7f7e577b9000 r--p 0001f000 08:05 1541655                    /usr/lib/x86_64-linux-gnu/libatk-1.0.so.0.20809.1
7f7e577b9000-7f7e577ba000 rw-p 00021000 08:05 1541655                    /usr/lib/x86_64-linux-gnu/libatk-1.0.so.0.20809.1
7f7e577ba000-7f7e577c5000 r-xp 00000000 08:05 1542329                    /usr/lib/x86_64-linux-gnu/libpangocairo-1.0.so.0.3200.5
7f7e577c5000-7f7e579c5000 ---p 0000b000 08:05 1542329                    /usr/lib/x86_64-linux-gnu/libpangocairo-1.0.so.0.3200.5
7f7e579c5000-7f7e579c6000 r--p 0000b000 08:05 1542329                    /usr/lib/x86_64-linux-gnu/libpangocairo-1.0.so.0.3200.5
7f7e579c6000-7f7e579c7000 rw-p 0000c000 08:05 1542329                    /usr/lib/x86_64-linux-gnu/libpangocairo-1.0.so.0.3200.5
7f7e579c7000-7f7e57df4000 r-xp 00000000 08:05 1542123                    /usr/lib/x86_64-linux-gnu/libgtk-x11-2.0.so.0.2400.17
7f7e57df4000-7f7e57ff3000 ---p 0042d000 08:05 1542123                    /usr/lib/x86_64-linux-gnu/libgtk-x11-2.0.so.0.2400.17
7f7e57ff3000-7f7e57ffa000 r--p 0042c000 08:05 1542123                    /usr/lib/x86_64-linux-gnu/libgtk-x11-2.0.so.0.2400.17
7f7e57ffa000-7f7e57ffe000 rw-p 00433000 08:05 1542123                    /usr/lib/x86_64-linux-gnu/libgtk-x11-2.0.so.0.2400.17
7f7e57ffe000-7f7e58000000 rw-p 00000000 00:00 0 
7f7e58000000-7f7e58021000 rw-p 00000000 00:00 0 
7f7e58021000-7f7e5c000000 ---p 00000000 00:00 0 
7f7e5c020000-7f7e5c034000 r--s 00000000 08:05 1819476                    /usr/share/fonts/type1/gsfonts/n019003l.pfb
7f7e5c034000-7f7e5c0e4000 r--p 00000000 08:05 1788323                    /usr/share/fonts/truetype/ttf-dejavu/DejaVuSans.ttf
7f7e5c0e4000-7f7e5c0e5000 r--s 00000000 08:05 3211362                    /var/cache/fontconfig/c05880de57d1f5e948fdfacc138775d9-le64.cache-3
7f7e5c0e5000-7f7e5c0ee000 r--s 00000000 08:05 3211354                    /var/cache/fontconfig/945677eb7aeaf62f1d50efc3fb3ec7d8-le64.cache-3
7f7e5c0ee000-7f7e5c0f0000 r--s 00000000 08:05 3211356                    /var/cache/fontconfig/99e8ed0e538f840c565b6ed5dad60d56-le64.cache-3
7f7e5c0f0000-7f7e5c0f5000 r--s 00000000 08:05 3211337                    /var/cache/fontconfig/2cd17615ca594fa2959ae173292e504c-le64.cache-3
7f7e5c0f5000-7f7e5c0fa000 r--s 00000000 08:05 3211349                    /var/cache/fontconfig/6eb3985aa4124903f6ff08ba781cd364-le64.cache-3
7f7e5c0fa000-7f7e5c100000 r--s 00000000 08:05 3211358                    /var/cache/fontconfig/a755afe4a08bf5b97852ceb7400b47bc-le64.cache-3
7f7e5c100000-7f7e5c109000 r--s 00000000 08:05 3211348                    /var/cache/fontconfig/6d41288fd70b0be22e8c3a91e032eec0-le64.cache-3
7f7e5c109000-7f7e5c119000 r--s 00000000 08:05 3211332                    /var/cache/fontconfig/04aabc0a78ac019cf9454389977116d2-le64.cache-3
7f7e5c119000-7f7e5c11a000 r--s 00000000 08:05 3211362                    /var/cache/fontconfig/c05880de57d1f5e948fdfacc138775d9-le64.cache-3
7f7e5c11a000-7f7e5c123000 r--s 00000000 08:05 3211354                    /var/cache/fontconfig/945677eb7aeaf62f1d50efc3fb3ec7d8-le64.cache-3
7f7e5c123000-7f7e5c125000 r--s 00000000 08:05 3211356                    /var/cache/fontconfig/99e8ed0e538f840c565b6ed5dad60d56-le64.cache-3
7f7e5c125000-7f7e5c12a000 r--s 00000000 08:05 3211337                    /var/cache/fontconfig/2cd17615ca594fa2959ae173292e504c-le64.cache-3
7f7e5c12a000-7f7e5c12b000 r--s 00000000 08:05 3211370                    /var/cache/fontconfig/e7071f4a29fa870f4323321c154eba04-le64.cache-3
7f7e5c12b000-7f7e5c130000 r--s 00000000 08:05 3211349                    /var/cache/fontconfig/6eb3985aa4124903f6ff08ba781cd364-le64.cache-3
7f7e5c130000-7f7e5c131000 r--s 00000000 08:05 3211334                    /var/cache/fontconfig/0d8c3b2ac0904cb8a57a757ad11a4a08-le64.cache-3
7f7e5c131000-7f7e5c137000 r--s 00000000 08:05 3211358                    /var/cache/fontconfig/a755afe4a08bf5b97852ceb7400b47bc-le64.cache-3
7f7e5c137000-7f7e5c140000 r--s 00000000 08:05 3211348                    /var/cache/fontconfig/6d41288fd70b0be22e8c3a91e032eec0-le64.cache-3
7f7e5c140000-7f7e5c150000 r--s 00000000 08:05 3211332                    /var/cache/fontconfig/04aabc0a78ac019cf9454389977116d2-le64.cache-3
7f7e5c150000-7f7e5c151000 r--s 00000000 08:05 3211336                    /var/cache/fontconfig/1ac9eb803944fde146138c791f5cc56a-le64.cache-3
7f7e5c151000-7f7e5c154000 r--s 00000000 08:05 3211341                    /var/cache/fontconfig/385c0604a188198f04d133e54aba7fe7-le64.cache-3
7f7e5c154000-7f7e5c155000 r--s 00000000 08:05 3211368                    /var/cache/fontconfig/dc05db6664285cc2f12bf69c139ae4c3-le64.cache-3
7f7e5c155000-7f7e5c157000 r--s 00000000 08:05 3211351                    /var/cache/fontconfig/767a8244fc0220cfb567a839d0392e0b-le64.cache-3
7f7e5c157000-7f7e5c15c000 r--s 00000000 08:05 3211338                    /var/cache/fontconfig/3047814df9a2f067bd2d96a2b9c36e5a-le64.cache-3
7f7e5c15c000-7f7e5c15d000 r--s 00000000 08:05 3211370                    /var/cache/fontconfig/e7071f4a29fa870f4323321c154eba04-le64.cache-3
7f7e5c15d000-7f7e5c15e000 r--s 00000000 08:05 3211334                    /var/cache/fontconfig/0d8c3b2ac0904cb8a57a757ad11a4a08-le64.cache-3
7f7e5c15e000-7f7e5c15f000 r--s 00000000 08:05 3211336                    /var/cache/fontconfig/1ac9eb803944fde146138c791f5cc56a-le64.cache-3
7f7e5c15f000-7f7e5c162000 r--s 00000000 08:05 3211341                    /var/cache/fontconfig/385c0604a188198f04d133e54aba7fe7-le64.cache-3
7f7e5c162000-7f7e5c163000 r--s 00000000 08:05 3211368                    /var/cache/fontconfig/dc05db6664285cc2f12bf69c139ae4c3-le64.cache-3
7f7e5c163000-7f7e5c165000 r--s 00000000 08:05 3211351                    /var/cache/fontconfig/767a8244fc0220cfb567a839d0392e0b-le64.cache-3
7f7e5c165000-7f7e5c168000 r--s 00000000 08:05 3211353                    /var/cache/fontconfig/8801497958630a81b71ace7c5f9b32a8-le64.cache-3
7f7e5c168000-7f7e5c16d000 r--s 00000000 08:05 3211338                    /var/cache/fontconfig/3047814df9a2f067bd2d96a2b9c36e5a-le64.cache-3
7f7e5c16d000-7f7e5c17e000 r--s 00000000 08:05 3211366                    /var/cache/fontconfig/d52a8644073d54c13679302ca1180695-le64.cache-3
7f7e5c17e000-7f7e5c181000 r-xp 00000000 08:05 1541986                    /usr/lib/x86_64-linux-gnu/libgmodule-2.0.so.0.3600.0
7f7e5c181000-7f7e5c380000 ---p 00003000 08:05 1541986                    /usr/lib/x86_64-linux-gnu/libgmodule-2.0.so.0.3600.0
7f7e5c380000-7f7e5c381000 r--p 00002000 08:05 1541986                    /usr/lib/x86_64-linux-gnu/libgmodule-2.0.so.0.3600.0
7f7e5c381000-7f7e5c382000 rw-p 00003000 08:05 1541986                    /usr/lib/x86_64-linux-gnu/libgmodule-2.0.so.0.3600.0
7f7e5c382000-7f7e5c42f000 r-xp 00000000 08:05 1541951                    /usr/lib/x86_64-linux-gnu/libgdk-x11-2.0.so.0.2400.17
7f7e5c42f000-7f7e5c62e000 ---p 000ad000 08:05 1541951                    /usr/lib/x86_64-linux-gnu/libgdk-x11-2.0.so.0.2400.17
7f7e5c62e000-7f7e5c632000 r--p 000ac000 08:05 1541951                    /usr/lib/x86_64-linux-gnu/libgdk-x11-2.0.so.0.2400.17
7f7e5c632000-7f7e5c634000 rw-p 000b0000 08:05 1541951                    /usr/lib/x86_64-linux-gnu/libgdk-x11-2.0.so.0.2400.17
7f7e5c634000-7f7e5c635000 r--s 00000000 08:05 3211343                    /var/cache/fontconfig/4794a0821666d79190d59a36cb4f44b5-le64.cache-3
7f7e5c635000-7f7e5c636000 r--s 00000000 08:05 3211345                    /var/cache/fontconfig/56cf4f4769d0f4abc89a4895d7bd3ae1-le64.cache-3
7f7e5c636000-7f7e5c637000 r--s 00000000 08:05 3211361                    /var/cache/fontconfig/b9d506c9ac06c20b433354fa67a72993-le64.cache-3
7f7e5c637000-7f7e5c63c000 r--s 00000000 08:05 3211360                    /var/cache/fontconfig/b47c4e1ecd0709278f4910c18777a504-le64.cache-3
7f7e5c63c000-7f7e5c643000 r--s 00000000 08:05 3211342                    /var/cache/fontconfig/3f7329c5293ffd510edef78f73874cfd-le64.cache-3
7f7e5c643000-7f7e5c644000 r--s 00000000 08:05 3211333                    /var/cache/fontconfig/0c9eb80ebd1c36541ebe2852d3bb0c49-le64.cache-3
7f7e5c644000-7f7e5c647000 r--s 00000000 08:05 3211369                    /var/cache/fontconfig/e13b20fdb08344e0e664864cc2ede53d-le64.cache-3
7f7e5c647000-7f7e5c64b000 r--s 00000000 08:05 3211352                    /var/cache/fontconfig/7ef2298fde41cc6eeb7af42e48b7d293-le64.cache-3
7f7e5c64b000-7f7e5c65b000 r-xp 00000000 08:05 3867355                    /home/birdie/Documents/jdk1.7.0_45/jre/lib/amd64/libnio.so
7f7e5c65b000-7f7e5c85b000 ---p 00010000 08:05 3867355                    /home/birdie/Documents/jdk1.7.0_45/jre/lib/amd64/libnio.so
7f7e5c85b000-7f7e5c85c000 rw-p 00010000 08:05 3867355                    /home/birdie/Documents/jdk1.7.0_45/jre/lib/amd64/libnio.so
7f7e5c85c000-7f7e5c88d000 rw-p 00000000 00:00 0 
7f7e5c88d000-7f7e5c8a3000 r-xp 00000000 08:05 3867308                    /home/birdie/Documents/jdk1.7.0_45/jre/lib/amd64/libnet.so
7f7e5c8a3000-7f7e5caa3000 ---p 00016000 08:05 3867308                    /home/birdie/Documents/jdk1.7.0_45/jre/lib/amd64/libnet.so
7f7e5caa3000-7f7e5caa4000 rw-p 00016000 08:05 3867308                    /home/birdie/Documents/jdk1.7.0_45/jre/lib/amd64/libnet.so
7f7e5caa4000-7f7e5cab8000 r-xp 00000000 08:05 1934237                    /lib/x86_64-linux-gnu/libgcc_s.so.1
7f7e5cab8000-7f7e5ccb8000 ---p 00014000 08:05 1934237                    /lib/x86_64-linux-gnu/libgcc_s.so.1
7f7e5ccb8000-7f7e5ccb9000 r--p 00014000 08:05 1934237                    /lib/x86_64-linux-gnu/libgcc_s.so.1
7f7e5ccb9000-7f7e5ccba000 rw-p 00015000 08:05 1934237                    /lib/x86_64-linux-gnu/libgcc_s.so.1
7f7e5ccba000-7f7e5cd1a000 r-xp 00000000 08:05 3867351                    /home/birdie/Documents/jdk1.7.0_45/jre/lib/amd64/libfontmanager.so
7f7e5cd1a000-7f7e5cf19000 ---p 00060000 08:05 3867351                    /home/birdie/Documents/jdk1.7.0_45/jre/lib/amd64/libfontmanager.so
7f7e5cf19000-7f7e5cf1d000 rw-p 0005f000 08:05 3867351                    /home/birdie/Documents/jdk1.7.0_45/jre/lib/amd64/libfontmanager.so
7f7e5cf1d000-7f7e5cf2e000 rw-p 00000000 00:00 0 
7f7e5cf2e000-7f7e5cf31000 ---p 00000000 00:00 0 
7f7e5cf31000-7f7e5d02f000 rw-p 00000000 00:00 0                          [stack:5024]
7f7e5d02f000-7f7e5d034000 r-xp 00000000 08:05 1541588                    /usr/lib/x86_64-linux-gnu/libXfixes.so.3.1.0
7f7e5d034000-7f7e5d233000 ---p 00005000 08:05 1541588                    /usr/lib/x86_64-linux-gnu/libXfixes.so.3.1.0
7f7e5d233000-7f7e5d234000 r--p 00004000 08:05 1541588                    /usr/lib/x86_64-linux-gnu/libXfixes.so.3.1.0
7f7e5d234000-7f7e5d235000 rw-p 00005000 08:05 1541588                    /usr/lib/x86_64-linux-gnu/libXfixes.so.3.1.0
7f7e5d235000-7f7e5d23e000 r-xp 00000000 08:05 1541580                    /usr/lib/x86_64-linux-gnu/libXcursor.so.1.0.2
7f7e5d23e000-7f7e5d43e000 ---p 00009000 08:05 1541580                    /usr/lib/x86_64-linux-gnu/libXcursor.so.1.0.2
7f7e5d43e000-7f7e5d43f000 r--p 00009000 08:05 1541580                    /usr/lib/x86_64-linux-gnu/libXcursor.so.1.0.2
7f7e5d43f000-7f7e5d440000 rw-p 0000a000 08:05 1541580                    /usr/lib/x86_64-linux-gnu/libXcursor.so.1.0.2
7f7e5d440000-7f7e5d443000 ---p 00000000 00:00 0 
7f7e5d443000-7f7e5d541000 rw-p 00000000 00:00 0                          [stack:5023]
7f7e5d541000-7f7e5d546000 r-xp 00000000 08:05 1541584                    /usr/lib/x86_64-linux-gnu/libXdmcp.so.6.0.0
7f7e5d546000-7f7e5d745000 ---p 00005000 08:05 1541584                    /usr/lib/x86_64-linux-gnu/libXdmcp.so.6.0.0
7f7e5d745000-7f7e5d746000 r--p 00004000 08:05 1541584                    /usr/lib/x86_64-linux-gnu/libXdmcp.so.6.0.0
7f7e5d746000-7f7e5d747000 rw-p 00005000 08:05 1541584                    /usr/lib/x86_64-linux-gnu/libXdmcp.so.6.0.0
7f7e5d747000-7f7e5d749000 r-xp 00000000 08:05 1541573                    /usr/lib/x86_64-linux-gnu/libXau.so.6.0.0
7f7e5d749000-7f7e5d949000 ---p 00002000 08:05 1541573                    /usr/lib/x86_64-linux-gnu/libXau.so.6.0.0
7f7e5d949000-7f7e5d94a000 r--p 00002000 08:05 1541573                    /usr/lib/x86_64-linux-gnu/libXau.so.6.0.0
7f7e5d94a000-7f7e5d94b000 rw-p 00003000 08:05 1541573                    /usr/lib/x86_64-linux-gnu/libXau.so.6.0.0
7f7e5d94b000-7f7e5d968000 r-xp 00000000 08:05 2572472                    /usr/lib/x86_64-linux-gnu/libxcb.so.1.1.0
7f7e5d968000-7f7e5db67000 ---p 0001d000 08:05 2572472                    /usr/lib/x86_64-linux-gnu/libxcb.so.1.1.0
7f7e5db67000-7f7e5db68000 r--p 0001c000 08:05 2572472                    /usr/lib/x86_64-linux-gnu/libxcb.so.1.1.0
7f7e5db68000-7f7e5db69000 rw-p 0001d000 08:05 2572472                    /usr/lib/x86_64-linux-gnu/libxcb.so.1.1.0
7f7e5db69000-7f7e5db77000 r-xp 00000000 08:05 1541592                    /usr/lib/x86_64-linux-gnu/libXi.so.6.1.0
7f7e5db77000-7f7e5dd76000 ---p 0000e000 08:05 1541592                    /usr/lib/x86_64-linux-gnu/libXi.so.6.1.0
7f7e5dd76000-7f7e5dd77000 r--p 0000d000 08:05 1541592                    /usr/lib/x86_64-linux-gnu/libXi.so.6.1.0
7f7e5dd77000-7f7e5dd78000 rw-p 0000e000 08:05 1541592                    /usr/lib/x86_64-linux-gnu/libXi.so.6.1.0
7f7e5dd78000-7f7e5dd7d000 r-xp 00000000 08:05 1541612                    /usr/lib/x86_64-linux-gnu/libXtst.so.6.1.0
7f7e5dd7d000-7f7e5df7c000 ---p 00005000 08:05 1541612                    /usr/lib/x86_64-linux-gnu/libXtst.so.6.1.0
7f7e5df7c000-7f7e5df7d000 r--p 00004000 08:05 1541612                    /usr/lib/x86_64-linux-gnu/libXtst.so.6.1.0
7f7e5df7d000-7f7e5df7e000 rw-p 00005000 08:05 1541612                    /usr/lib/x86_64-linux-gnu/libXtst.so.6.1.0
7f7e5df7e000-7f7e5df87000 r-xp 00000000 08:05 1541606                    /usr/lib/x86_64-linux-gnu/libXrender.so.1.3.0
7f7e5df87000-7f7e5e186000 ---p 00009000 08:05 1541606                    /usr/lib/x86_64-linux-gnu/libXrender.so.1.3.0
7f7e5e186000-7f7e5e187000 r--p 00008000 08:05 1541606                    /usr/lib/x86_64-linux-gnu/libXrender.so.1.3.0
7f7e5e187000-7f7e5e188000 rw-p 00009000 08:05 1541606                    /usr/lib/x86_64-linux-gnu/libXrender.so.1.3.0
7f7e5e188000-7f7e5e2bc000 r-xp 00000000 08:05 2572474                    /usr/lib/x86_64-linux-gnu/libX11.so.6.3.0
7f7e5e2bc000-7f7e5e4bc000 ---p 00134000 08:05 2572474                    /usr/lib/x86_64-linux-gnu/libX11.so.6.3.0
7f7e5e4bc000-7f7e5e4bd000 r--p 00134000 08:05 2572474                    /usr/lib/x86_64-linux-gnu/libX11.so.6.3.0
7f7e5e4bd000-7f7e5e4c2000 rw-p 00135000 08:05 2572474                    /usr/lib/x86_64-linux-gnu/libX11.so.6.3.0
7f7e5e4c2000-7f7e5e4d2000 r-xp 00000000 08:05 1541586                    /usr/lib/x86_64-linux-gnu/libXext.so.6.4.0
7f7e5e4d2000-7f7e5e6d2000 ---p 00010000 08:05 1541586                    /usr/lib/x86_64-linux-gnu/libXext.so.6.4.0
7f7e5e6d2000-7f7e5e6d3000 r--p 00010000 08:05 1541586                    /usr/lib/x86_64-linux-gnu/libXext.so.6.4.0
7f7e5e6d3000-7f7e5e6d4000 rw-p 00011000 08:05 1541586                    /usr/lib/x86_64-linux-gnu/libXext.so.6.4.0
7f7e5e6d4000-7f7e5e6d5000 r--s 00000000 08:05 3211343                    /var/cache/fontconfig/4794a0821666d79190d59a36cb4f44b5-le64.cache-3
7f7e5e6d5000-7f7e5e6da000 r--s 00000000 08:05 3211360                    /var/cache/fontconfig/b47c4e1ecd0709278f4910c18777a504-le64.cache-3
7f7e5e6da000-7f7e5e6eb000 r--s 00000000 08:05 3211366                    /var/cache/fontconfig/d52a8644073d54c13679302ca1180695-le64.cache-3
7f7e5e6eb000-7f7e5e73b000 r-xp 00000000 08:05 3883107                    /home/birdie/Documents/jdk1.7.0_45/jre/lib/amd64/xawt/libmawt.so
7f7e5e73b000-7f7e5e93b000 ---p 00050000 08:05 3883107                    /home/birdie/Documents/jdk1.7.0_45/jre/lib/amd64/xawt/libmawt.so
7f7e5e93b000-7f7e5e93f000 rw-p 00050000 08:05 3883107                    /home/birdie/Documents/jdk1.7.0_45/jre/lib/amd64/xawt/libmawt.so
7f7e5e93f000-7f7e5e940000 rw-p 00000000 00:00 0 
7f7e5e940000-7f7e5e9e2000 r-xp 00000000 08:05 3867316                    /home/birdie/Documents/jdk1.7.0_45/jre/lib/amd64/libawt.so
7f7e5e9e2000-7f7e5ebe2000 ---p 000a2000 08:05 3867316                    /home/birdie/Documents/jdk1.7.0_45/jre/lib/amd64/libawt.so
7f7e5ebe2000-7f7e5ebee000 rw-p 000a2000 08:05 3867316                    /home/birdie/Documents/jdk1.7.0_45/jre/lib/amd64/libawt.so
7f7e5ebee000-7f7e5ec12000 rw-p 00000000 00:00 0 
7f7e5ec12000-7f7e5ec13000 ---p 00000000 00:00 0 
7f7e5ec13000-7f7e5ed13000 rw-p 00000000 00:00 0                          [stack:5022]
7f7e5ed13000-7f7e5ed16000 ---p 00000000 00:00 0 
7f7e5ed16000-7f7e5ee14000 rw-p 00000000 00:00 0                          [stack:5021]
7f7e5ee14000-7f7e5ee17000 ---p 00000000 00:00 0 
7f7e5ee17000-7f7e5ef15000 rw-p 00000000 00:00 0                          [stack:5020]
7f7e5ef15000-7f7e5ef18000 ---p 00000000 00:00 0 
7f7e5ef18000-7f7e5f016000 rw-p 00000000 00:00 0                          [stack:5019]
7f7e5f016000-7f7e5f019000 ---p 00000000 00:00 0 
7f7e5f019000-7f7e5f117000 rw-p 00000000 00:00 0                          [stack:5018]
7f7e5f117000-7f7e5f7f8000 r--p 00000000 08:05 4538369                    /usr/lib/locale/locale-archive
7f7e5f7f8000-7f7e5f7fb000 ---p 00000000 00:00 0 
7f7e5f7fb000-7f7e5f8f9000 rw-p 00000000 00:00 0                          [stack:5017]
7f7e5f8f9000-7f7e5f8fc000 ---p 00000000 00:00 0 
7f7e5f8fc000-7f7e5f9fa000 rw-p 00000000 00:00 0                          [stack:5016]
7f7e5f9fa000-7f7e5f9fb000 ---p 00000000 00:00 0 
7f7e5f9fb000-7f7e60000000 rw-p 00000000 00:00 0                          [stack:5015]
7f7e60000000-7f7e60021000 rw-p 00000000 00:00 0 
7f7e60021000-7f7e64000000 ---p 00000000 00:00 0 
7f7e64000000-7f7e64003000 r--s 00000000 08:05 3211353                    /var/cache/fontconfig/8801497958630a81b71ace7c5f9b32a8-le64.cache-3
7f7e64003000-7f7e6400a000 r--s 00000000 08:05 3211342                    /var/cache/fontconfig/3f7329c5293ffd510edef78f73874cfd-le64.cache-3
7f7e6400a000-7f7e65000000 rw-p 00000000 00:00 0 
7f7e65000000-7f7e65270000 rwxp 00000000 00:00 0 
7f7e65270000-7f7e68377000 rw-p 00000000 00:00 0 
7f7e68377000-7f7e6c000000 ---p 00000000 00:00 0 
7f7e6c000000-7f7e6c001000 r--s 00000000 08:05 3211345                    /var/cache/fontconfig/56cf4f4769d0f4abc89a4895d7bd3ae1-le64.cache-3
7f7e6c001000-7f7e6c774000 rw-p 00000000 00:00 0 
7f7e6c774000-7f7e6c930000 r--s 039b2000 08:05 3850697                    /home/birdie/Documents/jdk1.7.0_45/jre/lib/rt.jar
7f7e6c930000-7f7e6ce5f000 rw-p 00000000 00:00 0 
7f7e6ce5f000-7f7e6ce60000 ---p 00000000 00:00 0 
7f7e6ce60000-7f7e6cf60000 rw-p 00000000 00:00 0                          [stack:5014]
7f7e6cf60000-7f7e6cf61000 ---p 00000000 00:00 0 
7f7e6cf61000-7f7e6d061000 rw-p 00000000 00:00 0                          [stack:5013]
7f7e6d061000-7f7e6d062000 ---p 00000000 00:00 0 
7f7e6d062000-7f7e6d162000 rw-p 00000000 00:00 0                          [stack:5012]
7f7e6d162000-7f7e6d163000 ---p 00000000 00:00 0 
7f7e6d163000-7f7e6d263000 rw-p 00000000 00:00 0                          [stack:5011]
7f7e6d263000-7f7e6d264000 ---p 00000000 00:00 0 
7f7e6d264000-7f7e6d364000 rw-p 00000000 00:00 0                          [stack:5010]
7f7e6d364000-7f7e6d365000 ---p 00000000 00:00 0 
7f7e6d365000-7f7e6d465000 rw-p 00000000 00:00 0                          [stack:5009]
7f7e6d465000-7f7e6d466000 ---p 00000000 00:00 0 
7f7e6d466000-7f7e6d566000 rw-p 00000000 00:00 0                          [stack:5008]
7f7e6d566000-7f7e6d567000 ---p 00000000 00:00 0 
7f7e6d567000-7f7e6d672000 rw-p 00000000 00:00 0                          [stack:5007]
7f7e6d672000-7f7e6d690000 rw-p 00000000 00:00 0 
7f7e6d690000-7f7e6d6ba000 rw-p 00000000 00:00 0 
7f7e6d6ba000-7f7e6d928000 rw-p 00000000 00:00 0 
7f7e6d928000-7f7e6d933000 rw-p 00000000 00:00 0 
7f7e6d933000-7f7e6d951000 rw-p 00000000 00:00 0 
7f7e6d951000-7f7e6d97b000 rw-p 00000000 00:00 0 
7f7e6d97b000-7f7e6dbe9000 rw-p 00000000 00:00 0 
7f7e6dbe9000-7f7e6dbfe000 rw-p 00000000 00:00 0 
7f7e6dbfe000-7f7e6dd35000 rw-p 00000000 00:00 0 
7f7e6dd35000-7f7e6dd36000 rw-p 00000000 00:00 0 
7f7e6dd36000-7f7e6dd50000 r-xp 00000000 08:05 3867333                    /home/birdie/Documents/jdk1.7.0_45/jre/lib/amd64/libzip.so
7f7e6dd50000-7f7e6df50000 ---p 0001a000 08:05 3867333                    /home/birdie/Documents/jdk1.7.0_45/jre/lib/amd64/libzip.so
7f7e6df50000-7f7e6df51000 rw-p 0001a000 08:05 3867333                    /home/birdie/Documents/jdk1.7.0_45/jre/lib/amd64/libzip.so
7f7e6df51000-7f7e6df5d000 r-xp 00000000 08:05 1934285                    /lib/x86_64-linux-gnu/libnss_files-2.17.so
7f7e6df5d000-7f7e6e15c000 ---p 0000c000 08:05 1934285                    /lib/x86_64-linux-gnu/libnss_files-2.17.so
7f7e6e15c000-7f7e6e15d000 r--p 0000b000 08:05 1934285                    /lib/x86_64-linux-gnu/libnss_files-2.17.so
7f7e6e15d000-7f7e6e15e000 rw-p 0000c000 08:05 1934285                    /lib/x86_64-linux-gnu/libnss_files-2.17.so
7f7e6e15e000-7f7e6e169000 r-xp 00000000 08:05 1934289                    /lib/x86_64-linux-gnu/libnss_nis-2.17.so
7f7e6e169000-7f7e6e368000 ---p 0000b000 08:05 1934289                    /lib/x86_64-linux-gnu/libnss_nis-2.17.so
7f7e6e368000-7f7e6e369000 r--p 0000a000 08:05 1934289                    /lib/x86_64-linux-gnu/libnss_nis-2.17.so
7f7e6e369000-7f7e6e36a000 rw-p 0000b000 08:05 1934289                    /lib/x86_64-linux-gnu/libnss_nis-2.17.so
7f7e6e36a000-7f7e6e381000 r-xp 00000000 08:05 1934279                    /lib/x86_64-linux-gnu/libnsl-2.17.so
7f7e6e381000-7f7e6e580000 ---p 00017000 08:05 1934279                    /lib/x86_64-linux-gnu/libnsl-2.17.so
7f7e6e580000-7f7e6e581000 r--p 00016000 08:05 1934279                    /lib/x86_64-linux-gnu/libnsl-2.17.so
7f7e6e581000-7f7e6e582000 rw-p 00017000 08:05 1934279                    /lib/x86_64-linux-gnu/libnsl-2.17.so
7f7e6e582000-7f7e6e584000 rw-p 00000000 00:00 0 
7f7e6e584000-7f7e6e58c000 r-xp 00000000 08:05 1934281                    /lib/x86_64-linux-gnu/libnss_compat-2.17.so
7f7e6e58c000-7f7e6e78b000 ---p 00008000 08:05 1934281                    /lib/x86_64-linux-gnu/libnss_compat-2.17.so
7f7e6e78b000-7f7e6e78c000 r--p 00007000 08:05 1934281                    /lib/x86_64-linux-gnu/libnss_compat-2.17.so
7f7e6e78c000-7f7e6e78d000 rw-p 00008000 08:05 1934281                    /lib/x86_64-linux-gnu/libnss_compat-2.17.so
7f7e6e78d000-7f7e6e7b6000 r-xp 00000000 08:05 3867324                    /home/birdie/Documents/jdk1.7.0_45/jre/lib/amd64/libjava.so
7f7e6e7b6000-7f7e6e9b6000 ---p 00029000 08:05 3867324                    /home/birdie/Documents/jdk1.7.0_45/jre/lib/amd64/libjava.so
7f7e6e9b6000-7f7e6e9b8000 rw-p 00029000 08:05 3867324                    /home/birdie/Documents/jdk1.7.0_45/jre/lib/amd64/libjava.so
7f7e6e9b8000-7f7e6e9c5000 r-xp 00000000 08:05 3867313                    /home/birdie/Documents/jdk1.7.0_45/jre/lib/amd64/libverify.so
7f7e6e9c5000-7f7e6ebc4000 ---p 0000d000 08:05 3867313                    /home/birdie/Documents/jdk1.7.0_45/jre/lib/amd64/libverify.so
7f7e6ebc4000-7f7e6ebc6000 rw-p 0000c000 08:05 3867313                    /home/birdie/Documents/jdk1.7.0_45/jre/lib/amd64/libverify.so
7f7e6ebc6000-7f7e6ebcd000 r-xp 00000000 08:05 1934332                    /lib/x86_64-linux-gnu/librt-2.17.so
7f7e6ebcd000-7f7e6edcc000 ---p 00007000 08:05 1934332                    /lib/x86_64-linux-gnu/librt-2.17.so
7f7e6edcc000-7f7e6edcd000 r--p 00006000 08:05 1934332                    /lib/x86_64-linux-gnu/librt-2.17.so
7f7e6edcd000-7f7e6edce000 rw-p 00007000 08:05 1934332                    /lib/x86_64-linux-gnu/librt-2.17.so
7f7e6edce000-7f7e6eed1000 r-xp 00000000 08:05 1934260                    /lib/x86_64-linux-gnu/libm-2.17.so
7f7e6eed1000-7f7e6f0d1000 ---p 00103000 08:05 1934260                    /lib/x86_64-linux-gnu/libm-2.17.so
7f7e6f0d1000-7f7e6f0d2000 r--p 00103000 08:05 1934260                    /lib/x86_64-linux-gnu/libm-2.17.so
7f7e6f0d2000-7f7e6f0d3000 rw-p 00104000 08:05 1934260                    /lib/x86_64-linux-gnu/libm-2.17.so
7f7e6f0d3000-7f7e6fc35000 r-xp 00000000 08:05 3867331                    /home/birdie/Documents/jdk1.7.0_45/jre/lib/amd64/server/libjvm.so
7f7e6fc35000-7f7e6fe35000 ---p 00b62000 08:05 3867331                    /home/birdie/Documents/jdk1.7.0_45/jre/lib/amd64/server/libjvm.so
7f7e6fe35000-7f7e6fef8000 rw-p 00b62000 08:05 3867331                    /home/birdie/Documents/jdk1.7.0_45/jre/lib/amd64/server/libjvm.so
7f7e6fef8000-7f7e6ff39000 rw-p 00000000 00:00 0 
7f7e6ff39000-7f7e700f7000 r-xp 00000000 08:05 1934212                    /lib/x86_64-linux-gnu/libc-2.17.so
7f7e700f7000-7f7e702f6000 ---p 001be000 08:05 1934212                    /lib/x86_64-linux-gnu/libc-2.17.so
7f7e702f6000-7f7e702fa000 r--p 001bd000 08:05 1934212                    /lib/x86_64-linux-gnu/libc-2.17.so
7f7e702fa000-7f7e702fc000 rw-p 001c1000 08:05 1934212                    /lib/x86_64-linux-gnu/libc-2.17.so
7f7e702fc000-7f7e70301000 rw-p 00000000 00:00 0 
7f7e70301000-7f7e70304000 r-xp 00000000 08:05 1934227                    /lib/x86_64-linux-gnu/libdl-2.17.so
7f7e70304000-7f7e70503000 ---p 00003000 08:05 1934227                    /lib/x86_64-linux-gnu/libdl-2.17.so
7f7e70503000-7f7e70504000 r--p 00002000 08:05 1934227                    /lib/x86_64-linux-gnu/libdl-2.17.so
7f7e70504000-7f7e70505000 rw-p 00003000 08:05 1934227                    /lib/x86_64-linux-gnu/libdl-2.17.so
7f7e70505000-7f7e7051b000 r-xp 00000000 08:05 3850252                    /home/birdie/Documents/jdk1.7.0_45/lib/amd64/jli/libjli.so
7f7e7051b000-7f7e7071b000 ---p 00016000 08:05 3850252                    /home/birdie/Documents/jdk1.7.0_45/lib/amd64/jli/libjli.so
7f7e7071b000-7f7e7071c000 rw-p 00016000 08:05 3850252                    /home/birdie/Documents/jdk1.7.0_45/lib/amd64/jli/libjli.so
7f7e7071c000-7f7e70734000 r-xp 00000000 08:05 1934324                    /lib/x86_64-linux-gnu/libpthread-2.17.so
7f7e70734000-7f7e70933000 ---p 00018000 08:05 1934324                    /lib/x86_64-linux-gnu/libpthread-2.17.so
7f7e70933000-7f7e70934000 r--p 00017000 08:05 1934324                    /lib/x86_64-linux-gnu/libpthread-2.17.so
7f7e70934000-7f7e70935000 rw-p 00018000 08:05 1934324                    /lib/x86_64-linux-gnu/libpthread-2.17.so
7f7e70935000-7f7e70939000 rw-p 00000000 00:00 0 
7f7e70939000-7f7e7095c000 r-xp 00000000 08:05 1934188                    /lib/x86_64-linux-gnu/ld-2.17.so
7f7e7095c000-7f7e70987000 rw-p 00000000 00:00 0 
7f7e70987000-7f7e70a3d000 rw-p 00000000 00:00 0 
7f7e70a3d000-7f7e70a40000 ---p 00000000 00:00 0 
7f7e70a40000-7f7e70b42000 rw-p 00000000 00:00 0                          [stack:5004]
7f7e70b42000-7f7e70b43000 r--s 00000000 08:05 3211361                    /var/cache/fontconfig/b9d506c9ac06c20b433354fa67a72993-le64.cache-3
7f7e70b43000-7f7e70b44000 r--s 00000000 08:05 3211333                    /var/cache/fontconfig/0c9eb80ebd1c36541ebe2852d3bb0c49-le64.cache-3
7f7e70b44000-7f7e70b47000 r--s 00000000 08:05 3211369                    /var/cache/fontconfig/e13b20fdb08344e0e664864cc2ede53d-le64.cache-3
7f7e70b47000-7f7e70b4b000 r--s 00000000 08:05 3211352                    /var/cache/fontconfig/7ef2298fde41cc6eeb7af42e48b7d293-le64.cache-3
7f7e70b4b000-7f7e70b4d000 r--s 0000d000 08:05 1758172                    /usr/share/java/RXTXcomm-2.2pre2.jar
7f7e70b4d000-7f7e70b4f000 r--s 0000d000 08:05 3867496                    /home/birdie/Documents/jdk1.7.0_45/jre/lib/ext/RXTXcomm.jar
7f7e70b4f000-7f7e70b57000 rw-s 00000000 08:05 315944                     /tmp/hsperfdata_birdie/5002
7f7e70b57000-7f7e70b58000 rw-p 00000000 00:00 0 
7f7e70b58000-7f7e70b59000 r--p 00000000 00:00 0 
7f7e70b59000-7f7e70b5b000 rw-p 00000000 00:00 0 
7f7e70b5b000-7f7e70b5c000 r--p 00022000 08:05 1934188                    /lib/x86_64-linux-gnu/ld-2.17.so
7f7e70b5c000-7f7e70b5e000 rw-p 00023000 08:05 1934188                    /lib/x86_64-linux-gnu/ld-2.17.so
7fffe87d3000-7fffe87f4000 rw-p 00000000 00:00 0                          [stack]
7fffe87ff000-7fffe8800000 r-xp 00000000 00:00 0                          [vdso]
ffffffffff600000-ffffffffff601000 r-xp 00000000 00:00 0                  [vsyscall]

VM Arguments:
jvm_args: -Dfile.encoding=UTF-8 
java_command: mosesserver.MosesServerForm
Launcher Type: SUN_STANDARD

Environment Variables:
PATH=/usr/local/sbin:/usr/local/bin:/usr/sbin:/usr/bin:/sbin:/bin:/usr/games:/usr/local/games
USERNAME=birdie
LD_LIBRARY_PATH=/home/birdie/Documents/jdk1.7.0_45/jre/lib/amd64:/home/birdie/Documents/jdk1.7.0_45/jre/lib/i386:
SHELL=/bin/bash
DISPLAY=:0

Signal Handlers:
SIGSEGV: [libjvm.so+0x9935b0], sa_mask[0]=0x7ffbfeff, sa_flags=0x10000004
SIGBUS: [libjvm.so+0x9935b0], sa_mask[0]=0x7ffbfeff, sa_flags=0x10000004
SIGFPE: [libjvm.so+0x810330], sa_mask[0]=0x7ffbfeff, sa_flags=0x10000004
SIGPIPE: SIG_IGN, sa_mask[0]=0x00001000, sa_flags=0x10000000
SIGXFSZ: [libjvm.so+0x810330], sa_mask[0]=0x7ffbfeff, sa_flags=0x10000004
SIGILL: [libjvm.so+0x810330], sa_mask[0]=0x7ffbfeff, sa_flags=0x10000004
SIGUSR1: SIG_DFL, sa_mask[0]=0x00000000, sa_flags=0x00000000
SIGUSR2: [libjvm.so+0x811820], sa_mask[0]=0x00000004, sa_flags=0x10000004
SIGHUP: [libjvm.so+0x812790], sa_mask[0]=0x7ffbfeff, sa_flags=0x10000004
SIGINT: SIG_IGN, sa_mask[0]=0x00000000, sa_flags=0x00000000
SIGTERM: [libjvm.so+0x812790], sa_mask[0]=0x7ffbfeff, sa_flags=0x10000004
SIGQUIT: [libjvm.so+0x812790], sa_mask[0]=0x7ffbfeff, sa_flags=0x10000004


---------------  S Y S T E M  ---------------

OS:wheezy/sid

uname:Linux 3.10.37-customname #1 SMP Fri Apr 18 10:51:28 MDT 2014 x86_64
libc:glibc 2.17 NPTL 2.17 
rlimit: STACK 8192k, CORE 0k, NPROC 63437, NOFILE 4096, AS infinity
load average:0.81 0.42 0.29

/proc/meminfo:
MemTotal:        8153360 kB
MemFree:         3938392 kB
Buffers:         1127344 kB
Cached:          1134756 kB
SwapCached:            0 kB
Active:          2172656 kB
Inactive:        1759868 kB
Active(anon):    1671392 kB
Inactive(anon):    30416 kB
Active(file):     501264 kB
Inactive(file):  1729452 kB
Unevictable:          52 kB
Mlocked:              52 kB
SwapTotal:             0 kB
SwapFree:              0 kB
Dirty:               180 kB
Writeback:             0 kB
AnonPages:       1670848 kB
Mapped:           176244 kB
Shmem:             31384 kB
Slab:             148332 kB
SReclaimable:     110656 kB
SUnreclaim:        37676 kB
KernelStack:        4896 kB
PageTables:        39580 kB
NFS_Unstable:          0 kB
Bounce:                0 kB
WritebackTmp:          0 kB
CommitLimit:     4076680 kB
Committed_AS:    5122932 kB
VmallocTotal:   34359738367 kB
VmallocUsed:      141904 kB
VmallocChunk:   34359579608 kB
HardwareCorrupted:     0 kB
AnonHugePages:         0 kB
HugePages_Total:       0
HugePages_Free:        0
HugePages_Rsvd:        0
HugePages_Surp:        0
Hugepagesize:       2048 kB
DirectMap4k:      110136 kB
DirectMap2M:     8255488 kB


CPU:total 8 (4 cores per cpu, 2 threads per core) family 6 model 42 stepping 7, cmov, cx8, fxsr, mmx, sse, sse2, sse3, ssse3, sse4.1, sse4.2, popcnt, avx, ht, tsc, tscinvbit

/proc/cpuinfo:
processor	: 0
vendor_id	: GenuineIntel
cpu family	: 6
model		: 42
model name	: Intel(R) Core(TM) i7-2630QM CPU @ 2.00GHz
stepping	: 7
microcode	: 0x6
cpu MHz		: 2599.921
cache size	: 6144 KB
physical id	: 0
siblings	: 8
core id		: 0
cpu cores	: 4
apicid		: 0
initial apicid	: 0
fpu		: yes
fpu_exception	: yes
cpuid level	: 13
wp		: yes
flags		: fpu vme de pse tsc msr pae mce cx8 apic sep mtrr pge mca cmov pat pse36 clflush dts acpi mmx fxsr sse sse2 ss ht tm pbe syscall nx rdtscp lm constant_tsc arch_perfmon pebs bts rep_good nopl xtopology nonstop_tsc aperfmperf eagerfpu pni pclmulqdq dtes64 monitor ds_cpl vmx est tm2 ssse3 cx16 xtpr pdcm pcid sse4_1 sse4_2 x2apic popcnt tsc_deadline_timer xsave avx lahf_lm ida arat epb xsaveopt pln pts dtherm tpr_shadow vnmi flexpriority ept vpid
bogomips	: 3990.60
clflush size	: 64
cache_alignment	: 64
address sizes	: 36 bits physical, 48 bits virtual
power management:

processor	: 1
vendor_id	: GenuineIntel
cpu family	: 6
model		: 42
model name	: Intel(R) Core(TM) i7-2630QM CPU @ 2.00GHz
stepping	: 7
microcode	: 0x6
cpu MHz		: 2605.937
cache size	: 6144 KB
physical id	: 0
siblings	: 8
core id		: 1
cpu cores	: 4
apicid		: 2
initial apicid	: 2
fpu		: yes
fpu_exception	: yes
cpuid level	: 13
wp		: yes
flags		: fpu vme de pse tsc msr pae mce cx8 apic sep mtrr pge mca cmov pat pse36 clflush dts acpi mmx fxsr sse sse2 ss ht tm pbe syscall nx rdtscp lm constant_tsc arch_perfmon pebs bts rep_good nopl xtopology nonstop_tsc aperfmperf eagerfpu pni pclmulqdq dtes64 monitor ds_cpl vmx est tm2 ssse3 cx16 xtpr pdcm pcid sse4_1 sse4_2 x2apic popcnt tsc_deadline_timer xsave avx lahf_lm ida arat epb xsaveopt pln pts dtherm tpr_shadow vnmi flexpriority ept vpid
bogomips	: 3990.60
clflush size	: 64
cache_alignment	: 64
address sizes	: 36 bits physical, 48 bits virtual
power management:

processor	: 2
vendor_id	: GenuineIntel
cpu family	: 6
model		: 42
model name	: Intel(R) Core(TM) i7-2630QM CPU @ 2.00GHz
stepping	: 7
microcode	: 0x6
cpu MHz		: 2593.281
cache size	: 6144 KB
physical id	: 0
siblings	: 8
core id		: 2
cpu cores	: 4
apicid		: 4
initial apicid	: 4
fpu		: yes
fpu_exception	: yes
cpuid level	: 13
wp		: yes
flags		: fpu vme de pse tsc msr pae mce cx8 apic sep mtrr pge mca cmov pat pse36 clflush dts acpi mmx fxsr sse sse2 ss ht tm pbe syscall nx rdtscp lm constant_tsc arch_perfmon pebs bts rep_good nopl xtopology nonstop_tsc aperfmperf eagerfpu pni pclmulqdq dtes64 monitor ds_cpl vmx est tm2 ssse3 cx16 xtpr pdcm pcid sse4_1 sse4_2 x2apic popcnt tsc_deadline_timer xsave avx lahf_lm ida arat epb xsaveopt pln pts dtherm tpr_shadow vnmi flexpriority ept vpid
bogomips	: 3990.60
clflush size	: 64
cache_alignment	: 64
address sizes	: 36 bits physical, 48 bits virtual
power management:

processor	: 3
vendor_id	: GenuineIntel
cpu family	: 6
model		: 42
model name	: Intel(R) Core(TM) i7-2630QM CPU @ 2.00GHz
stepping	: 7
microcode	: 0x6
cpu MHz		: 2309.296
cache size	: 6144 KB
physical id	: 0
siblings	: 8
core id		: 3
cpu cores	: 4
apicid		: 6
initial apicid	: 6
fpu		: yes
fpu_exception	: yes
cpuid level	: 13
wp		: yes
flags		: fpu vme de pse tsc msr pae mce cx8 apic sep mtrr pge mca cmov pat pse36 clflush dts acpi mmx fxsr sse sse2 ss ht tm pbe syscall nx rdtscp lm constant_tsc arch_perfmon pebs bts rep_good nopl xtopology nonstop_tsc aperfmperf eagerfpu pni pclmulqdq dtes64 monitor ds_cpl vmx est tm2 ssse3 cx16 xtpr pdcm pcid sse4_1 sse4_2 x2apic popcnt tsc_deadline_timer xsave avx lahf_lm ida arat epb xsaveopt pln pts dtherm tpr_shadow vnmi flexpriority ept vpid
bogomips	: 3990.60
clflush size	: 64
cache_alignment	: 64
address sizes	: 36 bits physical, 48 bits virtual
power management:

processor	: 4
vendor_id	: GenuineIntel
cpu family	: 6
model		: 42
model name	: Intel(R) Core(TM) i7-2630QM CPU @ 2.00GHz
stepping	: 7
microcode	: 0x6
cpu MHz		: 2462.109
cache size	: 6144 KB
physical id	: 0
siblings	: 8
core id		: 0
cpu cores	: 4
apicid		: 1
initial apicid	: 1
fpu		: yes
fpu_exception	: yes
cpuid level	: 13
wp		: yes
flags		: fpu vme de pse tsc msr pae mce cx8 apic sep mtrr pge mca cmov pat pse36 clflush dts acpi mmx fxsr sse sse2 ss ht tm pbe syscall nx rdtscp lm constant_tsc arch_perfmon pebs bts rep_good nopl xtopology nonstop_tsc aperfmperf eagerfpu pni pclmulqdq dtes64 monitor ds_cpl vmx est tm2 ssse3 cx16 xtpr pdcm pcid sse4_1 sse4_2 x2apic popcnt tsc_deadline_timer xsave avx lahf_lm ida arat epb xsaveopt pln pts dtherm tpr_shadow vnmi flexpriority ept vpid
bogomips	: 3990.60
clflush size	: 64
cache_alignment	: 64
address sizes	: 36 bits physical, 48 bits virtual
power management:

processor	: 5
vendor_id	: GenuineIntel
cpu family	: 6
model		: 42
model name	: Intel(R) Core(TM) i7-2630QM CPU @ 2.00GHz
stepping	: 7
microcode	: 0x6
cpu MHz		: 2523.671
cache size	: 6144 KB
physical id	: 0
siblings	: 8
core id		: 1
cpu cores	: 4
apicid		: 3
initial apicid	: 3
fpu		: yes
fpu_exception	: yes
cpuid level	: 13
wp		: yes
flags		: fpu vme de pse tsc msr pae mce cx8 apic sep mtrr pge mca cmov pat pse36 clflush dts acpi mmx fxsr sse sse2 ss ht tm pbe syscall nx rdtscp lm constant_tsc arch_perfmon pebs bts rep_good nopl xtopology nonstop_tsc aperfmperf eagerfpu pni pclmulqdq dtes64 monitor ds_cpl vmx est tm2 ssse3 cx16 xtpr pdcm pcid sse4_1 sse4_2 x2apic popcnt tsc_deadline_timer xsave avx lahf_lm ida arat epb xsaveopt pln pts dtherm tpr_shadow vnmi flexpriority ept vpid
bogomips	: 3990.60
clflush size	: 64
cache_alignment	: 64
address sizes	: 36 bits physical, 48 bits virtual
power management:

processor	: 6
vendor_id	: GenuineIntel
cpu family	: 6
model		: 42
model name	: Intel(R) Core(TM) i7-2630QM CPU @ 2.00GHz
stepping	: 7
microcode	: 0x6
cpu MHz		: 2600.937
cache size	: 6144 KB
physical id	: 0
siblings	: 8
core id		: 2
cpu cores	: 4
apicid		: 5
initial apicid	: 5
fpu		: yes
fpu_exception	: yes
cpuid level	: 13
wp		: yes
flags		: fpu vme de pse tsc msr pae mce cx8 apic sep mtrr pge mca cmov pat pse36 clflush dts acpi mmx fxsr sse sse2 ss ht tm pbe syscall nx rdtscp lm constant_tsc arch_perfmon pebs bts rep_good nopl xtopology nonstop_tsc aperfmperf eagerfpu pni pclmulqdq dtes64 monitor ds_cpl vmx est tm2 ssse3 cx16 xtpr pdcm pcid sse4_1 sse4_2 x2apic popcnt tsc_deadline_timer xsave avx lahf_lm ida arat epb xsaveopt pln pts dtherm tpr_shadow vnmi flexpriority ept vpid
bogomips	: 3990.60
clflush size	: 64
cache_alignment	: 64
address sizes	: 36 bits physical, 48 bits virtual
power management:

processor	: 7
vendor_id	: GenuineIntel
cpu family	: 6
model		: 42
model name	: Intel(R) Core(TM) i7-2630QM CPU @ 2.00GHz
stepping	: 7
microcode	: 0x6
cpu MHz		: 2600.078
cache size	: 6144 KB
physical id	: 0
siblings	: 8
core id		: 3
cpu cores	: 4
apicid		: 7
initial apicid	: 7
fpu		: yes
fpu_exception	: yes
cpuid level	: 13
wp		: yes
flags		: fpu vme de pse tsc msr pae mce cx8 apic sep mtrr pge mca cmov pat pse36 clflush dts acpi mmx fxsr sse sse2 ss ht tm pbe syscall nx rdtscp lm constant_tsc arch_perfmon pebs bts rep_good nopl xtopology nonstop_tsc aperfmperf eagerfpu pni pclmulqdq dtes64 monitor ds_cpl vmx est tm2 ssse3 cx16 xtpr pdcm pcid sse4_1 sse4_2 x2apic popcnt tsc_deadline_timer xsave avx lahf_lm ida arat epb xsaveopt pln pts dtherm tpr_shadow vnmi flexpriority ept vpid
bogomips	: 3990.60
clflush size	: 64
cache_alignment	: 64
address sizes	: 36 bits physical, 48 bits virtual
power management:



Memory: 4k page, physical 8153360k(3938392k free), swap 0k(0k free)

vm_info: Java HotSpot(TM) 64-Bit Server VM (24.45-b08) for linux-amd64 JRE (1.7.0_45-b18), built on Oct  8 2013 05:44:25 by "java_re" with gcc 4.3.0 20080428 (Red Hat 4.3.0-8)

time: Mon Jun  9 09:06:34 2014
elapsed time: 53 seconds

