#
# A fatal error has been detected by the Java Runtime Environment:
#
#  SIGSEGV (0xb) at pc=0x00007f7515365d9d, pid=10955, tid=140140842702592
#
# JRE version: Java(TM) SE Runtime Environment (7.0_45-b18) (build 1.7.0_45-b18)
# Java VM: Java HotSpot(TM) 64-Bit Server VM (24.45-b08 mixed mode linux-amd64 compressed oops)
# Problematic frame:
# C  [librxtxSerial.so+0x6d9d]  read_byte_array+0x3d
#
# Failed to write core dump. Core dumps have been disabled. To enable core dumping, try "ulimit -c unlimited" before starting Java again
#
# If you would like to submit a bug report, please visit:
#   http://bugreport.sun.com/bugreport/crash.jsp
# The crash happened outside the Java Virtual Machine in native code.
# See problematic frame for where to report the bug.
#

---------------  T H R E A D  ---------------

Current thread (0x00007f7508083000):  JavaThread "Thread-3" [_thread_in_native, id=11041, stack(0x00007f751515d000,0x00007f751525e000)]

siginfo:si_signo=SIGSEGV: si_errno=0, si_code=1 (SEGV_MAPERR), si_addr=0x000000001535d778

Registers:
RAX=0x000000001535d770, RBX=0x00007f74f0001150, RCX=0x0000000000000001, RDX=0x00007f7584f44a00
RSP=0x00007f751525bf10, RBP=0x00007f75080831e8, RSI=0x00007f7515368b25, RDI=0x00007f7515368a9f
R8 =0x00007f751525be80, R9 =0x00000000ffffffff, R10=0x00007f751525bdd0, R11=0x00007f7515365d60
R12=0xffffffffffffffff, R13=0x0000000000000001, R14=0x0000000000000013, R15=0x00000000ffffffff
RIP=0x00007f7515365d9d, EFLAGS=0x0000000000010202, CSGSFS=0x0000000000000033, ERR=0x0000000000000004
  TRAPNO=0x000000000000000e

Top of Stack: (sp=0x00007f751525bf10)
0x00007f751525bf10:   0000000000002000 0000000000002000
0x00007f751525bf20:   0000000100000000 00007f74f0001150
0x00007f751525bf30:   0000001300002000 00007f74f0001150
0x00007f751525bf40:   0000000000000000 0000000000000700
0x00007f751525bf50:   00007f751525bfb0 000000001535d770
0x00007f751525bf60:   00007f75080831e8 00007f751556b5d0
0x00007f751525bf70:   0000000000000000 0000000000000001
0x00007f751525bf80:   0000000000000013 0000000000000000
0x00007f751525bf90:   00007f75080831e8 00007f7585981c95
0x00007f751525bfa0:   0000000000000005 0000000000000000
0x00007f751525bfb0:   00007f751525bfe0 00007f751535fd18
0x00007f751525bfc0:   00007f74f0001150 00007f75080831e8
0x00007f751525bfd0:   ffffffffffffffff 00007f7585988725
0x00007f751525bfe0:   00007f74f0001150 00007f74f0001150
0x00007f751525bff0:   0000000000000013 00007f74f0001150
0x00007f751525c000:   00007f75080831e8 ffffffffffffffff
0x00007f751525c010:   0000000000000001 0000000000000013
0x00007f751525c020:   0000000000000000 00007f7515366272
0x00007f751525c030:   00007f7508083000 00007f751525c110
0x00007f751525c040:   00007f751525c118 000000077f3bfdb0
0x00007f751525c050:   00007f751525c0e0 0000000000000000
0x00007f751525c060:   000000077f3bfda8 00007f751525c118
0x00007f751525c070:   00007f7508083000 00007f7579018af9
0x00007f751525c080:   00007f753005ba68 00007f751525c118
0x00007f751525c090:   00007f7508083000 00007f75000000b6
0x00007f751525c0a0:   00007f751525c0a0 000000077f3bfda8
0x00007f751525c0b0:   00007f751525c118 000000077f3e7cc0
0x00007f751525c0c0:   0000000000000000 000000077f3bfdb0
0x00007f751525c0d0:   0000000000000000 00007f751525c100
0x00007f751525c0e0:   00007f751525c180 00007f7579006254
0x00007f751525c0f0:   0000000000000000 00007f7579012f36
0x00007f751525c100:   0000000000000001 0000000000000000 

Instructions: (pc=0x00007f7515365d9d)
0x00007f7515365d7d:   4c 24 18 48 8d 15 17 2d 00 00 48 8d 0d 0e 2d 00
0x00007f7515365d8d:   00 44 89 44 24 14 e8 88 c7 ff ff 48 89 44 24 48
0x00007f7515365d9d:   8b 40 08 45 85 ff 48 8b 54 24 48 89 44 24 40 c7
0x00007f7515365dad:   42 08 00 00 00 00 0f 88 bd 01 00 00 31 c0 e8 70 

Register to memory mapping:

RAX=0x000000001535d770 is an unknown value
RBX=0x00007f74f0001150 is an unknown value
RCX=0x0000000000000001 is an unknown value
RDX=0x00007f7584f44a00: <offset 0xe37a00> in /home/birdie/Documents/jdk1.7.0_45/jre/lib/amd64/server/libjvm.so at 0x00007f758410d000
RSP=0x00007f751525bf10 is pointing into the stack for thread: 0x00007f7508083000
RBP=0x00007f75080831e8 is an unknown value
RSI=0x00007f7515368b25: <offset 0x9b25> in /home/birdie/Documents/jdk1.7.0_45/jre/lib/amd64/librxtxSerial.so at 0x00007f751535f000
RDI=0x00007f7515368a9f: <offset 0x9a9f> in /home/birdie/Documents/jdk1.7.0_45/jre/lib/amd64/librxtxSerial.so at 0x00007f751535f000
R8 =0x00007f751525be80 is pointing into the stack for thread: 0x00007f7508083000
R9 =0x00000000ffffffff is an unknown value
R10=0x00007f751525bdd0 is pointing into the stack for thread: 0x00007f7508083000
R11=0x00007f7515365d60: read_byte_array+0 in /home/birdie/Documents/jdk1.7.0_45/jre/lib/amd64/librxtxSerial.so at 0x00007f751535f000
R12=0xffffffffffffffff is an unknown value
R13=0x0000000000000001 is an unknown value
R14=0x0000000000000013 is an unknown value
R15=0x00000000ffffffff is an unknown value


Stack: [0x00007f751515d000,0x00007f751525e000],  sp=0x00007f751525bf10,  free space=1019k
Native frames: (J=compiled Java code, j=interpreted, Vv=VM code, C=native code)
C  [librxtxSerial.so+0x6d9d]  read_byte_array+0x3d

Java frames: (J=compiled Java code, j=interpreted, Vv=VM code)
j  gnu.io.RXTXPort.readArray([BII)I+0
j  gnu.io.RXTXPort$SerialInputStream.read([BII)I+212
j  sun.nio.cs.StreamDecoder.readBytes()I+135
j  sun.nio.cs.StreamDecoder.implRead([CII)I+112
j  sun.nio.cs.StreamDecoder.read([CII)I+180
j  java.io.InputStreamReader.read([CII)I+7
j  java.io.BufferedReader.fill()V+145
j  java.io.BufferedReader.read()I+23
j  mosesserver.MosesServerForm.listenerSerial()V+81
j  mosesserver.MosesServerForm.access$1200(Lmosesserver/MosesServerForm;)V+1
j  mosesserver.MosesServerForm$13.run()V+4
j  java.lang.Thread.run()V+11
v  ~StubRoutines::call_stub

---------------  P R O C E S S  ---------------

Java Threads: ( => current thread )
  0x00007f7508092800 JavaThread "Thread-4" [_thread_in_native, id=11043, stack(0x00007f751505c000,0x00007f751515d000)]
=>0x00007f7508083000 JavaThread "Thread-3" [_thread_in_native, id=11041, stack(0x00007f751515d000,0x00007f751525e000)]
  0x00007f7508082000 JavaThread "Thread-2" [_thread_in_native, id=11040, stack(0x00007f751525e000,0x00007f751535f000)]
  0x00007f75080c8000 JavaThread "Thread-1" [_thread_in_native, id=11028, stack(0x00007f751556c000,0x00007f751566d000)]
  0x00007f75081c2800 JavaThread "Thread-0" [_thread_in_native, id=11027, stack(0x00007f751566d000,0x00007f751576e000)]
  0x00007f75080d6800 JavaThread "TimerQueue" daemon [_thread_blocked, id=10991, stack(0x00007f7515892000,0x00007f7515993000)]
  0x00007f7508003800 JavaThread "org.netbeans.modules.debugger.jpda.visual AWT Access Loop" daemon [_thread_blocked, id=10990, stack(0x00007f7515c96000,0x00007f7515d97000)]
  0x00007f757c00c000 JavaThread "DestroyJavaVM" [_thread_blocked, id=10957, stack(0x00007f7585a77000,0x00007f7585b78000)]
  0x00007f757c39d800 JavaThread "AWT-EventQueue-0" [_thread_blocked, id=10989, stack(0x00007f7515d97000,0x00007f7515e98000)]
  0x00007f757c39c800 JavaThread "AWT-Shutdown" [_thread_blocked, id=10988, stack(0x00007f7515e98000,0x00007f7515f99000)]
  0x00007f757c1e2800 JavaThread "AWT-XAWT" daemon [_thread_in_native, id=10987, stack(0x00007f7551554000,0x00007f7551655000)]
  0x00007f757c1be800 JavaThread "Java2D Disposer" daemon [_thread_blocked, id=10986, stack(0x00007f7551a66000,0x00007f7551b67000)]
  0x00007f757c0b1000 JavaThread "Service Thread" daemon [_thread_blocked, id=10984, stack(0x00007f7553322000,0x00007f7553423000)]
  0x00007f757c0ae800 JavaThread "C2 CompilerThread1" daemon [_thread_blocked, id=10983, stack(0x00007f7553423000,0x00007f7553524000)]
  0x00007f757c0ac000 JavaThread "C2 CompilerThread0" daemon [_thread_blocked, id=10982, stack(0x00007f7553524000,0x00007f7553625000)]
  0x00007f7540001000 JavaThread "JDWP Command Reader" daemon [_thread_in_native, id=10978, stack(0x00007f7553625000,0x00007f7553726000)]
  0x00007f757c0a9800 JavaThread "JDWP Event Helper Thread" daemon [_thread_blocked, id=10977, stack(0x00007f7553726000,0x00007f7553827000)]
  0x00007f757c0a6000 JavaThread "JDWP Transport Listener: dt_socket" daemon [_thread_blocked, id=10976, stack(0x00007f7553827000,0x00007f7553928000)]
  0x00007f757c091000 JavaThread "Signal Dispatcher" daemon [_thread_blocked, id=10975, stack(0x00007f7553b2c000,0x00007f7553c2d000)]
  0x00007f757c07b000 JavaThread "Finalizer" daemon [_thread_blocked, id=10970, stack(0x00007f7553c2d000,0x00007f7553d2e000)]
  0x00007f757c077000 JavaThread "Reference Handler" daemon [_thread_blocked, id=10969, stack(0x00007f7553d2e000,0x00007f7553e2f000)]

Other Threads:
  0x00007f757c074800 VMThread [stack: 0x00007f7553e2f000,0x00007f7553f30000] [id=10968]
  0x00007f757c0bc000 WatcherThread [stack: 0x00007f7553221000,0x00007f7553322000] [id=10985]

VM state:not at safepoint (normal execution)

VM Mutex/Monitor currently owned by a thread: None

Heap
 PSYoungGen      total 37376K, used 8662K [0x00000007d6800000, 0x00000007d9180000, 0x0000000800000000)
  eden space 32256K, 11% used [0x00000007d6800000,0x00000007d6b7d3a0,0x00000007d8780000)
  from space 5120K, 99% used [0x00000007d8c80000,0x00000007d9178460,0x00000007d9180000)
  to   space 5120K, 0% used [0x00000007d8780000,0x00000007d8780000,0x00000007d8c80000)
 ParOldGen       total 84992K, used 2189K [0x0000000783800000, 0x0000000788b00000, 0x00000007d6800000)
  object space 84992K, 2% used [0x0000000783800000,0x0000000783a236d8,0x0000000788b00000)
 PSPermGen       total 21504K, used 14309K [0x000000077e600000, 0x000000077fb00000, 0x0000000783800000)
  object space 21504K, 66% used [0x000000077e600000,0x000000077f3f9668,0x000000077fb00000)

Card table byte_map: [0x00007f7581e43000,0x00007f7582251000] byte_map_base: 0x00007f757e250000

Polling page: 0x00007f7585b92000

Code Cache  [0x00007f7579000000, 0x00007f7579270000, 0x00007f757c000000)
 total_blobs=643 nmethods=129 adapters=475 free_code_cache=48301Kb largest_free_block=49427456

Compilation events (10 events):
Event: 53.875 Thread 0x00007f757c0ac000  127             java.util.ArrayList::indexOf (67 bytes)
Event: 53.877 Thread 0x00007f757c0ac000 nmethod 127 0x00007f75790ca710 code [0x00007f75790ca860, 0x00007f75790ca998]
Event: 53.877 Thread 0x00007f757c0ac000  128             java.util.IdentityHashMap::clear (39 bytes)
Event: 53.879 Thread 0x00007f757c0ae800 nmethod 122 0x00007f75790d44d0 code [0x00007f75790d4780, 0x00007f75790d6220]
Event: 53.880 Thread 0x00007f757c0ac000 nmethod 128 0x00007f75790ca3d0 code [0x00007f75790ca520, 0x00007f75790ca658]
Event: 56.375 Thread 0x00007f757c0ae800  129             java.lang.String::toUpperCase (439 bytes)
Event: 56.380 Thread 0x00007f757c0ac000  130             gnu.io.RXTXCommDriver::registerValidPorts (228 bytes)
Event: 56.407 Thread 0x00007f757c0ae800 nmethod 129 0x00007f75790d7190 code [0x00007f75790d7400, 0x00007f75790d8c60]
Event: 56.415 Thread 0x00007f757c0ac000 nmethod 130 0x00007f75790d9dd0 code [0x00007f75790da080, 0x00007f75790db9b0]
Event: 58.369 Thread 0x00007f757c0ae800  131             java.nio.HeapByteBuffer::_get (7 bytes)

GC Heap History (4 events):
Event: 1.980 GC heap before
{Heap before GC invocations=1 (full 0):
 PSYoungGen      total 37376K, used 32256K [0x00000007d6800000, 0x00000007d9180000, 0x0000000800000000)
  eden space 32256K, 100% used [0x00000007d6800000,0x00000007d8780000,0x00000007d8780000)
  from space 5120K, 0% used [0x00000007d8c80000,0x00000007d8c80000,0x00000007d9180000)
  to   space 5120K, 0% used [0x00000007d8780000,0x00000007d8780000,0x00000007d8c80000)
 ParOldGen       total 84992K, used 0K [0x0000000783800000, 0x0000000788b00000, 0x00000007d6800000)
  object space 84992K, 0% used [0x0000000783800000,0x0000000783800000,0x0000000788b00000)
 PSPermGen       total 21504K, used 10765K [0x000000077e600000, 0x000000077fb00000, 0x0000000783800000)
  object space 21504K, 50% used [0x000000077e600000,0x000000077f083460,0x000000077fb00000)
Event: 1.988 GC heap after
Heap after GC invocations=1 (full 0):
 PSYoungGen      total 37376K, used 1792K [0x00000007d6800000, 0x00000007d9180000, 0x0000000800000000)
  eden space 32256K, 0% used [0x00000007d6800000,0x00000007d6800000,0x00000007d8780000)
  from space 5120K, 35% used [0x00000007d8780000,0x00000007d8940020,0x00000007d8c80000)
  to   space 5120K, 0% used [0x00000007d8c80000,0x00000007d8c80000,0x00000007d9180000)
 ParOldGen       total 84992K, used 8K [0x0000000783800000, 0x0000000788b00000, 0x00000007d6800000)
  object space 84992K, 0% used [0x0000000783800000,0x0000000783802000,0x0000000788b00000)
 PSPermGen       total 21504K, used 10765K [0x000000077e600000, 0x000000077fb00000, 0x0000000783800000)
  object space 21504K, 50% used [0x000000077e600000,0x000000077f083460,0x000000077fb00000)
}
Event: 47.183 GC heap before
{Heap before GC invocations=2 (full 0):
 PSYoungGen      total 37376K, used 34048K [0x00000007d6800000, 0x00000007d9180000, 0x0000000800000000)
  eden space 32256K, 100% used [0x00000007d6800000,0x00000007d8780000,0x00000007d8780000)
  from space 5120K, 35% used [0x00000007d8780000,0x00000007d8940020,0x00000007d8c80000)
  to   space 5120K, 0% used [0x00000007d8c80000,0x00000007d8c80000,0x00000007d9180000)
 ParOldGen       total 84992K, used 8K [0x0000000783800000, 0x0000000788b00000, 0x00000007d6800000)
  object space 84992K, 0% used [0x0000000783800000,0x0000000783802000,0x0000000788b00000)
 PSPermGen       total 21504K, used 14219K [0x000000077e600000, 0x000000077fb00000, 0x0000000783800000)
  object space 21504K, 66% used [0x000000077e600000,0x000000077f3e2cd0,0x000000077fb00000)
Event: 47.189 GC heap after
Heap after GC invocations=2 (full 0):
 PSYoungGen      total 37376K, used 5089K [0x00000007d6800000, 0x00000007d9180000, 0x0000000800000000)
  eden space 32256K, 0% used [0x00000007d6800000,0x00000007d6800000,0x00000007d8780000)
  from space 5120K, 99% used [0x00000007d8c80000,0x00000007d9178460,0x00000007d9180000)
  to   space 5120K, 0% used [0x00000007d8780000,0x00000007d8780000,0x00000007d8c80000)
 ParOldGen       total 84992K, used 2189K [0x0000000783800000, 0x0000000788b00000, 0x00000007d6800000)
  object space 84992K, 2% used [0x0000000783800000,0x0000000783a236d8,0x0000000788b00000)
 PSPermGen       total 21504K, used 14219K [0x000000077e600000, 0x000000077fb00000, 0x0000000783800000)
  object space 21504K, 66% used [0x000000077e600000,0x000000077f3e2cd0,0x000000077fb00000)
}

Deoptimization events (10 events):
Event: 1.725 Thread 0x00007f757c39d800 Uncommon trap: reason=class_check action=maybe_recompile pc=0x00007f7579075a90 method=java.lang.String.equals(Ljava/lang/Object;)Z @ 8
Event: 1.725 Thread 0x00007f757c39d800 Uncommon trap: reason=class_check action=maybe_recompile pc=0x00007f7579075a90 method=java.lang.String.equals(Ljava/lang/Object;)Z @ 8
Event: 1.725 Thread 0x00007f757c39d800 Uncommon trap: reason=class_check action=maybe_recompile pc=0x00007f7579075a90 method=java.lang.String.equals(Ljava/lang/Object;)Z @ 8
Event: 1.725 Thread 0x00007f757c39d800 Uncommon trap: reason=class_check action=maybe_recompile pc=0x00007f7579075a90 method=java.lang.String.equals(Ljava/lang/Object;)Z @ 8
Event: 2.258 Thread 0x00007f757c1e2800 Uncommon trap: reason=unreached action=reinterpret pc=0x00007f7579097210 method=java.lang.String.valueOf(Ljava/lang/Object;)Ljava/lang/String; @ 1
Event: 10.789 Thread 0x00007f757c39d800 Uncommon trap: reason=class_check action=maybe_recompile pc=0x00007f75790b3668 method=java.awt.Toolkit$SelectiveAWTEventListener.eventDispatched(Ljava/awt/AWTEvent;)V @ 733
Event: 10.789 Thread 0x00007f757c39d800 Uncommon trap: reason=class_check action=maybe_recompile pc=0x00007f75790b3668 method=java.awt.Toolkit$SelectiveAWTEventListener.eventDispatched(Ljava/awt/AWTEvent;)V @ 733
Event: 10.790 Thread 0x00007f757c39d800 Uncommon trap: reason=class_check action=maybe_recompile pc=0x00007f75790b3668 method=java.awt.Toolkit$SelectiveAWTEventListener.eventDispatched(Ljava/awt/AWTEvent;)V @ 733
Event: 10.794 Thread 0x00007f757c39d800 Uncommon trap: reason=class_check action=maybe_recompile pc=0x00007f75790b3668 method=java.awt.Toolkit$SelectiveAWTEventListener.eventDispatched(Ljava/awt/AWTEvent;)V @ 733
Event: 11.291 Thread 0x00007f757c1e2800 Uncommon trap: reason=unreached action=reinterpret pc=0x00007f7579091160 method=java.lang.String.valueOf(Ljava/lang/Object;)Ljava/lang/String; @ 1

Internal exceptions (10 events):
Event: 47.132 Thread 0x00007f757c39d800 Threw 0x00000007d8458220 at /HUDSON/workspace/7u-2-build-linux-amd64/jdk7u45/229/hotspot/src/share/vm/prims/jni.cpp:717
Event: 47.994 Thread 0x00007f757c39d800 Threw 0x00000007d6810770 at /HUDSON/workspace/7u-2-build-linux-amd64/jdk7u45/229/hotspot/src/share/vm/prims/jni.cpp:717
Event: 50.118 Thread 0x00007f757c39d800 Threw 0x00000007d68249e0 at /HUDSON/workspace/7u-2-build-linux-amd64/jdk7u45/229/hotspot/src/share/vm/prims/jni.cpp:717
Event: 51.690 Thread 0x00007f757c39d800 Threw 0x00000007d6a1c590 at /HUDSON/workspace/7u-2-build-linux-amd64/jdk7u45/229/hotspot/src/share/vm/prims/jvm.cpp:1244
Event: 51.692 Thread 0x00007f757c39d800 Threw 0x00000007d6a1f3c0 at /HUDSON/workspace/7u-2-build-linux-amd64/jdk7u45/229/hotspot/src/share/vm/prims/jni.cpp:717
Event: 53.814 Thread 0x00007f757c39d800 Threw 0x00000007d6a33630 at /HUDSON/workspace/7u-2-build-linux-amd64/jdk7u45/229/hotspot/src/share/vm/prims/jni.cpp:717
Event: 53.836 Thread 0x00007f757c39d800 Threw 0x00000007d6a535d0 at /HUDSON/workspace/7u-2-build-linux-amd64/jdk7u45/229/hotspot/src/share/vm/prims/jvm.cpp:1244
Event: 54.370 Thread 0x00007f757c39d800 Threw 0x00000007d6af91a8 at /HUDSON/workspace/7u-2-build-linux-amd64/jdk7u45/229/hotspot/src/share/vm/prims/jni.cpp:717
Event: 56.379 Thread 0x00007f757c39d800 Threw 0x00000007d6b0d3e8 at /HUDSON/workspace/7u-2-build-linux-amd64/jdk7u45/229/hotspot/src/share/vm/prims/jni.cpp:717
Event: 58.365 Thread 0x00007f75080c8000 Threw 0x00000007d6b6c448 at /HUDSON/workspace/7u-2-build-linux-amd64/jdk7u45/229/hotspot/src/share/vm/prims/jni.cpp:717

Events (10 events):
Event: 58.365 Executing VM operation: RevokeBias
Event: 58.365 Executing VM operation: RevokeBias done
Event: 58.366 loading class 0x00007f75300e4f20
Event: 58.366 loading class 0x00007f75300e4f20 done
Event: 58.366 loading class 0x00007f7580f09cb0
Event: 58.366 loading class 0x00007f7580f09cb0 done
Event: 58.366 loading class 0x00007f752c051310
Event: 58.366 loading class 0x00007f752c051310 done
Event: 58.367 loading class 0x00007f757c1a3190
Event: 58.367 loading class 0x00007f757c1a3190 done


Dynamic libraries:
00400000-00401000 r-xp 00000000 08:05 3850640                            /home/birdie/Documents/jdk1.7.0_45/bin/java
00600000-00601000 rw-p 00000000 08:05 3850640                            /home/birdie/Documents/jdk1.7.0_45/bin/java
00af0000-00b11000 rw-p 00000000 00:00 0                                  [heap]
77e600000-77fb00000 rw-p 00000000 00:00 0 
77fb00000-783800000 rw-p 00000000 00:00 0 
783800000-788b00000 rw-p 00000000 00:00 0 
788b00000-7d6800000 rw-p 00000000 00:00 0 
7d6800000-7d9180000 rw-p 00000000 00:00 0 
7d9180000-800000000 rw-p 00000000 00:00 0 
7f74f0000000-7f74f0021000 rw-p 00000000 00:00 0 
7f74f0021000-7f74f4000000 ---p 00000000 00:00 0 
7f74f4000000-7f74f4021000 rw-p 00000000 00:00 0 
7f74f4021000-7f74f8000000 ---p 00000000 00:00 0 
7f74f8000000-7f74f8021000 rw-p 00000000 00:00 0 
7f74f8021000-7f74fc000000 ---p 00000000 00:00 0 
7f74fc000000-7f74fc021000 rw-p 00000000 00:00 0 
7f74fc021000-7f7500000000 ---p 00000000 00:00 0 
7f7500000000-7f7500021000 rw-p 00000000 00:00 0 
7f7500021000-7f7504000000 ---p 00000000 00:00 0 
7f7504000000-7f7504021000 rw-p 00000000 00:00 0 
7f7504021000-7f7508000000 ---p 00000000 00:00 0 
7f7508000000-7f7508348000 rw-p 00000000 00:00 0 
7f7508348000-7f750c000000 ---p 00000000 00:00 0 
7f750c000000-7f750c021000 rw-p 00000000 00:00 0 
7f750c021000-7f7510000000 ---p 00000000 00:00 0 
7f7510000000-7f7510021000 rw-p 00000000 00:00 0 
7f7510021000-7f7514000000 ---p 00000000 00:00 0 
7f751505c000-7f751505f000 ---p 00000000 00:00 0 
7f751505f000-7f751515d000 rw-p 00000000 00:00 0                          [stack:11043]
7f751515d000-7f7515160000 ---p 00000000 00:00 0 
7f7515160000-7f751525e000 rw-p 00000000 00:00 0                          [stack:11041]
7f751525e000-7f7515261000 ---p 00000000 00:00 0 
7f7515261000-7f751535f000 rw-p 00000000 00:00 0                          [stack:11040]
7f751535f000-7f751536c000 r-xp 00000000 08:05 3867498                    /home/birdie/Documents/jdk1.7.0_45/jre/lib/amd64/librxtxSerial.so
7f751536c000-7f751556b000 ---p 0000d000 08:05 3867498                    /home/birdie/Documents/jdk1.7.0_45/jre/lib/amd64/librxtxSerial.so
7f751556b000-7f751556c000 rw-p 0000c000 08:05 3867498                    /home/birdie/Documents/jdk1.7.0_45/jre/lib/amd64/librxtxSerial.so
7f751556c000-7f751556f000 ---p 00000000 00:00 0 
7f751556f000-7f751566d000 rw-p 00000000 00:00 0                          [stack:11028]
7f751566d000-7f7515670000 ---p 00000000 00:00 0 
7f7515670000-7f751576e000 rw-p 00000000 00:00 0                          [stack:11027]
7f751576e000-7f7515892000 rw-s 00000000 00:04 5472270                    /SYSV00000000 (deleted)
7f7515892000-7f7515895000 ---p 00000000 00:00 0 
7f7515895000-7f7515993000 rw-p 00000000 00:00 0                          [stack:10991]
7f7515997000-7f7515a17000 rw-s 00000000 00:04 5439501                    /SYSV00000000 (deleted)
7f7515a17000-7f7515a7f000 r-xp 00000000 08:05 3867323                    /home/birdie/Documents/jdk1.7.0_45/jre/lib/amd64/libt2k.so
7f7515a7f000-7f7515c7f000 ---p 00068000 08:05 3867323                    /home/birdie/Documents/jdk1.7.0_45/jre/lib/amd64/libt2k.so
7f7515c7f000-7f7515c86000 rw-p 00068000 08:05 3867323                    /home/birdie/Documents/jdk1.7.0_45/jre/lib/amd64/libt2k.so
7f7515c86000-7f7515c96000 rw-p 00000000 00:00 0 
7f7515c96000-7f7515c99000 ---p 00000000 00:00 0 
7f7515c99000-7f7515d97000 rw-p 00000000 00:00 0                          [stack:10990]
7f7515d97000-7f7515d9a000 ---p 00000000 00:00 0 
7f7515d9a000-7f7515e98000 rw-p 00000000 00:00 0                          [stack:10989]
7f7515e98000-7f7515e9b000 ---p 00000000 00:00 0 
7f7515e9b000-7f7515f99000 rw-p 00000000 00:00 0                          [stack:10988]
7f7515f99000-7f7516049000 r--p 00000000 08:05 1788323                    /usr/share/fonts/truetype/ttf-dejavu/DejaVuSans.ttf
7f7516049000-7f751604c000 r-xp 00000000 08:05 1737002                    /usr/lib/x86_64-linux-gnu/pango/1.8.0/modules/pango-basic-fc.so
7f751604c000-7f751624b000 ---p 00003000 08:05 1737002                    /usr/lib/x86_64-linux-gnu/pango/1.8.0/modules/pango-basic-fc.so
7f751624b000-7f751624c000 r--p 00002000 08:05 1737002                    /usr/lib/x86_64-linux-gnu/pango/1.8.0/modules/pango-basic-fc.so
7f751624c000-7f751624d000 rw-p 00003000 08:05 1737002                    /usr/lib/x86_64-linux-gnu/pango/1.8.0/modules/pango-basic-fc.so
7f751624d000-7f7516256000 r-xp 00000000 08:05 1720466                    /usr/lib/x86_64-linux-gnu/gtk-2.0/2.10.0/engines/libpixmap.so
7f7516256000-7f7516456000 ---p 00009000 08:05 1720466                    /usr/lib/x86_64-linux-gnu/gtk-2.0/2.10.0/engines/libpixmap.so
7f7516456000-7f7516457000 r--p 00009000 08:05 1720466                    /usr/lib/x86_64-linux-gnu/gtk-2.0/2.10.0/engines/libpixmap.so
7f7516457000-7f7516458000 rw-p 0000a000 08:05 1720466                    /usr/lib/x86_64-linux-gnu/gtk-2.0/2.10.0/engines/libpixmap.so
7f7516458000-7f7516487000 r-xp 00000000 08:05 1720465                    /usr/lib/x86_64-linux-gnu/gtk-2.0/2.10.0/engines/libmurrine.so
7f7516487000-7f7516687000 ---p 0002f000 08:05 1720465                    /usr/lib/x86_64-linux-gnu/gtk-2.0/2.10.0/engines/libmurrine.so
7f7516687000-7f7516688000 r--p 0002f000 08:05 1720465                    /usr/lib/x86_64-linux-gnu/gtk-2.0/2.10.0/engines/libmurrine.so
7f7516688000-7f7516689000 rw-p 00030000 08:05 1720465                    /usr/lib/x86_64-linux-gnu/gtk-2.0/2.10.0/engines/libmurrine.so
7f7516689000-7f751668a000 r-xp 00000000 08:05 1542119                    /usr/lib/x86_64-linux-gnu/libgthread-2.0.so.0.3600.0
7f751668a000-7f7516889000 ---p 00001000 08:05 1542119                    /usr/lib/x86_64-linux-gnu/libgthread-2.0.so.0.3600.0
7f7516889000-7f751688a000 r--p 00000000 08:05 1542119                    /usr/lib/x86_64-linux-gnu/libgthread-2.0.so.0.3600.0
7f751688a000-7f751688b000 rw-p 00001000 08:05 1542119                    /usr/lib/x86_64-linux-gnu/libgthread-2.0.so.0.3600.0
7f751688b000-7f75179fa000 r-xp 00000000 08:05 1542153                    /usr/lib/x86_64-linux-gnu/libicudata.so.48.1.1
7f75179fa000-7f7517bf9000 ---p 0116f000 08:05 1542153                    /usr/lib/x86_64-linux-gnu/libicudata.so.48.1.1
7f7517bf9000-7f7517bfa000 r--p 0116e000 08:05 1542153                    /usr/lib/x86_64-linux-gnu/libicudata.so.48.1.1
7f7517bfa000-7f7517bfb000 rw-p 0116f000 08:05 1542153                    /usr/lib/x86_64-linux-gnu/libicudata.so.48.1.1
7f7517bfb000-7f7517ce0000 r-xp 00000000 08:05 1542479                    /usr/lib/x86_64-linux-gnu/libstdc++.so.6.0.17
7f7517ce0000-7f7517edf000 ---p 000e5000 08:05 1542479                    /usr/lib/x86_64-linux-gnu/libstdc++.so.6.0.17
7f7517edf000-7f7517ee7000 r--p 000e4000 08:05 1542479                    /usr/lib/x86_64-linux-gnu/libstdc++.so.6.0.17
7f7517ee7000-7f7517ee9000 rw-p 000ec000 08:05 1542479                    /usr/lib/x86_64-linux-gnu/libstdc++.so.6.0.17
7f7517ee9000-7f7517efe000 rw-p 00000000 00:00 0 
7f7517efe000-7f7518054000 r-xp 00000000 08:05 1542167                    /usr/lib/x86_64-linux-gnu/libicuuc.so.48.1.1
7f7518054000-7f7518253000 ---p 00156000 08:05 1542167                    /usr/lib/x86_64-linux-gnu/libicuuc.so.48.1.1
7f7518253000-7f7518264000 r--p 00155000 08:05 1542167                    /usr/lib/x86_64-linux-gnu/libicuuc.so.48.1.1
7f7518264000-7f7518265000 rw-p 00166000 08:05 1542167                    /usr/lib/x86_64-linux-gnu/libicuuc.so.48.1.1
7f7518265000-7f7518269000 rw-p 00000000 00:00 0 
7f7518269000-7f751829b000 r-xp 00000000 08:05 1542159                    /usr/lib/x86_64-linux-gnu/libicule.so.48.1.1
7f751829b000-7f751849b000 ---p 00032000 08:05 1542159                    /usr/lib/x86_64-linux-gnu/libicule.so.48.1.1
7f751849b000-7f751849d000 r--p 00032000 08:05 1542159                    /usr/lib/x86_64-linux-gnu/libicule.so.48.1.1
7f751849d000-7f751849e000 rw-p 00034000 08:05 1542159                    /usr/lib/x86_64-linux-gnu/libicule.so.48.1.1
7f751849e000-7f75184db000 r-xp 00000000 08:05 1934307                    /lib/x86_64-linux-gnu/libpcre.so.3.13.1
7f75184db000-7f75186db000 ---p 0003d000 08:05 1934307                    /lib/x86_64-linux-gnu/libpcre.so.3.13.1
7f75186db000-7f75186dc000 r--p 0003d000 08:05 1934307                    /lib/x86_64-linux-gnu/libpcre.so.3.13.1
7f75186dc000-7f75186dd000 rw-p 0003e000 08:05 1934307                    /lib/x86_64-linux-gnu/libpcre.so.3.13.1
7f75186dd000-7f75186e4000 r-xp 00000000 08:05 1541860                    /usr/lib/x86_64-linux-gnu/libffi.so.6.0.1
7f75186e4000-7f75188e3000 ---p 00007000 08:05 1541860                    /usr/lib/x86_64-linux-gnu/libffi.so.6.0.1
7f75188e3000-7f75188e4000 r--p 00006000 08:05 1541860                    /usr/lib/x86_64-linux-gnu/libffi.so.6.0.1
7f75188e4000-7f75188e5000 rw-p 00007000 08:05 1541860                    /usr/lib/x86_64-linux-gnu/libffi.so.6.0.1
7f75188e5000-7f751890b000 r-xp 00000000 08:05 1934232                    /lib/x86_64-linux-gnu/libexpat.so.1.6.0
7f751890b000-7f7518b0b000 ---p 00026000 08:05 1934232                    /lib/x86_64-linux-gnu/libexpat.so.1.6.0
7f7518b0b000-7f7518b0d000 r--p 00026000 08:05 1934232                    /lib/x86_64-linux-gnu/libexpat.so.1.6.0
7f7518b0d000-7f7518b0e000 rw-p 00028000 08:05 1934232                    /lib/x86_64-linux-gnu/libexpat.so.1.6.0
7f7518b0e000-7f7518ba3000 r-xp 00000000 08:05 1542139                    /usr/lib/x86_64-linux-gnu/libharfbuzz.so.0.913.0
7f7518ba3000-7f7518da2000 ---p 00095000 08:05 1542139                    /usr/lib/x86_64-linux-gnu/libharfbuzz.so.0.913.0
7f7518da2000-7f7518da4000 r--p 00094000 08:05 1542139                    /usr/lib/x86_64-linux-gnu/libharfbuzz.so.0.913.0
7f7518da4000-7f7518da5000 rw-p 00096000 08:05 1542139                    /usr/lib/x86_64-linux-gnu/libharfbuzz.so.0.913.0
7f7518da5000-7f7518dbb000 r-xp 00000000 08:05 1934330                    /lib/x86_64-linux-gnu/libresolv-2.17.so
7f7518dbb000-7f7518fbb000 ---p 00016000 08:05 1934330                    /lib/x86_64-linux-gnu/libresolv-2.17.so
7f7518fbb000-7f7518fbc000 r--p 00016000 08:05 1934330                    /lib/x86_64-linux-gnu/libresolv-2.17.so
7f7518fbc000-7f7518fbd000 rw-p 00017000 08:05 1934330                    /lib/x86_64-linux-gnu/libresolv-2.17.so
7f7518fbd000-7f7518fbf000 rw-p 00000000 00:00 0 
7f7518fbf000-7f7518fdc000 r-xp 00000000 08:05 1934334                    /lib/x86_64-linux-gnu/libselinux.so.1
7f7518fdc000-7f75191db000 ---p 0001d000 08:05 1934334                    /lib/x86_64-linux-gnu/libselinux.so.1
7f75191db000-7f75191dc000 r--p 0001c000 08:05 1934334                    /lib/x86_64-linux-gnu/libselinux.so.1
7f75191dc000-7f75191dd000 rw-p 0001d000 08:05 1934334                    /lib/x86_64-linux-gnu/libselinux.so.1
7f75191dd000-7f75191de000 rw-p 00000000 00:00 0 
7f75191de000-7f75191f4000 r-xp 00000000 08:05 1934365                    /lib/x86_64-linux-gnu/libz.so.1.2.7
7f75191f4000-7f75193f3000 ---p 00016000 08:05 1934365                    /lib/x86_64-linux-gnu/libz.so.1.2.7
7f75193f3000-7f75193f4000 r--p 00015000 08:05 1934365                    /lib/x86_64-linux-gnu/libz.so.1.2.7
7f75193f4000-7f75193f5000 rw-p 00016000 08:05 1934365                    /lib/x86_64-linux-gnu/libz.so.1.2.7
7f75193f5000-7f75193fd000 r-xp 00000000 08:05 1542601                    /usr/lib/x86_64-linux-gnu/libxcb-render.so.0.0.0
7f75193fd000-7f75195fd000 ---p 00008000 08:05 1542601                    /usr/lib/x86_64-linux-gnu/libxcb-render.so.0.0.0
7f75195fd000-7f75195fe000 r--p 00008000 08:05 1542601                    /usr/lib/x86_64-linux-gnu/libxcb-render.so.0.0.0
7f75195fe000-7f75195ff000 rw-p 00009000 08:05 1542601                    /usr/lib/x86_64-linux-gnu/libxcb-render.so.0.0.0
7f75195ff000-7f7519601000 r-xp 00000000 08:05 1542605                    /usr/lib/x86_64-linux-gnu/libxcb-shm.so.0.0.0
7f7519601000-7f7519800000 ---p 00002000 08:05 1542605                    /usr/lib/x86_64-linux-gnu/libxcb-shm.so.0.0.0
7f7519800000-7f7519801000 r--p 00001000 08:05 1542605                    /usr/lib/x86_64-linux-gnu/libxcb-shm.so.0.0.0
7f7519801000-7f7519802000 rw-p 00002000 08:05 1542605                    /usr/lib/x86_64-linux-gnu/libxcb-shm.so.0.0.0
7f7519802000-7f7519827000 r-xp 00000000 08:05 1934319                    /lib/x86_64-linux-gnu/libpng12.so.0.49.0
7f7519827000-7f7519a26000 ---p 00025000 08:05 1934319                    /lib/x86_64-linux-gnu/libpng12.so.0.49.0
7f7519a26000-7f7519a27000 r--p 00024000 08:05 1934319                    /lib/x86_64-linux-gnu/libpng12.so.0.49.0
7f7519a27000-7f7519a28000 rw-p 00025000 08:05 1934319                    /lib/x86_64-linux-gnu/libpng12.so.0.49.0
7f7519a28000-7f7519ab8000 r-xp 00000000 08:05 1542349                    /usr/lib/x86_64-linux-gnu/libpixman-1.so.0.28.2
7f7519ab8000-7f7519cb7000 ---p 00090000 08:05 1542349                    /usr/lib/x86_64-linux-gnu/libpixman-1.so.0.28.2
7f7519cb7000-7f7519cbe000 r--p 0008f000 08:05 1542349                    /usr/lib/x86_64-linux-gnu/libpixman-1.so.0.28.2
7f7519cbe000-7f7519cbf000 rw-p 00096000 08:05 1542349                    /usr/lib/x86_64-linux-gnu/libpixman-1.so.0.28.2
7f7519cbf000-7f7519d56000 r-xp 00000000 08:05 1541920                    /usr/lib/x86_64-linux-gnu/libfreetype.so.6.10.0
7f7519d56000-7f7519f55000 ---p 00097000 08:05 1541920                    /usr/lib/x86_64-linux-gnu/libfreetype.so.6.10.0
7f7519f55000-7f7519f5b000 r--p 00096000 08:05 1541920                    /usr/lib/x86_64-linux-gnu/libfreetype.so.6.10.0
7f7519f5b000-7f7519f5c000 rw-p 0009c000 08:05 1541920                    /usr/lib/x86_64-linux-gnu/libfreetype.so.6.10.0
7f7519f5c000-7f7519f5e000 r-xp 00000000 08:05 1541582                    /usr/lib/x86_64-linux-gnu/libXdamage.so.1.1.0
7f7519f5e000-7f751a15d000 ---p 00002000 08:05 1541582                    /usr/lib/x86_64-linux-gnu/libXdamage.so.1.1.0
7f751a15d000-7f751a15e000 r--p 00001000 08:05 1541582                    /usr/lib/x86_64-linux-gnu/libXdamage.so.1.1.0
7f751a15e000-7f751a15f000 rw-p 00002000 08:05 1541582                    /usr/lib/x86_64-linux-gnu/libXdamage.so.1.1.0
7f751a15f000-7f751a161000 r-xp 00000000 08:05 1541578                    /usr/lib/x86_64-linux-gnu/libXcomposite.so.1.0.0
7f751a161000-7f751a360000 ---p 00002000 08:05 1541578                    /usr/lib/x86_64-linux-gnu/libXcomposite.so.1.0.0
7f751a360000-7f751a361000 r--p 00001000 08:05 1541578                    /usr/lib/x86_64-linux-gnu/libXcomposite.so.1.0.0
7f751a361000-7f751a362000 rw-p 00002000 08:05 1541578                    /usr/lib/x86_64-linux-gnu/libXcomposite.so.1.0.0
7f751a362000-7f751a36b000 r-xp 00000000 08:05 1541604                    /usr/lib/x86_64-linux-gnu/libXrandr.so.2.2.0
7f751a36b000-7f751a56a000 ---p 00009000 08:05 1541604                    /usr/lib/x86_64-linux-gnu/libXrandr.so.2.2.0
7f751a56a000-7f751a56b000 r--p 00008000 08:05 1541604                    /usr/lib/x86_64-linux-gnu/libXrandr.so.2.2.0
7f751a56b000-7f751a56c000 rw-p 00009000 08:05 1541604                    /usr/lib/x86_64-linux-gnu/libXrandr.so.2.2.0
7f751a56c000-7f751a56e000 r-xp 00000000 08:05 1541594                    /usr/lib/x86_64-linux-gnu/libXinerama.so.1.0.0
7f751a56e000-7f751a76d000 ---p 00002000 08:05 1541594                    /usr/lib/x86_64-linux-gnu/libXinerama.so.1.0.0
7f751a76d000-7f751a76e000 r--p 00001000 08:05 1541594                    /usr/lib/x86_64-linux-gnu/libXinerama.so.1.0.0
7f751a76e000-7f751a76f000 rw-p 00002000 08:05 1541594                    /usr/lib/x86_64-linux-gnu/libXinerama.so.1.0.0
7f751a76f000-7f751a868000 r-xp 00000000 08:05 1934241                    /lib/x86_64-linux-gnu/libglib-2.0.so.0.3600.0
7f751a868000-7f751aa68000 ---p 000f9000 08:05 1934241                    /lib/x86_64-linux-gnu/libglib-2.0.so.0.3600.0
7f751aa68000-7f751aa69000 r--p 000f9000 08:05 1934241                    /lib/x86_64-linux-gnu/libglib-2.0.so.0.3600.0
7f751aa69000-7f751aa6a000 rw-p 000fa000 08:05 1934241                    /lib/x86_64-linux-gnu/libglib-2.0.so.0.3600.0
7f751aa6a000-7f751aa6b000 rw-p 00000000 00:00 0 
7f751aa6b000-7f751aab8000 r-xp 00000000 08:05 1542010                    /usr/lib/x86_64-linux-gnu/libgobject-2.0.so.0.3600.0
7f751aab8000-7f751acb8000 ---p 0004d000 08:05 1542010                    /usr/lib/x86_64-linux-gnu/libgobject-2.0.so.0.3600.0
7f751acb8000-7f751acb9000 r--p 0004d000 08:05 1542010                    /usr/lib/x86_64-linux-gnu/libgobject-2.0.so.0.3600.0
7f751acb9000-7f751acba000 rw-p 0004e000 08:05 1542010                    /usr/lib/x86_64-linux-gnu/libgobject-2.0.so.0.3600.0
7f751acba000-7f751acf1000 r-xp 00000000 08:05 1541892                    /usr/lib/x86_64-linux-gnu/libfontconfig.so.1.6.2
7f751acf1000-7f751aef1000 ---p 00037000 08:05 1541892                    /usr/lib/x86_64-linux-gnu/libfontconfig.so.1.6.2
7f751aef1000-7f751aef2000 r--p 00037000 08:05 1541892                    /usr/lib/x86_64-linux-gnu/libfontconfig.so.1.6.2
7f751aef2000-7f751aef3000 rw-p 00038000 08:05 1541892                    /usr/lib/x86_64-linux-gnu/libfontconfig.so.1.6.2
7f751aef3000-7f751aef4000 rw-p 00000000 00:00 0 
7f751aef4000-7f751af3c000 r-xp 00000000 08:05 1542327                    /usr/lib/x86_64-linux-gnu/libpango-1.0.so.0.3200.5
7f751af3c000-7f751b13c000 ---p 00048000 08:05 1542327                    /usr/lib/x86_64-linux-gnu/libpango-1.0.so.0.3200.5
7f751b13c000-7f751b13e000 r--p 00048000 08:05 1542327                    /usr/lib/x86_64-linux-gnu/libpango-1.0.so.0.3200.5
7f751b13e000-7f751b13f000 rw-p 0004a000 08:05 1542327                    /usr/lib/x86_64-linux-gnu/libpango-1.0.so.0.3200.5
7f751b13f000-7f751b152000 r-xp 00000000 08:05 1542331                    /usr/lib/x86_64-linux-gnu/libpangoft2-1.0.so.0.3200.5
7f751b152000-7f751b351000 ---p 00013000 08:05 1542331                    /usr/lib/x86_64-linux-gnu/libpangoft2-1.0.so.0.3200.5
7f751b351000-7f751b352000 r--p 00012000 08:05 1542331                    /usr/lib/x86_64-linux-gnu/libpangoft2-1.0.so.0.3200.5
7f751b352000-7f751b353000 rw-p 00013000 08:05 1542331                    /usr/lib/x86_64-linux-gnu/libpangoft2-1.0.so.0.3200.5
7f751b353000-7f751b4a6000 r-xp 00000000 08:05 1541974                    /usr/lib/x86_64-linux-gnu/libgio-2.0.so.0.3600.0
7f751b4a6000-7f751b6a5000 ---p 00153000 08:05 1541974                    /usr/lib/x86_64-linux-gnu/libgio-2.0.so.0.3600.0
7f751b6a5000-7f751b6a9000 r--p 00152000 08:05 1541974                    /usr/lib/x86_64-linux-gnu/libgio-2.0.so.0.3600.0
7f751b6a9000-7f751b6ab000 rw-p 00156000 08:05 1541974                    /usr/lib/x86_64-linux-gnu/libgio-2.0.so.0.3600.0
7f751b6ab000-7f751b6ad000 rw-p 00000000 00:00 0 
7f751b6ad000-7f751b6cb000 r-xp 00000000 08:05 1541953                    /usr/lib/x86_64-linux-gnu/libgdk_pixbuf-2.0.so.0.2800.0
7f751b6cb000-7f751b8cb000 ---p 0001e000 08:05 1541953                    /usr/lib/x86_64-linux-gnu/libgdk_pixbuf-2.0.so.0.2800.0
7f751b8cb000-7f751b8cc000 r--p 0001e000 08:05 1541953                    /usr/lib/x86_64-linux-gnu/libgdk_pixbuf-2.0.so.0.2800.0
7f751b8cc000-7f751b8cd000 rw-p 0001f000 08:05 1541953                    /usr/lib/x86_64-linux-gnu/libgdk_pixbuf-2.0.so.0.2800.0
7f751b8cd000-7f751b9cb000 r-xp 00000000 08:05 1541705                    /usr/lib/x86_64-linux-gnu/libcairo.so.2.11200.14
7f751b9cb000-7f751bbcb000 ---p 000fe000 08:05 1541705                    /usr/lib/x86_64-linux-gnu/libcairo.so.2.11200.14
7f751bbcb000-7f751bbce000 r--p 000fe000 08:05 1541705                    /usr/lib/x86_64-linux-gnu/libcairo.so.2.11200.14
7f751bbce000-7f751bbcf000 rw-p 00101000 08:05 1541705                    /usr/lib/x86_64-linux-gnu/libcairo.so.2.11200.14
7f751bbcf000-7f751bbd1000 rw-p 00000000 00:00 0 
7f751bbd1000-7f751bbf1000 r-xp 00000000 08:05 1541655                    /usr/lib/x86_64-linux-gnu/libatk-1.0.so.0.20809.1
7f751bbf1000-7f751bdf0000 ---p 00020000 08:05 1541655                    /usr/lib/x86_64-linux-gnu/libatk-1.0.so.0.20809.1
7f751bdf0000-7f751bdf2000 r--p 0001f000 08:05 1541655                    /usr/lib/x86_64-linux-gnu/libatk-1.0.so.0.20809.1
7f751bdf2000-7f751bdf3000 rw-p 00021000 08:05 1541655                    /usr/lib/x86_64-linux-gnu/libatk-1.0.so.0.20809.1
7f751bdf3000-7f751bdfe000 r-xp 00000000 08:05 1542329                    /usr/lib/x86_64-linux-gnu/libpangocairo-1.0.so.0.3200.5
7f751bdfe000-7f751bffe000 ---p 0000b000 08:05 1542329                    /usr/lib/x86_64-linux-gnu/libpangocairo-1.0.so.0.3200.5
7f751bffe000-7f751bfff000 r--p 0000b000 08:05 1542329                    /usr/lib/x86_64-linux-gnu/libpangocairo-1.0.so.0.3200.5
7f751bfff000-7f751c000000 rw-p 0000c000 08:05 1542329                    /usr/lib/x86_64-linux-gnu/libpangocairo-1.0.so.0.3200.5
7f751c000000-7f751c021000 rw-p 00000000 00:00 0 
7f751c021000-7f7520000000 ---p 00000000 00:00 0 
7f7520000000-7f7520021000 rw-p 00000000 00:00 0 
7f7520021000-7f7524000000 ---p 00000000 00:00 0 
7f7524000000-7f7524021000 rw-p 00000000 00:00 0 
7f7524021000-7f7528000000 ---p 00000000 00:00 0 
7f7528000000-7f7528021000 rw-p 00000000 00:00 0 
7f7528021000-7f752c000000 ---p 00000000 00:00 0 
7f752c000000-7f752c586000 rw-p 00000000 00:00 0 
7f752c586000-7f7530000000 ---p 00000000 00:00 0 
7f7530000000-7f75303bc000 rw-p 00000000 00:00 0 
7f75303bc000-7f7534000000 ---p 00000000 00:00 0 
7f7534000000-7f7534031000 rw-p 00000000 00:00 0 
7f7534031000-7f7538000000 ---p 00000000 00:00 0 
7f7538000000-7f7538021000 rw-p 00000000 00:00 0 
7f7538021000-7f753c000000 ---p 00000000 00:00 0 
7f753c000000-7f753c021000 rw-p 00000000 00:00 0 
7f753c021000-7f7540000000 ---p 00000000 00:00 0 
7f7540000000-7f754003c000 rw-p 00000000 00:00 0 
7f754003c000-7f7544000000 ---p 00000000 00:00 0 
7f7544000000-7f7544021000 rw-p 00000000 00:00 0 
7f7544021000-7f7548000000 ---p 00000000 00:00 0 
7f7548000000-7f7548021000 rw-p 00000000 00:00 0 
7f7548021000-7f754c000000 ---p 00000000 00:00 0 
7f754c000000-7f754c021000 rw-p 00000000 00:00 0 
7f754c021000-7f7550000000 ---p 00000000 00:00 0 
7f7550013000-7f7550073000 rw-s 00000000 00:04 5406729                    /SYSV00000000 (deleted)
7f7550073000-7f7550076000 r-xp 00000000 08:05 1541986                    /usr/lib/x86_64-linux-gnu/libgmodule-2.0.so.0.3600.0
7f7550076000-7f7550275000 ---p 00003000 08:05 1541986                    /usr/lib/x86_64-linux-gnu/libgmodule-2.0.so.0.3600.0
7f7550275000-7f7550276000 r--p 00002000 08:05 1541986                    /usr/lib/x86_64-linux-gnu/libgmodule-2.0.so.0.3600.0
7f7550276000-7f7550277000 rw-p 00003000 08:05 1541986                    /usr/lib/x86_64-linux-gnu/libgmodule-2.0.so.0.3600.0
7f7550277000-7f7550324000 r-xp 00000000 08:05 1541951                    /usr/lib/x86_64-linux-gnu/libgdk-x11-2.0.so.0.2400.17
7f7550324000-7f7550523000 ---p 000ad000 08:05 1541951                    /usr/lib/x86_64-linux-gnu/libgdk-x11-2.0.so.0.2400.17
7f7550523000-7f7550527000 r--p 000ac000 08:05 1541951                    /usr/lib/x86_64-linux-gnu/libgdk-x11-2.0.so.0.2400.17
7f7550527000-7f7550529000 rw-p 000b0000 08:05 1541951                    /usr/lib/x86_64-linux-gnu/libgdk-x11-2.0.so.0.2400.17
7f7550529000-7f755052a000 r--s 00000000 08:05 3211362                    /var/cache/fontconfig/c05880de57d1f5e948fdfacc138775d9-le64.cache-3
7f755052a000-7f7550533000 r--s 00000000 08:05 3211354                    /var/cache/fontconfig/945677eb7aeaf62f1d50efc3fb3ec7d8-le64.cache-3
7f7550533000-7f7550535000 r--s 00000000 08:05 3211356                    /var/cache/fontconfig/99e8ed0e538f840c565b6ed5dad60d56-le64.cache-3
7f7550535000-7f755053a000 r--s 00000000 08:05 3211337                    /var/cache/fontconfig/2cd17615ca594fa2959ae173292e504c-le64.cache-3
7f755053a000-7f755053b000 r--s 00000000 08:05 3211370                    /var/cache/fontconfig/e7071f4a29fa870f4323321c154eba04-le64.cache-3
7f755053b000-7f7550540000 r--s 00000000 08:05 3211349                    /var/cache/fontconfig/6eb3985aa4124903f6ff08ba781cd364-le64.cache-3
7f7550540000-7f7550541000 r--s 00000000 08:05 3211334                    /var/cache/fontconfig/0d8c3b2ac0904cb8a57a757ad11a4a08-le64.cache-3
7f7550541000-7f755054a000 r--s 00000000 08:05 3211348                    /var/cache/fontconfig/6d41288fd70b0be22e8c3a91e032eec0-le64.cache-3
7f755054a000-7f755055a000 r--s 00000000 08:05 3211332                    /var/cache/fontconfig/04aabc0a78ac019cf9454389977116d2-le64.cache-3
7f755055a000-7f755056b000 r--s 00000000 08:05 3211366                    /var/cache/fontconfig/d52a8644073d54c13679302ca1180695-le64.cache-3
7f75505b6000-7f75505ca000 r--s 00000000 08:05 1819476                    /usr/share/fonts/type1/gsfonts/n019003l.pfb
7f75505ca000-7f75505cb000 r--s 00000000 08:05 3211362                    /var/cache/fontconfig/c05880de57d1f5e948fdfacc138775d9-le64.cache-3
7f75505cb000-7f75505d4000 r--s 00000000 08:05 3211354                    /var/cache/fontconfig/945677eb7aeaf62f1d50efc3fb3ec7d8-le64.cache-3
7f75505d4000-7f75505d6000 r--s 00000000 08:05 3211356                    /var/cache/fontconfig/99e8ed0e538f840c565b6ed5dad60d56-le64.cache-3
7f75505d6000-7f75505db000 r--s 00000000 08:05 3211337                    /var/cache/fontconfig/2cd17615ca594fa2959ae173292e504c-le64.cache-3
7f75505db000-7f75505dc000 r--s 00000000 08:05 3211370                    /var/cache/fontconfig/e7071f4a29fa870f4323321c154eba04-le64.cache-3
7f75505dc000-7f75505e1000 r--s 00000000 08:05 3211349                    /var/cache/fontconfig/6eb3985aa4124903f6ff08ba781cd364-le64.cache-3
7f75505e1000-7f75505e2000 r--s 00000000 08:05 3211334                    /var/cache/fontconfig/0d8c3b2ac0904cb8a57a757ad11a4a08-le64.cache-3
7f75505e2000-7f75505e8000 r--s 00000000 08:05 3211358                    /var/cache/fontconfig/a755afe4a08bf5b97852ceb7400b47bc-le64.cache-3
7f75505e8000-7f75505f1000 r--s 00000000 08:05 3211348                    /var/cache/fontconfig/6d41288fd70b0be22e8c3a91e032eec0-le64.cache-3
7f75505f1000-7f7550601000 r--s 00000000 08:05 3211332                    /var/cache/fontconfig/04aabc0a78ac019cf9454389977116d2-le64.cache-3
7f7550601000-7f7550602000 r--s 00000000 08:05 3211336                    /var/cache/fontconfig/1ac9eb803944fde146138c791f5cc56a-le64.cache-3
7f7550602000-7f7550605000 r--s 00000000 08:05 3211341                    /var/cache/fontconfig/385c0604a188198f04d133e54aba7fe7-le64.cache-3
7f7550605000-7f7550606000 r--s 00000000 08:05 3211368                    /var/cache/fontconfig/dc05db6664285cc2f12bf69c139ae4c3-le64.cache-3
7f7550606000-7f7550608000 r--s 00000000 08:05 3211351                    /var/cache/fontconfig/767a8244fc0220cfb567a839d0392e0b-le64.cache-3
7f7550608000-7f755060b000 r--s 00000000 08:05 3211353                    /var/cache/fontconfig/8801497958630a81b71ace7c5f9b32a8-le64.cache-3
7f755060b000-7f7550610000 r--s 00000000 08:05 3211338                    /var/cache/fontconfig/3047814df9a2f067bd2d96a2b9c36e5a-le64.cache-3
7f7550610000-7f7550621000 r--s 00000000 08:05 3211366                    /var/cache/fontconfig/d52a8644073d54c13679302ca1180695-le64.cache-3
7f7550621000-7f7550a4e000 r-xp 00000000 08:05 1542123                    /usr/lib/x86_64-linux-gnu/libgtk-x11-2.0.so.0.2400.17
7f7550a4e000-7f7550c4d000 ---p 0042d000 08:05 1542123                    /usr/lib/x86_64-linux-gnu/libgtk-x11-2.0.so.0.2400.17
7f7550c4d000-7f7550c54000 r--p 0042c000 08:05 1542123                    /usr/lib/x86_64-linux-gnu/libgtk-x11-2.0.so.0.2400.17
7f7550c54000-7f7550c58000 rw-p 00433000 08:05 1542123                    /usr/lib/x86_64-linux-gnu/libgtk-x11-2.0.so.0.2400.17
7f7550c58000-7f7550c5a000 rw-p 00000000 00:00 0 
7f7550c5a000-7f7550c5b000 r--s 00000000 08:05 3211343                    /var/cache/fontconfig/4794a0821666d79190d59a36cb4f44b5-le64.cache-3
7f7550c5b000-7f7550c5c000 r--s 00000000 08:05 3211345                    /var/cache/fontconfig/56cf4f4769d0f4abc89a4895d7bd3ae1-le64.cache-3
7f7550c5c000-7f7550c5d000 r--s 00000000 08:05 3211361                    /var/cache/fontconfig/b9d506c9ac06c20b433354fa67a72993-le64.cache-3
7f7550c5d000-7f7550c62000 r--s 00000000 08:05 3211360                    /var/cache/fontconfig/b47c4e1ecd0709278f4910c18777a504-le64.cache-3
7f7550c62000-7f7550c69000 r--s 00000000 08:05 3211342                    /var/cache/fontconfig/3f7329c5293ffd510edef78f73874cfd-le64.cache-3
7f7550c69000-7f7550c6a000 r--s 00000000 08:05 3211333                    /var/cache/fontconfig/0c9eb80ebd1c36541ebe2852d3bb0c49-le64.cache-3
7f7550c6a000-7f7550c6d000 r--s 00000000 08:05 3211369                    /var/cache/fontconfig/e13b20fdb08344e0e664864cc2ede53d-le64.cache-3
7f7550c6d000-7f7550c71000 r--s 00000000 08:05 3211352                    /var/cache/fontconfig/7ef2298fde41cc6eeb7af42e48b7d293-le64.cache-3
7f7550c71000-7f7550c81000 r-xp 00000000 08:05 3867355                    /home/birdie/Documents/jdk1.7.0_45/jre/lib/amd64/libnio.so
7f7550c81000-7f7550e81000 ---p 00010000 08:05 3867355                    /home/birdie/Documents/jdk1.7.0_45/jre/lib/amd64/libnio.so
7f7550e81000-7f7550e82000 rw-p 00010000 08:05 3867355                    /home/birdie/Documents/jdk1.7.0_45/jre/lib/amd64/libnio.so
7f7550e82000-7f7550eb3000 rw-p 00000000 00:00 0 
7f7550eb3000-7f7550ec9000 r-xp 00000000 08:05 3867308                    /home/birdie/Documents/jdk1.7.0_45/jre/lib/amd64/libnet.so
7f7550ec9000-7f75510c9000 ---p 00016000 08:05 3867308                    /home/birdie/Documents/jdk1.7.0_45/jre/lib/amd64/libnet.so
7f75510c9000-7f75510ca000 rw-p 00016000 08:05 3867308                    /home/birdie/Documents/jdk1.7.0_45/jre/lib/amd64/libnet.so
7f75510ca000-7f75510de000 r-xp 00000000 08:05 1934237                    /lib/x86_64-linux-gnu/libgcc_s.so.1
7f75510de000-7f75512de000 ---p 00014000 08:05 1934237                    /lib/x86_64-linux-gnu/libgcc_s.so.1
7f75512de000-7f75512df000 r--p 00014000 08:05 1934237                    /lib/x86_64-linux-gnu/libgcc_s.so.1
7f75512df000-7f75512e0000 rw-p 00015000 08:05 1934237                    /lib/x86_64-linux-gnu/libgcc_s.so.1
7f75512e0000-7f7551340000 r-xp 00000000 08:05 3867351                    /home/birdie/Documents/jdk1.7.0_45/jre/lib/amd64/libfontmanager.so
7f7551340000-7f755153f000 ---p 00060000 08:05 3867351                    /home/birdie/Documents/jdk1.7.0_45/jre/lib/amd64/libfontmanager.so
7f755153f000-7f7551543000 rw-p 0005f000 08:05 3867351                    /home/birdie/Documents/jdk1.7.0_45/jre/lib/amd64/libfontmanager.so
7f7551543000-7f7551554000 rw-p 00000000 00:00 0 
7f7551554000-7f7551557000 ---p 00000000 00:00 0 
7f7551557000-7f7551655000 rw-p 00000000 00:00 0                          [stack:10987]
7f7551655000-7f755165a000 r-xp 00000000 08:05 1541588                    /usr/lib/x86_64-linux-gnu/libXfixes.so.3.1.0
7f755165a000-7f7551859000 ---p 00005000 08:05 1541588                    /usr/lib/x86_64-linux-gnu/libXfixes.so.3.1.0
7f7551859000-7f755185a000 r--p 00004000 08:05 1541588                    /usr/lib/x86_64-linux-gnu/libXfixes.so.3.1.0
7f755185a000-7f755185b000 rw-p 00005000 08:05 1541588                    /usr/lib/x86_64-linux-gnu/libXfixes.so.3.1.0
7f755185b000-7f7551864000 r-xp 00000000 08:05 1541580                    /usr/lib/x86_64-linux-gnu/libXcursor.so.1.0.2
7f7551864000-7f7551a64000 ---p 00009000 08:05 1541580                    /usr/lib/x86_64-linux-gnu/libXcursor.so.1.0.2
7f7551a64000-7f7551a65000 r--p 00009000 08:05 1541580                    /usr/lib/x86_64-linux-gnu/libXcursor.so.1.0.2
7f7551a65000-7f7551a66000 rw-p 0000a000 08:05 1541580                    /usr/lib/x86_64-linux-gnu/libXcursor.so.1.0.2
7f7551a66000-7f7551a69000 ---p 00000000 00:00 0 
7f7551a69000-7f7551b67000 rw-p 00000000 00:00 0                          [stack:10986]
7f7551b67000-7f7551b6c000 r-xp 00000000 08:05 1541584                    /usr/lib/x86_64-linux-gnu/libXdmcp.so.6.0.0
7f7551b6c000-7f7551d6b000 ---p 00005000 08:05 1541584                    /usr/lib/x86_64-linux-gnu/libXdmcp.so.6.0.0
7f7551d6b000-7f7551d6c000 r--p 00004000 08:05 1541584                    /usr/lib/x86_64-linux-gnu/libXdmcp.so.6.0.0
7f7551d6c000-7f7551d6d000 rw-p 00005000 08:05 1541584                    /usr/lib/x86_64-linux-gnu/libXdmcp.so.6.0.0
7f7551d6d000-7f7551d6f000 r-xp 00000000 08:05 1541573                    /usr/lib/x86_64-linux-gnu/libXau.so.6.0.0
7f7551d6f000-7f7551f6f000 ---p 00002000 08:05 1541573                    /usr/lib/x86_64-linux-gnu/libXau.so.6.0.0
7f7551f6f000-7f7551f70000 r--p 00002000 08:05 1541573                    /usr/lib/x86_64-linux-gnu/libXau.so.6.0.0
7f7551f70000-7f7551f71000 rw-p 00003000 08:05 1541573                    /usr/lib/x86_64-linux-gnu/libXau.so.6.0.0
7f7551f71000-7f7551f8e000 r-xp 00000000 08:05 2572472                    /usr/lib/x86_64-linux-gnu/libxcb.so.1.1.0
7f7551f8e000-7f755218d000 ---p 0001d000 08:05 2572472                    /usr/lib/x86_64-linux-gnu/libxcb.so.1.1.0
7f755218d000-7f755218e000 r--p 0001c000 08:05 2572472                    /usr/lib/x86_64-linux-gnu/libxcb.so.1.1.0
7f755218e000-7f755218f000 rw-p 0001d000 08:05 2572472                    /usr/lib/x86_64-linux-gnu/libxcb.so.1.1.0
7f755218f000-7f755219d000 r-xp 00000000 08:05 1541592                    /usr/lib/x86_64-linux-gnu/libXi.so.6.1.0
7f755219d000-7f755239c000 ---p 0000e000 08:05 1541592                    /usr/lib/x86_64-linux-gnu/libXi.so.6.1.0
7f755239c000-7f755239d000 r--p 0000d000 08:05 1541592                    /usr/lib/x86_64-linux-gnu/libXi.so.6.1.0
7f755239d000-7f755239e000 rw-p 0000e000 08:05 1541592                    /usr/lib/x86_64-linux-gnu/libXi.so.6.1.0
7f755239e000-7f75523a3000 r-xp 00000000 08:05 1541612                    /usr/lib/x86_64-linux-gnu/libXtst.so.6.1.0
7f75523a3000-7f75525a2000 ---p 00005000 08:05 1541612                    /usr/lib/x86_64-linux-gnu/libXtst.so.6.1.0
7f75525a2000-7f75525a3000 r--p 00004000 08:05 1541612                    /usr/lib/x86_64-linux-gnu/libXtst.so.6.1.0
7f75525a3000-7f75525a4000 rw-p 00005000 08:05 1541612                    /usr/lib/x86_64-linux-gnu/libXtst.so.6.1.0
7f75525a4000-7f75525ad000 r-xp 00000000 08:05 1541606                    /usr/lib/x86_64-linux-gnu/libXrender.so.1.3.0
7f75525ad000-7f75527ac000 ---p 00009000 08:05 1541606                    /usr/lib/x86_64-linux-gnu/libXrender.so.1.3.0
7f75527ac000-7f75527ad000 r--p 00008000 08:05 1541606                    /usr/lib/x86_64-linux-gnu/libXrender.so.1.3.0
7f75527ad000-7f75527ae000 rw-p 00009000 08:05 1541606                    /usr/lib/x86_64-linux-gnu/libXrender.so.1.3.0
7f75527ae000-7f75528e2000 r-xp 00000000 08:05 2572474                    /usr/lib/x86_64-linux-gnu/libX11.so.6.3.0
7f75528e2000-7f7552ae2000 ---p 00134000 08:05 2572474                    /usr/lib/x86_64-linux-gnu/libX11.so.6.3.0
7f7552ae2000-7f7552ae3000 r--p 00134000 08:05 2572474                    /usr/lib/x86_64-linux-gnu/libX11.so.6.3.0
7f7552ae3000-7f7552ae8000 rw-p 00135000 08:05 2572474                    /usr/lib/x86_64-linux-gnu/libX11.so.6.3.0
7f7552ae8000-7f7552af8000 r-xp 00000000 08:05 1541586                    /usr/lib/x86_64-linux-gnu/libXext.so.6.4.0
7f7552af8000-7f7552cf8000 ---p 00010000 08:05 1541586                    /usr/lib/x86_64-linux-gnu/libXext.so.6.4.0
7f7552cf8000-7f7552cf9000 r--p 00010000 08:05 1541586                    /usr/lib/x86_64-linux-gnu/libXext.so.6.4.0
7f7552cf9000-7f7552cfa000 rw-p 00011000 08:05 1541586                    /usr/lib/x86_64-linux-gnu/libXext.so.6.4.0
7f7552cfa000-7f7552d4a000 r-xp 00000000 08:05 3883107                    /home/birdie/Documents/jdk1.7.0_45/jre/lib/amd64/xawt/libmawt.so
7f7552d4a000-7f7552f4a000 ---p 00050000 08:05 3883107                    /home/birdie/Documents/jdk1.7.0_45/jre/lib/amd64/xawt/libmawt.so
7f7552f4a000-7f7552f4e000 rw-p 00050000 08:05 3883107                    /home/birdie/Documents/jdk1.7.0_45/jre/lib/amd64/xawt/libmawt.so
7f7552f4e000-7f7552f4f000 rw-p 00000000 00:00 0 
7f7552f4f000-7f7552ff1000 r-xp 00000000 08:05 3867316                    /home/birdie/Documents/jdk1.7.0_45/jre/lib/amd64/libawt.so
7f7552ff1000-7f75531f1000 ---p 000a2000 08:05 3867316                    /home/birdie/Documents/jdk1.7.0_45/jre/lib/amd64/libawt.so
7f75531f1000-7f75531fd000 rw-p 000a2000 08:05 3867316                    /home/birdie/Documents/jdk1.7.0_45/jre/lib/amd64/libawt.so
7f75531fd000-7f7553221000 rw-p 00000000 00:00 0 
7f7553221000-7f7553222000 ---p 00000000 00:00 0 
7f7553222000-7f7553322000 rw-p 00000000 00:00 0                          [stack:10985]
7f7553322000-7f7553325000 ---p 00000000 00:00 0 
7f7553325000-7f7553423000 rw-p 00000000 00:00 0                          [stack:10984]
7f7553423000-7f7553426000 ---p 00000000 00:00 0 
7f7553426000-7f7553524000 rw-p 00000000 00:00 0                          [stack:10983]
7f7553524000-7f7553527000 ---p 00000000 00:00 0 
7f7553527000-7f7553625000 rw-p 00000000 00:00 0                          [stack:10982]
7f7553625000-7f7553628000 ---p 00000000 00:00 0 
7f7553628000-7f7553726000 rw-p 00000000 00:00 0                          [stack:10978]
7f7553726000-7f7553729000 ---p 00000000 00:00 0 
7f7553729000-7f7553827000 rw-p 00000000 00:00 0                          [stack:10977]
7f7553827000-7f755382a000 ---p 00000000 00:00 0 
7f755382a000-7f7553928000 rw-p 00000000 00:00 0                          [stack:10976]
7f7553928000-7f755392c000 r-xp 00000000 08:05 3867321                    /home/birdie/Documents/jdk1.7.0_45/jre/lib/amd64/libdt_socket.so
7f755392c000-7f7553b2b000 ---p 00004000 08:05 3867321                    /home/birdie/Documents/jdk1.7.0_45/jre/lib/amd64/libdt_socket.so
7f7553b2b000-7f7553b2c000 rw-p 00003000 08:05 3867321                    /home/birdie/Documents/jdk1.7.0_45/jre/lib/amd64/libdt_socket.so
7f7553b2c000-7f7553b2f000 ---p 00000000 00:00 0 
7f7553b2f000-7f7553c2d000 rw-p 00000000 00:00 0                          [stack:10975]
7f7553c2d000-7f7553c30000 ---p 00000000 00:00 0 
7f7553c30000-7f7553d2e000 rw-p 00000000 00:00 0                          [stack:10970]
7f7553d2e000-7f7553d31000 ---p 00000000 00:00 0 
7f7553d31000-7f7553e2f000 rw-p 00000000 00:00 0                          [stack:10969]
7f7553e2f000-7f7553e30000 ---p 00000000 00:00 0 
7f7553e30000-7f7558000000 rw-p 00000000 00:00 0                          [stack:10968]
7f7558000000-7f7558021000 rw-p 00000000 00:00 0 
7f7558021000-7f755c000000 ---p 00000000 00:00 0 
7f755c000000-7f755c021000 rw-p 00000000 00:00 0 
7f755c021000-7f7560000000 ---p 00000000 00:00 0 
7f7560000000-7f7560021000 rw-p 00000000 00:00 0 
7f7560021000-7f7564000000 ---p 00000000 00:00 0 
7f7564000000-7f7564021000 rw-p 00000000 00:00 0 
7f7564021000-7f7568000000 ---p 00000000 00:00 0 
7f7568000000-7f7568021000 rw-p 00000000 00:00 0 
7f7568021000-7f756c000000 ---p 00000000 00:00 0 
7f756c000000-7f756c021000 rw-p 00000000 00:00 0 
7f756c021000-7f7570000000 ---p 00000000 00:00 0 
7f7570000000-7f7570021000 rw-p 00000000 00:00 0 
7f7570021000-7f7574000000 ---p 00000000 00:00 0 
7f7574000000-7f7574021000 rw-p 00000000 00:00 0 
7f7574021000-7f7578000000 ---p 00000000 00:00 0 
7f7578000000-7f7578006000 r--s 00000000 08:05 3211358                    /var/cache/fontconfig/a755afe4a08bf5b97852ceb7400b47bc-le64.cache-3
7f7578006000-7f7578007000 r--s 00000000 08:05 3211336                    /var/cache/fontconfig/1ac9eb803944fde146138c791f5cc56a-le64.cache-3
7f7578007000-7f757800a000 r--s 00000000 08:05 3211341                    /var/cache/fontconfig/385c0604a188198f04d133e54aba7fe7-le64.cache-3
7f757800a000-7f7579000000 rw-p 00000000 00:00 0 
7f7579000000-7f7579270000 rwxp 00000000 00:00 0 
7f7579270000-7f757c3a0000 rw-p 00000000 00:00 0 
7f757c3a0000-7f7580000000 ---p 00000000 00:00 0 
7f7580000000-7f7580001000 r--s 00000000 08:05 3211368                    /var/cache/fontconfig/dc05db6664285cc2f12bf69c139ae4c3-le64.cache-3
7f7580001000-7f7580003000 r--s 00000000 08:05 3211351                    /var/cache/fontconfig/767a8244fc0220cfb567a839d0392e0b-le64.cache-3
7f7580003000-7f7580006000 r--s 00000000 08:05 3211353                    /var/cache/fontconfig/8801497958630a81b71ace7c5f9b32a8-le64.cache-3
7f7580006000-7f758000b000 r--s 00000000 08:05 3211338                    /var/cache/fontconfig/3047814df9a2f067bd2d96a2b9c36e5a-le64.cache-3
7f758000b000-7f7580010000 r--s 00000000 08:05 3211360                    /var/cache/fontconfig/b47c4e1ecd0709278f4910c18777a504-le64.cache-3
7f7580010000-7f7580017000 r--s 00000000 08:05 3211342                    /var/cache/fontconfig/3f7329c5293ffd510edef78f73874cfd-le64.cache-3
7f7580017000-7f7580c8f000 rw-p 00000000 00:00 0 
7f7580c8f000-7f7580e4b000 r--s 039b2000 08:05 3850697                    /home/birdie/Documents/jdk1.7.0_45/jre/lib/rt.jar
7f7580e4b000-7f758137a000 rw-p 00000000 00:00 0 
7f758137a000-7f758137b000 ---p 00000000 00:00 0 
7f758137b000-7f758147b000 rw-p 00000000 00:00 0                          [stack:10967]
7f758147b000-7f758147c000 ---p 00000000 00:00 0 
7f758147c000-7f758157c000 rw-p 00000000 00:00 0                          [stack:10966]
7f758157c000-7f758157d000 ---p 00000000 00:00 0 
7f758157d000-7f758167d000 rw-p 00000000 00:00 0                          [stack:10965]
7f758167d000-7f758167e000 ---p 00000000 00:00 0 
7f758167e000-7f758177e000 rw-p 00000000 00:00 0                          [stack:10964]
7f758177e000-7f758177f000 ---p 00000000 00:00 0 
7f758177f000-7f758187f000 rw-p 00000000 00:00 0                          [stack:10963]
7f758187f000-7f7581880000 ---p 00000000 00:00 0 
7f7581880000-7f7581980000 rw-p 00000000 00:00 0                          [stack:10962]
7f7581980000-7f7581981000 ---p 00000000 00:00 0 
7f7581981000-7f7581a81000 rw-p 00000000 00:00 0                          [stack:10961]
7f7581a81000-7f7581a82000 ---p 00000000 00:00 0 
7f7581a82000-7f7581b8d000 rw-p 00000000 00:00 0                          [stack:10960]
7f7581b8d000-7f7581bab000 rw-p 00000000 00:00 0 
7f7581bab000-7f7581bd5000 rw-p 00000000 00:00 0 
7f7581bd5000-7f7581e43000 rw-p 00000000 00:00 0 
7f7581e43000-7f7581e4e000 rw-p 00000000 00:00 0 
7f7581e4e000-7f7581e6c000 rw-p 00000000 00:00 0 
7f7581e6c000-7f7581e96000 rw-p 00000000 00:00 0 
7f7581e96000-7f7582104000 rw-p 00000000 00:00 0 
7f7582104000-7f7582119000 rw-p 00000000 00:00 0 
7f7582119000-7f7582250000 rw-p 00000000 00:00 0 
7f7582250000-7f7582251000 rw-p 00000000 00:00 0 
7f7582251000-7f758226b000 r-xp 00000000 08:05 3867333                    /home/birdie/Documents/jdk1.7.0_45/jre/lib/amd64/libzip.so
7f758226b000-7f758246b000 ---p 0001a000 08:05 3867333                    /home/birdie/Documents/jdk1.7.0_45/jre/lib/amd64/libzip.so
7f758246b000-7f758246c000 rw-p 0001a000 08:05 3867333                    /home/birdie/Documents/jdk1.7.0_45/jre/lib/amd64/libzip.so
7f758246c000-7f7582478000 r-xp 00000000 08:05 1934285                    /lib/x86_64-linux-gnu/libnss_files-2.17.so
7f7582478000-7f7582677000 ---p 0000c000 08:05 1934285                    /lib/x86_64-linux-gnu/libnss_files-2.17.so
7f7582677000-7f7582678000 r--p 0000b000 08:05 1934285                    /lib/x86_64-linux-gnu/libnss_files-2.17.so
7f7582678000-7f7582679000 rw-p 0000c000 08:05 1934285                    /lib/x86_64-linux-gnu/libnss_files-2.17.so
7f7582679000-7f7582684000 r-xp 00000000 08:05 1934289                    /lib/x86_64-linux-gnu/libnss_nis-2.17.so
7f7582684000-7f7582883000 ---p 0000b000 08:05 1934289                    /lib/x86_64-linux-gnu/libnss_nis-2.17.so
7f7582883000-7f7582884000 r--p 0000a000 08:05 1934289                    /lib/x86_64-linux-gnu/libnss_nis-2.17.so
7f7582884000-7f7582885000 rw-p 0000b000 08:05 1934289                    /lib/x86_64-linux-gnu/libnss_nis-2.17.so
7f7582885000-7f758289c000 r-xp 00000000 08:05 1934279                    /lib/x86_64-linux-gnu/libnsl-2.17.so
7f758289c000-7f7582a9b000 ---p 00017000 08:05 1934279                    /lib/x86_64-linux-gnu/libnsl-2.17.so
7f7582a9b000-7f7582a9c000 r--p 00016000 08:05 1934279                    /lib/x86_64-linux-gnu/libnsl-2.17.so
7f7582a9c000-7f7582a9d000 rw-p 00017000 08:05 1934279                    /lib/x86_64-linux-gnu/libnsl-2.17.so
7f7582a9d000-7f7582a9f000 rw-p 00000000 00:00 0 
7f7582a9f000-7f7582aa7000 r-xp 00000000 08:05 1934281                    /lib/x86_64-linux-gnu/libnss_compat-2.17.so
7f7582aa7000-7f7582ca6000 ---p 00008000 08:05 1934281                    /lib/x86_64-linux-gnu/libnss_compat-2.17.so
7f7582ca6000-7f7582ca7000 r--p 00007000 08:05 1934281                    /lib/x86_64-linux-gnu/libnss_compat-2.17.so
7f7582ca7000-7f7582ca8000 rw-p 00008000 08:05 1934281                    /lib/x86_64-linux-gnu/libnss_compat-2.17.so
7f7582ca8000-7f7583389000 r--p 00000000 08:05 4538369                    /usr/lib/locale/locale-archive
7f7583389000-7f758338c000 r-xp 00000000 08:05 3867340                    /home/birdie/Documents/jdk1.7.0_45/jre/lib/amd64/libnpt.so
7f758338c000-7f758358b000 ---p 00003000 08:05 3867340                    /home/birdie/Documents/jdk1.7.0_45/jre/lib/amd64/libnpt.so
7f758358b000-7f758358c000 rw-p 00002000 08:05 3867340                    /home/birdie/Documents/jdk1.7.0_45/jre/lib/amd64/libnpt.so
7f758358c000-7f75835c5000 r-xp 00000000 08:05 3867319                    /home/birdie/Documents/jdk1.7.0_45/jre/lib/amd64/libjdwp.so
7f75835c5000-7f75837c5000 ---p 00039000 08:05 3867319                    /home/birdie/Documents/jdk1.7.0_45/jre/lib/amd64/libjdwp.so
7f75837c5000-7f75837c6000 rw-p 00039000 08:05 3867319                    /home/birdie/Documents/jdk1.7.0_45/jre/lib/amd64/libjdwp.so
7f75837c6000-7f75837c7000 rw-p 00000000 00:00 0 
7f75837c7000-7f75837f0000 r-xp 00000000 08:05 3867324                    /home/birdie/Documents/jdk1.7.0_45/jre/lib/amd64/libjava.so
7f75837f0000-7f75839f0000 ---p 00029000 08:05 3867324                    /home/birdie/Documents/jdk1.7.0_45/jre/lib/amd64/libjava.so
7f75839f0000-7f75839f2000 rw-p 00029000 08:05 3867324                    /home/birdie/Documents/jdk1.7.0_45/jre/lib/amd64/libjava.so
7f75839f2000-7f75839ff000 r-xp 00000000 08:05 3867313                    /home/birdie/Documents/jdk1.7.0_45/jre/lib/amd64/libverify.so
7f75839ff000-7f7583bfe000 ---p 0000d000 08:05 3867313                    /home/birdie/Documents/jdk1.7.0_45/jre/lib/amd64/libverify.so
7f7583bfe000-7f7583c00000 rw-p 0000c000 08:05 3867313                    /home/birdie/Documents/jdk1.7.0_45/jre/lib/amd64/libverify.so
7f7583c00000-7f7583c07000 r-xp 00000000 08:05 1934332                    /lib/x86_64-linux-gnu/librt-2.17.so
7f7583c07000-7f7583e06000 ---p 00007000 08:05 1934332                    /lib/x86_64-linux-gnu/librt-2.17.so
7f7583e06000-7f7583e07000 r--p 00006000 08:05 1934332                    /lib/x86_64-linux-gnu/librt-2.17.so
7f7583e07000-7f7583e08000 rw-p 00007000 08:05 1934332                    /lib/x86_64-linux-gnu/librt-2.17.so
7f7583e08000-7f7583f0b000 r-xp 00000000 08:05 1934260                    /lib/x86_64-linux-gnu/libm-2.17.so
7f7583f0b000-7f758410b000 ---p 00103000 08:05 1934260                    /lib/x86_64-linux-gnu/libm-2.17.so
7f758410b000-7f758410c000 r--p 00103000 08:05 1934260                    /lib/x86_64-linux-gnu/libm-2.17.so
7f758410c000-7f758410d000 rw-p 00104000 08:05 1934260                    /lib/x86_64-linux-gnu/libm-2.17.so
7f758410d000-7f7584c6f000 r-xp 00000000 08:05 3867331                    /home/birdie/Documents/jdk1.7.0_45/jre/lib/amd64/server/libjvm.so
7f7584c6f000-7f7584e6f000 ---p 00b62000 08:05 3867331                    /home/birdie/Documents/jdk1.7.0_45/jre/lib/amd64/server/libjvm.so
7f7584e6f000-7f7584f32000 rw-p 00b62000 08:05 3867331                    /home/birdie/Documents/jdk1.7.0_45/jre/lib/amd64/server/libjvm.so
7f7584f32000-7f7584f73000 rw-p 00000000 00:00 0 
7f7584f73000-7f7585131000 r-xp 00000000 08:05 1934212                    /lib/x86_64-linux-gnu/libc-2.17.so
7f7585131000-7f7585330000 ---p 001be000 08:05 1934212                    /lib/x86_64-linux-gnu/libc-2.17.so
7f7585330000-7f7585334000 r--p 001bd000 08:05 1934212                    /lib/x86_64-linux-gnu/libc-2.17.so
7f7585334000-7f7585336000 rw-p 001c1000 08:05 1934212                    /lib/x86_64-linux-gnu/libc-2.17.so
7f7585336000-7f758533b000 rw-p 00000000 00:00 0 
7f758533b000-7f758533e000 r-xp 00000000 08:05 1934227                    /lib/x86_64-linux-gnu/libdl-2.17.so
7f758533e000-7f758553d000 ---p 00003000 08:05 1934227                    /lib/x86_64-linux-gnu/libdl-2.17.so
7f758553d000-7f758553e000 r--p 00002000 08:05 1934227                    /lib/x86_64-linux-gnu/libdl-2.17.so
7f758553e000-7f758553f000 rw-p 00003000 08:05 1934227                    /lib/x86_64-linux-gnu/libdl-2.17.so
7f758553f000-7f7585555000 r-xp 00000000 08:05 3850252                    /home/birdie/Documents/jdk1.7.0_45/lib/amd64/jli/libjli.so
7f7585555000-7f7585755000 ---p 00016000 08:05 3850252                    /home/birdie/Documents/jdk1.7.0_45/lib/amd64/jli/libjli.so
7f7585755000-7f7585756000 rw-p 00016000 08:05 3850252                    /home/birdie/Documents/jdk1.7.0_45/lib/amd64/jli/libjli.so
7f7585756000-7f758576e000 r-xp 00000000 08:05 1934324                    /lib/x86_64-linux-gnu/libpthread-2.17.so
7f758576e000-7f758596d000 ---p 00018000 08:05 1934324                    /lib/x86_64-linux-gnu/libpthread-2.17.so
7f758596d000-7f758596e000 r--p 00017000 08:05 1934324                    /lib/x86_64-linux-gnu/libpthread-2.17.so
7f758596e000-7f758596f000 rw-p 00018000 08:05 1934324                    /lib/x86_64-linux-gnu/libpthread-2.17.so
7f758596f000-7f7585973000 rw-p 00000000 00:00 0 
7f7585973000-7f7585996000 r-xp 00000000 08:05 1934188                    /lib/x86_64-linux-gnu/ld-2.17.so
7f7585996000-7f75859c1000 rw-p 00000000 00:00 0 
7f75859c1000-7f7585a77000 rw-p 00000000 00:00 0 
7f7585a77000-7f7585a7a000 ---p 00000000 00:00 0 
7f7585a7a000-7f7585b7c000 rw-p 00000000 00:00 0                          [stack:10957]
7f7585b7c000-7f7585b7d000 r--s 00000000 08:05 3211343                    /var/cache/fontconfig/4794a0821666d79190d59a36cb4f44b5-le64.cache-3
7f7585b7d000-7f7585b7e000 r--s 00000000 08:05 3211345                    /var/cache/fontconfig/56cf4f4769d0f4abc89a4895d7bd3ae1-le64.cache-3
7f7585b7e000-7f7585b7f000 r--s 00000000 08:05 3211361                    /var/cache/fontconfig/b9d506c9ac06c20b433354fa67a72993-le64.cache-3
7f7585b7f000-7f7585b80000 r--s 00000000 08:05 3211333                    /var/cache/fontconfig/0c9eb80ebd1c36541ebe2852d3bb0c49-le64.cache-3
7f7585b80000-7f7585b83000 r--s 00000000 08:05 3211369                    /var/cache/fontconfig/e13b20fdb08344e0e664864cc2ede53d-le64.cache-3
7f7585b83000-7f7585b87000 r--s 00000000 08:05 3211352                    /var/cache/fontconfig/7ef2298fde41cc6eeb7af42e48b7d293-le64.cache-3
7f7585b87000-7f7585b89000 r--s 0000d000 08:05 3867496                    /home/birdie/Documents/jdk1.7.0_45/jre/lib/ext/RXTXcomm.jar
7f7585b89000-7f7585b91000 rw-s 00000000 08:05 315943                     /tmp/hsperfdata_birdie/10955
7f7585b91000-7f7585b92000 rw-p 00000000 00:00 0 
7f7585b92000-7f7585b93000 r--p 00000000 00:00 0 
7f7585b93000-7f7585b95000 rw-p 00000000 00:00 0 
7f7585b95000-7f7585b96000 r--p 00022000 08:05 1934188                    /lib/x86_64-linux-gnu/ld-2.17.so
7f7585b96000-7f7585b98000 rw-p 00023000 08:05 1934188                    /lib/x86_64-linux-gnu/ld-2.17.so
7fff36552000-7fff36573000 rw-p 00000000 00:00 0                          [stack]
7fff365ff000-7fff36600000 r-xp 00000000 00:00 0                          [vdso]
ffffffffff600000-ffffffffff601000 r-xp 00000000 00:00 0                  [vsyscall]

VM Arguments:
jvm_args: -Xdebug -Xrunjdwp:transport=dt_socket,address=localhost:34136 -Dfile.encoding=UTF-8 
java_command: mosesserver.MosesServerForm
Launcher Type: SUN_STANDARD

Environment Variables:
PATH=/usr/local/sbin:/usr/local/bin:/usr/sbin:/usr/bin:/sbin:/bin:/usr/games:/usr/local/games
USERNAME=birdie
LD_LIBRARY_PATH=/home/birdie/Documents/jdk1.7.0_45/jre/lib/amd64:/home/birdie/Documents/jdk1.7.0_45/jre/lib/i386:
SHELL=/bin/bash
DISPLAY=:0

Signal Handlers:
SIGSEGV: [libjvm.so+0x9935b0], sa_mask[0]=0x7ffbfeff, sa_flags=0x10000004
SIGBUS: [libjvm.so+0x9935b0], sa_mask[0]=0x7ffbfeff, sa_flags=0x10000004
SIGFPE: [libjvm.so+0x810330], sa_mask[0]=0x7ffbfeff, sa_flags=0x10000004
SIGPIPE: SIG_IGN, sa_mask[0]=0x00001000, sa_flags=0x10000000
SIGXFSZ: [libjvm.so+0x810330], sa_mask[0]=0x7ffbfeff, sa_flags=0x10000004
SIGILL: [libjvm.so+0x810330], sa_mask[0]=0x7ffbfeff, sa_flags=0x10000004
SIGUSR1: SIG_DFL, sa_mask[0]=0x00000000, sa_flags=0x00000000
SIGUSR2: [libjvm.so+0x811820], sa_mask[0]=0x00000004, sa_flags=0x10000004
SIGHUP: [libjvm.so+0x812790], sa_mask[0]=0x7ffbfeff, sa_flags=0x10000004
SIGINT: SIG_IGN, sa_mask[0]=0x00000000, sa_flags=0x00000000
SIGTERM: [libjvm.so+0x812790], sa_mask[0]=0x7ffbfeff, sa_flags=0x10000004
SIGQUIT: [libjvm.so+0x812790], sa_mask[0]=0x7ffbfeff, sa_flags=0x10000004


---------------  S Y S T E M  ---------------

OS:wheezy/sid

uname:Linux 3.10.37-customname #1 SMP Fri Apr 18 10:51:28 MDT 2014 x86_64
libc:glibc 2.17 NPTL 2.17 
rlimit: STACK 8192k, CORE 0k, NPROC 63437, NOFILE 4096, AS infinity
load average:0.68 0.77 0.50

/proc/meminfo:
MemTotal:        8153360 kB
MemFree:         3798188 kB
Buffers:         1130064 kB
Cached:          1137268 kB
SwapCached:            0 kB
Active:          2310880 kB
Inactive:        1730520 kB
Active(anon):    1775052 kB
Inactive(anon):    23396 kB
Active(file):     535828 kB
Inactive(file):  1707124 kB
Unevictable:          52 kB
Mlocked:              52 kB
SwapTotal:             0 kB
SwapFree:              0 kB
Dirty:               268 kB
Writeback:             0 kB
AnonPages:       1774256 kB
Mapped:           163508 kB
Shmem:             24332 kB
Slab:             178708 kB
SReclaimable:     141232 kB
SUnreclaim:        37476 kB
KernelStack:        4968 kB
PageTables:        39496 kB
NFS_Unstable:          0 kB
Bounce:                0 kB
WritebackTmp:          0 kB
CommitLimit:     4076680 kB
Committed_AS:    5166868 kB
VmallocTotal:   34359738367 kB
VmallocUsed:      141904 kB
VmallocChunk:   34359593468 kB
HardwareCorrupted:     0 kB
AnonHugePages:         0 kB
HugePages_Total:       0
HugePages_Free:        0
HugePages_Rsvd:        0
HugePages_Surp:        0
Hugepagesize:       2048 kB
DirectMap4k:      120376 kB
DirectMap2M:     8245248 kB


CPU:total 8 (4 cores per cpu, 2 threads per core) family 6 model 42 stepping 7, cmov, cx8, fxsr, mmx, sse, sse2, sse3, ssse3, sse4.1, sse4.2, popcnt, avx, ht, tsc, tscinvbit

/proc/cpuinfo:
processor	: 0
vendor_id	: GenuineIntel
cpu family	: 6
model		: 42
model name	: Intel(R) Core(TM) i7-2630QM CPU @ 2.00GHz
stepping	: 7
microcode	: 0x6
cpu MHz		: 1929.687
cache size	: 6144 KB
physical id	: 0
siblings	: 8
core id		: 0
cpu cores	: 4
apicid		: 0
initial apicid	: 0
fpu		: yes
fpu_exception	: yes
cpuid level	: 13
wp		: yes
flags		: fpu vme de pse tsc msr pae mce cx8 apic sep mtrr pge mca cmov pat pse36 clflush dts acpi mmx fxsr sse sse2 ss ht tm pbe syscall nx rdtscp lm constant_tsc arch_perfmon pebs bts rep_good nopl xtopology nonstop_tsc aperfmperf eagerfpu pni pclmulqdq dtes64 monitor ds_cpl vmx est tm2 ssse3 cx16 xtpr pdcm pcid sse4_1 sse4_2 x2apic popcnt tsc_deadline_timer xsave avx lahf_lm ida arat epb xsaveopt pln pts dtherm tpr_shadow vnmi flexpriority ept vpid
bogomips	: 3991.13
clflush size	: 64
cache_alignment	: 64
address sizes	: 36 bits physical, 48 bits virtual
power management:

processor	: 1
vendor_id	: GenuineIntel
cpu family	: 6
model		: 42
model name	: Intel(R) Core(TM) i7-2630QM CPU @ 2.00GHz
stepping	: 7
microcode	: 0x6
cpu MHz		: 2147.421
cache size	: 6144 KB
physical id	: 0
siblings	: 8
core id		: 1
cpu cores	: 4
apicid		: 2
initial apicid	: 2
fpu		: yes
fpu_exception	: yes
cpuid level	: 13
wp		: yes
flags		: fpu vme de pse tsc msr pae mce cx8 apic sep mtrr pge mca cmov pat pse36 clflush dts acpi mmx fxsr sse sse2 ss ht tm pbe syscall nx rdtscp lm constant_tsc arch_perfmon pebs bts rep_good nopl xtopology nonstop_tsc aperfmperf eagerfpu pni pclmulqdq dtes64 monitor ds_cpl vmx est tm2 ssse3 cx16 xtpr pdcm pcid sse4_1 sse4_2 x2apic popcnt tsc_deadline_timer xsave avx lahf_lm ida arat epb xsaveopt pln pts dtherm tpr_shadow vnmi flexpriority ept vpid
bogomips	: 3991.13
clflush size	: 64
cache_alignment	: 64
address sizes	: 36 bits physical, 48 bits virtual
power management:

processor	: 2
vendor_id	: GenuineIntel
cpu family	: 6
model		: 42
model name	: Intel(R) Core(TM) i7-2630QM CPU @ 2.00GHz
stepping	: 7
microcode	: 0x6
cpu MHz		: 2551.953
cache size	: 6144 KB
physical id	: 0
siblings	: 8
core id		: 2
cpu cores	: 4
apicid		: 4
initial apicid	: 4
fpu		: yes
fpu_exception	: yes
cpuid level	: 13
wp		: yes
flags		: fpu vme de pse tsc msr pae mce cx8 apic sep mtrr pge mca cmov pat pse36 clflush dts acpi mmx fxsr sse sse2 ss ht tm pbe syscall nx rdtscp lm constant_tsc arch_perfmon pebs bts rep_good nopl xtopology nonstop_tsc aperfmperf eagerfpu pni pclmulqdq dtes64 monitor ds_cpl vmx est tm2 ssse3 cx16 xtpr pdcm pcid sse4_1 sse4_2 x2apic popcnt tsc_deadline_timer xsave avx lahf_lm ida arat epb xsaveopt pln pts dtherm tpr_shadow vnmi flexpriority ept vpid
bogomips	: 3991.13
clflush size	: 64
cache_alignment	: 64
address sizes	: 36 bits physical, 48 bits virtual
power management:

processor	: 3
vendor_id	: GenuineIntel
cpu family	: 6
model		: 42
model name	: Intel(R) Core(TM) i7-2630QM CPU @ 2.00GHz
stepping	: 7
microcode	: 0x6
cpu MHz		: 2533.125
cache size	: 6144 KB
physical id	: 0
siblings	: 8
core id		: 3
cpu cores	: 4
apicid		: 6
initial apicid	: 6
fpu		: yes
fpu_exception	: yes
cpuid level	: 13
wp		: yes
flags		: fpu vme de pse tsc msr pae mce cx8 apic sep mtrr pge mca cmov pat pse36 clflush dts acpi mmx fxsr sse sse2 ss ht tm pbe syscall nx rdtscp lm constant_tsc arch_perfmon pebs bts rep_good nopl xtopology nonstop_tsc aperfmperf eagerfpu pni pclmulqdq dtes64 monitor ds_cpl vmx est tm2 ssse3 cx16 xtpr pdcm pcid sse4_1 sse4_2 x2apic popcnt tsc_deadline_timer xsave avx lahf_lm ida arat epb xsaveopt pln pts dtherm tpr_shadow vnmi flexpriority ept vpid
bogomips	: 3991.13
clflush size	: 64
cache_alignment	: 64
address sizes	: 36 bits physical, 48 bits virtual
power management:

processor	: 4
vendor_id	: GenuineIntel
cpu family	: 6
model		: 42
model name	: Intel(R) Core(TM) i7-2630QM CPU @ 2.00GHz
stepping	: 7
microcode	: 0x6
cpu MHz		: 2502.109
cache size	: 6144 KB
physical id	: 0
siblings	: 8
core id		: 0
cpu cores	: 4
apicid		: 1
initial apicid	: 1
fpu		: yes
fpu_exception	: yes
cpuid level	: 13
wp		: yes
flags		: fpu vme de pse tsc msr pae mce cx8 apic sep mtrr pge mca cmov pat pse36 clflush dts acpi mmx fxsr sse sse2 ss ht tm pbe syscall nx rdtscp lm constant_tsc arch_perfmon pebs bts rep_good nopl xtopology nonstop_tsc aperfmperf eagerfpu pni pclmulqdq dtes64 monitor ds_cpl vmx est tm2 ssse3 cx16 xtpr pdcm pcid sse4_1 sse4_2 x2apic popcnt tsc_deadline_timer xsave avx lahf_lm ida arat epb xsaveopt pln pts dtherm tpr_shadow vnmi flexpriority ept vpid
bogomips	: 3991.13
clflush size	: 64
cache_alignment	: 64
address sizes	: 36 bits physical, 48 bits virtual
power management:

processor	: 5
vendor_id	: GenuineIntel
cpu family	: 6
model		: 42
model name	: Intel(R) Core(TM) i7-2630QM CPU @ 2.00GHz
stepping	: 7
microcode	: 0x6
cpu MHz		: 2548.281
cache size	: 6144 KB
physical id	: 0
siblings	: 8
core id		: 1
cpu cores	: 4
apicid		: 3
initial apicid	: 3
fpu		: yes
fpu_exception	: yes
cpuid level	: 13
wp		: yes
flags		: fpu vme de pse tsc msr pae mce cx8 apic sep mtrr pge mca cmov pat pse36 clflush dts acpi mmx fxsr sse sse2 ss ht tm pbe syscall nx rdtscp lm constant_tsc arch_perfmon pebs bts rep_good nopl xtopology nonstop_tsc aperfmperf eagerfpu pni pclmulqdq dtes64 monitor ds_cpl vmx est tm2 ssse3 cx16 xtpr pdcm pcid sse4_1 sse4_2 x2apic popcnt tsc_deadline_timer xsave avx lahf_lm ida arat epb xsaveopt pln pts dtherm tpr_shadow vnmi flexpriority ept vpid
bogomips	: 3991.13
clflush size	: 64
cache_alignment	: 64
address sizes	: 36 bits physical, 48 bits virtual
power management:

processor	: 6
vendor_id	: GenuineIntel
cpu family	: 6
model		: 42
model name	: Intel(R) Core(TM) i7-2630QM CPU @ 2.00GHz
stepping	: 7
microcode	: 0x6
cpu MHz		: 2588.671
cache size	: 6144 KB
physical id	: 0
siblings	: 8
core id		: 2
cpu cores	: 4
apicid		: 5
initial apicid	: 5
fpu		: yes
fpu_exception	: yes
cpuid level	: 13
wp		: yes
flags		: fpu vme de pse tsc msr pae mce cx8 apic sep mtrr pge mca cmov pat pse36 clflush dts acpi mmx fxsr sse sse2 ss ht tm pbe syscall nx rdtscp lm constant_tsc arch_perfmon pebs bts rep_good nopl xtopology nonstop_tsc aperfmperf eagerfpu pni pclmulqdq dtes64 monitor ds_cpl vmx est tm2 ssse3 cx16 xtpr pdcm pcid sse4_1 sse4_2 x2apic popcnt tsc_deadline_timer xsave avx lahf_lm ida arat epb xsaveopt pln pts dtherm tpr_shadow vnmi flexpriority ept vpid
bogomips	: 3991.13
clflush size	: 64
cache_alignment	: 64
address sizes	: 36 bits physical, 48 bits virtual
power management:

processor	: 7
vendor_id	: GenuineIntel
cpu family	: 6
model		: 42
model name	: Intel(R) Core(TM) i7-2630QM CPU @ 2.00GHz
stepping	: 7
microcode	: 0x6
cpu MHz		: 2586.562
cache size	: 6144 KB
physical id	: 0
siblings	: 8
core id		: 3
cpu cores	: 4
apicid		: 7
initial apicid	: 7
fpu		: yes
fpu_exception	: yes
cpuid level	: 13
wp		: yes
flags		: fpu vme de pse tsc msr pae mce cx8 apic sep mtrr pge mca cmov pat pse36 clflush dts acpi mmx fxsr sse sse2 ss ht tm pbe syscall nx rdtscp lm constant_tsc arch_perfmon pebs bts rep_good nopl xtopology nonstop_tsc aperfmperf eagerfpu pni pclmulqdq dtes64 monitor ds_cpl vmx est tm2 ssse3 cx16 xtpr pdcm pcid sse4_1 sse4_2 x2apic popcnt tsc_deadline_timer xsave avx lahf_lm ida arat epb xsaveopt pln pts dtherm tpr_shadow vnmi flexpriority ept vpid
bogomips	: 3991.13
clflush size	: 64
cache_alignment	: 64
address sizes	: 36 bits physical, 48 bits virtual
power management:



Memory: 4k page, physical 8153360k(3798188k free), swap 0k(0k free)

vm_info: Java HotSpot(TM) 64-Bit Server VM (24.45-b08) for linux-amd64 JRE (1.7.0_45-b18), built on Oct  8 2013 05:44:25 by "java_re" with gcc 4.3.0 20080428 (Red Hat 4.3.0-8)

time: Tue Jun 10 08:57:23 2014
elapsed time: 58 seconds

