#
# A fatal error has been detected by the Java Runtime Environment:
#
#  SIGSEGV (0xb) at pc=0x00007fb25127ed9d, pid=4124, tid=140403840341760
#
# JRE version: Java(TM) SE Runtime Environment (7.0_45-b18) (build 1.7.0_45-b18)
# Java VM: Java HotSpot(TM) 64-Bit Server VM (24.45-b08 mixed mode linux-amd64 compressed oops)
# Problematic frame:
# C  [librxtxSerial.so+0x6d9d]  read_byte_array+0x3d
#
# Failed to write core dump. Core dumps have been disabled. To enable core dumping, try "ulimit -c unlimited" before starting Java again
#
# If you would like to submit a bug report, please visit:
#   http://bugreport.sun.com/bugreport/crash.jsp
# The crash happened outside the Java Virtual Machine in native code.
# See problematic frame for where to report the bug.
#

---------------  T H R E A D  ---------------

Current thread (0x00007fb24013a800):  JavaThread "Thread-4" [_thread_in_native, id=4222, stack(0x00007fb250f75000,0x00007fb251076000)]

siginfo:si_signo=SIGSEGV: si_errno=0, si_code=1 (SEGV_MAPERR), si_addr=0x0000000051175578

Registers:
RAX=0x0000000051175570, RBX=0x00007fb228003230, RCX=0x0000000000000001, RDX=0x00007fb2b048ba00
RSP=0x00007fb251074030, RBP=0x00007fb24013a9e8, RSI=0x00007fb251281b25, RDI=0x00007fb251281a9f
R8 =0x00007fb251073fa0, R9 =0x00000007d7bcb2f0, R10=0x0000000000000022, R11=0x00007fb2b0490008
R12=0xffffffffffffffff, R13=0x0000000000000001, R14=0x0000000000000015, R15=0x00000000ffffffff
RIP=0x00007fb25127ed9d, EFLAGS=0x0000000000010206, CSGSFS=0x0000000000000033, ERR=0x0000000000000004
  TRAPNO=0x000000000000000e

Top of Stack: (sp=0x00007fb251074030)
0x00007fb251074030:   0000000000002000 0000000000002000
0x00007fb251074040:   0000000100000000 00007fb228003230
0x00007fb251074050:   0000001500002000 00007fb228003230
0x00007fb251074060:   0000000000000000 0000000000000700
0x00007fb251074070:   00007fb2510740d0 0000000051175570
0x00007fb251074080:   00007fb24013a9e8 00007fb2514845d0
0x00007fb251074090:   0000000000000000 0000000000000001
0x00007fb2510740a0:   0000000000000015 0000000000000000
0x00007fb2510740b0:   00007fb24013a9e8 00007fb2b0ec8c95
0x00007fb2510740c0:   0000000000000005 0000000000000000
0x00007fb2510740d0:   00007fb251074100 00007fb251278d18
0x00007fb2510740e0:   00007fb228003230 00007fb24013a9e8
0x00007fb2510740f0:   ffffffffffffffff 00007fb2b0ecf725
0x00007fb251074100:   00007fb228003230 00007fb228003230
0x00007fb251074110:   0000000000000015 00007fb228003230
0x00007fb251074120:   00007fb24013a9e8 ffffffffffffffff
0x00007fb251074130:   0000000000000001 0000000000000015
0x00007fb251074140:   0000000000000000 00007fb25127f272
0x00007fb251074150:   00007fb24013a800 00007fb251074238
0x00007fb251074160:   00007fb251074240 000000077f3984f0
0x00007fb251074170:   00007fb251074208 0000000000000000
0x00007fb251074180:   000000077f3984e8 00007fb251074240
0x00007fb251074190:   00007fb24013a800 00007fb2a5012cd8
0x00007fb2510741a0:   000000077f3b9634 00007fb2000000b6
0x00007fb2510741b0:   00007fb26812d2b8 00007fb2000000b6
0x00007fb2510741c0:   00007fb24013a800 00007fb2510741c8
0x00007fb2510741d0:   000000077f3984e8 00007fb251074240
0x00007fb2510741e0:   000000077f3bb2b0 0000000000000000
0x00007fb2510741f0:   000000077f3984f0 0000000000000000
0x00007fb251074200:   00007fb251074228 00007fb2510742a8
0x00007fb251074210:   00007fb2a50061d4 0000000000000000
0x00007fb251074220:   00007fb2a500ecd6 0000000000000001 

Instructions: (pc=0x00007fb25127ed9d)
0x00007fb25127ed7d:   4c 24 18 48 8d 15 17 2d 00 00 48 8d 0d 0e 2d 00
0x00007fb25127ed8d:   00 44 89 44 24 14 e8 88 c7 ff ff 48 89 44 24 48
0x00007fb25127ed9d:   8b 40 08 45 85 ff 48 8b 54 24 48 89 44 24 40 c7
0x00007fb25127edad:   42 08 00 00 00 00 0f 88 bd 01 00 00 31 c0 e8 70 

Register to memory mapping:

RAX=0x0000000051175570 is an unknown value
RBX=0x00007fb228003230 is an unknown value
RCX=0x0000000000000001 is an unknown value
RDX=0x00007fb2b048ba00: <offset 0xe37a00> in /home/birdie/Documents/jdk1.7.0_45/jre/lib/amd64/server/libjvm.so at 0x00007fb2af654000
RSP=0x00007fb251074030 is pointing into the stack for thread: 0x00007fb24013a800
RBP=0x00007fb24013a9e8 is an unknown value
RSI=0x00007fb251281b25: <offset 0x9b25> in /home/birdie/Documents/jdk1.7.0_45/jre/lib/amd64/librxtxSerial.so at 0x00007fb251278000
RDI=0x00007fb251281a9f: <offset 0x9a9f> in /home/birdie/Documents/jdk1.7.0_45/jre/lib/amd64/librxtxSerial.so at 0x00007fb251278000
R8 =0x00007fb251073fa0 is pointing into the stack for thread: 0x00007fb24013a800
R9 =0x00000007d7bcb2f0 is an oop
gnu.io.RXTXPort 
 - klass: 'gnu/io/RXTXPort'
R10=0x0000000000000022 is an unknown value
R11=0x00007fb2b0490008: <offset 0xe3c008> in /home/birdie/Documents/jdk1.7.0_45/jre/lib/amd64/server/libjvm.so at 0x00007fb2af654000
R12=0xffffffffffffffff is an unknown value
R13=0x0000000000000001 is an unknown value
R14=0x0000000000000015 is an unknown value
R15=0x00000000ffffffff is an unknown value


Stack: [0x00007fb250f75000,0x00007fb251076000],  sp=0x00007fb251074030,  free space=1020k
Native frames: (J=compiled Java code, j=interpreted, Vv=VM code, C=native code)
C  [librxtxSerial.so+0x6d9d]  read_byte_array+0x3d

Java frames: (J=compiled Java code, j=interpreted, Vv=VM code)
j  gnu.io.RXTXPort.readArray([BII)I+0
j  gnu.io.RXTXPort$SerialInputStream.read([BII)I+212
j  sun.nio.cs.StreamDecoder.readBytes()I+135
j  sun.nio.cs.StreamDecoder.implRead([CII)I+112
j  sun.nio.cs.StreamDecoder.read([CII)I+180
j  java.io.InputStreamReader.read([CII)I+7
j  java.io.BufferedReader.fill()V+145
j  java.io.BufferedReader.read()I+23
J  mosesserver.MosesServerForm.listenerSerial()V
j  mosesserver.MosesServerForm.access$1200(Lmosesserver/MosesServerForm;)V+1
j  mosesserver.MosesServerForm$13.run()V+4
j  java.lang.Thread.run()V+11
v  ~StubRoutines::call_stub

---------------  P R O C E S S  ---------------

Java Threads: ( => current thread )
=>0x00007fb24013a800 JavaThread "Thread-4" [_thread_in_native, id=4222, stack(0x00007fb250f75000,0x00007fb251076000)]
  0x00007fb2400dc800 JavaThread "Thread-3" [_thread_in_native, id=4221, stack(0x00007fb251076000,0x00007fb251177000)]
  0x00007fb2400dd800 JavaThread "Thread-2" [_thread_in_native, id=4213, stack(0x00007fb251177000,0x00007fb251278000)]
  0x00007fb24013f000 JavaThread "Thread-1" [_thread_in_vm, id=4198, stack(0x00007fb251485000,0x00007fb251586000)]
  0x00007fb2400d2800 JavaThread "Thread-0" [_thread_in_native, id=4197, stack(0x00007fb251586000,0x00007fb251687000)]
  0x00007fb24008b000 JavaThread "TimerQueue" daemon [_thread_blocked, id=4149, stack(0x00007fb25182b000,0x00007fb25192c000)]
  0x00007fb2a800a000 JavaThread "DestroyJavaVM" [_thread_blocked, id=4127, stack(0x00007fb2b0fbe000,0x00007fb2b10bf000)]
  0x00007fb2a8385000 JavaThread "AWT-EventQueue-0" [_thread_blocked, id=4148, stack(0x00007fb2780c9000,0x00007fb2781ca000)]
  0x00007fb2a8384000 JavaThread "AWT-Shutdown" [_thread_blocked, id=4147, stack(0x00007fb284020000,0x00007fb284121000)]
  0x00007fb2a81cb000 JavaThread "AWT-XAWT" daemon [_thread_in_native, id=4146, stack(0x00007fb28544a000,0x00007fb28554b000)]
  0x00007fb2a81a7800 JavaThread "Java2D Disposer" daemon [_thread_blocked, id=4145, stack(0x00007fb28595c000,0x00007fb285a5d000)]
  0x00007fb2a809f000 JavaThread "Service Thread" daemon [_thread_blocked, id=4143, stack(0x00007fb287218000,0x00007fb287319000)]
  0x00007fb2a809c800 JavaThread "C2 CompilerThread1" daemon [_thread_blocked, id=4142, stack(0x00007fb287319000,0x00007fb28741a000)]
  0x00007fb2a8099800 JavaThread "C2 CompilerThread0" daemon [_thread_blocked, id=4141, stack(0x00007fb28741a000,0x00007fb28751b000)]
  0x00007fb2a808f800 JavaThread "Signal Dispatcher" daemon [_thread_blocked, id=4140, stack(0x00007fb28751b000,0x00007fb28761c000)]
  0x00007fb2a8078800 JavaThread "Finalizer" daemon [_thread_blocked, id=4139, stack(0x00007fb287cfd000,0x00007fb287dfe000)]
  0x00007fb2a8074800 JavaThread "Reference Handler" daemon [_thread_blocked, id=4138, stack(0x00007fb287dfe000,0x00007fb287eff000)]

Other Threads:
  0x00007fb2a8072000 VMThread [stack: 0x00007fb287eff000,0x00007fb288000000] [id=4137]
  0x00007fb2a80b1800 WatcherThread [stack: 0x00007fb287117000,0x00007fb287218000] [id=4144]

VM state:not at safepoint (normal execution)

VM Mutex/Monitor currently owned by a thread: None

Heap
 PSYoungGen      total 37376K, used 22347K [0x00000007d6800000, 0x00000007d9180000, 0x0000000800000000)
  eden space 32256K, 69% used [0x00000007d6800000,0x00000007d7dd2c20,0x00000007d8780000)
  from space 5120K, 0% used [0x00000007d8c80000,0x00000007d8c80000,0x00000007d9180000)
  to   space 5120K, 0% used [0x00000007d8780000,0x00000007d8780000,0x00000007d8c80000)
 ParOldGen       total 84992K, used 0K [0x0000000783800000, 0x0000000788b00000, 0x00000007d6800000)
  object space 84992K, 0% used [0x0000000783800000,0x0000000783800000,0x0000000788b00000)
 PSPermGen       total 21504K, used 14177K [0x000000077e600000, 0x000000077fb00000, 0x0000000783800000)
  object space 21504K, 65% used [0x000000077e600000,0x000000077f3d8680,0x000000077fb00000)

Card table byte_map: [0x00007fb2adea9000,0x00007fb2ae2b7000] byte_map_base: 0x00007fb2aa2b6000

Polling page: 0x00007fb2b10d9000

Code Cache  [0x00007fb2a5000000, 0x00007fb2a5270000, 0x00007fb2a8000000)
 total_blobs=674 nmethods=152 adapters=475 free_code_cache=48316Kb largest_free_block=49449216

Compilation events (10 events):
Event: 89.425 Thread 0x00007fb2a8099800  149   !         sun.nio.cs.StreamDecoder::ready (38 bytes)
Event: 89.428 Thread 0x00007fb2a8099800 nmethod 149 0x00007fb2a50cc750 code [0x00007fb2a50cc8a0, 0x00007fb2a50ccc68]
Event: 89.428 Thread 0x00007fb2a8099800  150             sun.nio.cs.StreamDecoder::implReady (23 bytes)
Event: 89.428 Thread 0x00007fb2a8099800 nmethod 150 0x00007fb2a50ce790 code [0x00007fb2a50ce8e0, 0x00007fb2a50ce988]
Event: 89.428 Thread 0x00007fb2a8099800  151  s!         gnu.io.RXTXPort$SerialInputStream::available (136 bytes)
Event: 89.432 Thread 0x00007fb2a809c800 nmethod 147 0x00007fb2a50d53d0 code [0x00007fb2a50d55a0, 0x00007fb2a50d6a18]
Event: 89.434 Thread 0x00007fb2a8099800 nmethod 151 0x00007fb2a50b3c90 code [0x00007fb2a50b3e00, 0x00007fb2a50b4888]
Event: 94.436 Thread 0x00007fb2a809c800  153 % !         mosesserver.MosesServerForm::listenerSerial @ 41 (293 bytes)
Event: 94.447 Thread 0x00007fb2a809c800 nmethod 153% 0x00007fb2a50cbd50 code [0x00007fb2a50cbf20, 0x00007fb2a50cc350]
Event: 98.276 Thread 0x00007fb2a8099800  154             java.nio.HeapByteBuffer::_get (7 bytes)

GC Heap History (0 events):
No events

Deoptimization events (8 events):
Event: 0.171 Thread 0x00007fb2a800a000 Uncommon trap: reason=class_check action=maybe_recompile pc=0x00007fb2a5079080 method=java.util.Properties$LineReader.readLine()I @ 62
Event: 0.172 Thread 0x00007fb2a800a000 Uncommon trap: reason=class_check action=maybe_recompile pc=0x00007fb2a5079080 method=java.util.Properties$LineReader.readLine()I @ 62
Event: 0.173 Thread 0x00007fb2a800a000 Uncommon trap: reason=class_check action=maybe_recompile pc=0x00007fb2a5079080 method=java.util.Properties$LineReader.readLine()I @ 62
Event: 0.173 Thread 0x00007fb2a800a000 Uncommon trap: reason=class_check action=maybe_recompile pc=0x00007fb2a5079080 method=java.util.Properties$LineReader.readLine()I @ 62
Event: 0.456 Thread 0x00007fb2a8385000 Uncommon trap: reason=class_check action=maybe_recompile pc=0x00007fb2a507650c method=java.lang.String.equals(Ljava/lang/Object;)Z @ 8
Event: 0.456 Thread 0x00007fb2a8385000 Uncommon trap: reason=class_check action=maybe_recompile pc=0x00007fb2a507650c method=java.lang.String.equals(Ljava/lang/Object;)Z @ 8
Event: 0.456 Thread 0x00007fb2a8385000 Uncommon trap: reason=class_check action=maybe_recompile pc=0x00007fb2a507650c method=java.lang.String.equals(Ljava/lang/Object;)Z @ 8
Event: 0.456 Thread 0x00007fb2a8385000 Uncommon trap: reason=class_check action=maybe_recompile pc=0x00007fb2a507650c method=java.lang.String.equals(Ljava/lang/Object;)Z @ 8

Internal exceptions (10 events):
Event: 55.589 Thread 0x00007fb2a8385000 Threw 0x00000007d7931638 at /HUDSON/workspace/7u-2-build-linux-amd64/jdk7u45/229/hotspot/src/share/vm/prims/jni.cpp:717
Event: 57.600 Thread 0x00007fb2a8385000 Threw 0x00000007d7944ee8 at /HUDSON/workspace/7u-2-build-linux-amd64/jdk7u45/229/hotspot/src/share/vm/prims/jni.cpp:717
Event: 60.765 Thread 0x00007fb2a8385000 Threw 0x00000007d7a24330 at /HUDSON/workspace/7u-2-build-linux-amd64/jdk7u45/229/hotspot/src/share/vm/prims/jni.cpp:717
Event: 62.775 Thread 0x00007fb2a8385000 Threw 0x00000007d7a37be0 at /HUDSON/workspace/7u-2-build-linux-amd64/jdk7u45/229/hotspot/src/share/vm/prims/jni.cpp:717
Event: 71.677 Thread 0x00007fb2a8385000 Threw 0x00000007d7a81490 at /HUDSON/workspace/7u-2-build-linux-amd64/jdk7u45/229/hotspot/src/share/vm/prims/jni.cpp:717
Event: 73.691 Thread 0x00007fb2a8385000 Threw 0x00000007d7a94d40 at /HUDSON/workspace/7u-2-build-linux-amd64/jdk7u45/229/hotspot/src/share/vm/prims/jni.cpp:717
Event: 76.317 Thread 0x00007fb2a8385000 Threw 0x00000007d7ba8438 at /HUDSON/workspace/7u-2-build-linux-amd64/jdk7u45/229/hotspot/src/share/vm/prims/jni.cpp:717
Event: 78.328 Thread 0x00007fb2a8385000 Threw 0x00000007d7bbbce8 at /HUDSON/workspace/7u-2-build-linux-amd64/jdk7u45/229/hotspot/src/share/vm/prims/jni.cpp:717
Event: 78.338 Thread 0x00007fb2a8385000 Threw 0x00000007d7bcbda0 at /HUDSON/workspace/7u-2-build-linux-amd64/jdk7u45/229/hotspot/src/share/vm/prims/jvm.cpp:1244
Event: 98.271 Thread 0x00007fb24013f000 Threw 0x00000007d7d35ff8 at /HUDSON/workspace/7u-2-build-linux-amd64/jdk7u45/229/hotspot/src/share/vm/prims/jni.cpp:717

Events (10 events):
Event: 98.271 Executing VM operation: RevokeBias
Event: 98.271 Executing VM operation: RevokeBias done
Event: 98.272 loading class 0x00007fb25c023360
Event: 98.272 loading class 0x00007fb25c023360 done
Event: 98.272 loading class 0x00007fb2acf6fcb0
Event: 98.272 loading class 0x00007fb2acf6fcb0 done
Event: 98.272 loading class 0x00007fb25c0451e0
Event: 98.272 loading class 0x00007fb25c0451e0 done
Event: 98.273 loading class 0x00007fb26816b980
Event: 98.273 loading class 0x00007fb26816b980 done


Dynamic libraries:
00400000-00401000 r-xp 00000000 08:05 3850640                            /home/birdie/Documents/jdk1.7.0_45/bin/java
00600000-00601000 rw-p 00000000 08:05 3850640                            /home/birdie/Documents/jdk1.7.0_45/bin/java
01975000-01996000 rw-p 00000000 00:00 0                                  [heap]
77e600000-77fb00000 rw-p 00000000 00:00 0 
77fb00000-783800000 rw-p 00000000 00:00 0 
783800000-788b00000 rw-p 00000000 00:00 0 
788b00000-7d6800000 rw-p 00000000 00:00 0 
7d6800000-7d9180000 rw-p 00000000 00:00 0 
7d9180000-800000000 rw-p 00000000 00:00 0 
7fb228000000-7fb22824b000 rw-p 00000000 00:00 0 
7fb22824b000-7fb22c000000 ---p 00000000 00:00 0 
7fb230000000-7fb230021000 rw-p 00000000 00:00 0 
7fb230021000-7fb234000000 ---p 00000000 00:00 0 
7fb234000000-7fb234021000 rw-p 00000000 00:00 0 
7fb234021000-7fb238000000 ---p 00000000 00:00 0 
7fb238000000-7fb238021000 rw-p 00000000 00:00 0 
7fb238021000-7fb23c000000 ---p 00000000 00:00 0 
7fb23c000000-7fb23c021000 rw-p 00000000 00:00 0 
7fb23c021000-7fb240000000 ---p 00000000 00:00 0 
7fb240000000-7fb2402f8000 rw-p 00000000 00:00 0 
7fb2402f8000-7fb244000000 ---p 00000000 00:00 0 
7fb244000000-7fb244021000 rw-p 00000000 00:00 0 
7fb244021000-7fb248000000 ---p 00000000 00:00 0 
7fb248000000-7fb248021000 rw-p 00000000 00:00 0 
7fb248021000-7fb24c000000 ---p 00000000 00:00 0 
7fb24c000000-7fb24c02e000 rw-p 00000000 00:00 0 
7fb24c02e000-7fb250000000 ---p 00000000 00:00 0 
7fb250f75000-7fb250f78000 ---p 00000000 00:00 0 
7fb250f78000-7fb251076000 rw-p 00000000 00:00 0                          [stack:4222]
7fb251076000-7fb251079000 ---p 00000000 00:00 0 
7fb251079000-7fb251177000 rw-p 00000000 00:00 0                          [stack:4221]
7fb251177000-7fb25117a000 ---p 00000000 00:00 0 
7fb25117a000-7fb251278000 rw-p 00000000 00:00 0                          [stack:4213]
7fb251278000-7fb251285000 r-xp 00000000 08:05 3867498                    /home/birdie/Documents/jdk1.7.0_45/jre/lib/amd64/librxtxSerial.so
7fb251285000-7fb251484000 ---p 0000d000 08:05 3867498                    /home/birdie/Documents/jdk1.7.0_45/jre/lib/amd64/librxtxSerial.so
7fb251484000-7fb251485000 rw-p 0000c000 08:05 3867498                    /home/birdie/Documents/jdk1.7.0_45/jre/lib/amd64/librxtxSerial.so
7fb251485000-7fb251488000 ---p 00000000 00:00 0 
7fb251488000-7fb251586000 rw-p 00000000 00:00 0                          [stack:4198]
7fb251586000-7fb251589000 ---p 00000000 00:00 0 
7fb251589000-7fb251687000 rw-p 00000000 00:00 0                          [stack:4197]
7fb251687000-7fb2517ab000 rw-s 00000000 00:04 3407888                    /SYSV00000000 (deleted)
7fb2517ab000-7fb25182b000 rw-s 00000000 00:04 3375119                    /SYSV00000000 (deleted)
7fb25182b000-7fb25182e000 ---p 00000000 00:00 0 
7fb25182e000-7fb25192c000 rw-p 00000000 00:00 0                          [stack:4149]
7fb25192c000-7fb251994000 r-xp 00000000 08:05 3867323                    /home/birdie/Documents/jdk1.7.0_45/jre/lib/amd64/libt2k.so
7fb251994000-7fb251b94000 ---p 00068000 08:05 3867323                    /home/birdie/Documents/jdk1.7.0_45/jre/lib/amd64/libt2k.so
7fb251b94000-7fb251b9b000 rw-p 00068000 08:05 3867323                    /home/birdie/Documents/jdk1.7.0_45/jre/lib/amd64/libt2k.so
7fb251b9b000-7fb251bab000 rw-p 00000000 00:00 0 
7fb251bab000-7fb251bae000 r-xp 00000000 08:05 1737002                    /usr/lib/x86_64-linux-gnu/pango/1.8.0/modules/pango-basic-fc.so
7fb251bae000-7fb251dad000 ---p 00003000 08:05 1737002                    /usr/lib/x86_64-linux-gnu/pango/1.8.0/modules/pango-basic-fc.so
7fb251dad000-7fb251dae000 r--p 00002000 08:05 1737002                    /usr/lib/x86_64-linux-gnu/pango/1.8.0/modules/pango-basic-fc.so
7fb251dae000-7fb251daf000 rw-p 00003000 08:05 1737002                    /usr/lib/x86_64-linux-gnu/pango/1.8.0/modules/pango-basic-fc.so
7fb251daf000-7fb251db8000 r-xp 00000000 08:05 1720466                    /usr/lib/x86_64-linux-gnu/gtk-2.0/2.10.0/engines/libpixmap.so
7fb251db8000-7fb251fb8000 ---p 00009000 08:05 1720466                    /usr/lib/x86_64-linux-gnu/gtk-2.0/2.10.0/engines/libpixmap.so
7fb251fb8000-7fb251fb9000 r--p 00009000 08:05 1720466                    /usr/lib/x86_64-linux-gnu/gtk-2.0/2.10.0/engines/libpixmap.so
7fb251fb9000-7fb251fba000 rw-p 0000a000 08:05 1720466                    /usr/lib/x86_64-linux-gnu/gtk-2.0/2.10.0/engines/libpixmap.so
7fb251fba000-7fb251fe9000 r-xp 00000000 08:05 1720465                    /usr/lib/x86_64-linux-gnu/gtk-2.0/2.10.0/engines/libmurrine.so
7fb251fe9000-7fb2521e9000 ---p 0002f000 08:05 1720465                    /usr/lib/x86_64-linux-gnu/gtk-2.0/2.10.0/engines/libmurrine.so
7fb2521e9000-7fb2521ea000 r--p 0002f000 08:05 1720465                    /usr/lib/x86_64-linux-gnu/gtk-2.0/2.10.0/engines/libmurrine.so
7fb2521ea000-7fb2521eb000 rw-p 00030000 08:05 1720465                    /usr/lib/x86_64-linux-gnu/gtk-2.0/2.10.0/engines/libmurrine.so
7fb2521eb000-7fb2521ec000 r-xp 00000000 08:05 1542119                    /usr/lib/x86_64-linux-gnu/libgthread-2.0.so.0.3600.0
7fb2521ec000-7fb2523eb000 ---p 00001000 08:05 1542119                    /usr/lib/x86_64-linux-gnu/libgthread-2.0.so.0.3600.0
7fb2523eb000-7fb2523ec000 r--p 00000000 08:05 1542119                    /usr/lib/x86_64-linux-gnu/libgthread-2.0.so.0.3600.0
7fb2523ec000-7fb2523ed000 rw-p 00001000 08:05 1542119                    /usr/lib/x86_64-linux-gnu/libgthread-2.0.so.0.3600.0
7fb2523ed000-7fb25355c000 r-xp 00000000 08:05 1542153                    /usr/lib/x86_64-linux-gnu/libicudata.so.48.1.1
7fb25355c000-7fb25375b000 ---p 0116f000 08:05 1542153                    /usr/lib/x86_64-linux-gnu/libicudata.so.48.1.1
7fb25375b000-7fb25375c000 r--p 0116e000 08:05 1542153                    /usr/lib/x86_64-linux-gnu/libicudata.so.48.1.1
7fb25375c000-7fb25375d000 rw-p 0116f000 08:05 1542153                    /usr/lib/x86_64-linux-gnu/libicudata.so.48.1.1
7fb25375d000-7fb253842000 r-xp 00000000 08:05 1542479                    /usr/lib/x86_64-linux-gnu/libstdc++.so.6.0.17
7fb253842000-7fb253a41000 ---p 000e5000 08:05 1542479                    /usr/lib/x86_64-linux-gnu/libstdc++.so.6.0.17
7fb253a41000-7fb253a49000 r--p 000e4000 08:05 1542479                    /usr/lib/x86_64-linux-gnu/libstdc++.so.6.0.17
7fb253a49000-7fb253a4b000 rw-p 000ec000 08:05 1542479                    /usr/lib/x86_64-linux-gnu/libstdc++.so.6.0.17
7fb253a4b000-7fb253a60000 rw-p 00000000 00:00 0 
7fb253a60000-7fb253bb6000 r-xp 00000000 08:05 1542167                    /usr/lib/x86_64-linux-gnu/libicuuc.so.48.1.1
7fb253bb6000-7fb253db5000 ---p 00156000 08:05 1542167                    /usr/lib/x86_64-linux-gnu/libicuuc.so.48.1.1
7fb253db5000-7fb253dc6000 r--p 00155000 08:05 1542167                    /usr/lib/x86_64-linux-gnu/libicuuc.so.48.1.1
7fb253dc6000-7fb253dc7000 rw-p 00166000 08:05 1542167                    /usr/lib/x86_64-linux-gnu/libicuuc.so.48.1.1
7fb253dc7000-7fb253dcb000 rw-p 00000000 00:00 0 
7fb253dcb000-7fb253dfd000 r-xp 00000000 08:05 1542159                    /usr/lib/x86_64-linux-gnu/libicule.so.48.1.1
7fb253dfd000-7fb253ffd000 ---p 00032000 08:05 1542159                    /usr/lib/x86_64-linux-gnu/libicule.so.48.1.1
7fb253ffd000-7fb253fff000 r--p 00032000 08:05 1542159                    /usr/lib/x86_64-linux-gnu/libicule.so.48.1.1
7fb253fff000-7fb254000000 rw-p 00034000 08:05 1542159                    /usr/lib/x86_64-linux-gnu/libicule.so.48.1.1
7fb254000000-7fb254021000 rw-p 00000000 00:00 0 
7fb254021000-7fb258000000 ---p 00000000 00:00 0 
7fb258000000-7fb258021000 rw-p 00000000 00:00 0 
7fb258021000-7fb25c000000 ---p 00000000 00:00 0 
7fb25c000000-7fb25c946000 rw-p 00000000 00:00 0 
7fb25c946000-7fb260000000 ---p 00000000 00:00 0 
7fb260000000-7fb260021000 rw-p 00000000 00:00 0 
7fb260021000-7fb264000000 ---p 00000000 00:00 0 
7fb264000000-7fb264021000 rw-p 00000000 00:00 0 
7fb264021000-7fb268000000 ---p 00000000 00:00 0 
7fb268000000-7fb268327000 rw-p 00000000 00:00 0 
7fb268327000-7fb26c000000 ---p 00000000 00:00 0 
7fb26c000000-7fb26c021000 rw-p 00000000 00:00 0 
7fb26c021000-7fb270000000 ---p 00000000 00:00 0 
7fb270000000-7fb270021000 rw-p 00000000 00:00 0 
7fb270021000-7fb274000000 ---p 00000000 00:00 0 
7fb274000000-7fb274029000 rw-p 00000000 00:00 0 
7fb274029000-7fb278000000 ---p 00000000 00:00 0 
7fb278069000-7fb2780c9000 rw-s 00000000 00:04 3342350                    /SYSV00000000 (deleted)
7fb2780c9000-7fb2780cc000 ---p 00000000 00:00 0 
7fb2780cc000-7fb2781ca000 rw-p 00000000 00:00 0                          [stack:4148]
7fb2781ca000-7fb278207000 r-xp 00000000 08:05 1934307                    /lib/x86_64-linux-gnu/libpcre.so.3.13.1
7fb278207000-7fb278407000 ---p 0003d000 08:05 1934307                    /lib/x86_64-linux-gnu/libpcre.so.3.13.1
7fb278407000-7fb278408000 r--p 0003d000 08:05 1934307                    /lib/x86_64-linux-gnu/libpcre.so.3.13.1
7fb278408000-7fb278409000 rw-p 0003e000 08:05 1934307                    /lib/x86_64-linux-gnu/libpcre.so.3.13.1
7fb278409000-7fb278410000 r-xp 00000000 08:05 1541860                    /usr/lib/x86_64-linux-gnu/libffi.so.6.0.1
7fb278410000-7fb27860f000 ---p 00007000 08:05 1541860                    /usr/lib/x86_64-linux-gnu/libffi.so.6.0.1
7fb27860f000-7fb278610000 r--p 00006000 08:05 1541860                    /usr/lib/x86_64-linux-gnu/libffi.so.6.0.1
7fb278610000-7fb278611000 rw-p 00007000 08:05 1541860                    /usr/lib/x86_64-linux-gnu/libffi.so.6.0.1
7fb278611000-7fb278637000 r-xp 00000000 08:05 1934232                    /lib/x86_64-linux-gnu/libexpat.so.1.6.0
7fb278637000-7fb278837000 ---p 00026000 08:05 1934232                    /lib/x86_64-linux-gnu/libexpat.so.1.6.0
7fb278837000-7fb278839000 r--p 00026000 08:05 1934232                    /lib/x86_64-linux-gnu/libexpat.so.1.6.0
7fb278839000-7fb27883a000 rw-p 00028000 08:05 1934232                    /lib/x86_64-linux-gnu/libexpat.so.1.6.0
7fb27883a000-7fb2788cf000 r-xp 00000000 08:05 1542139                    /usr/lib/x86_64-linux-gnu/libharfbuzz.so.0.913.0
7fb2788cf000-7fb278ace000 ---p 00095000 08:05 1542139                    /usr/lib/x86_64-linux-gnu/libharfbuzz.so.0.913.0
7fb278ace000-7fb278ad0000 r--p 00094000 08:05 1542139                    /usr/lib/x86_64-linux-gnu/libharfbuzz.so.0.913.0
7fb278ad0000-7fb278ad1000 rw-p 00096000 08:05 1542139                    /usr/lib/x86_64-linux-gnu/libharfbuzz.so.0.913.0
7fb278ad1000-7fb278ae7000 r-xp 00000000 08:05 1934330                    /lib/x86_64-linux-gnu/libresolv-2.17.so
7fb278ae7000-7fb278ce7000 ---p 00016000 08:05 1934330                    /lib/x86_64-linux-gnu/libresolv-2.17.so
7fb278ce7000-7fb278ce8000 r--p 00016000 08:05 1934330                    /lib/x86_64-linux-gnu/libresolv-2.17.so
7fb278ce8000-7fb278ce9000 rw-p 00017000 08:05 1934330                    /lib/x86_64-linux-gnu/libresolv-2.17.so
7fb278ce9000-7fb278ceb000 rw-p 00000000 00:00 0 
7fb278ceb000-7fb278d08000 r-xp 00000000 08:05 1934334                    /lib/x86_64-linux-gnu/libselinux.so.1
7fb278d08000-7fb278f07000 ---p 0001d000 08:05 1934334                    /lib/x86_64-linux-gnu/libselinux.so.1
7fb278f07000-7fb278f08000 r--p 0001c000 08:05 1934334                    /lib/x86_64-linux-gnu/libselinux.so.1
7fb278f08000-7fb278f09000 rw-p 0001d000 08:05 1934334                    /lib/x86_64-linux-gnu/libselinux.so.1
7fb278f09000-7fb278f0a000 rw-p 00000000 00:00 0 
7fb278f0a000-7fb278f20000 r-xp 00000000 08:05 1934365                    /lib/x86_64-linux-gnu/libz.so.1.2.7
7fb278f20000-7fb27911f000 ---p 00016000 08:05 1934365                    /lib/x86_64-linux-gnu/libz.so.1.2.7
7fb27911f000-7fb279120000 r--p 00015000 08:05 1934365                    /lib/x86_64-linux-gnu/libz.so.1.2.7
7fb279120000-7fb279121000 rw-p 00016000 08:05 1934365                    /lib/x86_64-linux-gnu/libz.so.1.2.7
7fb279121000-7fb279129000 r-xp 00000000 08:05 1542601                    /usr/lib/x86_64-linux-gnu/libxcb-render.so.0.0.0
7fb279129000-7fb279329000 ---p 00008000 08:05 1542601                    /usr/lib/x86_64-linux-gnu/libxcb-render.so.0.0.0
7fb279329000-7fb27932a000 r--p 00008000 08:05 1542601                    /usr/lib/x86_64-linux-gnu/libxcb-render.so.0.0.0
7fb27932a000-7fb27932b000 rw-p 00009000 08:05 1542601                    /usr/lib/x86_64-linux-gnu/libxcb-render.so.0.0.0
7fb27932b000-7fb27932d000 r-xp 00000000 08:05 1542605                    /usr/lib/x86_64-linux-gnu/libxcb-shm.so.0.0.0
7fb27932d000-7fb27952c000 ---p 00002000 08:05 1542605                    /usr/lib/x86_64-linux-gnu/libxcb-shm.so.0.0.0
7fb27952c000-7fb27952d000 r--p 00001000 08:05 1542605                    /usr/lib/x86_64-linux-gnu/libxcb-shm.so.0.0.0
7fb27952d000-7fb27952e000 rw-p 00002000 08:05 1542605                    /usr/lib/x86_64-linux-gnu/libxcb-shm.so.0.0.0
7fb27952e000-7fb279553000 r-xp 00000000 08:05 1934319                    /lib/x86_64-linux-gnu/libpng12.so.0.49.0
7fb279553000-7fb279752000 ---p 00025000 08:05 1934319                    /lib/x86_64-linux-gnu/libpng12.so.0.49.0
7fb279752000-7fb279753000 r--p 00024000 08:05 1934319                    /lib/x86_64-linux-gnu/libpng12.so.0.49.0
7fb279753000-7fb279754000 rw-p 00025000 08:05 1934319                    /lib/x86_64-linux-gnu/libpng12.so.0.49.0
7fb279754000-7fb2797e4000 r-xp 00000000 08:05 1542349                    /usr/lib/x86_64-linux-gnu/libpixman-1.so.0.28.2
7fb2797e4000-7fb2799e3000 ---p 00090000 08:05 1542349                    /usr/lib/x86_64-linux-gnu/libpixman-1.so.0.28.2
7fb2799e3000-7fb2799ea000 r--p 0008f000 08:05 1542349                    /usr/lib/x86_64-linux-gnu/libpixman-1.so.0.28.2
7fb2799ea000-7fb2799eb000 rw-p 00096000 08:05 1542349                    /usr/lib/x86_64-linux-gnu/libpixman-1.so.0.28.2
7fb2799eb000-7fb279a82000 r-xp 00000000 08:05 1541920                    /usr/lib/x86_64-linux-gnu/libfreetype.so.6.10.0
7fb279a82000-7fb279c81000 ---p 00097000 08:05 1541920                    /usr/lib/x86_64-linux-gnu/libfreetype.so.6.10.0
7fb279c81000-7fb279c87000 r--p 00096000 08:05 1541920                    /usr/lib/x86_64-linux-gnu/libfreetype.so.6.10.0
7fb279c87000-7fb279c88000 rw-p 0009c000 08:05 1541920                    /usr/lib/x86_64-linux-gnu/libfreetype.so.6.10.0
7fb279c88000-7fb279c8a000 r-xp 00000000 08:05 1541582                    /usr/lib/x86_64-linux-gnu/libXdamage.so.1.1.0
7fb279c8a000-7fb279e89000 ---p 00002000 08:05 1541582                    /usr/lib/x86_64-linux-gnu/libXdamage.so.1.1.0
7fb279e89000-7fb279e8a000 r--p 00001000 08:05 1541582                    /usr/lib/x86_64-linux-gnu/libXdamage.so.1.1.0
7fb279e8a000-7fb279e8b000 rw-p 00002000 08:05 1541582                    /usr/lib/x86_64-linux-gnu/libXdamage.so.1.1.0
7fb279e8b000-7fb279e8d000 r-xp 00000000 08:05 1541578                    /usr/lib/x86_64-linux-gnu/libXcomposite.so.1.0.0
7fb279e8d000-7fb27a08c000 ---p 00002000 08:05 1541578                    /usr/lib/x86_64-linux-gnu/libXcomposite.so.1.0.0
7fb27a08c000-7fb27a08d000 r--p 00001000 08:05 1541578                    /usr/lib/x86_64-linux-gnu/libXcomposite.so.1.0.0
7fb27a08d000-7fb27a08e000 rw-p 00002000 08:05 1541578                    /usr/lib/x86_64-linux-gnu/libXcomposite.so.1.0.0
7fb27a08e000-7fb27a097000 r-xp 00000000 08:05 1541604                    /usr/lib/x86_64-linux-gnu/libXrandr.so.2.2.0
7fb27a097000-7fb27a296000 ---p 00009000 08:05 1541604                    /usr/lib/x86_64-linux-gnu/libXrandr.so.2.2.0
7fb27a296000-7fb27a297000 r--p 00008000 08:05 1541604                    /usr/lib/x86_64-linux-gnu/libXrandr.so.2.2.0
7fb27a297000-7fb27a298000 rw-p 00009000 08:05 1541604                    /usr/lib/x86_64-linux-gnu/libXrandr.so.2.2.0
7fb27a298000-7fb27a29a000 r-xp 00000000 08:05 1541594                    /usr/lib/x86_64-linux-gnu/libXinerama.so.1.0.0
7fb27a29a000-7fb27a499000 ---p 00002000 08:05 1541594                    /usr/lib/x86_64-linux-gnu/libXinerama.so.1.0.0
7fb27a499000-7fb27a49a000 r--p 00001000 08:05 1541594                    /usr/lib/x86_64-linux-gnu/libXinerama.so.1.0.0
7fb27a49a000-7fb27a49b000 rw-p 00002000 08:05 1541594                    /usr/lib/x86_64-linux-gnu/libXinerama.so.1.0.0
7fb27a49b000-7fb27a594000 r-xp 00000000 08:05 1934241                    /lib/x86_64-linux-gnu/libglib-2.0.so.0.3600.0
7fb27a594000-7fb27a794000 ---p 000f9000 08:05 1934241                    /lib/x86_64-linux-gnu/libglib-2.0.so.0.3600.0
7fb27a794000-7fb27a795000 r--p 000f9000 08:05 1934241                    /lib/x86_64-linux-gnu/libglib-2.0.so.0.3600.0
7fb27a795000-7fb27a796000 rw-p 000fa000 08:05 1934241                    /lib/x86_64-linux-gnu/libglib-2.0.so.0.3600.0
7fb27a796000-7fb27a797000 rw-p 00000000 00:00 0 
7fb27a797000-7fb27a7e4000 r-xp 00000000 08:05 1542010                    /usr/lib/x86_64-linux-gnu/libgobject-2.0.so.0.3600.0
7fb27a7e4000-7fb27a9e4000 ---p 0004d000 08:05 1542010                    /usr/lib/x86_64-linux-gnu/libgobject-2.0.so.0.3600.0
7fb27a9e4000-7fb27a9e5000 r--p 0004d000 08:05 1542010                    /usr/lib/x86_64-linux-gnu/libgobject-2.0.so.0.3600.0
7fb27a9e5000-7fb27a9e6000 rw-p 0004e000 08:05 1542010                    /usr/lib/x86_64-linux-gnu/libgobject-2.0.so.0.3600.0
7fb27a9e6000-7fb27aa1d000 r-xp 00000000 08:05 1541892                    /usr/lib/x86_64-linux-gnu/libfontconfig.so.1.6.2
7fb27aa1d000-7fb27ac1d000 ---p 00037000 08:05 1541892                    /usr/lib/x86_64-linux-gnu/libfontconfig.so.1.6.2
7fb27ac1d000-7fb27ac1e000 r--p 00037000 08:05 1541892                    /usr/lib/x86_64-linux-gnu/libfontconfig.so.1.6.2
7fb27ac1e000-7fb27ac1f000 rw-p 00038000 08:05 1541892                    /usr/lib/x86_64-linux-gnu/libfontconfig.so.1.6.2
7fb27ac1f000-7fb27ac20000 rw-p 00000000 00:00 0 
7fb27ac20000-7fb27ac68000 r-xp 00000000 08:05 1542327                    /usr/lib/x86_64-linux-gnu/libpango-1.0.so.0.3200.5
7fb27ac68000-7fb27ae68000 ---p 00048000 08:05 1542327                    /usr/lib/x86_64-linux-gnu/libpango-1.0.so.0.3200.5
7fb27ae68000-7fb27ae6a000 r--p 00048000 08:05 1542327                    /usr/lib/x86_64-linux-gnu/libpango-1.0.so.0.3200.5
7fb27ae6a000-7fb27ae6b000 rw-p 0004a000 08:05 1542327                    /usr/lib/x86_64-linux-gnu/libpango-1.0.so.0.3200.5
7fb27ae6b000-7fb27ae7e000 r-xp 00000000 08:05 1542331                    /usr/lib/x86_64-linux-gnu/libpangoft2-1.0.so.0.3200.5
7fb27ae7e000-7fb27b07d000 ---p 00013000 08:05 1542331                    /usr/lib/x86_64-linux-gnu/libpangoft2-1.0.so.0.3200.5
7fb27b07d000-7fb27b07e000 r--p 00012000 08:05 1542331                    /usr/lib/x86_64-linux-gnu/libpangoft2-1.0.so.0.3200.5
7fb27b07e000-7fb27b07f000 rw-p 00013000 08:05 1542331                    /usr/lib/x86_64-linux-gnu/libpangoft2-1.0.so.0.3200.5
7fb27b07f000-7fb27b1d2000 r-xp 00000000 08:05 1541974                    /usr/lib/x86_64-linux-gnu/libgio-2.0.so.0.3600.0
7fb27b1d2000-7fb27b3d1000 ---p 00153000 08:05 1541974                    /usr/lib/x86_64-linux-gnu/libgio-2.0.so.0.3600.0
7fb27b3d1000-7fb27b3d5000 r--p 00152000 08:05 1541974                    /usr/lib/x86_64-linux-gnu/libgio-2.0.so.0.3600.0
7fb27b3d5000-7fb27b3d7000 rw-p 00156000 08:05 1541974                    /usr/lib/x86_64-linux-gnu/libgio-2.0.so.0.3600.0
7fb27b3d7000-7fb27b3d9000 rw-p 00000000 00:00 0 
7fb27b3d9000-7fb27b3f7000 r-xp 00000000 08:05 1541953                    /usr/lib/x86_64-linux-gnu/libgdk_pixbuf-2.0.so.0.2800.0
7fb27b3f7000-7fb27b5f7000 ---p 0001e000 08:05 1541953                    /usr/lib/x86_64-linux-gnu/libgdk_pixbuf-2.0.so.0.2800.0
7fb27b5f7000-7fb27b5f8000 r--p 0001e000 08:05 1541953                    /usr/lib/x86_64-linux-gnu/libgdk_pixbuf-2.0.so.0.2800.0
7fb27b5f8000-7fb27b5f9000 rw-p 0001f000 08:05 1541953                    /usr/lib/x86_64-linux-gnu/libgdk_pixbuf-2.0.so.0.2800.0
7fb27b5f9000-7fb27b6f7000 r-xp 00000000 08:05 1541705                    /usr/lib/x86_64-linux-gnu/libcairo.so.2.11200.14
7fb27b6f7000-7fb27b8f7000 ---p 000fe000 08:05 1541705                    /usr/lib/x86_64-linux-gnu/libcairo.so.2.11200.14
7fb27b8f7000-7fb27b8fa000 r--p 000fe000 08:05 1541705                    /usr/lib/x86_64-linux-gnu/libcairo.so.2.11200.14
7fb27b8fa000-7fb27b8fb000 rw-p 00101000 08:05 1541705                    /usr/lib/x86_64-linux-gnu/libcairo.so.2.11200.14
7fb27b8fb000-7fb27b8fd000 rw-p 00000000 00:00 0 
7fb27b8fd000-7fb27b91d000 r-xp 00000000 08:05 1541655                    /usr/lib/x86_64-linux-gnu/libatk-1.0.so.0.20809.1
7fb27b91d000-7fb27bb1c000 ---p 00020000 08:05 1541655                    /usr/lib/x86_64-linux-gnu/libatk-1.0.so.0.20809.1
7fb27bb1c000-7fb27bb1e000 r--p 0001f000 08:05 1541655                    /usr/lib/x86_64-linux-gnu/libatk-1.0.so.0.20809.1
7fb27bb1e000-7fb27bb1f000 rw-p 00021000 08:05 1541655                    /usr/lib/x86_64-linux-gnu/libatk-1.0.so.0.20809.1
7fb27bb1f000-7fb27bb2a000 r-xp 00000000 08:05 1542329                    /usr/lib/x86_64-linux-gnu/libpangocairo-1.0.so.0.3200.5
7fb27bb2a000-7fb27bd2a000 ---p 0000b000 08:05 1542329                    /usr/lib/x86_64-linux-gnu/libpangocairo-1.0.so.0.3200.5
7fb27bd2a000-7fb27bd2b000 r--p 0000b000 08:05 1542329                    /usr/lib/x86_64-linux-gnu/libpangocairo-1.0.so.0.3200.5
7fb27bd2b000-7fb27bd2c000 rw-p 0000c000 08:05 1542329                    /usr/lib/x86_64-linux-gnu/libpangocairo-1.0.so.0.3200.5
7fb27bd2c000-7fb27bd2f000 r-xp 00000000 08:05 1541986                    /usr/lib/x86_64-linux-gnu/libgmodule-2.0.so.0.3600.0
7fb27bd2f000-7fb27bf2e000 ---p 00003000 08:05 1541986                    /usr/lib/x86_64-linux-gnu/libgmodule-2.0.so.0.3600.0
7fb27bf2e000-7fb27bf2f000 r--p 00002000 08:05 1541986                    /usr/lib/x86_64-linux-gnu/libgmodule-2.0.so.0.3600.0
7fb27bf2f000-7fb27bf30000 rw-p 00003000 08:05 1541986                    /usr/lib/x86_64-linux-gnu/libgmodule-2.0.so.0.3600.0
7fb27bf30000-7fb280000000 rw-p 00000000 00:00 0 
7fb280000000-7fb280021000 rw-p 00000000 00:00 0 
7fb280021000-7fb284000000 ---p 00000000 00:00 0 
7fb284020000-7fb284023000 ---p 00000000 00:00 0 
7fb284023000-7fb284121000 rw-p 00000000 00:00 0                          [stack:4147]
7fb284121000-7fb2841d1000 r--p 00000000 08:05 1788323                    /usr/share/fonts/truetype/ttf-dejavu/DejaVuSans.ttf
7fb2841d1000-7fb28427e000 r-xp 00000000 08:05 1541951                    /usr/lib/x86_64-linux-gnu/libgdk-x11-2.0.so.0.2400.17
7fb28427e000-7fb28447d000 ---p 000ad000 08:05 1541951                    /usr/lib/x86_64-linux-gnu/libgdk-x11-2.0.so.0.2400.17
7fb28447d000-7fb284481000 r--p 000ac000 08:05 1541951                    /usr/lib/x86_64-linux-gnu/libgdk-x11-2.0.so.0.2400.17
7fb284481000-7fb284483000 rw-p 000b0000 08:05 1541951                    /usr/lib/x86_64-linux-gnu/libgdk-x11-2.0.so.0.2400.17
7fb284483000-7fb284484000 r--s 00000000 08:05 3211362                    /var/cache/fontconfig/c05880de57d1f5e948fdfacc138775d9-le64.cache-3
7fb284484000-7fb28448d000 r--s 00000000 08:05 3211354                    /var/cache/fontconfig/945677eb7aeaf62f1d50efc3fb3ec7d8-le64.cache-3
7fb28448d000-7fb284492000 r--s 00000000 08:05 3211337                    /var/cache/fontconfig/2cd17615ca594fa2959ae173292e504c-le64.cache-3
7fb2844dd000-7fb2844f1000 r--s 00000000 08:05 1819476                    /usr/share/fonts/type1/gsfonts/n019003l.pfb
7fb2844f1000-7fb2844f2000 r--s 00000000 08:05 3211362                    /var/cache/fontconfig/c05880de57d1f5e948fdfacc138775d9-le64.cache-3
7fb2844f2000-7fb2844fb000 r--s 00000000 08:05 3211354                    /var/cache/fontconfig/945677eb7aeaf62f1d50efc3fb3ec7d8-le64.cache-3
7fb2844fb000-7fb2844fd000 r--s 00000000 08:05 3211356                    /var/cache/fontconfig/99e8ed0e538f840c565b6ed5dad60d56-le64.cache-3
7fb2844fd000-7fb284502000 r--s 00000000 08:05 3211337                    /var/cache/fontconfig/2cd17615ca594fa2959ae173292e504c-le64.cache-3
7fb284502000-7fb284503000 r--s 00000000 08:05 3211370                    /var/cache/fontconfig/e7071f4a29fa870f4323321c154eba04-le64.cache-3
7fb284503000-7fb284508000 r--s 00000000 08:05 3211349                    /var/cache/fontconfig/6eb3985aa4124903f6ff08ba781cd364-le64.cache-3
7fb284508000-7fb284509000 r--s 00000000 08:05 3211334                    /var/cache/fontconfig/0d8c3b2ac0904cb8a57a757ad11a4a08-le64.cache-3
7fb284509000-7fb28450f000 r--s 00000000 08:05 3211358                    /var/cache/fontconfig/a755afe4a08bf5b97852ceb7400b47bc-le64.cache-3
7fb28450f000-7fb284518000 r--s 00000000 08:05 3211348                    /var/cache/fontconfig/6d41288fd70b0be22e8c3a91e032eec0-le64.cache-3
7fb284518000-7fb284528000 r--s 00000000 08:05 3211332                    /var/cache/fontconfig/04aabc0a78ac019cf9454389977116d2-le64.cache-3
7fb284528000-7fb284529000 r--s 00000000 08:05 3211336                    /var/cache/fontconfig/1ac9eb803944fde146138c791f5cc56a-le64.cache-3
7fb284529000-7fb28452c000 r--s 00000000 08:05 3211341                    /var/cache/fontconfig/385c0604a188198f04d133e54aba7fe7-le64.cache-3
7fb28452c000-7fb28452d000 r--s 00000000 08:05 3211368                    /var/cache/fontconfig/dc05db6664285cc2f12bf69c139ae4c3-le64.cache-3
7fb28452d000-7fb28452f000 r--s 00000000 08:05 3211351                    /var/cache/fontconfig/767a8244fc0220cfb567a839d0392e0b-le64.cache-3
7fb28452f000-7fb284532000 r--s 00000000 08:05 3211353                    /var/cache/fontconfig/8801497958630a81b71ace7c5f9b32a8-le64.cache-3
7fb284532000-7fb284537000 r--s 00000000 08:05 3211338                    /var/cache/fontconfig/3047814df9a2f067bd2d96a2b9c36e5a-le64.cache-3
7fb284537000-7fb284548000 r--s 00000000 08:05 3211366                    /var/cache/fontconfig/d52a8644073d54c13679302ca1180695-le64.cache-3
7fb284548000-7fb284975000 r-xp 00000000 08:05 1542123                    /usr/lib/x86_64-linux-gnu/libgtk-x11-2.0.so.0.2400.17
7fb284975000-7fb284b74000 ---p 0042d000 08:05 1542123                    /usr/lib/x86_64-linux-gnu/libgtk-x11-2.0.so.0.2400.17
7fb284b74000-7fb284b7b000 r--p 0042c000 08:05 1542123                    /usr/lib/x86_64-linux-gnu/libgtk-x11-2.0.so.0.2400.17
7fb284b7b000-7fb284b7f000 rw-p 00433000 08:05 1542123                    /usr/lib/x86_64-linux-gnu/libgtk-x11-2.0.so.0.2400.17
7fb284b7f000-7fb284b81000 rw-p 00000000 00:00 0 
7fb284b81000-7fb284b82000 r--s 00000000 08:05 3211343                    /var/cache/fontconfig/4794a0821666d79190d59a36cb4f44b5-le64.cache-3
7fb284b82000-7fb284b83000 r--s 00000000 08:05 3211345                    /var/cache/fontconfig/56cf4f4769d0f4abc89a4895d7bd3ae1-le64.cache-3
7fb284b83000-7fb284b84000 r--s 00000000 08:05 3211361                    /var/cache/fontconfig/b9d506c9ac06c20b433354fa67a72993-le64.cache-3
7fb284b84000-7fb284b89000 r--s 00000000 08:05 3211360                    /var/cache/fontconfig/b47c4e1ecd0709278f4910c18777a504-le64.cache-3
7fb284b89000-7fb284b90000 r--s 00000000 08:05 3211342                    /var/cache/fontconfig/3f7329c5293ffd510edef78f73874cfd-le64.cache-3
7fb284b90000-7fb284b91000 r--s 00000000 08:05 3211333                    /var/cache/fontconfig/0c9eb80ebd1c36541ebe2852d3bb0c49-le64.cache-3
7fb284b91000-7fb284b94000 r--s 00000000 08:05 3211369                    /var/cache/fontconfig/e13b20fdb08344e0e664864cc2ede53d-le64.cache-3
7fb284b94000-7fb284b98000 r--s 00000000 08:05 3211352                    /var/cache/fontconfig/7ef2298fde41cc6eeb7af42e48b7d293-le64.cache-3
7fb284b98000-7fb284ba8000 r-xp 00000000 08:05 3867355                    /home/birdie/Documents/jdk1.7.0_45/jre/lib/amd64/libnio.so
7fb284ba8000-7fb284da8000 ---p 00010000 08:05 3867355                    /home/birdie/Documents/jdk1.7.0_45/jre/lib/amd64/libnio.so
7fb284da8000-7fb284da9000 rw-p 00010000 08:05 3867355                    /home/birdie/Documents/jdk1.7.0_45/jre/lib/amd64/libnio.so
7fb284da9000-7fb284dbf000 r-xp 00000000 08:05 3867308                    /home/birdie/Documents/jdk1.7.0_45/jre/lib/amd64/libnet.so
7fb284dbf000-7fb284fbf000 ---p 00016000 08:05 3867308                    /home/birdie/Documents/jdk1.7.0_45/jre/lib/amd64/libnet.so
7fb284fbf000-7fb284fc0000 rw-p 00016000 08:05 3867308                    /home/birdie/Documents/jdk1.7.0_45/jre/lib/amd64/libnet.so
7fb284fc0000-7fb284fd4000 r-xp 00000000 08:05 1934237                    /lib/x86_64-linux-gnu/libgcc_s.so.1
7fb284fd4000-7fb2851d4000 ---p 00014000 08:05 1934237                    /lib/x86_64-linux-gnu/libgcc_s.so.1
7fb2851d4000-7fb2851d5000 r--p 00014000 08:05 1934237                    /lib/x86_64-linux-gnu/libgcc_s.so.1
7fb2851d5000-7fb2851d6000 rw-p 00015000 08:05 1934237                    /lib/x86_64-linux-gnu/libgcc_s.so.1
7fb2851d6000-7fb285236000 r-xp 00000000 08:05 3867351                    /home/birdie/Documents/jdk1.7.0_45/jre/lib/amd64/libfontmanager.so
7fb285236000-7fb285435000 ---p 00060000 08:05 3867351                    /home/birdie/Documents/jdk1.7.0_45/jre/lib/amd64/libfontmanager.so
7fb285435000-7fb285439000 rw-p 0005f000 08:05 3867351                    /home/birdie/Documents/jdk1.7.0_45/jre/lib/amd64/libfontmanager.so
7fb285439000-7fb28544a000 rw-p 00000000 00:00 0 
7fb28544a000-7fb28544d000 ---p 00000000 00:00 0 
7fb28544d000-7fb28554b000 rw-p 00000000 00:00 0                          [stack:4146]
7fb28554b000-7fb285550000 r-xp 00000000 08:05 1541588                    /usr/lib/x86_64-linux-gnu/libXfixes.so.3.1.0
7fb285550000-7fb28574f000 ---p 00005000 08:05 1541588                    /usr/lib/x86_64-linux-gnu/libXfixes.so.3.1.0
7fb28574f000-7fb285750000 r--p 00004000 08:05 1541588                    /usr/lib/x86_64-linux-gnu/libXfixes.so.3.1.0
7fb285750000-7fb285751000 rw-p 00005000 08:05 1541588                    /usr/lib/x86_64-linux-gnu/libXfixes.so.3.1.0
7fb285751000-7fb28575a000 r-xp 00000000 08:05 1541580                    /usr/lib/x86_64-linux-gnu/libXcursor.so.1.0.2
7fb28575a000-7fb28595a000 ---p 00009000 08:05 1541580                    /usr/lib/x86_64-linux-gnu/libXcursor.so.1.0.2
7fb28595a000-7fb28595b000 r--p 00009000 08:05 1541580                    /usr/lib/x86_64-linux-gnu/libXcursor.so.1.0.2
7fb28595b000-7fb28595c000 rw-p 0000a000 08:05 1541580                    /usr/lib/x86_64-linux-gnu/libXcursor.so.1.0.2
7fb28595c000-7fb28595f000 ---p 00000000 00:00 0 
7fb28595f000-7fb285a5d000 rw-p 00000000 00:00 0                          [stack:4145]
7fb285a5d000-7fb285a62000 r-xp 00000000 08:05 1541584                    /usr/lib/x86_64-linux-gnu/libXdmcp.so.6.0.0
7fb285a62000-7fb285c61000 ---p 00005000 08:05 1541584                    /usr/lib/x86_64-linux-gnu/libXdmcp.so.6.0.0
7fb285c61000-7fb285c62000 r--p 00004000 08:05 1541584                    /usr/lib/x86_64-linux-gnu/libXdmcp.so.6.0.0
7fb285c62000-7fb285c63000 rw-p 00005000 08:05 1541584                    /usr/lib/x86_64-linux-gnu/libXdmcp.so.6.0.0
7fb285c63000-7fb285c65000 r-xp 00000000 08:05 1541573                    /usr/lib/x86_64-linux-gnu/libXau.so.6.0.0
7fb285c65000-7fb285e65000 ---p 00002000 08:05 1541573                    /usr/lib/x86_64-linux-gnu/libXau.so.6.0.0
7fb285e65000-7fb285e66000 r--p 00002000 08:05 1541573                    /usr/lib/x86_64-linux-gnu/libXau.so.6.0.0
7fb285e66000-7fb285e67000 rw-p 00003000 08:05 1541573                    /usr/lib/x86_64-linux-gnu/libXau.so.6.0.0
7fb285e67000-7fb285e84000 r-xp 00000000 08:05 1542613                    /usr/lib/x86_64-linux-gnu/libxcb.so.1.1.0
7fb285e84000-7fb286083000 ---p 0001d000 08:05 1542613                    /usr/lib/x86_64-linux-gnu/libxcb.so.1.1.0
7fb286083000-7fb286084000 r--p 0001c000 08:05 1542613                    /usr/lib/x86_64-linux-gnu/libxcb.so.1.1.0
7fb286084000-7fb286085000 rw-p 0001d000 08:05 1542613                    /usr/lib/x86_64-linux-gnu/libxcb.so.1.1.0
7fb286085000-7fb286093000 r-xp 00000000 08:05 1541592                    /usr/lib/x86_64-linux-gnu/libXi.so.6.1.0
7fb286093000-7fb286292000 ---p 0000e000 08:05 1541592                    /usr/lib/x86_64-linux-gnu/libXi.so.6.1.0
7fb286292000-7fb286293000 r--p 0000d000 08:05 1541592                    /usr/lib/x86_64-linux-gnu/libXi.so.6.1.0
7fb286293000-7fb286294000 rw-p 0000e000 08:05 1541592                    /usr/lib/x86_64-linux-gnu/libXi.so.6.1.0
7fb286294000-7fb286299000 r-xp 00000000 08:05 1541612                    /usr/lib/x86_64-linux-gnu/libXtst.so.6.1.0
7fb286299000-7fb286498000 ---p 00005000 08:05 1541612                    /usr/lib/x86_64-linux-gnu/libXtst.so.6.1.0
7fb286498000-7fb286499000 r--p 00004000 08:05 1541612                    /usr/lib/x86_64-linux-gnu/libXtst.so.6.1.0
7fb286499000-7fb28649a000 rw-p 00005000 08:05 1541612                    /usr/lib/x86_64-linux-gnu/libXtst.so.6.1.0
7fb28649a000-7fb2864a3000 r-xp 00000000 08:05 1541606                    /usr/lib/x86_64-linux-gnu/libXrender.so.1.3.0
7fb2864a3000-7fb2866a2000 ---p 00009000 08:05 1541606                    /usr/lib/x86_64-linux-gnu/libXrender.so.1.3.0
7fb2866a2000-7fb2866a3000 r--p 00008000 08:05 1541606                    /usr/lib/x86_64-linux-gnu/libXrender.so.1.3.0
7fb2866a3000-7fb2866a4000 rw-p 00009000 08:05 1541606                    /usr/lib/x86_64-linux-gnu/libXrender.so.1.3.0
7fb2866a4000-7fb2867d8000 r-xp 00000000 08:05 1541569                    /usr/lib/x86_64-linux-gnu/libX11.so.6.3.0
7fb2867d8000-7fb2869d8000 ---p 00134000 08:05 1541569                    /usr/lib/x86_64-linux-gnu/libX11.so.6.3.0
7fb2869d8000-7fb2869d9000 r--p 00134000 08:05 1541569                    /usr/lib/x86_64-linux-gnu/libX11.so.6.3.0
7fb2869d9000-7fb2869de000 rw-p 00135000 08:05 1541569                    /usr/lib/x86_64-linux-gnu/libX11.so.6.3.0
7fb2869de000-7fb2869ee000 r-xp 00000000 08:05 1541586                    /usr/lib/x86_64-linux-gnu/libXext.so.6.4.0
7fb2869ee000-7fb286bee000 ---p 00010000 08:05 1541586                    /usr/lib/x86_64-linux-gnu/libXext.so.6.4.0
7fb286bee000-7fb286bef000 r--p 00010000 08:05 1541586                    /usr/lib/x86_64-linux-gnu/libXext.so.6.4.0
7fb286bef000-7fb286bf0000 rw-p 00011000 08:05 1541586                    /usr/lib/x86_64-linux-gnu/libXext.so.6.4.0
7fb286bf0000-7fb286c40000 r-xp 00000000 08:05 3883107                    /home/birdie/Documents/jdk1.7.0_45/jre/lib/amd64/xawt/libmawt.so
7fb286c40000-7fb286e40000 ---p 00050000 08:05 3883107                    /home/birdie/Documents/jdk1.7.0_45/jre/lib/amd64/xawt/libmawt.so
7fb286e40000-7fb286e44000 rw-p 00050000 08:05 3883107                    /home/birdie/Documents/jdk1.7.0_45/jre/lib/amd64/xawt/libmawt.so
7fb286e44000-7fb286e45000 rw-p 00000000 00:00 0 
7fb286e45000-7fb286ee7000 r-xp 00000000 08:05 3867316                    /home/birdie/Documents/jdk1.7.0_45/jre/lib/amd64/libawt.so
7fb286ee7000-7fb2870e7000 ---p 000a2000 08:05 3867316                    /home/birdie/Documents/jdk1.7.0_45/jre/lib/amd64/libawt.so
7fb2870e7000-7fb2870f3000 rw-p 000a2000 08:05 3867316                    /home/birdie/Documents/jdk1.7.0_45/jre/lib/amd64/libawt.so
7fb2870f3000-7fb287117000 rw-p 00000000 00:00 0 
7fb287117000-7fb287118000 ---p 00000000 00:00 0 
7fb287118000-7fb287218000 rw-p 00000000 00:00 0                          [stack:4144]
7fb287218000-7fb28721b000 ---p 00000000 00:00 0 
7fb28721b000-7fb287319000 rw-p 00000000 00:00 0                          [stack:4143]
7fb287319000-7fb28731c000 ---p 00000000 00:00 0 
7fb28731c000-7fb28741a000 rw-p 00000000 00:00 0                          [stack:4142]
7fb28741a000-7fb28741d000 ---p 00000000 00:00 0 
7fb28741d000-7fb28751b000 rw-p 00000000 00:00 0                          [stack:4141]
7fb28751b000-7fb28751e000 ---p 00000000 00:00 0 
7fb28751e000-7fb28761c000 rw-p 00000000 00:00 0                          [stack:4140]
7fb28761c000-7fb287cfd000 r--p 00000000 08:05 4538369                    /usr/lib/locale/locale-archive
7fb287cfd000-7fb287d00000 ---p 00000000 00:00 0 
7fb287d00000-7fb287dfe000 rw-p 00000000 00:00 0                          [stack:4139]
7fb287dfe000-7fb287e01000 ---p 00000000 00:00 0 
7fb287e01000-7fb287eff000 rw-p 00000000 00:00 0                          [stack:4138]
7fb287eff000-7fb287f00000 ---p 00000000 00:00 0 
7fb287f00000-7fb288000000 rw-p 00000000 00:00 0                          [stack:4137]
7fb288000000-7fb288021000 rw-p 00000000 00:00 0 
7fb288021000-7fb28c000000 ---p 00000000 00:00 0 
7fb28c000000-7fb28c021000 rw-p 00000000 00:00 0 
7fb28c021000-7fb290000000 ---p 00000000 00:00 0 
7fb290000000-7fb290021000 rw-p 00000000 00:00 0 
7fb290021000-7fb294000000 ---p 00000000 00:00 0 
7fb294000000-7fb294021000 rw-p 00000000 00:00 0 
7fb294021000-7fb298000000 ---p 00000000 00:00 0 
7fb298000000-7fb298021000 rw-p 00000000 00:00 0 
7fb298021000-7fb29c000000 ---p 00000000 00:00 0 
7fb29c000000-7fb29c021000 rw-p 00000000 00:00 0 
7fb29c021000-7fb2a0000000 ---p 00000000 00:00 0 
7fb2a0000000-7fb2a0021000 rw-p 00000000 00:00 0 
7fb2a0021000-7fb2a4000000 ---p 00000000 00:00 0 
7fb2a4000000-7fb2a4002000 r--s 00000000 08:05 3211356                    /var/cache/fontconfig/99e8ed0e538f840c565b6ed5dad60d56-le64.cache-3
7fb2a4002000-7fb2a4003000 r--s 00000000 08:05 3211370                    /var/cache/fontconfig/e7071f4a29fa870f4323321c154eba04-le64.cache-3
7fb2a4003000-7fb2a4008000 r--s 00000000 08:05 3211349                    /var/cache/fontconfig/6eb3985aa4124903f6ff08ba781cd364-le64.cache-3
7fb2a4008000-7fb2a4009000 r--s 00000000 08:05 3211334                    /var/cache/fontconfig/0d8c3b2ac0904cb8a57a757ad11a4a08-le64.cache-3
7fb2a4009000-7fb2a400f000 r--s 00000000 08:05 3211358                    /var/cache/fontconfig/a755afe4a08bf5b97852ceb7400b47bc-le64.cache-3
7fb2a400f000-7fb2a4018000 r--s 00000000 08:05 3211348                    /var/cache/fontconfig/6d41288fd70b0be22e8c3a91e032eec0-le64.cache-3
7fb2a4018000-7fb2a4028000 r--s 00000000 08:05 3211332                    /var/cache/fontconfig/04aabc0a78ac019cf9454389977116d2-le64.cache-3
7fb2a4028000-7fb2a4029000 r--s 00000000 08:05 3211336                    /var/cache/fontconfig/1ac9eb803944fde146138c791f5cc56a-le64.cache-3
7fb2a4029000-7fb2a402c000 r--s 00000000 08:05 3211341                    /var/cache/fontconfig/385c0604a188198f04d133e54aba7fe7-le64.cache-3
7fb2a402c000-7fb2a402d000 r--s 00000000 08:05 3211368                    /var/cache/fontconfig/dc05db6664285cc2f12bf69c139ae4c3-le64.cache-3
7fb2a402d000-7fb2a402f000 r--s 00000000 08:05 3211351                    /var/cache/fontconfig/767a8244fc0220cfb567a839d0392e0b-le64.cache-3
7fb2a402f000-7fb2a4032000 r--s 00000000 08:05 3211353                    /var/cache/fontconfig/8801497958630a81b71ace7c5f9b32a8-le64.cache-3
7fb2a4032000-7fb2a4037000 r--s 00000000 08:05 3211338                    /var/cache/fontconfig/3047814df9a2f067bd2d96a2b9c36e5a-le64.cache-3
7fb2a4037000-7fb2a403c000 r--s 00000000 08:05 3211360                    /var/cache/fontconfig/b47c4e1ecd0709278f4910c18777a504-le64.cache-3
7fb2a403c000-7fb2a5000000 rw-p 00000000 00:00 0 
7fb2a5000000-7fb2a5270000 rwxp 00000000 00:00 0 
7fb2a5270000-7fb2a8388000 rw-p 00000000 00:00 0 
7fb2a8388000-7fb2ac000000 ---p 00000000 00:00 0 
7fb2ac000000-7fb2ac001000 r--s 00000000 08:05 3211343                    /var/cache/fontconfig/4794a0821666d79190d59a36cb4f44b5-le64.cache-3
7fb2ac001000-7fb2ac002000 r--s 00000000 08:05 3211345                    /var/cache/fontconfig/56cf4f4769d0f4abc89a4895d7bd3ae1-le64.cache-3
7fb2ac002000-7fb2ac013000 r--s 00000000 08:05 3211366                    /var/cache/fontconfig/d52a8644073d54c13679302ca1180695-le64.cache-3
7fb2ac013000-7fb2ac01a000 r--s 00000000 08:05 3211342                    /var/cache/fontconfig/3f7329c5293ffd510edef78f73874cfd-le64.cache-3
7fb2ac01a000-7fb2accf5000 rw-p 00000000 00:00 0 
7fb2accf5000-7fb2aceb1000 r--s 039b2000 08:05 3850697                    /home/birdie/Documents/jdk1.7.0_45/jre/lib/rt.jar
7fb2aceb1000-7fb2ad3e0000 rw-p 00000000 00:00 0 
7fb2ad3e0000-7fb2ad3e1000 ---p 00000000 00:00 0 
7fb2ad3e1000-7fb2ad4e1000 rw-p 00000000 00:00 0                          [stack:4136]
7fb2ad4e1000-7fb2ad4e2000 ---p 00000000 00:00 0 
7fb2ad4e2000-7fb2ad5e2000 rw-p 00000000 00:00 0                          [stack:4135]
7fb2ad5e2000-7fb2ad5e3000 ---p 00000000 00:00 0 
7fb2ad5e3000-7fb2ad6e3000 rw-p 00000000 00:00 0                          [stack:4134]
7fb2ad6e3000-7fb2ad6e4000 ---p 00000000 00:00 0 
7fb2ad6e4000-7fb2ad7e4000 rw-p 00000000 00:00 0                          [stack:4133]
7fb2ad7e4000-7fb2ad7e5000 ---p 00000000 00:00 0 
7fb2ad7e5000-7fb2ad8e5000 rw-p 00000000 00:00 0                          [stack:4132]
7fb2ad8e5000-7fb2ad8e6000 ---p 00000000 00:00 0 
7fb2ad8e6000-7fb2ad9e6000 rw-p 00000000 00:00 0                          [stack:4131]
7fb2ad9e6000-7fb2ad9e7000 ---p 00000000 00:00 0 
7fb2ad9e7000-7fb2adae7000 rw-p 00000000 00:00 0                          [stack:4130]
7fb2adae7000-7fb2adae8000 ---p 00000000 00:00 0 
7fb2adae8000-7fb2adbf3000 rw-p 00000000 00:00 0                          [stack:4129]
7fb2adbf3000-7fb2adc11000 rw-p 00000000 00:00 0 
7fb2adc11000-7fb2adc3b000 rw-p 00000000 00:00 0 
7fb2adc3b000-7fb2adea9000 rw-p 00000000 00:00 0 
7fb2adea9000-7fb2adeb4000 rw-p 00000000 00:00 0 
7fb2adeb4000-7fb2aded2000 rw-p 00000000 00:00 0 
7fb2aded2000-7fb2adefc000 rw-p 00000000 00:00 0 
7fb2adefc000-7fb2ae16a000 rw-p 00000000 00:00 0 
7fb2ae16a000-7fb2ae17f000 rw-p 00000000 00:00 0 
7fb2ae17f000-7fb2ae2b6000 rw-p 00000000 00:00 0 
7fb2ae2b6000-7fb2ae2b7000 rw-p 00000000 00:00 0 
7fb2ae2b7000-7fb2ae2d1000 r-xp 00000000 08:05 3867333                    /home/birdie/Documents/jdk1.7.0_45/jre/lib/amd64/libzip.so
7fb2ae2d1000-7fb2ae4d1000 ---p 0001a000 08:05 3867333                    /home/birdie/Documents/jdk1.7.0_45/jre/lib/amd64/libzip.so
7fb2ae4d1000-7fb2ae4d2000 rw-p 0001a000 08:05 3867333                    /home/birdie/Documents/jdk1.7.0_45/jre/lib/amd64/libzip.so
7fb2ae4d2000-7fb2ae4de000 r-xp 00000000 08:05 1934285                    /lib/x86_64-linux-gnu/libnss_files-2.17.so
7fb2ae4de000-7fb2ae6dd000 ---p 0000c000 08:05 1934285                    /lib/x86_64-linux-gnu/libnss_files-2.17.so
7fb2ae6dd000-7fb2ae6de000 r--p 0000b000 08:05 1934285                    /lib/x86_64-linux-gnu/libnss_files-2.17.so
7fb2ae6de000-7fb2ae6df000 rw-p 0000c000 08:05 1934285                    /lib/x86_64-linux-gnu/libnss_files-2.17.so
7fb2ae6df000-7fb2ae6ea000 r-xp 00000000 08:05 1934289                    /lib/x86_64-linux-gnu/libnss_nis-2.17.so
7fb2ae6ea000-7fb2ae8e9000 ---p 0000b000 08:05 1934289                    /lib/x86_64-linux-gnu/libnss_nis-2.17.so
7fb2ae8e9000-7fb2ae8ea000 r--p 0000a000 08:05 1934289                    /lib/x86_64-linux-gnu/libnss_nis-2.17.so
7fb2ae8ea000-7fb2ae8eb000 rw-p 0000b000 08:05 1934289                    /lib/x86_64-linux-gnu/libnss_nis-2.17.so
7fb2ae8eb000-7fb2ae902000 r-xp 00000000 08:05 1934279                    /lib/x86_64-linux-gnu/libnsl-2.17.so
7fb2ae902000-7fb2aeb01000 ---p 00017000 08:05 1934279                    /lib/x86_64-linux-gnu/libnsl-2.17.so
7fb2aeb01000-7fb2aeb02000 r--p 00016000 08:05 1934279                    /lib/x86_64-linux-gnu/libnsl-2.17.so
7fb2aeb02000-7fb2aeb03000 rw-p 00017000 08:05 1934279                    /lib/x86_64-linux-gnu/libnsl-2.17.so
7fb2aeb03000-7fb2aeb05000 rw-p 00000000 00:00 0 
7fb2aeb05000-7fb2aeb0d000 r-xp 00000000 08:05 1934281                    /lib/x86_64-linux-gnu/libnss_compat-2.17.so
7fb2aeb0d000-7fb2aed0c000 ---p 00008000 08:05 1934281                    /lib/x86_64-linux-gnu/libnss_compat-2.17.so
7fb2aed0c000-7fb2aed0d000 r--p 00007000 08:05 1934281                    /lib/x86_64-linux-gnu/libnss_compat-2.17.so
7fb2aed0d000-7fb2aed0e000 rw-p 00008000 08:05 1934281                    /lib/x86_64-linux-gnu/libnss_compat-2.17.so
7fb2aed0e000-7fb2aed37000 r-xp 00000000 08:05 3867324                    /home/birdie/Documents/jdk1.7.0_45/jre/lib/amd64/libjava.so
7fb2aed37000-7fb2aef37000 ---p 00029000 08:05 3867324                    /home/birdie/Documents/jdk1.7.0_45/jre/lib/amd64/libjava.so
7fb2aef37000-7fb2aef39000 rw-p 00029000 08:05 3867324                    /home/birdie/Documents/jdk1.7.0_45/jre/lib/amd64/libjava.so
7fb2aef39000-7fb2aef46000 r-xp 00000000 08:05 3867313                    /home/birdie/Documents/jdk1.7.0_45/jre/lib/amd64/libverify.so
7fb2aef46000-7fb2af145000 ---p 0000d000 08:05 3867313                    /home/birdie/Documents/jdk1.7.0_45/jre/lib/amd64/libverify.so
7fb2af145000-7fb2af147000 rw-p 0000c000 08:05 3867313                    /home/birdie/Documents/jdk1.7.0_45/jre/lib/amd64/libverify.so
7fb2af147000-7fb2af14e000 r-xp 00000000 08:05 1934332                    /lib/x86_64-linux-gnu/librt-2.17.so
7fb2af14e000-7fb2af34d000 ---p 00007000 08:05 1934332                    /lib/x86_64-linux-gnu/librt-2.17.so
7fb2af34d000-7fb2af34e000 r--p 00006000 08:05 1934332                    /lib/x86_64-linux-gnu/librt-2.17.so
7fb2af34e000-7fb2af34f000 rw-p 00007000 08:05 1934332                    /lib/x86_64-linux-gnu/librt-2.17.so
7fb2af34f000-7fb2af452000 r-xp 00000000 08:05 1934260                    /lib/x86_64-linux-gnu/libm-2.17.so
7fb2af452000-7fb2af652000 ---p 00103000 08:05 1934260                    /lib/x86_64-linux-gnu/libm-2.17.so
7fb2af652000-7fb2af653000 r--p 00103000 08:05 1934260                    /lib/x86_64-linux-gnu/libm-2.17.so
7fb2af653000-7fb2af654000 rw-p 00104000 08:05 1934260                    /lib/x86_64-linux-gnu/libm-2.17.so
7fb2af654000-7fb2b01b6000 r-xp 00000000 08:05 3867331                    /home/birdie/Documents/jdk1.7.0_45/jre/lib/amd64/server/libjvm.so
7fb2b01b6000-7fb2b03b6000 ---p 00b62000 08:05 3867331                    /home/birdie/Documents/jdk1.7.0_45/jre/lib/amd64/server/libjvm.so
7fb2b03b6000-7fb2b0479000 rw-p 00b62000 08:05 3867331                    /home/birdie/Documents/jdk1.7.0_45/jre/lib/amd64/server/libjvm.so
7fb2b0479000-7fb2b04ba000 rw-p 00000000 00:00 0 
7fb2b04ba000-7fb2b0678000 r-xp 00000000 08:05 1934212                    /lib/x86_64-linux-gnu/libc-2.17.so
7fb2b0678000-7fb2b0877000 ---p 001be000 08:05 1934212                    /lib/x86_64-linux-gnu/libc-2.17.so
7fb2b0877000-7fb2b087b000 r--p 001bd000 08:05 1934212                    /lib/x86_64-linux-gnu/libc-2.17.so
7fb2b087b000-7fb2b087d000 rw-p 001c1000 08:05 1934212                    /lib/x86_64-linux-gnu/libc-2.17.so
7fb2b087d000-7fb2b0882000 rw-p 00000000 00:00 0 
7fb2b0882000-7fb2b0885000 r-xp 00000000 08:05 1934227                    /lib/x86_64-linux-gnu/libdl-2.17.so
7fb2b0885000-7fb2b0a84000 ---p 00003000 08:05 1934227                    /lib/x86_64-linux-gnu/libdl-2.17.so
7fb2b0a84000-7fb2b0a85000 r--p 00002000 08:05 1934227                    /lib/x86_64-linux-gnu/libdl-2.17.so
7fb2b0a85000-7fb2b0a86000 rw-p 00003000 08:05 1934227                    /lib/x86_64-linux-gnu/libdl-2.17.so
7fb2b0a86000-7fb2b0a9c000 r-xp 00000000 08:05 3850252                    /home/birdie/Documents/jdk1.7.0_45/lib/amd64/jli/libjli.so
7fb2b0a9c000-7fb2b0c9c000 ---p 00016000 08:05 3850252                    /home/birdie/Documents/jdk1.7.0_45/lib/amd64/jli/libjli.so
7fb2b0c9c000-7fb2b0c9d000 rw-p 00016000 08:05 3850252                    /home/birdie/Documents/jdk1.7.0_45/lib/amd64/jli/libjli.so
7fb2b0c9d000-7fb2b0cb5000 r-xp 00000000 08:05 1934324                    /lib/x86_64-linux-gnu/libpthread-2.17.so
7fb2b0cb5000-7fb2b0eb4000 ---p 00018000 08:05 1934324                    /lib/x86_64-linux-gnu/libpthread-2.17.so
7fb2b0eb4000-7fb2b0eb5000 r--p 00017000 08:05 1934324                    /lib/x86_64-linux-gnu/libpthread-2.17.so
7fb2b0eb5000-7fb2b0eb6000 rw-p 00018000 08:05 1934324                    /lib/x86_64-linux-gnu/libpthread-2.17.so
7fb2b0eb6000-7fb2b0eba000 rw-p 00000000 00:00 0 
7fb2b0eba000-7fb2b0edd000 r-xp 00000000 08:05 1934188                    /lib/x86_64-linux-gnu/ld-2.17.so
7fb2b0edd000-7fb2b0f08000 rw-p 00000000 00:00 0 
7fb2b0f08000-7fb2b0fbe000 rw-p 00000000 00:00 0 
7fb2b0fbe000-7fb2b0fc1000 ---p 00000000 00:00 0 
7fb2b0fc1000-7fb2b10c3000 rw-p 00000000 00:00 0                          [stack:4127]
7fb2b10c3000-7fb2b10c4000 r--s 00000000 08:05 3211361                    /var/cache/fontconfig/b9d506c9ac06c20b433354fa67a72993-le64.cache-3
7fb2b10c4000-7fb2b10c5000 r--s 00000000 08:05 3211333                    /var/cache/fontconfig/0c9eb80ebd1c36541ebe2852d3bb0c49-le64.cache-3
7fb2b10c5000-7fb2b10c8000 r--s 00000000 08:05 3211369                    /var/cache/fontconfig/e13b20fdb08344e0e664864cc2ede53d-le64.cache-3
7fb2b10c8000-7fb2b10cc000 r--s 00000000 08:05 3211352                    /var/cache/fontconfig/7ef2298fde41cc6eeb7af42e48b7d293-le64.cache-3
7fb2b10cc000-7fb2b10ce000 r--s 0000d000 08:05 1758172                    /usr/share/java/RXTXcomm-2.2pre2.jar
7fb2b10ce000-7fb2b10d0000 r--s 0000d000 08:05 3867496                    /home/birdie/Documents/jdk1.7.0_45/jre/lib/ext/RXTXcomm.jar
7fb2b10d0000-7fb2b10d8000 rw-s 00000000 08:05 315945                     /tmp/hsperfdata_birdie/4124
7fb2b10d8000-7fb2b10d9000 rw-p 00000000 00:00 0 
7fb2b10d9000-7fb2b10da000 r--p 00000000 00:00 0 
7fb2b10da000-7fb2b10dc000 rw-p 00000000 00:00 0 
7fb2b10dc000-7fb2b10dd000 r--p 00022000 08:05 1934188                    /lib/x86_64-linux-gnu/ld-2.17.so
7fb2b10dd000-7fb2b10df000 rw-p 00023000 08:05 1934188                    /lib/x86_64-linux-gnu/ld-2.17.so
7fffc420d000-7fffc422e000 rw-p 00000000 00:00 0                          [stack]
7fffc4371000-7fffc4372000 r-xp 00000000 00:00 0                          [vdso]
ffffffffff600000-ffffffffff601000 r-xp 00000000 00:00 0                  [vsyscall]

VM Arguments:
jvm_args: -Dfile.encoding=UTF-8 
java_command: mosesserver.MosesServerForm
Launcher Type: SUN_STANDARD

Environment Variables:
PATH=/usr/local/sbin:/usr/local/bin:/usr/sbin:/usr/bin:/sbin:/bin:/usr/games:/usr/local/games
USERNAME=birdie
LD_LIBRARY_PATH=/home/birdie/Documents/jdk1.7.0_45/jre/lib/amd64:/home/birdie/Documents/jdk1.7.0_45/jre/lib/i386:
SHELL=/bin/bash
DISPLAY=:0

Signal Handlers:
SIGSEGV: [libjvm.so+0x9935b0], sa_mask[0]=0x7ffbfeff, sa_flags=0x10000004
SIGBUS: [libjvm.so+0x9935b0], sa_mask[0]=0x7ffbfeff, sa_flags=0x10000004
SIGFPE: [libjvm.so+0x810330], sa_mask[0]=0x7ffbfeff, sa_flags=0x10000004
SIGPIPE: SIG_IGN, sa_mask[0]=0x00001000, sa_flags=0x10000000
SIGXFSZ: [libjvm.so+0x810330], sa_mask[0]=0x7ffbfeff, sa_flags=0x10000004
SIGILL: [libjvm.so+0x810330], sa_mask[0]=0x7ffbfeff, sa_flags=0x10000004
SIGUSR1: SIG_DFL, sa_mask[0]=0x00000000, sa_flags=0x00000000
SIGUSR2: [libjvm.so+0x811820], sa_mask[0]=0x00000004, sa_flags=0x10000004
SIGHUP: [libjvm.so+0x812790], sa_mask[0]=0x7ffbfeff, sa_flags=0x10000004
SIGINT: SIG_IGN, sa_mask[0]=0x00000000, sa_flags=0x00000000
SIGTERM: [libjvm.so+0x812790], sa_mask[0]=0x7ffbfeff, sa_flags=0x10000004
SIGQUIT: [libjvm.so+0x812790], sa_mask[0]=0x7ffbfeff, sa_flags=0x10000004


---------------  S Y S T E M  ---------------

OS:wheezy/sid

uname:Linux 3.10.37-customname #1 SMP Fri Apr 18 10:51:28 MDT 2014 x86_64
libc:glibc 2.17 NPTL 2.17 
rlimit: STACK 8192k, CORE 0k, NPROC 63437, NOFILE 4096, AS infinity
load average:0.47 0.45 0.27

/proc/meminfo:
MemTotal:        8153360 kB
MemFree:         5077148 kB
Buffers:           35900 kB
Cached:          1089676 kB
SwapCached:            0 kB
Active:          2059036 kB
Inactive:         755412 kB
Active(anon):    1689792 kB
Inactive(anon):    38592 kB
Active(file):     369244 kB
Inactive(file):   716820 kB
Unevictable:          52 kB
Mlocked:              52 kB
SwapTotal:             0 kB
SwapFree:              0 kB
Dirty:                92 kB
Writeback:             0 kB
AnonPages:       1689428 kB
Mapped:           181468 kB
Shmem:             39512 kB
Slab:             127312 kB
SReclaimable:      90540 kB
SUnreclaim:        36772 kB
KernelStack:        4848 kB
PageTables:        38908 kB
NFS_Unstable:          0 kB
Bounce:                0 kB
WritebackTmp:          0 kB
CommitLimit:     4076680 kB
Committed_AS:    5087332 kB
VmallocTotal:   34359738367 kB
VmallocUsed:      141904 kB
VmallocChunk:   34359593468 kB
HardwareCorrupted:     0 kB
AnonHugePages:         0 kB
HugePages_Total:       0
HugePages_Free:        0
HugePages_Rsvd:        0
HugePages_Surp:        0
Hugepagesize:       2048 kB
DirectMap4k:       99896 kB
DirectMap2M:     8265728 kB


CPU:total 8 (4 cores per cpu, 2 threads per core) family 6 model 42 stepping 7, cmov, cx8, fxsr, mmx, sse, sse2, sse3, ssse3, sse4.1, sse4.2, popcnt, avx, ht, tsc, tscinvbit

/proc/cpuinfo:
processor	: 0
vendor_id	: GenuineIntel
cpu family	: 6
model		: 42
model name	: Intel(R) Core(TM) i7-2630QM CPU @ 2.00GHz
stepping	: 7
microcode	: 0x6
cpu MHz		: 1934.453
cache size	: 6144 KB
physical id	: 0
siblings	: 8
core id		: 0
cpu cores	: 4
apicid		: 0
initial apicid	: 0
fpu		: yes
fpu_exception	: yes
cpuid level	: 13
wp		: yes
flags		: fpu vme de pse tsc msr pae mce cx8 apic sep mtrr pge mca cmov pat pse36 clflush dts acpi mmx fxsr sse sse2 ss ht tm pbe syscall nx rdtscp lm constant_tsc arch_perfmon pebs bts rep_good nopl xtopology nonstop_tsc aperfmperf eagerfpu pni pclmulqdq dtes64 monitor ds_cpl vmx est tm2 ssse3 cx16 xtpr pdcm pcid sse4_1 sse4_2 x2apic popcnt tsc_deadline_timer xsave avx lahf_lm ida arat epb xsaveopt pln pts dtherm tpr_shadow vnmi flexpriority ept vpid
bogomips	: 3990.91
clflush size	: 64
cache_alignment	: 64
address sizes	: 36 bits physical, 48 bits virtual
power management:

processor	: 1
vendor_id	: GenuineIntel
cpu family	: 6
model		: 42
model name	: Intel(R) Core(TM) i7-2630QM CPU @ 2.00GHz
stepping	: 7
microcode	: 0x6
cpu MHz		: 2312.421
cache size	: 6144 KB
physical id	: 0
siblings	: 8
core id		: 1
cpu cores	: 4
apicid		: 2
initial apicid	: 2
fpu		: yes
fpu_exception	: yes
cpuid level	: 13
wp		: yes
flags		: fpu vme de pse tsc msr pae mce cx8 apic sep mtrr pge mca cmov pat pse36 clflush dts acpi mmx fxsr sse sse2 ss ht tm pbe syscall nx rdtscp lm constant_tsc arch_perfmon pebs bts rep_good nopl xtopology nonstop_tsc aperfmperf eagerfpu pni pclmulqdq dtes64 monitor ds_cpl vmx est tm2 ssse3 cx16 xtpr pdcm pcid sse4_1 sse4_2 x2apic popcnt tsc_deadline_timer xsave avx lahf_lm ida arat epb xsaveopt pln pts dtherm tpr_shadow vnmi flexpriority ept vpid
bogomips	: 3990.91
clflush size	: 64
cache_alignment	: 64
address sizes	: 36 bits physical, 48 bits virtual
power management:

processor	: 2
vendor_id	: GenuineIntel
cpu family	: 6
model		: 42
model name	: Intel(R) Core(TM) i7-2630QM CPU @ 2.00GHz
stepping	: 7
microcode	: 0x6
cpu MHz		: 1967.265
cache size	: 6144 KB
physical id	: 0
siblings	: 8
core id		: 2
cpu cores	: 4
apicid		: 4
initial apicid	: 4
fpu		: yes
fpu_exception	: yes
cpuid level	: 13
wp		: yes
flags		: fpu vme de pse tsc msr pae mce cx8 apic sep mtrr pge mca cmov pat pse36 clflush dts acpi mmx fxsr sse sse2 ss ht tm pbe syscall nx rdtscp lm constant_tsc arch_perfmon pebs bts rep_good nopl xtopology nonstop_tsc aperfmperf eagerfpu pni pclmulqdq dtes64 monitor ds_cpl vmx est tm2 ssse3 cx16 xtpr pdcm pcid sse4_1 sse4_2 x2apic popcnt tsc_deadline_timer xsave avx lahf_lm ida arat epb xsaveopt pln pts dtherm tpr_shadow vnmi flexpriority ept vpid
bogomips	: 3990.91
clflush size	: 64
cache_alignment	: 64
address sizes	: 36 bits physical, 48 bits virtual
power management:

processor	: 3
vendor_id	: GenuineIntel
cpu family	: 6
model		: 42
model name	: Intel(R) Core(TM) i7-2630QM CPU @ 2.00GHz
stepping	: 7
microcode	: 0x6
cpu MHz		: 1991.796
cache size	: 6144 KB
physical id	: 0
siblings	: 8
core id		: 3
cpu cores	: 4
apicid		: 6
initial apicid	: 6
fpu		: yes
fpu_exception	: yes
cpuid level	: 13
wp		: yes
flags		: fpu vme de pse tsc msr pae mce cx8 apic sep mtrr pge mca cmov pat pse36 clflush dts acpi mmx fxsr sse sse2 ss ht tm pbe syscall nx rdtscp lm constant_tsc arch_perfmon pebs bts rep_good nopl xtopology nonstop_tsc aperfmperf eagerfpu pni pclmulqdq dtes64 monitor ds_cpl vmx est tm2 ssse3 cx16 xtpr pdcm pcid sse4_1 sse4_2 x2apic popcnt tsc_deadline_timer xsave avx lahf_lm ida arat epb xsaveopt pln pts dtherm tpr_shadow vnmi flexpriority ept vpid
bogomips	: 3990.91
clflush size	: 64
cache_alignment	: 64
address sizes	: 36 bits physical, 48 bits virtual
power management:

processor	: 4
vendor_id	: GenuineIntel
cpu family	: 6
model		: 42
model name	: Intel(R) Core(TM) i7-2630QM CPU @ 2.00GHz
stepping	: 7
microcode	: 0x6
cpu MHz		: 1381.562
cache size	: 6144 KB
physical id	: 0
siblings	: 8
core id		: 0
cpu cores	: 4
apicid		: 1
initial apicid	: 1
fpu		: yes
fpu_exception	: yes
cpuid level	: 13
wp		: yes
flags		: fpu vme de pse tsc msr pae mce cx8 apic sep mtrr pge mca cmov pat pse36 clflush dts acpi mmx fxsr sse sse2 ss ht tm pbe syscall nx rdtscp lm constant_tsc arch_perfmon pebs bts rep_good nopl xtopology nonstop_tsc aperfmperf eagerfpu pni pclmulqdq dtes64 monitor ds_cpl vmx est tm2 ssse3 cx16 xtpr pdcm pcid sse4_1 sse4_2 x2apic popcnt tsc_deadline_timer xsave avx lahf_lm ida arat epb xsaveopt pln pts dtherm tpr_shadow vnmi flexpriority ept vpid
bogomips	: 3990.91
clflush size	: 64
cache_alignment	: 64
address sizes	: 36 bits physical, 48 bits virtual
power management:

processor	: 5
vendor_id	: GenuineIntel
cpu family	: 6
model		: 42
model name	: Intel(R) Core(TM) i7-2630QM CPU @ 2.00GHz
stepping	: 7
microcode	: 0x6
cpu MHz		: 2241.953
cache size	: 6144 KB
physical id	: 0
siblings	: 8
core id		: 1
cpu cores	: 4
apicid		: 3
initial apicid	: 3
fpu		: yes
fpu_exception	: yes
cpuid level	: 13
wp		: yes
flags		: fpu vme de pse tsc msr pae mce cx8 apic sep mtrr pge mca cmov pat pse36 clflush dts acpi mmx fxsr sse sse2 ss ht tm pbe syscall nx rdtscp lm constant_tsc arch_perfmon pebs bts rep_good nopl xtopology nonstop_tsc aperfmperf eagerfpu pni pclmulqdq dtes64 monitor ds_cpl vmx est tm2 ssse3 cx16 xtpr pdcm pcid sse4_1 sse4_2 x2apic popcnt tsc_deadline_timer xsave avx lahf_lm ida arat epb xsaveopt pln pts dtherm tpr_shadow vnmi flexpriority ept vpid
bogomips	: 3990.91
clflush size	: 64
cache_alignment	: 64
address sizes	: 36 bits physical, 48 bits virtual
power management:

processor	: 6
vendor_id	: GenuineIntel
cpu family	: 6
model		: 42
model name	: Intel(R) Core(TM) i7-2630QM CPU @ 2.00GHz
stepping	: 7
microcode	: 0x6
cpu MHz		: 991.875
cache size	: 6144 KB
physical id	: 0
siblings	: 8
core id		: 2
cpu cores	: 4
apicid		: 5
initial apicid	: 5
fpu		: yes
fpu_exception	: yes
cpuid level	: 13
wp		: yes
flags		: fpu vme de pse tsc msr pae mce cx8 apic sep mtrr pge mca cmov pat pse36 clflush dts acpi mmx fxsr sse sse2 ss ht tm pbe syscall nx rdtscp lm constant_tsc arch_perfmon pebs bts rep_good nopl xtopology nonstop_tsc aperfmperf eagerfpu pni pclmulqdq dtes64 monitor ds_cpl vmx est tm2 ssse3 cx16 xtpr pdcm pcid sse4_1 sse4_2 x2apic popcnt tsc_deadline_timer xsave avx lahf_lm ida arat epb xsaveopt pln pts dtherm tpr_shadow vnmi flexpriority ept vpid
bogomips	: 3990.91
clflush size	: 64
cache_alignment	: 64
address sizes	: 36 bits physical, 48 bits virtual
power management:

processor	: 7
vendor_id	: GenuineIntel
cpu family	: 6
model		: 42
model name	: Intel(R) Core(TM) i7-2630QM CPU @ 2.00GHz
stepping	: 7
microcode	: 0x6
cpu MHz		: 2289.765
cache size	: 6144 KB
physical id	: 0
siblings	: 8
core id		: 3
cpu cores	: 4
apicid		: 7
initial apicid	: 7
fpu		: yes
fpu_exception	: yes
cpuid level	: 13
wp		: yes
flags		: fpu vme de pse tsc msr pae mce cx8 apic sep mtrr pge mca cmov pat pse36 clflush dts acpi mmx fxsr sse sse2 ss ht tm pbe syscall nx rdtscp lm constant_tsc arch_perfmon pebs bts rep_good nopl xtopology nonstop_tsc aperfmperf eagerfpu pni pclmulqdq dtes64 monitor ds_cpl vmx est tm2 ssse3 cx16 xtpr pdcm pcid sse4_1 sse4_2 x2apic popcnt tsc_deadline_timer xsave avx lahf_lm ida arat epb xsaveopt pln pts dtherm tpr_shadow vnmi flexpriority ept vpid
bogomips	: 3990.91
clflush size	: 64
cache_alignment	: 64
address sizes	: 36 bits physical, 48 bits virtual
power management:



Memory: 4k page, physical 8153360k(5077148k free), swap 0k(0k free)

vm_info: Java HotSpot(TM) 64-Bit Server VM (24.45-b08) for linux-amd64 JRE (1.7.0_45-b18), built on Oct  8 2013 05:44:25 by "java_re" with gcc 4.3.0 20080428 (Red Hat 4.3.0-8)

time: Mon Jun  9 08:39:03 2014
elapsed time: 98 seconds

